Using pre-set license
Built from '2022.3/staging' branch; Version is '2022.3.14f1 (eff2de9070d8) revision 15725278'; Using compiler version '192829333'; Build Type 'Release'
OS: 'Windows 10  (10.0.19045) 64bit Professional' Language: 'tr' Physical Memory: 16272 MB
BatchMode: 1, IsHumanControllingUs: 0, StartBugReporterOnCrash: 0, Is64bit: 1, IsPro: 1

COMMAND LINE ARGUMENTS:
C:\Program Files\Unity\Hub\Editor\2022.3.14f1\Editor\Unity.exe
-adb2
-batchMode
-noUpm
-name
AssetImportWorker7
-projectPath
D:/PolygonGame/ATUJam/DreamsOfTime
-logFile
Logs/AssetImportWorker7.log
-srvPort
49522
Successfully changed project path to: D:/PolygonGame/ATUJam/DreamsOfTime
D:/PolygonGame/ATUJam/DreamsOfTime
[UnityMemory] Configuration Parameters - Can be set up in boot.config
    "memorysetup-bucket-allocator-granularity=16"
    "memorysetup-bucket-allocator-bucket-count=8"
    "memorysetup-bucket-allocator-block-size=33554432"
    "memorysetup-bucket-allocator-block-count=8"
    "memorysetup-main-allocator-block-size=16777216"
    "memorysetup-thread-allocator-block-size=16777216"
    "memorysetup-gfx-main-allocator-block-size=16777216"
    "memorysetup-gfx-thread-allocator-block-size=16777216"
    "memorysetup-cache-allocator-block-size=4194304"
    "memorysetup-typetree-allocator-block-size=2097152"
    "memorysetup-profiler-bucket-allocator-granularity=16"
    "memorysetup-profiler-bucket-allocator-bucket-count=8"
    "memorysetup-profiler-bucket-allocator-block-size=33554432"
    "memorysetup-profiler-bucket-allocator-block-count=8"
    "memorysetup-profiler-allocator-block-size=16777216"
    "memorysetup-profiler-editor-allocator-block-size=1048576"
    "memorysetup-temp-allocator-size-main=16777216"
    "memorysetup-job-temp-allocator-block-size=2097152"
    "memorysetup-job-temp-allocator-block-size-background=1048576"
    "memorysetup-job-temp-allocator-reduction-small-platforms=262144"
    "memorysetup-allocator-temp-initial-block-size-main=262144"
    "memorysetup-allocator-temp-initial-block-size-worker=262144"
    "memorysetup-temp-allocator-size-background-worker=32768"
    "memorysetup-temp-allocator-size-job-worker=262144"
    "memorysetup-temp-allocator-size-preload-manager=33554432"
    "memorysetup-temp-allocator-size-nav-mesh-worker=65536"
    "memorysetup-temp-allocator-size-audio-worker=65536"
    "memorysetup-temp-allocator-size-cloud-worker=32768"
    "memorysetup-temp-allocator-size-gi-baking-worker=262144"
    "memorysetup-temp-allocator-size-gfx=262144"
Player connection [16564] Host "[IP] 192.168.1.21 [Port] 0 [Flags] 2 [Guid] 3991985283 [EditorId] 3991985283 [Version] 1048832 [Id] WindowsEditor(7,Halo) [Debug] 1 [PackageName] WindowsEditor [ProjectName] Editor" joined multi-casting on [225.0.0.222:54997]...

Player connection [16564] Host "[IP] 192.168.1.21 [Port] 0 [Flags] 2 [Guid] 3991985283 [EditorId] 3991985283 [Version] 1048832 [Id] WindowsEditor(7,Halo) [Debug] 1 [PackageName] WindowsEditor [ProjectName] Editor" joined alternative multi-casting on [225.0.0.222:34997]...

[Physics::Module] Initialized MultithreadedJobDispatcher with 3 workers.
Refreshing native plugins compatible for Editor in 28.68 ms, found 3 plugins.
Preloading 0 native plugins for Editor in 0.00 ms.
Initialize engine version: 2022.3.14f1 (eff2de9070d8)
[Subsystems] Discovering subsystems at path C:/Program Files/Unity/Hub/Editor/2022.3.14f1/Editor/Data/Resources/UnitySubsystems
[Subsystems] Discovering subsystems at path D:/PolygonGame/ATUJam/DreamsOfTime/Assets
GfxDevice: creating device client; threaded=0; jobified=0
Direct3D:
    Version:  Direct3D 11.0 [level 11.1]
    Renderer: NVIDIA GeForce GTX 1050 (ID=0x1c8d)
    Vendor:   NVIDIA
    VRAM:     4004 MB
    Driver:   31.0.15.5161
Initialize mono
Mono path[0] = 'C:/Program Files/Unity/Hub/Editor/2022.3.14f1/Editor/Data/Managed'
Mono path[1] = 'C:/Program Files/Unity/Hub/Editor/2022.3.14f1/Editor/Data/MonoBleedingEdge/lib/mono/unityjit-win32'
Mono config path = 'C:/Program Files/Unity/Hub/Editor/2022.3.14f1/Editor/Data/MonoBleedingEdge/etc'
Using monoOptions --debugger-agent=transport=dt_socket,embedding=1,server=y,suspend=n,address=127.0.0.1:56068
Begin MonoManager ReloadAssembly
Registering precompiled unity dll's ...
Register platform support module: C:/Program Files/Unity/Hub/Editor/2022.3.14f1/Editor/Data/PlaybackEngines/WebGLSupport/UnityEditor.WebGL.Extensions.dll
Register platform support module: C:/Program Files/Unity/Hub/Editor/2022.3.14f1/Editor/Data/PlaybackEngines/WindowsStandaloneSupport/UnityEditor.WindowsStandalone.Extensions.dll
Registered in 0.041437 seconds.
- Loaded All Assemblies, in  1.452 seconds
Native extension for WindowsStandalone target not found
Native extension for WebGL target not found
Mono: successfully reloaded assembly
- Finished resetting the current domain, in  1.242 seconds
Domain Reload Profiling: 2691ms
	BeginReloadAssembly (404ms)
		ExecutionOrderSort (0ms)
		DisableScriptedObjects (0ms)
		BackupInstance (0ms)
		ReleaseScriptingObjects (0ms)
		CreateAndSetChildDomain (2ms)
	RebuildCommonClasses (159ms)
	RebuildNativeTypeToScriptingClass (46ms)
	initialDomainReloadingComplete (263ms)
	LoadAllAssembliesAndSetupDomain (575ms)
		LoadAssemblies (405ms)
		RebuildTransferFunctionScriptingTraits (0ms)
		AnalyzeDomain (566ms)
			TypeCache.Refresh (557ms)
				TypeCache.ScanAssembly (499ms)
			ScanForSourceGeneratedMonoScriptInfo (1ms)
			ResolveRequiredComponents (6ms)
	FinalizeReload (1243ms)
		ReleaseScriptCaches (0ms)
		RebuildScriptCaches (0ms)
		SetupLoadedEditorAssemblies (946ms)
			LogAssemblyErrors (0ms)
			InitializePlatformSupportModulesInManaged (36ms)
			SetLoadedEditorAssemblies (12ms)
			RefreshPlugins (0ms)
			BeforeProcessingInitializeOnLoad (21ms)
			ProcessInitializeOnLoadAttributes (690ms)
			ProcessInitializeOnLoadMethodAttributes (186ms)
			AfterProcessingInitializeOnLoad (0ms)
			EditorAssembliesLoaded (1ms)
		ExecutionOrderSort2 (0ms)
		AwakeInstancesAfterBackupRestoration (0ms)
========================================================================
Worker process is ready to serve import requests
Begin MonoManager ReloadAssembly
- Loaded All Assemblies, in  3.010 seconds
Refreshing native plugins compatible for Editor in 3.27 ms, found 3 plugins.
Native extension for WindowsStandalone target not found
Native extension for WebGL target not found
Package Manager log level set to [2]
[Package Manager] Server::EnsureServerProcessIsRunning -- launch failed, reason: Unity was launched with the -noUpm command-line argument
[Package Manager] UpmClient::Send -- Unable to send message (not connected to UPM process).
[Package Manager] Cannot connect to Unity Package Manager local server
Mono: successfully reloaded assembly
- Finished resetting the current domain, in  2.983 seconds
Domain Reload Profiling: 5987ms
	BeginReloadAssembly (640ms)
		ExecutionOrderSort (0ms)
		DisableScriptedObjects (63ms)
		BackupInstance (0ms)
		ReleaseScriptingObjects (0ms)
		CreateAndSetChildDomain (63ms)
	RebuildCommonClasses (215ms)
	RebuildNativeTypeToScriptingClass (24ms)
	initialDomainReloadingComplete (128ms)
	LoadAllAssembliesAndSetupDomain (1996ms)
		LoadAssemblies (1471ms)
		RebuildTransferFunctionScriptingTraits (0ms)
		AnalyzeDomain (884ms)
			TypeCache.Refresh (754ms)
				TypeCache.ScanAssembly (659ms)
			ScanForSourceGeneratedMonoScriptInfo (116ms)
			ResolveRequiredComponents (12ms)
	FinalizeReload (2983ms)
		ReleaseScriptCaches (0ms)
		RebuildScriptCaches (0ms)
		SetupLoadedEditorAssemblies (2395ms)
			LogAssemblyErrors (0ms)
			InitializePlatformSupportModulesInManaged (26ms)
			SetLoadedEditorAssemblies (8ms)
			RefreshPlugins (0ms)
			BeforeProcessingInitializeOnLoad (255ms)
			ProcessInitializeOnLoadAttributes (2039ms)
			ProcessInitializeOnLoadMethodAttributes (46ms)
			AfterProcessingInitializeOnLoad (20ms)
			EditorAssembliesLoaded (0ms)
		ExecutionOrderSort2 (0ms)
		AwakeInstancesAfterBackupRestoration (32ms)
Launched and connected shader compiler UnityShaderCompiler.exe after 0.08 seconds
Refreshing native plugins compatible for Editor in 2.78 ms, found 3 plugins.
Preloading 0 native plugins for Editor in 0.00 ms.
Unloading 3177 Unused Serialized files (Serialized files now loaded: 0)
Unloading 35 unused Assets / (56.9 KB). Loaded Objects now: 3646.
Memory consumption went from 131.8 MB to 131.8 MB.
Total: 17.001000 ms (FindLiveObjects: 1.578900 ms CreateObjectMapping: 3.665300 ms MarkObjects: 11.626800 ms  DeleteObjects: 0.128800 ms)

AssetImportParameters requested are different than current active one (requested -> active):
  custom:container-demuxer-ogg: 62fdf1f143b41e24485cea50d1cbac27 -> 
  custom:video-decoder-ogg-theora: a1e56fd34408186e4bbccfd4996cb3dc -> 
  custom:framework-win-MediaFoundation: 216162199b28c13a410421893ffa2e32 -> 
  custom:CustomObjectIndexerAttribute: 756ad292c208cfabdd7b50bc23989ffe -> 
  custom:container-demuxer-webm: 4f35f7cbe854078d1ac9338744f61a02 -> 
  custom:container-muxer-webm: aa71ff27fc2769a1b78a27578f13a17b -> 
  custom:video-decoder-webm-vp8: 9c59270c3fd7afecdb556c50c9e8de78 -> 
  custom:SearchIndexIgnoredProperties: e643bd26f0fe6173181afceb89e7c659 -> 
  custom:AudioImporter_EditorPlatform: d09bf68614088b80899f8185d706f6e7 -> 
  custom:video-encoder-webm-vp8: eb34c28f22e8b96e1ab97ce403110664 -> 
  custom:audio-decoder-ogg-vorbis: bf7c407c2cedff20999df2af8eb42d56 -> 
  custom:audio-encoder-webm-vorbis: bf7c407c2cedff20999df2af8eb42d56 -> 
========================================================================
Received Import Request.
  Time since last request: 226497.244449 seconds.
  path: Assets/PolygonSciFiCity/Prefabs/Props/SM_Prop_Hologram_Bottle_01.prefab
  artifactKey: Guid(cc093311e25cc0a409f3c3c318e02845) Importer(815301076,1909f56bfc062723c751e8b465ee728b)
Start importing Assets/PolygonSciFiCity/Prefabs/Props/SM_Prop_Hologram_Bottle_01.prefab using Guid(cc093311e25cc0a409f3c3c318e02845) Importer(815301076,1909f56bfc062723c751e8b465ee728b)  -> (artifact id: '41b5bc2086736f9dc8fbdada60601e36') in 0.956819 seconds
Number of updated asset objects reloaded before import = 0
Number of asset objects unloaded after import = 21
========================================================================
Received Import Request.
  Time since last request: 0.000449 seconds.
  path: Assets/PolygonSciFiCity/Prefabs/Props/SM_Prop_Bottle_01.prefab
  artifactKey: Guid(21e1771c27a671147b188378c5b1da6e) Importer(815301076,1909f56bfc062723c751e8b465ee728b)
Start importing Assets/PolygonSciFiCity/Prefabs/Props/SM_Prop_Bottle_01.prefab using Guid(21e1771c27a671147b188378c5b1da6e) Importer(815301076,1909f56bfc062723c751e8b465ee728b)  -> (artifact id: 'c58109cf6e7fa1c154252c9423fb687f') in 0.457780 seconds
Number of updated asset objects reloaded before import = 0
Number of asset objects unloaded after import = 15
========================================================================
Received Import Request.
  Time since last request: 0.000028 seconds.
  path: Assets/PolygonSciFiCity/Prefabs/Props/SM_Prop_Cage_03.prefab
  artifactKey: Guid(eb84224342a883d49a76493e407fce4c) Importer(815301076,1909f56bfc062723c751e8b465ee728b)
Start importing Assets/PolygonSciFiCity/Prefabs/Props/SM_Prop_Cage_03.prefab using Guid(eb84224342a883d49a76493e407fce4c) Importer(815301076,1909f56bfc062723c751e8b465ee728b)  -> (artifact id: 'f024fe2e10b0762f383e08ef618f2d59') in 0.400994 seconds
Number of updated asset objects reloaded before import = 0
Number of asset objects unloaded after import = 15
========================================================================
Received Import Request.
  Time since last request: 0.000088 seconds.
  path: Assets/PolygonSciFiCity/Prefabs/Props/SM_Prop_Posters_01.prefab
  artifactKey: Guid(6f8a5731d498a7941ae27c87225b97f7) Importer(815301076,1909f56bfc062723c751e8b465ee728b)
Start importing Assets/PolygonSciFiCity/Prefabs/Props/SM_Prop_Posters_01.prefab using Guid(6f8a5731d498a7941ae27c87225b97f7) Importer(815301076,1909f56bfc062723c751e8b465ee728b)  -> (artifact id: 'a331b282ada51436b49045ef6c0017dc') in 0.252942 seconds
Number of updated asset objects reloaded before import = 0
Number of asset objects unloaded after import = 9
========================================================================
Received Import Request.
  Time since last request: 0.000019 seconds.
  path: Assets/PolygonSciFiCity/Prefabs/Props/SM_Prop_Barrier_Pole_01.prefab
  artifactKey: Guid(3d60a71ddd12565498b1cb9e63e36f92) Importer(815301076,1909f56bfc062723c751e8b465ee728b)
Start importing Assets/PolygonSciFiCity/Prefabs/Props/SM_Prop_Barrier_Pole_01.prefab using Guid(3d60a71ddd12565498b1cb9e63e36f92) Importer(815301076,1909f56bfc062723c751e8b465ee728b)  -> (artifact id: '3fcf6838a1dbda09f1c81d4d82dd7a24') in 0.263758 seconds
Number of updated asset objects reloaded before import = 0
Number of asset objects unloaded after import = 15
========================================================================
Received Import Request.
  Time since last request: 0.000292 seconds.
  path: Assets/PolygonSciFiCity/Prefabs/Props/SM_Prop_Hologram_Pizza_01.prefab
  artifactKey: Guid(2c73cdfb2428d34439778c7b24037932) Importer(815301076,1909f56bfc062723c751e8b465ee728b)
Start importing Assets/PolygonSciFiCity/Prefabs/Props/SM_Prop_Hologram_Pizza_01.prefab using Guid(2c73cdfb2428d34439778c7b24037932) Importer(815301076,1909f56bfc062723c751e8b465ee728b)  -> (artifact id: 'a9971a804431382570616cd3e20b74e2') in 0.176732 seconds
Number of updated asset objects reloaded before import = 0
Number of asset objects unloaded after import = 21
========================================================================
Received Import Request.
  Time since last request: 0.000033 seconds.
  path: Assets/PolygonSciFiCity/Prefabs/Props/SM_Prop_AirConditioningUnit_02.prefab
  artifactKey: Guid(c4de1579d85603245ab9ad2a03114629) Importer(815301076,1909f56bfc062723c751e8b465ee728b)
Start importing Assets/PolygonSciFiCity/Prefabs/Props/SM_Prop_AirConditioningUnit_02.prefab using Guid(c4de1579d85603245ab9ad2a03114629) Importer(815301076,1909f56bfc062723c751e8b465ee728b)  -> (artifact id: '6e8b257d7bbb7e992dd5e1331386fe5c') in 0.191664 seconds
Number of updated asset objects reloaded before import = 0
Number of asset objects unloaded after import = 15
========================================================================
Received Import Request.
  Time since last request: 0.000025 seconds.
  path: Assets/PolygonSciFiCity/Prefabs/Props/SM_Prop_Paper_Banner_01.prefab
  artifactKey: Guid(b8991e610cafd4244aa5ee1a42b52097) Importer(815301076,1909f56bfc062723c751e8b465ee728b)
Start importing Assets/PolygonSciFiCity/Prefabs/Props/SM_Prop_Paper_Banner_01.prefab using Guid(b8991e610cafd4244aa5ee1a42b52097) Importer(815301076,1909f56bfc062723c751e8b465ee728b)  -> (artifact id: 'e591d9b0a60f3e8d3042fd248f802afe') in 0.142397 seconds
Number of updated asset objects reloaded before import = 0
Number of asset objects unloaded after import = 15
========================================================================
Received Import Request.
  Time since last request: 0.000051 seconds.
  path: Assets/PolygonSciFiCity/Prefabs/FX/FX_Laser_Shotgun.prefab
  artifactKey: Guid(42e227b1c80c09a4d847427380f80790) Importer(815301076,1909f56bfc062723c751e8b465ee728b)
Start importing Assets/PolygonSciFiCity/Prefabs/FX/FX_Laser_Shotgun.prefab using Guid(42e227b1c80c09a4d847427380f80790) Importer(815301076,1909f56bfc062723c751e8b465ee728b)  -> (artifact id: '393985cc027f8411e0ecec4b9202325e') in 0.074503 seconds
Number of updated asset objects reloaded before import = 0
Number of asset objects unloaded after import = 8
========================================================================
Received Import Request.
  Time since last request: 0.000611 seconds.
  path: Assets/PolygonSciFiCity/Prefabs/Props/SM_Prop_MarketLights_02.prefab
  artifactKey: Guid(fa726b14e6d967248833d7e6860ab2de) Importer(815301076,1909f56bfc062723c751e8b465ee728b)
Start importing Assets/PolygonSciFiCity/Prefabs/Props/SM_Prop_MarketLights_02.prefab using Guid(fa726b14e6d967248833d7e6860ab2de) Importer(815301076,1909f56bfc062723c751e8b465ee728b)  -> (artifact id: 'd79dc3a3286b15200fac9a40a5aff6fd') in 0.161351 seconds
Number of updated asset objects reloaded before import = 0
Number of asset objects unloaded after import = 15
========================================================================
Received Import Request.
  Time since last request: 0.000109 seconds.
  path: Assets/PolygonSciFiCity/Prefabs/Props/SM_Prop_MarketCover_05.prefab
  artifactKey: Guid(bc74d1af733c9dd42b24fa0018d92a18) Importer(815301076,1909f56bfc062723c751e8b465ee728b)
Start importing Assets/PolygonSciFiCity/Prefabs/Props/SM_Prop_MarketCover_05.prefab using Guid(bc74d1af733c9dd42b24fa0018d92a18) Importer(815301076,1909f56bfc062723c751e8b465ee728b)  -> (artifact id: 'e578d8cb5c05605c221789cbfba37f65') in 0.226671 seconds
Number of updated asset objects reloaded before import = 0
Number of asset objects unloaded after import = 15
========================================================================
Received Import Request.
  Time since last request: 0.000035 seconds.
  path: Assets/PolygonSciFiCity/Prefabs/Props/SM_Prop_Meat_02.prefab
  artifactKey: Guid(0de710059ca0be3429bc6272fedc3e39) Importer(815301076,1909f56bfc062723c751e8b465ee728b)
Start importing Assets/PolygonSciFiCity/Prefabs/Props/SM_Prop_Meat_02.prefab using Guid(0de710059ca0be3429bc6272fedc3e39) Importer(815301076,1909f56bfc062723c751e8b465ee728b)  -> (artifact id: '7e1d6820d984ab40e9020628815c417b') in 0.166774 seconds
Number of updated asset objects reloaded before import = 0
Number of asset objects unloaded after import = 15
========================================================================
Received Import Request.
  Time since last request: 0.000023 seconds.
  path: Assets/PolygonSciFiCity/Prefabs/Environments/SM_Env_Cloud_02.prefab
  artifactKey: Guid(37eb180cfec9fac438df346ecd3ad8b2) Importer(815301076,1909f56bfc062723c751e8b465ee728b)
Start importing Assets/PolygonSciFiCity/Prefabs/Environments/SM_Env_Cloud_02.prefab using Guid(37eb180cfec9fac438df346ecd3ad8b2) Importer(815301076,1909f56bfc062723c751e8b465ee728b)  -> (artifact id: '41214635692bc8d7ab186140b268f556') in 0.094718 seconds
Number of updated asset objects reloaded before import = 0
Number of asset objects unloaded after import = 13
========================================================================
Received Import Request.
  Time since last request: 0.000032 seconds.
  path: Assets/PolygonSciFiCity/Prefabs/Environments/SM_Env_Dirt_Mound_Small_02.prefab
  artifactKey: Guid(ccd868c6db030ab40adf1fbfd7bd146c) Importer(815301076,1909f56bfc062723c751e8b465ee728b)
Start importing Assets/PolygonSciFiCity/Prefabs/Environments/SM_Env_Dirt_Mound_Small_02.prefab using Guid(ccd868c6db030ab40adf1fbfd7bd146c) Importer(815301076,1909f56bfc062723c751e8b465ee728b)  -> (artifact id: '28ecad6bfd0ec9fa77579d8316019fac') in 0.113811 seconds
Number of updated asset objects reloaded before import = 0
Number of asset objects unloaded after import = 14
========================================================================
Received Import Request.
  Time since last request: 0.000029 seconds.
  path: Assets/PolygonSciFiCity/Prefabs/Environments/SM_Env_Graffiti_Wall_04.prefab
  artifactKey: Guid(7aed49cac7aa42d4585cfa65722c86be) Importer(815301076,1909f56bfc062723c751e8b465ee728b)
Start importing Assets/PolygonSciFiCity/Prefabs/Environments/SM_Env_Graffiti_Wall_04.prefab using Guid(7aed49cac7aa42d4585cfa65722c86be) Importer(815301076,1909f56bfc062723c751e8b465ee728b)  -> (artifact id: 'cf29f209d3b31b34bf20d57d370ae9a6') in 0.050885 seconds
Number of updated asset objects reloaded before import = 0
Number of asset objects unloaded after import = 10
========================================================================
Received Import Request.
  Time since last request: 0.000170 seconds.
  path: Assets/PolygonSciFiCity/Prefabs/Environments/SM_Env_Ground_01.prefab
  artifactKey: Guid(2e821bd9bc6143742806bc737ba56daf) Importer(815301076,1909f56bfc062723c751e8b465ee728b)
Start importing Assets/PolygonSciFiCity/Prefabs/Environments/SM_Env_Ground_01.prefab using Guid(2e821bd9bc6143742806bc737ba56daf) Importer(815301076,1909f56bfc062723c751e8b465ee728b)  -> (artifact id: '42f16a091ff26979c990511ec79cfd61') in 0.076043 seconds
Number of updated asset objects reloaded before import = 0
Number of asset objects unloaded after import = 14
========================================================================
Received Import Request.
  Time since last request: 0.000024 seconds.
  path: Assets/PolygonSciFiCity/Prefabs/Props/SM_Prop_Chain_03.prefab
  artifactKey: Guid(1a8cb45cb38c266468857baf7462dd50) Importer(815301076,1909f56bfc062723c751e8b465ee728b)
Start importing Assets/PolygonSciFiCity/Prefabs/Props/SM_Prop_Chain_03.prefab using Guid(1a8cb45cb38c266468857baf7462dd50) Importer(815301076,1909f56bfc062723c751e8b465ee728b)  -> (artifact id: '1b35b4857e63a4aad8fb3952cc073201') in 0.120831 seconds
Number of updated asset objects reloaded before import = 0
Number of asset objects unloaded after import = 15
========================================================================
Received Import Request.
  Time since last request: 0.000038 seconds.
  path: Assets/PolygonSciFiCity/Prefabs/Environments/SM_Env_Ground_Tile_Base_04.prefab
  artifactKey: Guid(e9973a8386e637945b83ec278dd7f3dc) Importer(815301076,1909f56bfc062723c751e8b465ee728b)
Start importing Assets/PolygonSciFiCity/Prefabs/Environments/SM_Env_Ground_Tile_Base_04.prefab using Guid(e9973a8386e637945b83ec278dd7f3dc) Importer(815301076,1909f56bfc062723c751e8b465ee728b)  -> (artifact id: '87654024f217dd1b1c4b62ba3cb86ea8') in 0.120127 seconds
Number of updated asset objects reloaded before import = 0
Number of asset objects unloaded after import = 14
========================================================================
Received Import Request.
  Time since last request: 0.000039 seconds.
  path: Assets/PolygonSciFiCity/Prefabs/Environments/SM_Env_Ground_Tile_Tube_01.prefab
  artifactKey: Guid(d497d8700b2ade64ca2fab00c0098cdc) Importer(815301076,1909f56bfc062723c751e8b465ee728b)
Start importing Assets/PolygonSciFiCity/Prefabs/Environments/SM_Env_Ground_Tile_Tube_01.prefab using Guid(d497d8700b2ade64ca2fab00c0098cdc) Importer(815301076,1909f56bfc062723c751e8b465ee728b)  -> (artifact id: 'b9976bb3b741e8947257cecb8070c0ed') in 0.076889 seconds
Number of updated asset objects reloaded before import = 0
Number of asset objects unloaded after import = 13
========================================================================
Received Import Request.
  Time since last request: 0.000020 seconds.
  path: Assets/PolygonSciFiCity/Prefabs/Environments/SM_Env_Ocean_Tile_Bumps_01.prefab
  artifactKey: Guid(4f09142e0e905d3468891ebab8e739fd) Importer(815301076,1909f56bfc062723c751e8b465ee728b)
Start importing Assets/PolygonSciFiCity/Prefabs/Environments/SM_Env_Ocean_Tile_Bumps_01.prefab using Guid(4f09142e0e905d3468891ebab8e739fd) Importer(815301076,1909f56bfc062723c751e8b465ee728b)  -> (artifact id: '594a56ee8faa2ee0ef70ff79dc5d1297') in 0.134877 seconds
Number of updated asset objects reloaded before import = 0
Number of asset objects unloaded after import = 13
========================================================================
Received Import Request.
  Time since last request: 0.000029 seconds.
  path: Assets/PolygonSciFiCity/Prefabs/Environments/SM_Env_Road_Crossing_02_SF.prefab
  artifactKey: Guid(9315487ef0253a44e8113a1f3d74285a) Importer(815301076,1909f56bfc062723c751e8b465ee728b)
Start importing Assets/PolygonSciFiCity/Prefabs/Environments/SM_Env_Road_Crossing_02_SF.prefab using Guid(9315487ef0253a44e8113a1f3d74285a) Importer(815301076,1909f56bfc062723c751e8b465ee728b)  -> (artifact id: '6d6f5d95fd7b7504998662f83e0395b5') in 0.091733 seconds
Number of updated asset objects reloaded before import = 0
Number of asset objects unloaded after import = 12
========================================================================
Received Import Request.
  Time since last request: 0.000035 seconds.
  path: Assets/PolygonSciFiCity/Prefabs/Environments/SM_Env_Road_Lines_02_SF.prefab
  artifactKey: Guid(ef5e06adf4b03844aa22579242b2169b) Importer(815301076,1909f56bfc062723c751e8b465ee728b)
Start importing Assets/PolygonSciFiCity/Prefabs/Environments/SM_Env_Road_Lines_02_SF.prefab using Guid(ef5e06adf4b03844aa22579242b2169b) Importer(815301076,1909f56bfc062723c751e8b465ee728b)  -> (artifact id: '02409395442e48abb31f7121e1731cae') in 0.055693 seconds
Number of updated asset objects reloaded before import = 0
Number of asset objects unloaded after import = 12
========================================================================
Received Import Request.
  Time since last request: 0.000400 seconds.
  path: Assets/PolygonSciFiCity/Prefabs/Vehicles/SM_Veh_Future_Taxi_01.prefab
  artifactKey: Guid(3453465b381fd294e8e0b2c3a9cb1950) Importer(815301076,1909f56bfc062723c751e8b465ee728b)
Start importing Assets/PolygonSciFiCity/Prefabs/Vehicles/SM_Veh_Future_Taxi_01.prefab using Guid(3453465b381fd294e8e0b2c3a9cb1950) Importer(815301076,1909f56bfc062723c751e8b465ee728b)  -> (artifact id: '176a0e7ebc7282a779fd99777679e60f') in 0.142899 seconds
Number of updated asset objects reloaded before import = 0
Number of asset objects unloaded after import = 26
========================================================================
Received Import Request.
  Time since last request: 0.000026 seconds.
  path: Assets/PolygonSciFiCity/Prefabs/Environments/SM_Env_Tree_02.prefab
  artifactKey: Guid(2f5545a07cd72dd41bd50f89ccdddae8) Importer(815301076,1909f56bfc062723c751e8b465ee728b)
Start importing Assets/PolygonSciFiCity/Prefabs/Environments/SM_Env_Tree_02.prefab using Guid(2f5545a07cd72dd41bd50f89ccdddae8) Importer(815301076,1909f56bfc062723c751e8b465ee728b)  -> (artifact id: 'ea3cd911604917ee4362230fd9b233f9') in 0.183743 seconds
Number of updated asset objects reloaded before import = 0
Number of asset objects unloaded after import = 15
========================================================================
Received Import Request.
  Time since last request: 0.000037 seconds.
  path: Assets/PolygonSciFiCity/Prefabs/Environments/SM_Env_Small_Rocks_02.prefab
  artifactKey: Guid(341c16b8b2b729d4badae2d5771a931c) Importer(815301076,1909f56bfc062723c751e8b465ee728b)
Start importing Assets/PolygonSciFiCity/Prefabs/Environments/SM_Env_Small_Rocks_02.prefab using Guid(341c16b8b2b729d4badae2d5771a931c) Importer(815301076,1909f56bfc062723c751e8b465ee728b)  -> (artifact id: 'cd464048e9412a818d50bfedeef673f0') in 0.166700 seconds
Number of updated asset objects reloaded before import = 0
Number of asset objects unloaded after import = 15
========================================================================
Received Import Request.
  Time since last request: 0.000030 seconds.
  path: Assets/PolygonSciFiCity/Prefabs/Environments/SkyDome.prefab
  artifactKey: Guid(1d7dd8ea7cd8cc64bab1f6bee8ef01d5) Importer(815301076,1909f56bfc062723c751e8b465ee728b)
Start importing Assets/PolygonSciFiCity/Prefabs/Environments/SkyDome.prefab using Guid(1d7dd8ea7cd8cc64bab1f6bee8ef01d5) Importer(815301076,1909f56bfc062723c751e8b465ee728b)  -> (artifact id: 'c0080dd2620b8ce222d96f7598d9521b') in 0.237842 seconds
Number of updated asset objects reloaded before import = 0
Number of asset objects unloaded after import = 28
========================================================================
Received Import Request.
  Time since last request: 0.000022 seconds.
  path: Assets/PolygonSciFiCity/Prefabs/Props/SM_Prop_Bottle_03.prefab
  artifactKey: Guid(36671c50e5b866247937253a255b19aa) Importer(815301076,1909f56bfc062723c751e8b465ee728b)
Start importing Assets/PolygonSciFiCity/Prefabs/Props/SM_Prop_Bottle_03.prefab using Guid(36671c50e5b866247937253a255b19aa) Importer(815301076,1909f56bfc062723c751e8b465ee728b)  -> (artifact id: 'e1d1d3d39a33463dc965e3e36584d169') in 0.193063 seconds
Number of updated asset objects reloaded before import = 0
Number of asset objects unloaded after import = 15
========================================================================
Received Import Request.
  Time since last request: 0.000043 seconds.
  path: Assets/PolygonSciFiCity/Prefabs/Environments/SM_Env_Ground_Tile_Half_02.prefab
  artifactKey: Guid(ac86e58f7706ca04a9df3f348cf148bd) Importer(815301076,1909f56bfc062723c751e8b465ee728b)
Start importing Assets/PolygonSciFiCity/Prefabs/Environments/SM_Env_Ground_Tile_Half_02.prefab using Guid(ac86e58f7706ca04a9df3f348cf148bd) Importer(815301076,1909f56bfc062723c751e8b465ee728b)  -> (artifact id: '8208ddc98ec48710cdbec22d58204614') in 0.192428 seconds
Number of updated asset objects reloaded before import = 0
Number of asset objects unloaded after import = 14
========================================================================
Received Import Request.
  Time since last request: 0.000019 seconds.
  path: Assets/PolygonSciFiCity/Prefabs/Environments/SM_Env_Sidewalk_Straight_04_SF.prefab
  artifactKey: Guid(8eb4c19836b1e69448dccd70be19f9d0) Importer(815301076,1909f56bfc062723c751e8b465ee728b)
Start importing Assets/PolygonSciFiCity/Prefabs/Environments/SM_Env_Sidewalk_Straight_04_SF.prefab using Guid(8eb4c19836b1e69448dccd70be19f9d0) Importer(815301076,1909f56bfc062723c751e8b465ee728b)  -> (artifact id: '08860e1b1ae81ccff67f7d6c95e59826') in 0.488825 seconds
Number of updated asset objects reloaded before import = 0
Number of asset objects unloaded after import = 14
========================================================================
Received Import Request.
  Time since last request: 0.000028 seconds.
  path: Assets/PolygonSciFiCity/Prefabs/Props/SM_Prop_Robotic_Part_01.prefab
  artifactKey: Guid(13f4bb37d63f0d84e8205ded3e900963) Importer(815301076,1909f56bfc062723c751e8b465ee728b)
Start importing Assets/PolygonSciFiCity/Prefabs/Props/SM_Prop_Robotic_Part_01.prefab using Guid(13f4bb37d63f0d84e8205ded3e900963) Importer(815301076,1909f56bfc062723c751e8b465ee728b)  -> (artifact id: '59fa8b5805b7bbd45c58e9b4b961968d') in 0.226242 seconds
Number of updated asset objects reloaded before import = 0
Number of asset objects unloaded after import = 15
========================================================================
Received Import Request.
  Time since last request: 0.000031 seconds.
  path: Assets/PolygonSciFiCity/Prefabs/Environments/SM_Env_Ground_Tile_07.prefab
  artifactKey: Guid(041197ccf8c034447a687e080433d2a2) Importer(815301076,1909f56bfc062723c751e8b465ee728b)
Start importing Assets/PolygonSciFiCity/Prefabs/Environments/SM_Env_Ground_Tile_07.prefab using Guid(041197ccf8c034447a687e080433d2a2) Importer(815301076,1909f56bfc062723c751e8b465ee728b)  -> (artifact id: 'b86b62599821dde1e504e53d3557cd90') in 0.159848 seconds
Number of updated asset objects reloaded before import = 0
Number of asset objects unloaded after import = 14
========================================================================
Received Import Request.
  Time since last request: 0.000029 seconds.
  path: Assets/PolygonSciFiCity/Prefabs/Environments/SM_Env_Grass_Patch_01.prefab
  artifactKey: Guid(42942cf4d2fa1e349871495005540968) Importer(815301076,1909f56bfc062723c751e8b465ee728b)
Start importing Assets/PolygonSciFiCity/Prefabs/Environments/SM_Env_Grass_Patch_01.prefab using Guid(42942cf4d2fa1e349871495005540968) Importer(815301076,1909f56bfc062723c751e8b465ee728b)  -> (artifact id: '3878191f4e8977e489612b8bc9ddd0a7') in 0.132509 seconds
Number of updated asset objects reloaded before import = 0
Number of asset objects unloaded after import = 13
========================================================================
Received Import Request.
  Time since last request: 0.000048 seconds.
  path: Assets/PolygonSciFiCity/Prefabs/Props/SM_Prop_Drone_Ball_01.prefab
  artifactKey: Guid(5d594cd7305e4cc49bcb17f30167185a) Importer(815301076,1909f56bfc062723c751e8b465ee728b)
Start importing Assets/PolygonSciFiCity/Prefabs/Props/SM_Prop_Drone_Ball_01.prefab using Guid(5d594cd7305e4cc49bcb17f30167185a) Importer(815301076,1909f56bfc062723c751e8b465ee728b)  -> (artifact id: '2faba285fb59149177c7b00a0a73c751') in 0.604563 seconds
Number of updated asset objects reloaded before import = 0
Number of asset objects unloaded after import = 15
========================================================================
Received Import Request.
  Time since last request: 0.000034 seconds.
  path: Assets/PolygonSciFiCity/Prefabs/Props/SM_Prop_Meter_01.prefab
  artifactKey: Guid(ddece26d5bd591d4a9101773229e67aa) Importer(815301076,1909f56bfc062723c751e8b465ee728b)
Start importing Assets/PolygonSciFiCity/Prefabs/Props/SM_Prop_Meter_01.prefab using Guid(ddece26d5bd591d4a9101773229e67aa) Importer(815301076,1909f56bfc062723c751e8b465ee728b)  -> (artifact id: '8765153aff98fa1db6af822c4ce9ca20') in 0.143783 seconds
Number of updated asset objects reloaded before import = 0
Number of asset objects unloaded after import = 15
========================================================================
Received Import Request.
  Time since last request: 0.000025 seconds.
  path: Assets/PolygonSciFiCity/Prefabs/Props/SM_Prop_FoodTray_01.prefab
  artifactKey: Guid(d557e3e8ceade7e4c99f21e6c68039f3) Importer(815301076,1909f56bfc062723c751e8b465ee728b)
Start importing Assets/PolygonSciFiCity/Prefabs/Props/SM_Prop_FoodTray_01.prefab using Guid(d557e3e8ceade7e4c99f21e6c68039f3) Importer(815301076,1909f56bfc062723c751e8b465ee728b)  -> (artifact id: '22bf379828fbb99c19149be815500b3d') in 0.257983 seconds
Number of updated asset objects reloaded before import = 0
Number of asset objects unloaded after import = 15
========================================================================
Received Import Request.
  Time since last request: 0.000026 seconds.
  path: Assets/PolygonSciFiCity/Prefabs/Environments/SM_Env_Road_Arrow_02_SF.prefab
  artifactKey: Guid(920314db42e0d734d972f4e690a331ad) Importer(815301076,1909f56bfc062723c751e8b465ee728b)
Start importing Assets/PolygonSciFiCity/Prefabs/Environments/SM_Env_Road_Arrow_02_SF.prefab using Guid(920314db42e0d734d972f4e690a331ad) Importer(815301076,1909f56bfc062723c751e8b465ee728b)  -> (artifact id: 'fc33c392b31a66de2d619abde79185f7') in 0.549413 seconds
Number of updated asset objects reloaded before import = 0
Number of asset objects unloaded after import = 12
========================================================================
Received Import Request.
  Time since last request: 0.000205 seconds.
  path: Assets/PolygonSciFiCity/Prefabs/Environments/SM_Env_Sidewalk_Corner_Half_01.prefab
  artifactKey: Guid(f69b151d9adb0c545be71e702cc68745) Importer(815301076,1909f56bfc062723c751e8b465ee728b)
Start importing Assets/PolygonSciFiCity/Prefabs/Environments/SM_Env_Sidewalk_Corner_Half_01.prefab using Guid(f69b151d9adb0c545be71e702cc68745) Importer(815301076,1909f56bfc062723c751e8b465ee728b)  -> (artifact id: '123b08c4360ebbf18c8d59f578d98e86') in 0.272386 seconds
Number of updated asset objects reloaded before import = 0
Number of asset objects unloaded after import = 13
========================================================================
Received Import Request.
  Time since last request: 0.000038 seconds.
  path: Assets/PolygonSciFiCity/Prefabs/Props/SM_Prop_Posters_03.prefab
  artifactKey: Guid(0a257c3bc10a86c4abdc82e3baec91e1) Importer(815301076,1909f56bfc062723c751e8b465ee728b)
Start importing Assets/PolygonSciFiCity/Prefabs/Props/SM_Prop_Posters_03.prefab using Guid(0a257c3bc10a86c4abdc82e3baec91e1) Importer(815301076,1909f56bfc062723c751e8b465ee728b)  -> (artifact id: '8b2f09f7c83c81f0e10363184755135a') in 0.131762 seconds
Number of updated asset objects reloaded before import = 0
Number of asset objects unloaded after import = 9
========================================================================
Received Import Request.
  Time since last request: 0.000236 seconds.
  path: Assets/PolygonSciFiCity/Prefabs/Environments/SM_Env_Road_YellowLines_01_SF.prefab
  artifactKey: Guid(2c925c60840f8994eb066b663dd762ed) Importer(815301076,1909f56bfc062723c751e8b465ee728b)
Start importing Assets/PolygonSciFiCity/Prefabs/Environments/SM_Env_Road_YellowLines_01_SF.prefab using Guid(2c925c60840f8994eb066b663dd762ed) Importer(815301076,1909f56bfc062723c751e8b465ee728b)  -> (artifact id: 'bb146d277ac04957aad34a222c4407ab') in 0.194204 seconds
Number of updated asset objects reloaded before import = 0
Number of asset objects unloaded after import = 12
========================================================================
Received Import Request.
  Time since last request: 0.000028 seconds.
  path: Assets/PolygonSciFiCity/Prefabs/Props/SM_Prop_Cable_Crossing_Machine_01.prefab
  artifactKey: Guid(cbceef30a3e489d49b0d717018a71050) Importer(815301076,1909f56bfc062723c751e8b465ee728b)
Start importing Assets/PolygonSciFiCity/Prefabs/Props/SM_Prop_Cable_Crossing_Machine_01.prefab using Guid(cbceef30a3e489d49b0d717018a71050) Importer(815301076,1909f56bfc062723c751e8b465ee728b)  -> (artifact id: 'fd2105bc51a9d636d96ac4babde503a2') in 0.296165 seconds
Number of updated asset objects reloaded before import = 0
Number of asset objects unloaded after import = 15
========================================================================
Received Import Request.
  Time since last request: 0.000025 seconds.
  path: Assets/PolygonSciFiCity/Prefabs/FX/FX_Laser_Shot.prefab
  artifactKey: Guid(10719f104ece0ac4891ff8aaf5041b45) Importer(815301076,1909f56bfc062723c751e8b465ee728b)
Start importing Assets/PolygonSciFiCity/Prefabs/FX/FX_Laser_Shot.prefab using Guid(10719f104ece0ac4891ff8aaf5041b45) Importer(815301076,1909f56bfc062723c751e8b465ee728b)  -> (artifact id: '297f9c0c3997aea062173f8c62154221') in 6.922171 seconds
Number of updated asset objects reloaded before import = 0
Number of asset objects unloaded after import = 8
========================================================================
Received Import Request.
  Time since last request: 0.000342 seconds.
  path: Assets/PolygonSciFiCity/Prefabs/Environments/SM_Env_Sidewalk_Corner_Half_01 1.prefab
  artifactKey: Guid(3a2bc9cf5e31c2a4b813ce031a798406) Importer(815301076,1909f56bfc062723c751e8b465ee728b)
Start importing Assets/PolygonSciFiCity/Prefabs/Environments/SM_Env_Sidewalk_Corner_Half_01 1.prefab using Guid(3a2bc9cf5e31c2a4b813ce031a798406) Importer(815301076,1909f56bfc062723c751e8b465ee728b)  -> (artifact id: '4499b1ca6d220628ddfa7f9ba689e178') in 0.160969 seconds
Number of updated asset objects reloaded before import = 0
Number of asset objects unloaded after import = 13
========================================================================
Received Import Request.
  Time since last request: 0.000028 seconds.
  path: Assets/PolygonSciFiCity/Prefabs/Environments/SM_Env_Sidewalk_Straight_02_SF.prefab
  artifactKey: Guid(e65f4dbcd29530d4982fee65cdde9c76) Importer(815301076,1909f56bfc062723c751e8b465ee728b)
Start importing Assets/PolygonSciFiCity/Prefabs/Environments/SM_Env_Sidewalk_Straight_02_SF.prefab using Guid(e65f4dbcd29530d4982fee65cdde9c76) Importer(815301076,1909f56bfc062723c751e8b465ee728b)  -> (artifact id: 'f45fc9a72e37f0a8bd1c7e0b587bc452') in 0.170425 seconds
Number of updated asset objects reloaded before import = 0
Number of asset objects unloaded after import = 14
========================================================================
Received Import Request.
  Time since last request: 0.000024 seconds.
  path: Assets/PolygonSciFiCity/Prefabs/Props/SM_Prop_Door_Chopshop_01.prefab
  artifactKey: Guid(038aa72c1e688f8418a8cd09f031697d) Importer(815301076,1909f56bfc062723c751e8b465ee728b)
Start importing Assets/PolygonSciFiCity/Prefabs/Props/SM_Prop_Door_Chopshop_01.prefab using Guid(038aa72c1e688f8418a8cd09f031697d) Importer(815301076,1909f56bfc062723c751e8b465ee728b)  -> (artifact id: 'de34aa0e50c30fd3d787e791ddf03d76') in 0.384721 seconds
Number of updated asset objects reloaded before import = 0
Number of asset objects unloaded after import = 15
========================================================================
Received Import Request.
  Time since last request: 0.000039 seconds.
  path: Assets/PolygonSciFiCity/Prefabs/Props/SM_Prop_DeadZub_01.prefab
  artifactKey: Guid(a981b0231c6c9d54498045dcdea75e5d) Importer(815301076,1909f56bfc062723c751e8b465ee728b)
Start importing Assets/PolygonSciFiCity/Prefabs/Props/SM_Prop_DeadZub_01.prefab using Guid(a981b0231c6c9d54498045dcdea75e5d) Importer(815301076,1909f56bfc062723c751e8b465ee728b)  -> (artifact id: 'a40fcac1804c9c4c30c7b6f17e4ca9da') in 0.199965 seconds
Number of updated asset objects reloaded before import = 0
Number of asset objects unloaded after import = 15
========================================================================
Received Import Request.
  Time since last request: 0.000019 seconds.
  path: Assets/PolygonSciFiCity/Prefabs/Props/SM_Prop_Couch_01.prefab
  artifactKey: Guid(d6e9eedc2c7baeb46ab65cba90d8505b) Importer(815301076,1909f56bfc062723c751e8b465ee728b)
Start importing Assets/PolygonSciFiCity/Prefabs/Props/SM_Prop_Couch_01.prefab using Guid(d6e9eedc2c7baeb46ab65cba90d8505b) Importer(815301076,1909f56bfc062723c751e8b465ee728b)  -> (artifact id: '23e8a8b46039f8541374a027e43fdc74') in 0.265796 seconds
Number of updated asset objects reloaded before import = 0
Number of asset objects unloaded after import = 15
========================================================================
Received Import Request.
  Time since last request: 0.000029 seconds.
  path: Assets/PolygonSciFiCity/Prefabs/Props/SM_Prop_Cage_01.prefab
  artifactKey: Guid(7a60a7260d0b10845afc2b060d422f25) Importer(815301076,1909f56bfc062723c751e8b465ee728b)
Start importing Assets/PolygonSciFiCity/Prefabs/Props/SM_Prop_Cage_01.prefab using Guid(7a60a7260d0b10845afc2b060d422f25) Importer(815301076,1909f56bfc062723c751e8b465ee728b)  -> (artifact id: 'c100c00fc8d24ee56176874a2db63358') in 0.494848 seconds
Number of updated asset objects reloaded before import = 0
Number of asset objects unloaded after import = 15
========================================================================
Received Import Request.
  Time since last request: 0.000085 seconds.
  path: Assets/PolygonSciFiCity/Prefabs/Environments/SM_Env_Sidewalk_Panel_01_SF.prefab
  artifactKey: Guid(8ae7faa2d167a224a9090dbc8cfa2d3a) Importer(815301076,1909f56bfc062723c751e8b465ee728b)
Start importing Assets/PolygonSciFiCity/Prefabs/Environments/SM_Env_Sidewalk_Panel_01_SF.prefab using Guid(8ae7faa2d167a224a9090dbc8cfa2d3a) Importer(815301076,1909f56bfc062723c751e8b465ee728b)  -> (artifact id: 'f7d0252e2b69929dd85b8f53fca08c32') in 0.194326 seconds
Number of updated asset objects reloaded before import = 0
Number of asset objects unloaded after import = 14
========================================================================
Received Import Request.
  Time since last request: 0.000019 seconds.
  path: Assets/PolygonSciFiCity/Prefabs/FX/Fire_01_FX.prefab
  artifactKey: Guid(fabff3cbe4a4be24a90f7b23e155e025) Importer(815301076,1909f56bfc062723c751e8b465ee728b)
Start importing Assets/PolygonSciFiCity/Prefabs/FX/Fire_01_FX.prefab using Guid(fabff3cbe4a4be24a90f7b23e155e025) Importer(815301076,1909f56bfc062723c751e8b465ee728b)  -> (artifact id: 'cc3ce5677ff164225366ef2a3fb36a5b') in 0.168818 seconds
Number of updated asset objects reloaded before import = 0
Number of asset objects unloaded after import = 7
========================================================================
Received Import Request.
  Time since last request: 0.001918 seconds.
  path: Assets/PolygonSciFiCity/Prefabs/Environments/SM_Env_Ground_Tile_03.prefab
  artifactKey: Guid(9e9f8f40d066f5a4791df15af8ea53ee) Importer(815301076,1909f56bfc062723c751e8b465ee728b)
Start importing Assets/PolygonSciFiCity/Prefabs/Environments/SM_Env_Ground_Tile_03.prefab using Guid(9e9f8f40d066f5a4791df15af8ea53ee) Importer(815301076,1909f56bfc062723c751e8b465ee728b)  -> (artifact id: '94b42df07301a2c62c079a9bab561941') in 0.250148 seconds
Number of updated asset objects reloaded before import = 0
Number of asset objects unloaded after import = 14
========================================================================
Received Import Request.
  Time since last request: 0.000024 seconds.
  path: Assets/PolygonSciFiCity/Prefabs/Props/SM_Prop_Medical_Table_01.prefab
  artifactKey: Guid(3c3e56cbd647a6849a98b32d7c000f9c) Importer(815301076,1909f56bfc062723c751e8b465ee728b)
Start importing Assets/PolygonSciFiCity/Prefabs/Props/SM_Prop_Medical_Table_01.prefab using Guid(3c3e56cbd647a6849a98b32d7c000f9c) Importer(815301076,1909f56bfc062723c751e8b465ee728b)  -> (artifact id: 'b216e0047c08a5f47aed728c6bce31ab') in 0.348962 seconds
Number of updated asset objects reloaded before import = 0
Number of asset objects unloaded after import = 15
========================================================================
Received Import Request.
  Time since last request: 0.000079 seconds.
  path: Assets/PolygonSciFiCity/Prefabs/Environments/SM_Env_Road_Lines_01_Corner_01.prefab
  artifactKey: Guid(94bf1a9f986a898468e777e802517638) Importer(815301076,1909f56bfc062723c751e8b465ee728b)
Start importing Assets/PolygonSciFiCity/Prefabs/Environments/SM_Env_Road_Lines_01_Corner_01.prefab using Guid(94bf1a9f986a898468e777e802517638) Importer(815301076,1909f56bfc062723c751e8b465ee728b)  -> (artifact id: '6cc41a48deaedd4f6568d5b3e251ca67') in 0.199833 seconds
Number of updated asset objects reloaded before import = 0
Number of asset objects unloaded after import = 11
========================================================================
Received Import Request.
  Time since last request: 0.000030 seconds.
  path: Assets/PolygonSciFiCity/Prefabs/Environments/SM_Env_Grass_Patch_02.prefab
  artifactKey: Guid(acb1d6a86083a694fa68f73a3affbd95) Importer(815301076,1909f56bfc062723c751e8b465ee728b)
Start importing Assets/PolygonSciFiCity/Prefabs/Environments/SM_Env_Grass_Patch_02.prefab using Guid(acb1d6a86083a694fa68f73a3affbd95) Importer(815301076,1909f56bfc062723c751e8b465ee728b)  -> (artifact id: '4257e1be9219d88d9041f83d0bf9e339') in 0.122581 seconds
Number of updated asset objects reloaded before import = 0
Number of asset objects unloaded after import = 13
========================================================================
Received Import Request.
  Time since last request: 0.000029 seconds.
  path: Assets/PolygonSciFiCity/Prefabs/Signs/SM_Sign_Neon_Flat_04.prefab
  artifactKey: Guid(e7e8abcd3a94364479799e0f4f65f2ff) Importer(815301076,1909f56bfc062723c751e8b465ee728b)
Start importing Assets/PolygonSciFiCity/Prefabs/Signs/SM_Sign_Neon_Flat_04.prefab using Guid(e7e8abcd3a94364479799e0f4f65f2ff) Importer(815301076,1909f56bfc062723c751e8b465ee728b)  -> (artifact id: 'f13addf284f49674055cb2443d13cf94') in 0.236610 seconds
Number of updated asset objects reloaded before import = 0
Number of asset objects unloaded after import = 11
========================================================================
Received Import Request.
  Time since last request: 0.000034 seconds.
  path: Assets/PolygonSciFiCity/Prefabs/Props/SM_Prop_Carpet_Mat_01.prefab
  artifactKey: Guid(8db0bcef339c006459e7b8e78fa23d78) Importer(815301076,1909f56bfc062723c751e8b465ee728b)
Start importing Assets/PolygonSciFiCity/Prefabs/Props/SM_Prop_Carpet_Mat_01.prefab using Guid(8db0bcef339c006459e7b8e78fa23d78) Importer(815301076,1909f56bfc062723c751e8b465ee728b)  -> (artifact id: 'dc84f49707bee0dd5c6e264954499373') in 0.338351 seconds
Number of updated asset objects reloaded before import = 0
Number of asset objects unloaded after import = 15
========================================================================
Received Import Request.
  Time since last request: 0.000034 seconds.
  path: Assets/PolygonSciFiCity/Prefabs/Props/SM_Prop_Paper_Lantern_02.prefab
  artifactKey: Guid(49dfa7d19c855b84faf678bed61ccb73) Importer(815301076,1909f56bfc062723c751e8b465ee728b)
Start importing Assets/PolygonSciFiCity/Prefabs/Props/SM_Prop_Paper_Lantern_02.prefab using Guid(49dfa7d19c855b84faf678bed61ccb73) Importer(815301076,1909f56bfc062723c751e8b465ee728b)  -> (artifact id: '5cbbb7b07c27f7bda7eb3a6c00eea68c') in 0.295684 seconds
Number of updated asset objects reloaded before import = 0
Number of asset objects unloaded after import = 15
========================================================================
Received Import Request.
  Time since last request: 0.000045 seconds.
  path: Assets/PolygonSciFiCity/Prefabs/Environments/SM_Env_Road_Crossing_01_SF.prefab
  artifactKey: Guid(1706df18b40e3b54398964cb03a14f7f) Importer(815301076,1909f56bfc062723c751e8b465ee728b)
Start importing Assets/PolygonSciFiCity/Prefabs/Environments/SM_Env_Road_Crossing_01_SF.prefab using Guid(1706df18b40e3b54398964cb03a14f7f) Importer(815301076,1909f56bfc062723c751e8b465ee728b)  -> (artifact id: 'c786820f6326cef837145f6a979d5dd6') in 0.062484 seconds
Number of updated asset objects reloaded before import = 0
Number of asset objects unloaded after import = 12
========================================================================
Received Import Request.
  Time since last request: 0.000036 seconds.
  path: Assets/PolygonSciFiCity/Prefabs/Props/SM_Prop_Barrier_Plastic_01.prefab
  artifactKey: Guid(2ef431f56f242194fb0aac1efde07107) Importer(815301076,1909f56bfc062723c751e8b465ee728b)
Start importing Assets/PolygonSciFiCity/Prefabs/Props/SM_Prop_Barrier_Plastic_01.prefab using Guid(2ef431f56f242194fb0aac1efde07107) Importer(815301076,1909f56bfc062723c751e8b465ee728b)  -> (artifact id: '2d13ec901baf2fa342a81b62a0453e27') in 0.313869 seconds
Number of updated asset objects reloaded before import = 0
Number of asset objects unloaded after import = 17
========================================================================
Received Import Request.
  Time since last request: 0.001384 seconds.
  path: Assets/PolygonSciFiCity/Prefabs/FX/FX_Flame.prefab
  artifactKey: Guid(55c86e0c7bf19d545acec6387f8704db) Importer(815301076,1909f56bfc062723c751e8b465ee728b)
Start importing Assets/PolygonSciFiCity/Prefabs/FX/FX_Flame.prefab using Guid(55c86e0c7bf19d545acec6387f8704db) Importer(815301076,1909f56bfc062723c751e8b465ee728b)  -> (artifact id: 'dcb782255fe7c7d732a7fc688a44e77e') in 5.171573 seconds
Number of updated asset objects reloaded before import = 0
Number of asset objects unloaded after import = 9
========================================================================
Received Import Request.
  Time since last request: 0.000709 seconds.
  path: Assets/PolygonSciFiCity/Prefabs/Environments/SM_Env_Cloud_05.prefab
  artifactKey: Guid(f3c6f17d5719ea547a79d95b1f9256e4) Importer(815301076,1909f56bfc062723c751e8b465ee728b)
Start importing Assets/PolygonSciFiCity/Prefabs/Environments/SM_Env_Cloud_05.prefab using Guid(f3c6f17d5719ea547a79d95b1f9256e4) Importer(815301076,1909f56bfc062723c751e8b465ee728b)  -> (artifact id: '71ecae7e7e5e0cf1bd277e36c7b2217b') in 0.324527 seconds
Number of updated asset objects reloaded before import = 0
Number of asset objects unloaded after import = 13
========================================================================
Received Import Request.
  Time since last request: 0.000023 seconds.
  path: Assets/PolygonSciFiCity/Prefabs/Environments/SM_Env_Floor_01.prefab
  artifactKey: Guid(0af7253adfe9a6c4ca7be0a1573f3c77) Importer(815301076,1909f56bfc062723c751e8b465ee728b)
Start importing Assets/PolygonSciFiCity/Prefabs/Environments/SM_Env_Floor_01.prefab using Guid(0af7253adfe9a6c4ca7be0a1573f3c77) Importer(815301076,1909f56bfc062723c751e8b465ee728b)  -> (artifact id: '9a061dca5f9369b1cfe8853ba0472e4a') in 0.294659 seconds
Number of updated asset objects reloaded before import = 0
Number of asset objects unloaded after import = 14
========================================================================
Received Import Request.
  Time since last request: 0.000033 seconds.
  path: Assets/PolygonSciFiCity/Prefabs/Props/SM_Prop_Bottles_01.prefab
  artifactKey: Guid(8c5efe8072b66414495d7036b80dac59) Importer(815301076,1909f56bfc062723c751e8b465ee728b)
Start importing Assets/PolygonSciFiCity/Prefabs/Props/SM_Prop_Bottles_01.prefab using Guid(8c5efe8072b66414495d7036b80dac59) Importer(815301076,1909f56bfc062723c751e8b465ee728b)  -> (artifact id: '69fe346c9eccd4bb2cadeb026cdc02ac') in 0.299725 seconds
Number of updated asset objects reloaded before import = 0
Number of asset objects unloaded after import = 13
========================================================================
Received Import Request.
  Time since last request: 0.000026 seconds.
  path: Assets/PolygonSciFiCity/Prefabs/Environments/SM_Env_Graffiti_Wall_03.prefab
  artifactKey: Guid(30b74090ba79abb4a921ed08cf6365c6) Importer(815301076,1909f56bfc062723c751e8b465ee728b)
Start importing Assets/PolygonSciFiCity/Prefabs/Environments/SM_Env_Graffiti_Wall_03.prefab using Guid(30b74090ba79abb4a921ed08cf6365c6) Importer(815301076,1909f56bfc062723c751e8b465ee728b)  -> (artifact id: '5b7c90965186fb4ac96d092b3d4474d9') in 0.137851 seconds
Number of updated asset objects reloaded before import = 0
Number of asset objects unloaded after import = 10
========================================================================
Received Import Request.
  Time since last request: 0.000031 seconds.
  path: Assets/PolygonSciFiCity/Prefabs/Signs/SM_Sign_Neon_Bulb_01.prefab
  artifactKey: Guid(c3027acda7ae4f44a99192daac982257) Importer(815301076,1909f56bfc062723c751e8b465ee728b)
Start importing Assets/PolygonSciFiCity/Prefabs/Signs/SM_Sign_Neon_Bulb_01.prefab using Guid(c3027acda7ae4f44a99192daac982257) Importer(815301076,1909f56bfc062723c751e8b465ee728b)  -> (artifact id: '44ba28a24e10352f03068748330abec5') in 0.183406 seconds
Number of updated asset objects reloaded before import = 0
Number of asset objects unloaded after import = 13
========================================================================
Received Import Request.
  Time since last request: 0.000041 seconds.
  path: Assets/PolygonSciFiCity/Prefabs/Environments/SM_Env_Ground_Tile_09.prefab
  artifactKey: Guid(be3d7781242d5f34bbc4a55e5066da00) Importer(815301076,1909f56bfc062723c751e8b465ee728b)
Start importing Assets/PolygonSciFiCity/Prefabs/Environments/SM_Env_Ground_Tile_09.prefab using Guid(be3d7781242d5f34bbc4a55e5066da00) Importer(815301076,1909f56bfc062723c751e8b465ee728b)  -> (artifact id: 'bd6a4e6c7bace9bc2d958987eb7daecf') in 0.317644 seconds
Number of updated asset objects reloaded before import = 0
Number of asset objects unloaded after import = 14
========================================================================
Received Import Request.
  Time since last request: 0.000077 seconds.
  path: Assets/PolygonSciFiCity/Prefabs/Signs/SM_Sign_Neon_07.prefab
  artifactKey: Guid(f74a85b2d013fb14b8261bc593134c13) Importer(815301076,1909f56bfc062723c751e8b465ee728b)
Start importing Assets/PolygonSciFiCity/Prefabs/Signs/SM_Sign_Neon_07.prefab using Guid(f74a85b2d013fb14b8261bc593134c13) Importer(815301076,1909f56bfc062723c751e8b465ee728b)  -> (artifact id: 'd9761f8039faf21a974a5cde17a72f29') in 0.087686 seconds
Number of updated asset objects reloaded before import = 0
Number of asset objects unloaded after import = 11
========================================================================
Received Import Request.
  Time since last request: 0.000037 seconds.
  path: Assets/PolygonSciFiCity/Prefabs/Icons/SM_Icon_Lightning.prefab
  artifactKey: Guid(9baabcdff9f934e4f93321577d7858e5) Importer(815301076,1909f56bfc062723c751e8b465ee728b)
Start importing Assets/PolygonSciFiCity/Prefabs/Icons/SM_Icon_Lightning.prefab using Guid(9baabcdff9f934e4f93321577d7858e5) Importer(815301076,1909f56bfc062723c751e8b465ee728b)  -> (artifact id: 'edfc10e1b649223fb348136cdc87930d') in 0.317784 seconds
Number of updated asset objects reloaded before import = 0
Number of asset objects unloaded after import = 13
Editor requested this worker to shutdown with reason: Scaling down because of idle timeout
TcpMessagingSession - receive error: operation aborted. errorcode: 995, details: Bir i parac k veya bir uygulama istei nedeniyle G/ ilemi iptal edildi.
AssetImportWorker is now disconnected from the server
Process exiting
Exiting without the bug reporter. Application will terminate with return code 0