Using pre-set license
Built from '2022.3/staging' branch; Version is '2022.3.14f1 (eff2de9070d8) revision 15725278'; Using compiler version '192829333'; Build Type 'Release'
OS: 'Windows 10  (10.0.19045) 64bit Professional' Language: 'tr' Physical Memory: 16272 MB
BatchMode: 1, IsHumanControllingUs: 0, StartBugReporterOnCrash: 0, Is64bit: 1, IsPro: 1

COMMAND LINE ARGUMENTS:
C:\Program Files\Unity\Hub\Editor\2022.3.14f1\Editor\Unity.exe
-adb2
-batchMode
-noUpm
-name
AssetImportWorker6
-projectPath
D:/PolygonGame/ATUJam/DreamsOfTime
-logFile
Logs/AssetImportWorker6.log
-srvPort
49522
Successfully changed project path to: D:/PolygonGame/ATUJam/DreamsOfTime
D:/PolygonGame/ATUJam/DreamsOfTime
[UnityMemory] Configuration Parameters - Can be set up in boot.config
    "memorysetup-bucket-allocator-granularity=16"
    "memorysetup-bucket-allocator-bucket-count=8"
    "memorysetup-bucket-allocator-block-size=33554432"
    "memorysetup-bucket-allocator-block-count=8"
    "memorysetup-main-allocator-block-size=16777216"
    "memorysetup-thread-allocator-block-size=16777216"
    "memorysetup-gfx-main-allocator-block-size=16777216"
    "memorysetup-gfx-thread-allocator-block-size=16777216"
    "memorysetup-cache-allocator-block-size=4194304"
    "memorysetup-typetree-allocator-block-size=2097152"
    "memorysetup-profiler-bucket-allocator-granularity=16"
    "memorysetup-profiler-bucket-allocator-bucket-count=8"
    "memorysetup-profiler-bucket-allocator-block-size=33554432"
    "memorysetup-profiler-bucket-allocator-block-count=8"
    "memorysetup-profiler-allocator-block-size=16777216"
    "memorysetup-profiler-editor-allocator-block-size=1048576"
    "memorysetup-temp-allocator-size-main=16777216"
    "memorysetup-job-temp-allocator-block-size=2097152"
    "memorysetup-job-temp-allocator-block-size-background=1048576"
    "memorysetup-job-temp-allocator-reduction-small-platforms=262144"
    "memorysetup-allocator-temp-initial-block-size-main=262144"
    "memorysetup-allocator-temp-initial-block-size-worker=262144"
    "memorysetup-temp-allocator-size-background-worker=32768"
    "memorysetup-temp-allocator-size-job-worker=262144"
    "memorysetup-temp-allocator-size-preload-manager=33554432"
    "memorysetup-temp-allocator-size-nav-mesh-worker=65536"
    "memorysetup-temp-allocator-size-audio-worker=65536"
    "memorysetup-temp-allocator-size-cloud-worker=32768"
    "memorysetup-temp-allocator-size-gi-baking-worker=262144"
    "memorysetup-temp-allocator-size-gfx=262144"
Player connection [18372] Host "[IP] 192.168.1.21 [Port] 0 [Flags] 2 [Guid] 124134938 [EditorId] 124134938 [Version] 1048832 [Id] WindowsEditor(7,Halo) [Debug] 1 [PackageName] WindowsEditor [ProjectName] Editor" joined multi-casting on [225.0.0.222:54997]...

Player connection [18372] Host "[IP] 192.168.1.21 [Port] 0 [Flags] 2 [Guid] 124134938 [EditorId] 124134938 [Version] 1048832 [Id] WindowsEditor(7,Halo) [Debug] 1 [PackageName] WindowsEditor [ProjectName] Editor" joined alternative multi-casting on [225.0.0.222:34997]...

[Physics::Module] Initialized MultithreadedJobDispatcher with 3 workers.
Refreshing native plugins compatible for Editor in 20.79 ms, found 3 plugins.
Preloading 0 native plugins for Editor in 0.00 ms.
Initialize engine version: 2022.3.14f1 (eff2de9070d8)
[Subsystems] Discovering subsystems at path C:/Program Files/Unity/Hub/Editor/2022.3.14f1/Editor/Data/Resources/UnitySubsystems
[Subsystems] Discovering subsystems at path D:/PolygonGame/ATUJam/DreamsOfTime/Assets
GfxDevice: creating device client; threaded=0; jobified=0
Direct3D:
    Version:  Direct3D 11.0 [level 11.1]
    Renderer: NVIDIA GeForce GTX 1050 (ID=0x1c8d)
    Vendor:   NVIDIA
    VRAM:     4004 MB
    Driver:   31.0.15.5161
Initialize mono
Mono path[0] = 'C:/Program Files/Unity/Hub/Editor/2022.3.14f1/Editor/Data/Managed'
Mono path[1] = 'C:/Program Files/Unity/Hub/Editor/2022.3.14f1/Editor/Data/MonoBleedingEdge/lib/mono/unityjit-win32'
Mono config path = 'C:/Program Files/Unity/Hub/Editor/2022.3.14f1/Editor/Data/MonoBleedingEdge/etc'
Using monoOptions --debugger-agent=transport=dt_socket,embedding=1,server=y,suspend=n,address=127.0.0.1:56592
Begin MonoManager ReloadAssembly
Registering precompiled unity dll's ...
Register platform support module: C:/Program Files/Unity/Hub/Editor/2022.3.14f1/Editor/Data/PlaybackEngines/WebGLSupport/UnityEditor.WebGL.Extensions.dll
Register platform support module: C:/Program Files/Unity/Hub/Editor/2022.3.14f1/Editor/Data/PlaybackEngines/WindowsStandaloneSupport/UnityEditor.WindowsStandalone.Extensions.dll
Registered in 0.043122 seconds.
- Loaded All Assemblies, in  1.394 seconds
Native extension for WindowsStandalone target not found
Native extension for WebGL target not found
Mono: successfully reloaded assembly
- Finished resetting the current domain, in  1.342 seconds
Domain Reload Profiling: 2734ms
	BeginReloadAssembly (421ms)
		ExecutionOrderSort (0ms)
		DisableScriptedObjects (0ms)
		BackupInstance (0ms)
		ReleaseScriptingObjects (0ms)
		CreateAndSetChildDomain (6ms)
	RebuildCommonClasses (142ms)
	RebuildNativeTypeToScriptingClass (49ms)
	initialDomainReloadingComplete (221ms)
	LoadAllAssembliesAndSetupDomain (558ms)
		LoadAssemblies (416ms)
		RebuildTransferFunctionScriptingTraits (0ms)
		AnalyzeDomain (545ms)
			TypeCache.Refresh (541ms)
				TypeCache.ScanAssembly (493ms)
			ScanForSourceGeneratedMonoScriptInfo (1ms)
			ResolveRequiredComponents (2ms)
	FinalizeReload (1343ms)
		ReleaseScriptCaches (0ms)
		RebuildScriptCaches (0ms)
		SetupLoadedEditorAssemblies (1076ms)
			LogAssemblyErrors (0ms)
			InitializePlatformSupportModulesInManaged (36ms)
			SetLoadedEditorAssemblies (18ms)
			RefreshPlugins (0ms)
			BeforeProcessingInitializeOnLoad (8ms)
			ProcessInitializeOnLoadAttributes (751ms)
			ProcessInitializeOnLoadMethodAttributes (260ms)
			AfterProcessingInitializeOnLoad (0ms)
			EditorAssembliesLoaded (1ms)
		ExecutionOrderSort2 (0ms)
		AwakeInstancesAfterBackupRestoration (0ms)
========================================================================
Worker process is ready to serve import requests
Begin MonoManager ReloadAssembly
- Loaded All Assemblies, in  3.097 seconds
Refreshing native plugins compatible for Editor in 4.06 ms, found 3 plugins.
Native extension for WindowsStandalone target not found
Native extension for WebGL target not found
Package Manager log level set to [2]
[Package Manager] Server::EnsureServerProcessIsRunning -- launch failed, reason: Unity was launched with the -noUpm command-line argument
[Package Manager] UpmClient::Send -- Unable to send message (not connected to UPM process).
[Package Manager] Cannot connect to Unity Package Manager local server
Mono: successfully reloaded assembly
- Finished resetting the current domain, in  3.103 seconds
Domain Reload Profiling: 6195ms
	BeginReloadAssembly (679ms)
		ExecutionOrderSort (0ms)
		DisableScriptedObjects (11ms)
		BackupInstance (0ms)
		ReleaseScriptingObjects (0ms)
		CreateAndSetChildDomain (49ms)
	RebuildCommonClasses (223ms)
	RebuildNativeTypeToScriptingClass (41ms)
	initialDomainReloadingComplete (140ms)
	LoadAllAssembliesAndSetupDomain (2008ms)
		LoadAssemblies (1540ms)
		RebuildTransferFunctionScriptingTraits (0ms)
		AnalyzeDomain (881ms)
			TypeCache.Refresh (750ms)
				TypeCache.ScanAssembly (659ms)
			ScanForSourceGeneratedMonoScriptInfo (118ms)
			ResolveRequiredComponents (12ms)
	FinalizeReload (3104ms)
		ReleaseScriptCaches (0ms)
		RebuildScriptCaches (0ms)
		SetupLoadedEditorAssemblies (2545ms)
			LogAssemblyErrors (2ms)
			InitializePlatformSupportModulesInManaged (28ms)
			SetLoadedEditorAssemblies (26ms)
			RefreshPlugins (0ms)
			BeforeProcessingInitializeOnLoad (264ms)
			ProcessInitializeOnLoadAttributes (2094ms)
			ProcessInitializeOnLoadMethodAttributes (80ms)
			AfterProcessingInitializeOnLoad (49ms)
			EditorAssembliesLoaded (1ms)
		ExecutionOrderSort2 (0ms)
		AwakeInstancesAfterBackupRestoration (11ms)
Launched and connected shader compiler UnityShaderCompiler.exe after 0.13 seconds
Refreshing native plugins compatible for Editor in 3.54 ms, found 3 plugins.
Preloading 0 native plugins for Editor in 0.00 ms.
Unloading 3177 Unused Serialized files (Serialized files now loaded: 0)
Unloading 35 unused Assets / (56.9 KB). Loaded Objects now: 3646.
Memory consumption went from 131.7 MB to 131.7 MB.
Total: 32.173100 ms (FindLiveObjects: 0.497100 ms CreateObjectMapping: 0.612500 ms MarkObjects: 30.798900 ms  DeleteObjects: 0.263600 ms)

AssetImportParameters requested are different than current active one (requested -> active):
  custom:container-demuxer-ogg: 62fdf1f143b41e24485cea50d1cbac27 -> 
  custom:video-decoder-ogg-theora: a1e56fd34408186e4bbccfd4996cb3dc -> 
  custom:framework-win-MediaFoundation: 216162199b28c13a410421893ffa2e32 -> 
  custom:CustomObjectIndexerAttribute: 756ad292c208cfabdd7b50bc23989ffe -> 
  custom:container-demuxer-webm: 4f35f7cbe854078d1ac9338744f61a02 -> 
  custom:container-muxer-webm: aa71ff27fc2769a1b78a27578f13a17b -> 
  custom:video-decoder-webm-vp8: 9c59270c3fd7afecdb556c50c9e8de78 -> 
  custom:SearchIndexIgnoredProperties: e643bd26f0fe6173181afceb89e7c659 -> 
  custom:AudioImporter_EditorPlatform: d09bf68614088b80899f8185d706f6e7 -> 
  custom:video-encoder-webm-vp8: eb34c28f22e8b96e1ab97ce403110664 -> 
  custom:audio-decoder-ogg-vorbis: bf7c407c2cedff20999df2af8eb42d56 -> 
  custom:audio-encoder-webm-vorbis: bf7c407c2cedff20999df2af8eb42d56 -> 
========================================================================
Received Import Request.
  Time since last request: 226497.644837 seconds.
  path: Assets/PolygonSciFiCity/Prefabs/Props/SM_Prop_Crate_03.prefab
  artifactKey: Guid(abc342a947c02fe42b97460526b073e4) Importer(815301076,1909f56bfc062723c751e8b465ee728b)
Start importing Assets/PolygonSciFiCity/Prefabs/Props/SM_Prop_Crate_03.prefab using Guid(abc342a947c02fe42b97460526b073e4) Importer(815301076,1909f56bfc062723c751e8b465ee728b)  -> (artifact id: '92317c6fd13a0b7a5f8e1e0cef5a35e9') in 1.157137 seconds
Number of updated asset objects reloaded before import = 0
Number of asset objects unloaded after import = 15
========================================================================
Received Import Request.
  Time since last request: 0.000068 seconds.
  path: Assets/PolygonSciFiCity/Prefabs/Props/SM_Prop_Overhang_01.prefab
  artifactKey: Guid(799bc30141649c94b83c28803d619b42) Importer(815301076,1909f56bfc062723c751e8b465ee728b)
Start importing Assets/PolygonSciFiCity/Prefabs/Props/SM_Prop_Overhang_01.prefab using Guid(799bc30141649c94b83c28803d619b42) Importer(815301076,1909f56bfc062723c751e8b465ee728b)  -> (artifact id: 'ecf394c0d0e52bea78dd3c9456d47473') in 0.470750 seconds
Number of updated asset objects reloaded before import = 0
Number of asset objects unloaded after import = 15
========================================================================
Received Import Request.
  Time since last request: 0.000025 seconds.
  path: Assets/PolygonSciFiCity/Prefabs/Props/SM_Prop_Jar_03.prefab
  artifactKey: Guid(39e72f04f616c8145828375374be74e0) Importer(815301076,1909f56bfc062723c751e8b465ee728b)
Start importing Assets/PolygonSciFiCity/Prefabs/Props/SM_Prop_Jar_03.prefab using Guid(39e72f04f616c8145828375374be74e0) Importer(815301076,1909f56bfc062723c751e8b465ee728b)  -> (artifact id: '78b30f49b397984f17b6483bab4aee98') in 0.491576 seconds
Number of updated asset objects reloaded before import = 0
Number of asset objects unloaded after import = 22
========================================================================
Received Import Request.
  Time since last request: 0.000346 seconds.
  path: Assets/PolygonSciFiCity/Prefabs/Props/SM_Prop_Box_RobotParts_01.prefab
  artifactKey: Guid(1ee01e3914857ae4fa119ebdb8148880) Importer(815301076,1909f56bfc062723c751e8b465ee728b)
Start importing Assets/PolygonSciFiCity/Prefabs/Props/SM_Prop_Box_RobotParts_01.prefab using Guid(1ee01e3914857ae4fa119ebdb8148880) Importer(815301076,1909f56bfc062723c751e8b465ee728b)  -> (artifact id: '934ebf26d6da204ed26cdb488d4ffd1b') in 0.102963 seconds
Number of updated asset objects reloaded before import = 0
Number of asset objects unloaded after import = 15
========================================================================
Received Import Request.
  Time since last request: 0.000380 seconds.
  path: Assets/PolygonSciFiCity/Prefabs/Props/SM_Prop_Pillar_02.prefab
  artifactKey: Guid(a6ef39decdd8823418a28d63543c77ea) Importer(815301076,1909f56bfc062723c751e8b465ee728b)
Start importing Assets/PolygonSciFiCity/Prefabs/Props/SM_Prop_Pillar_02.prefab using Guid(a6ef39decdd8823418a28d63543c77ea) Importer(815301076,1909f56bfc062723c751e8b465ee728b)  -> (artifact id: 'e8239fa35a6a9e5da0366f6db744a994') in 0.188011 seconds
Number of updated asset objects reloaded before import = 0
Number of asset objects unloaded after import = 15
========================================================================
Received Import Request.
  Time since last request: 0.005509 seconds.
  path: Assets/PolygonSciFiCity/Prefabs/Props/SM_Prop_Atm_01.prefab
  artifactKey: Guid(a56da3c44063ebe4e8fdac7b93bf1969) Importer(815301076,1909f56bfc062723c751e8b465ee728b)
Start importing Assets/PolygonSciFiCity/Prefabs/Props/SM_Prop_Atm_01.prefab using Guid(a56da3c44063ebe4e8fdac7b93bf1969) Importer(815301076,1909f56bfc062723c751e8b465ee728b)  -> (artifact id: 'e156b56af7277d1499f3dd7ca7f24c94') in 0.111127 seconds
Number of updated asset objects reloaded before import = 0
Number of asset objects unloaded after import = 15
========================================================================
Received Import Request.
  Time since last request: 0.000024 seconds.
  path: Assets/PolygonSciFiCity/Prefabs/Props/SM_Prop_Door_03.prefab
  artifactKey: Guid(69ecde87dde10024bbddde222adba714) Importer(815301076,1909f56bfc062723c751e8b465ee728b)
Start importing Assets/PolygonSciFiCity/Prefabs/Props/SM_Prop_Door_03.prefab using Guid(69ecde87dde10024bbddde222adba714) Importer(815301076,1909f56bfc062723c751e8b465ee728b)  -> (artifact id: 'd4c029331c1cbbbf0caa96963910297b') in 0.147650 seconds
Number of updated asset objects reloaded before import = 0
Number of asset objects unloaded after import = 21
========================================================================
Received Import Request.
  Time since last request: 0.000024 seconds.
  path: Assets/PolygonSciFiCity/Prefabs/FX/Smoke_Drift_FX.prefab
  artifactKey: Guid(ca91aba3576339847bb9eede6f040b07) Importer(815301076,1909f56bfc062723c751e8b465ee728b)
Start importing Assets/PolygonSciFiCity/Prefabs/FX/Smoke_Drift_FX.prefab using Guid(ca91aba3576339847bb9eede6f040b07) Importer(815301076,1909f56bfc062723c751e8b465ee728b)  -> (artifact id: '0bd88498acd581590f79f1836ac31677') in 0.267041 seconds
Number of updated asset objects reloaded before import = 0
Number of asset objects unloaded after import = 8
========================================================================
Received Import Request.
  Time since last request: 0.000284 seconds.
  path: Assets/PolygonSciFiCity/Prefabs/Props/SM_Prop_ChargingStation_01.prefab
  artifactKey: Guid(7e05c8c7fe0f4fd46ae180dadca97f75) Importer(815301076,1909f56bfc062723c751e8b465ee728b)
Start importing Assets/PolygonSciFiCity/Prefabs/Props/SM_Prop_ChargingStation_01.prefab using Guid(7e05c8c7fe0f4fd46ae180dadca97f75) Importer(815301076,1909f56bfc062723c751e8b465ee728b)  -> (artifact id: 'dcd92edf8bf3c2000dbdc829b6daa556') in 0.187305 seconds
Number of updated asset objects reloaded before import = 0
Number of asset objects unloaded after import = 15
========================================================================
Received Import Request.
  Time since last request: 0.000023 seconds.
  path: Assets/PolygonSciFiCity/Prefabs/Signs/SM_Sign_Billboard_Attachmentl_01.prefab
  artifactKey: Guid(67baa394647fed247a81a54b8efb236a) Importer(815301076,1909f56bfc062723c751e8b465ee728b)
Start importing Assets/PolygonSciFiCity/Prefabs/Signs/SM_Sign_Billboard_Attachmentl_01.prefab using Guid(67baa394647fed247a81a54b8efb236a) Importer(815301076,1909f56bfc062723c751e8b465ee728b)  -> (artifact id: '8a75e12b79225bb6a38900c2f33a0db9') in 0.120410 seconds
Number of updated asset objects reloaded before import = 0
Number of asset objects unloaded after import = 14
========================================================================
Received Import Request.
  Time since last request: 0.000033 seconds.
  path: Assets/PolygonSciFiCity/Prefabs/Environments/SM_Env_Graffiti_Ground_04.prefab
  artifactKey: Guid(0b74b2c684374954d9c1dfbfe2aa4f34) Importer(815301076,1909f56bfc062723c751e8b465ee728b)
Start importing Assets/PolygonSciFiCity/Prefabs/Environments/SM_Env_Graffiti_Ground_04.prefab using Guid(0b74b2c684374954d9c1dfbfe2aa4f34) Importer(815301076,1909f56bfc062723c751e8b465ee728b)  -> (artifact id: 'f95387bf9ce8476c6ed629627e6c73d2') in 0.103681 seconds
Number of updated asset objects reloaded before import = 0
Number of asset objects unloaded after import = 10
========================================================================
Received Import Request.
  Time since last request: 0.000395 seconds.
  path: Assets/PolygonSciFiCity/Prefabs/Environments/SM_Env_Greeble_Cube_02.prefab
  artifactKey: Guid(e0fedf4e86585184ab349b990d268f7a) Importer(815301076,1909f56bfc062723c751e8b465ee728b)
Start importing Assets/PolygonSciFiCity/Prefabs/Environments/SM_Env_Greeble_Cube_02.prefab using Guid(e0fedf4e86585184ab349b990d268f7a) Importer(815301076,1909f56bfc062723c751e8b465ee728b)  -> (artifact id: 'c88a1641e251ae1b674962014e5426bc') in 0.088198 seconds
Number of updated asset objects reloaded before import = 0
Number of asset objects unloaded after import = 13
========================================================================
Received Import Request.
  Time since last request: 0.000036 seconds.
  path: Assets/PolygonSciFiCity/Prefabs/Signs/SM_Sign_Ad_22.prefab
  artifactKey: Guid(8fcac59344a77004eaa7a2f81afa3dd9) Importer(815301076,1909f56bfc062723c751e8b465ee728b)
Start importing Assets/PolygonSciFiCity/Prefabs/Signs/SM_Sign_Ad_22.prefab using Guid(8fcac59344a77004eaa7a2f81afa3dd9) Importer(815301076,1909f56bfc062723c751e8b465ee728b)  -> (artifact id: 'a25361b273ed4ca5f89352a065f74dd7') in 0.043646 seconds
Number of updated asset objects reloaded before import = 0
Number of asset objects unloaded after import = 10
========================================================================
Received Import Request.
  Time since last request: 0.000022 seconds.
  path: Assets/PolygonSciFiCity/Prefabs/Environments/SM_Env_Ground_Tile_06.prefab
  artifactKey: Guid(7b74d24bca4e2ac40b23280e9a3078b9) Importer(815301076,1909f56bfc062723c751e8b465ee728b)
Start importing Assets/PolygonSciFiCity/Prefabs/Environments/SM_Env_Ground_Tile_06.prefab using Guid(7b74d24bca4e2ac40b23280e9a3078b9) Importer(815301076,1909f56bfc062723c751e8b465ee728b)  -> (artifact id: '8295eaf417025cc97b9ec92ce4fb6f86') in 0.100485 seconds
Number of updated asset objects reloaded before import = 0
Number of asset objects unloaded after import = 14
========================================================================
Received Import Request.
  Time since last request: 0.000030 seconds.
  path: Assets/PolygonSciFiCity/Prefabs/Environments/SM_Env_Ground_Tile_Floating_Platform_01.prefab
  artifactKey: Guid(42eeb2cb84e945f48bfbf7e4a450d54b) Importer(815301076,1909f56bfc062723c751e8b465ee728b)
Start importing Assets/PolygonSciFiCity/Prefabs/Environments/SM_Env_Ground_Tile_Floating_Platform_01.prefab using Guid(42eeb2cb84e945f48bfbf7e4a450d54b) Importer(815301076,1909f56bfc062723c751e8b465ee728b)  -> (artifact id: 'dbefd572cf84f6da74d3a8d497da20b2') in 0.120809 seconds
Number of updated asset objects reloaded before import = 0
Number of asset objects unloaded after import = 15
========================================================================
Received Import Request.
  Time since last request: 0.000032 seconds.
  path: Assets/PolygonSciFiCity/Prefabs/Signs/SM_Sign_Ad_05.prefab
  artifactKey: Guid(00ac70221b65ac845b5fe74dac83db9a) Importer(815301076,1909f56bfc062723c751e8b465ee728b)
Start importing Assets/PolygonSciFiCity/Prefabs/Signs/SM_Sign_Ad_05.prefab using Guid(00ac70221b65ac845b5fe74dac83db9a) Importer(815301076,1909f56bfc062723c751e8b465ee728b)  -> (artifact id: '8e54bea48fab4aa23a80fe6fa481fc3f') in 0.062346 seconds
Number of updated asset objects reloaded before import = 0
Number of asset objects unloaded after import = 10
========================================================================
Received Import Request.
  Time since last request: 0.000261 seconds.
  path: Assets/PolygonSciFiCity/Prefabs/Signs/SM_Sign_Billboard_Border_02.prefab
  artifactKey: Guid(d5a0821d80fa6d0429c67a879ddc3cc9) Importer(815301076,1909f56bfc062723c751e8b465ee728b)
Start importing Assets/PolygonSciFiCity/Prefabs/Signs/SM_Sign_Billboard_Border_02.prefab using Guid(d5a0821d80fa6d0429c67a879ddc3cc9) Importer(815301076,1909f56bfc062723c751e8b465ee728b)  -> (artifact id: '6e63ff9d3f1691ce508b65169b6df48b') in 0.114889 seconds
Number of updated asset objects reloaded before import = 0
Number of asset objects unloaded after import = 14
========================================================================
Received Import Request.
  Time since last request: 0.000021 seconds.
  path: Assets/PolygonSciFiCity/Prefabs/Environments/SM_Env_Road_Bare_Half_01_SF.prefab
  artifactKey: Guid(0ec46fb236c42504698f8f412026aac1) Importer(815301076,1909f56bfc062723c751e8b465ee728b)
Start importing Assets/PolygonSciFiCity/Prefabs/Environments/SM_Env_Road_Bare_Half_01_SF.prefab using Guid(0ec46fb236c42504698f8f412026aac1) Importer(815301076,1909f56bfc062723c751e8b465ee728b)  -> (artifact id: '267c316226f46e793fb7248875023279') in 0.103831 seconds
Number of updated asset objects reloaded before import = 0
Number of asset objects unloaded after import = 12
========================================================================
Received Import Request.
  Time since last request: 0.000021 seconds.
  path: Assets/PolygonSciFiCity/Prefabs/Environments/SM_Env_Sidewalk_03_SF.prefab
  artifactKey: Guid(572123d0f82b6a5479ac596709fb6d08) Importer(815301076,1909f56bfc062723c751e8b465ee728b)
Start importing Assets/PolygonSciFiCity/Prefabs/Environments/SM_Env_Sidewalk_03_SF.prefab using Guid(572123d0f82b6a5479ac596709fb6d08) Importer(815301076,1909f56bfc062723c751e8b465ee728b)  -> (artifact id: 'ff0e5fd65946bb4e76beb9e5353aefe6') in 0.091364 seconds
Number of updated asset objects reloaded before import = 0
Number of asset objects unloaded after import = 14
========================================================================
Received Import Request.
  Time since last request: 0.000049 seconds.
  path: Assets/PolygonSciFiCity/Prefabs/Environments/SM_Env_Sidewalk_Merger_01_SF.prefab
  artifactKey: Guid(9b4ae992b70fc6b4eb09c2c14960ef81) Importer(815301076,1909f56bfc062723c751e8b465ee728b)
Start importing Assets/PolygonSciFiCity/Prefabs/Environments/SM_Env_Sidewalk_Merger_01_SF.prefab using Guid(9b4ae992b70fc6b4eb09c2c14960ef81) Importer(815301076,1909f56bfc062723c751e8b465ee728b)  -> (artifact id: '92b22b2590728152a1c39b49ac8a3338') in 0.122333 seconds
Number of updated asset objects reloaded before import = 0
Number of asset objects unloaded after import = 13
========================================================================
Received Import Request.
  Time since last request: 0.000024 seconds.
  path: Assets/PolygonSciFiCity/Prefabs/Environments/SM_Env_Tree_03.prefab
  artifactKey: Guid(fd0cc423568469440bd7a6fd8de96940) Importer(815301076,1909f56bfc062723c751e8b465ee728b)
Start importing Assets/PolygonSciFiCity/Prefabs/Environments/SM_Env_Tree_03.prefab using Guid(fd0cc423568469440bd7a6fd8de96940) Importer(815301076,1909f56bfc062723c751e8b465ee728b)  -> (artifact id: '5a679013249225191da6e26e12f014a1') in 0.324663 seconds
Number of updated asset objects reloaded before import = 0
Number of asset objects unloaded after import = 15
========================================================================
Received Import Request.
  Time since last request: 0.000023 seconds.
  path: Assets/PolygonSciFiCity/Prefabs/Props/SM_Prop_MarketTable_03.prefab
  artifactKey: Guid(446c052c2a2907d4884e4ec9293d3dae) Importer(815301076,1909f56bfc062723c751e8b465ee728b)
Start importing Assets/PolygonSciFiCity/Prefabs/Props/SM_Prop_MarketTable_03.prefab using Guid(446c052c2a2907d4884e4ec9293d3dae) Importer(815301076,1909f56bfc062723c751e8b465ee728b)  -> (artifact id: 'c08672a04b9f65371a3238bdb19dc633') in 0.150016 seconds
Number of updated asset objects reloaded before import = 0
Number of asset objects unloaded after import = 15
========================================================================
Received Import Request.
  Time since last request: 0.000029 seconds.
  path: Assets/PolygonSciFiCity/Prefabs/Props/SM_Prop_Box_Supplies_01.prefab
  artifactKey: Guid(8c52c17108ac4d14b93017d91e804006) Importer(815301076,1909f56bfc062723c751e8b465ee728b)
Start importing Assets/PolygonSciFiCity/Prefabs/Props/SM_Prop_Box_Supplies_01.prefab using Guid(8c52c17108ac4d14b93017d91e804006) Importer(815301076,1909f56bfc062723c751e8b465ee728b)  -> (artifact id: '6c09e778d0f7d6bcbc33049bf9a01105') in 0.258979 seconds
Number of updated asset objects reloaded before import = 0
Number of asset objects unloaded after import = 15
========================================================================
Received Import Request.
  Time since last request: 0.000048 seconds.
  path: Assets/PolygonSciFiCity/Prefabs/Props/SM_Prop_Cable_Crossing_Rail_01.prefab
  artifactKey: Guid(76602162c8e9a0e4c9ae4af0a1bb448a) Importer(815301076,1909f56bfc062723c751e8b465ee728b)
Start importing Assets/PolygonSciFiCity/Prefabs/Props/SM_Prop_Cable_Crossing_Rail_01.prefab using Guid(76602162c8e9a0e4c9ae4af0a1bb448a) Importer(815301076,1909f56bfc062723c751e8b465ee728b)  -> (artifact id: 'f74a315efc885c87e9415f7c6f611fad') in 0.286299 seconds
Number of updated asset objects reloaded before import = 0
Number of asset objects unloaded after import = 15
========================================================================
Received Import Request.
  Time since last request: 0.000059 seconds.
  path: Assets/PolygonSciFiCity/Prefabs/Props/SM_Prop_Cables_01.prefab
  artifactKey: Guid(e5ea23645ddbb58408bd3bb44e10f168) Importer(815301076,1909f56bfc062723c751e8b465ee728b)
Start importing Assets/PolygonSciFiCity/Prefabs/Props/SM_Prop_Cables_01.prefab using Guid(e5ea23645ddbb58408bd3bb44e10f168) Importer(815301076,1909f56bfc062723c751e8b465ee728b)  -> (artifact id: 'e4b24102223d91ef1d697d57d885ed6e') in 0.237120 seconds
Number of updated asset objects reloaded before import = 0
Number of asset objects unloaded after import = 13
========================================================================
Received Import Request.
  Time since last request: 0.001255 seconds.
  path: Assets/PolygonSciFiCity/Prefabs/Props/SM_Prop_Medical_Stool_01.prefab
  artifactKey: Guid(b31ea70a60982164cbe3a3bd51de4c72) Importer(815301076,1909f56bfc062723c751e8b465ee728b)
Start importing Assets/PolygonSciFiCity/Prefabs/Props/SM_Prop_Medical_Stool_01.prefab using Guid(b31ea70a60982164cbe3a3bd51de4c72) Importer(815301076,1909f56bfc062723c751e8b465ee728b)  -> (artifact id: '0d4542f69a24f99a9c285cd010483996') in 0.335486 seconds
Number of updated asset objects reloaded before import = 0
Number of asset objects unloaded after import = 15
========================================================================
Received Import Request.
  Time since last request: 0.000029 seconds.
  path: Assets/PolygonSciFiCity/Prefabs/Props/SM_Prop_Door_02.prefab
  artifactKey: Guid(dbe584c23a4a0804da19beb55b3e2433) Importer(815301076,1909f56bfc062723c751e8b465ee728b)
Start importing Assets/PolygonSciFiCity/Prefabs/Props/SM_Prop_Door_02.prefab using Guid(dbe584c23a4a0804da19beb55b3e2433) Importer(815301076,1909f56bfc062723c751e8b465ee728b)  -> (artifact id: '8c382279e4dd71dd1def8bd928526b5c') in 0.244538 seconds
Number of updated asset objects reloaded before import = 0
Number of asset objects unloaded after import = 15
========================================================================
Received Import Request.
  Time since last request: 0.000034 seconds.
  path: Assets/PolygonSciFiCity/Prefabs/Props/SM_Prop_Cables_02.prefab
  artifactKey: Guid(41bd131f003d8da439dd229aa2c850f4) Importer(815301076,1909f56bfc062723c751e8b465ee728b)
Start importing Assets/PolygonSciFiCity/Prefabs/Props/SM_Prop_Cables_02.prefab using Guid(41bd131f003d8da439dd229aa2c850f4) Importer(815301076,1909f56bfc062723c751e8b465ee728b)  -> (artifact id: '63082f3d137326abd5cd37d8d9cacf6c') in 0.723789 seconds
Number of updated asset objects reloaded before import = 0
Number of asset objects unloaded after import = 13
========================================================================
Received Import Request.
  Time since last request: 0.000029 seconds.
  path: Assets/PolygonSciFiCity/Prefabs/Props/SM_Prop_Pillar_03.prefab
  artifactKey: Guid(4677398eb0ca00544824b9c6c9e8c3aa) Importer(815301076,1909f56bfc062723c751e8b465ee728b)
Start importing Assets/PolygonSciFiCity/Prefabs/Props/SM_Prop_Pillar_03.prefab using Guid(4677398eb0ca00544824b9c6c9e8c3aa) Importer(815301076,1909f56bfc062723c751e8b465ee728b)  -> (artifact id: 'e05da65ce293a7619165fa3eaf0b85e4') in 0.439658 seconds
Number of updated asset objects reloaded before import = 0
Number of asset objects unloaded after import = 15
========================================================================
Received Import Request.
  Time since last request: 0.000027 seconds.
  path: Assets/PolygonSciFiCity/Prefabs/Environments/SM_Env_Graffiti_Ground_02.prefab
  artifactKey: Guid(60cd73154fdca5341b382b27cba0e0a0) Importer(815301076,1909f56bfc062723c751e8b465ee728b)
Start importing Assets/PolygonSciFiCity/Prefabs/Environments/SM_Env_Graffiti_Ground_02.prefab using Guid(60cd73154fdca5341b382b27cba0e0a0) Importer(815301076,1909f56bfc062723c751e8b465ee728b)  -> (artifact id: 'c1ba4d27d37fe407fbca38e42b215653') in 0.145544 seconds
Number of updated asset objects reloaded before import = 0
Number of asset objects unloaded after import = 10
========================================================================
Received Import Request.
  Time since last request: 0.000410 seconds.
  path: Assets/PolygonSciFiCity/Prefabs/Props/SM_Prop_Crate_01.prefab
  artifactKey: Guid(28f2883c42945194b9a7df1e5c8544c5) Importer(815301076,1909f56bfc062723c751e8b465ee728b)
Start importing Assets/PolygonSciFiCity/Prefabs/Props/SM_Prop_Crate_01.prefab using Guid(28f2883c42945194b9a7df1e5c8544c5) Importer(815301076,1909f56bfc062723c751e8b465ee728b)  -> (artifact id: '9ac533aafed113d25f60ad7447ed88c5') in 0.259947 seconds
Number of updated asset objects reloaded before import = 0
Number of asset objects unloaded after import = 20
========================================================================
Received Import Request.
  Time since last request: 0.000029 seconds.
  path: Assets/PolygonSciFiCity/Prefabs/Environments/SM_Env_Ground_Tile_Half_03.prefab
  artifactKey: Guid(bc32377f7b002c2408c36cbf8dcff58c) Importer(815301076,1909f56bfc062723c751e8b465ee728b)
Start importing Assets/PolygonSciFiCity/Prefabs/Environments/SM_Env_Ground_Tile_Half_03.prefab using Guid(bc32377f7b002c2408c36cbf8dcff58c) Importer(815301076,1909f56bfc062723c751e8b465ee728b)  -> (artifact id: '8c085efc55b2f1bd90f0c554fd851041') in 0.292731 seconds
Number of updated asset objects reloaded before import = 0
Number of asset objects unloaded after import = 14
========================================================================
Received Import Request.
  Time since last request: 0.000029 seconds.
  path: Assets/PolygonSciFiCity/Prefabs/Props/SM_Prop_Barrier_01.prefab
  artifactKey: Guid(c444ce6e54943f64a895431df8872a52) Importer(815301076,1909f56bfc062723c751e8b465ee728b)
Start importing Assets/PolygonSciFiCity/Prefabs/Props/SM_Prop_Barrier_01.prefab using Guid(c444ce6e54943f64a895431df8872a52) Importer(815301076,1909f56bfc062723c751e8b465ee728b)  -> (artifact id: 'd7d2f5e2d8b2968d675e500d389eb663') in 0.246525 seconds
Number of updated asset objects reloaded before import = 0
Number of asset objects unloaded after import = 15
========================================================================
Received Import Request.
  Time since last request: 0.000026 seconds.
  path: Assets/PolygonSciFiCity/Prefabs/Props/SM_Prop_ControlPanel_01.prefab
  artifactKey: Guid(7f93e1c20bd4df647865b27d7d1aaf19) Importer(815301076,1909f56bfc062723c751e8b465ee728b)
Start importing Assets/PolygonSciFiCity/Prefabs/Props/SM_Prop_ControlPanel_01.prefab using Guid(7f93e1c20bd4df647865b27d7d1aaf19) Importer(815301076,1909f56bfc062723c751e8b465ee728b)  -> (artifact id: '7caac1edce5085356d2f79f410138376') in 0.254465 seconds
Number of updated asset objects reloaded before import = 0
Number of asset objects unloaded after import = 15
========================================================================
Received Import Request.
  Time since last request: 0.000027 seconds.
  path: Assets/PolygonSciFiCity/Prefabs/Signs/SM_Sign_Ad_14.prefab
  artifactKey: Guid(418cf332268c941478526f77b130a40d) Importer(815301076,1909f56bfc062723c751e8b465ee728b)
Start importing Assets/PolygonSciFiCity/Prefabs/Signs/SM_Sign_Ad_14.prefab using Guid(418cf332268c941478526f77b130a40d) Importer(815301076,1909f56bfc062723c751e8b465ee728b)  -> (artifact id: 'c63b5e7f81a4a17b033894754d91b329') in 0.287408 seconds
Number of updated asset objects reloaded before import = 0
Number of asset objects unloaded after import = 10
========================================================================
Received Import Request.
  Time since last request: 0.000021 seconds.
  path: Assets/PolygonSciFiCity/Prefabs/Environments/SM_Env_Graffiti_Wall_05.prefab
  artifactKey: Guid(53597c8bf8fac774b9f55260a5ddadc8) Importer(815301076,1909f56bfc062723c751e8b465ee728b)
Start importing Assets/PolygonSciFiCity/Prefabs/Environments/SM_Env_Graffiti_Wall_05.prefab using Guid(53597c8bf8fac774b9f55260a5ddadc8) Importer(815301076,1909f56bfc062723c751e8b465ee728b)  -> (artifact id: 'b90a124e93d0567ade0854f36b689d5e') in 0.127636 seconds
Number of updated asset objects reloaded before import = 0
Number of asset objects unloaded after import = 10
========================================================================
Received Import Request.
  Time since last request: 0.000025 seconds.
  path: Assets/PolygonSciFiCity/Prefabs/Vehicles/SM_Veh_Retro_01_Hover.prefab
  artifactKey: Guid(7a3ef98fe4aee4047a8c214d0c33f19b) Importer(815301076,1909f56bfc062723c751e8b465ee728b)
Start importing Assets/PolygonSciFiCity/Prefabs/Vehicles/SM_Veh_Retro_01_Hover.prefab using Guid(7a3ef98fe4aee4047a8c214d0c33f19b) Importer(815301076,1909f56bfc062723c751e8b465ee728b)  -> (artifact id: '1d99f9b4c0fae08e8e5fa68e246bb6a1') in 5.947817 seconds
Number of updated asset objects reloaded before import = 0
Number of asset objects unloaded after import = 71
========================================================================
Received Import Request.
  Time since last request: 0.003411 seconds.
  path: Assets/PolygonSciFiCity/Prefabs/Environments/SM_Env_Hedge_03.prefab
  artifactKey: Guid(9a7a39a8f6110a74485a76340c890517) Importer(815301076,1909f56bfc062723c751e8b465ee728b)
Start importing Assets/PolygonSciFiCity/Prefabs/Environments/SM_Env_Hedge_03.prefab using Guid(9a7a39a8f6110a74485a76340c890517) Importer(815301076,1909f56bfc062723c751e8b465ee728b)  -> (artifact id: 'b79ffd3132afde884a2b061d47ba9e21') in 0.282521 seconds
Number of updated asset objects reloaded before import = 0
Number of asset objects unloaded after import = 15
========================================================================
Received Import Request.
  Time since last request: 0.000024 seconds.
  path: Assets/PolygonSciFiCity/Prefabs/Environments/SM_Env_Living_Dome_Skybox_01.prefab
  artifactKey: Guid(0a1e06edf6e28994494742f981cebb20) Importer(815301076,1909f56bfc062723c751e8b465ee728b)
Start importing Assets/PolygonSciFiCity/Prefabs/Environments/SM_Env_Living_Dome_Skybox_01.prefab using Guid(0a1e06edf6e28994494742f981cebb20) Importer(815301076,1909f56bfc062723c751e8b465ee728b)  -> (artifact id: '69de37883d90c428eb32a956adb3bcbd') in 0.082777 seconds
Number of updated asset objects reloaded before import = 0
Number of asset objects unloaded after import = 13
========================================================================
Received Import Request.
  Time since last request: 0.001117 seconds.
  path: Assets/PolygonSciFiCity/Prefabs/Props/SM_Prop_Monitor_01.prefab
  artifactKey: Guid(90c2fdbf27d1e444cb1a29884a436e43) Importer(815301076,1909f56bfc062723c751e8b465ee728b)
Start importing Assets/PolygonSciFiCity/Prefabs/Props/SM_Prop_Monitor_01.prefab using Guid(90c2fdbf27d1e444cb1a29884a436e43) Importer(815301076,1909f56bfc062723c751e8b465ee728b)  -> (artifact id: '4331159c83f7bb9d85dcc0ad0bc001b1') in 0.124213 seconds
Number of updated asset objects reloaded before import = 0
Number of asset objects unloaded after import = 20
========================================================================
Received Import Request.
  Time since last request: 0.000022 seconds.
  path: Assets/PolygonSciFiCity/Prefabs/Props/SM_Prop_FoodTray_04.prefab
  artifactKey: Guid(636fb01b6b0e031418f4a433d89e6992) Importer(815301076,1909f56bfc062723c751e8b465ee728b)
Start importing Assets/PolygonSciFiCity/Prefabs/Props/SM_Prop_FoodTray_04.prefab using Guid(636fb01b6b0e031418f4a433d89e6992) Importer(815301076,1909f56bfc062723c751e8b465ee728b)  -> (artifact id: '4672f96218f16395869ff7526eafa908') in 0.238785 seconds
Number of updated asset objects reloaded before import = 0
Number of asset objects unloaded after import = 15
========================================================================
Received Import Request.
  Time since last request: 0.000028 seconds.
  path: Assets/PolygonSciFiCity/Prefabs/Props/SM_Prop_Paper_Lantern_01.prefab
  artifactKey: Guid(d71ef14e65958ca4cb303cb74b7c1f3d) Importer(815301076,1909f56bfc062723c751e8b465ee728b)
Start importing Assets/PolygonSciFiCity/Prefabs/Props/SM_Prop_Paper_Lantern_01.prefab using Guid(d71ef14e65958ca4cb303cb74b7c1f3d) Importer(815301076,1909f56bfc062723c751e8b465ee728b)  -> (artifact id: '1d22c73012085a7fb76e970b0c19e061') in 0.615752 seconds
Number of updated asset objects reloaded before import = 0
Number of asset objects unloaded after import = 15
========================================================================
Received Import Request.
  Time since last request: 0.000034 seconds.
  path: Assets/PolygonSciFiCity/Prefabs/Environments/SM_Env_Graffiti_Ground_05.prefab
  artifactKey: Guid(225be330fbd18c64ca86a8d1d52f2002) Importer(815301076,1909f56bfc062723c751e8b465ee728b)
Start importing Assets/PolygonSciFiCity/Prefabs/Environments/SM_Env_Graffiti_Ground_05.prefab using Guid(225be330fbd18c64ca86a8d1d52f2002) Importer(815301076,1909f56bfc062723c751e8b465ee728b)  -> (artifact id: '54aa0e1640968f9393be212962d74a00') in 0.047867 seconds
Number of updated asset objects reloaded before import = 0
Number of asset objects unloaded after import = 10
========================================================================
Received Import Request.
  Time since last request: 0.000019 seconds.
  path: Assets/PolygonSciFiCity/Prefabs/Environments/SM_Env_Graffiti_Wall_02.prefab
  artifactKey: Guid(69b5ac7139df353409e90edb95cc7502) Importer(815301076,1909f56bfc062723c751e8b465ee728b)
Start importing Assets/PolygonSciFiCity/Prefabs/Environments/SM_Env_Graffiti_Wall_02.prefab using Guid(69b5ac7139df353409e90edb95cc7502) Importer(815301076,1909f56bfc062723c751e8b465ee728b)  -> (artifact id: '7a4f4f858a23659ac64fdb4547832ccd') in 0.133283 seconds
Number of updated asset objects reloaded before import = 0
Number of asset objects unloaded after import = 10
========================================================================
Received Import Request.
  Time since last request: 0.000017 seconds.
  path: Assets/PolygonSciFiCity/Prefabs/Environments/SM_Env_Ground_Tile_08.prefab
  artifactKey: Guid(d04aa01cee4e76b4e828b49f2b83f8a7) Importer(815301076,1909f56bfc062723c751e8b465ee728b)
Start importing Assets/PolygonSciFiCity/Prefabs/Environments/SM_Env_Ground_Tile_08.prefab using Guid(d04aa01cee4e76b4e828b49f2b83f8a7) Importer(815301076,1909f56bfc062723c751e8b465ee728b)  -> (artifact id: '31eb1c5965bdb0a0cf8922599446be11') in 0.287577 seconds
Number of updated asset objects reloaded before import = 0
Number of asset objects unloaded after import = 14
========================================================================
Received Import Request.
  Time since last request: 0.000050 seconds.
  path: Assets/PolygonSciFiCity/Prefabs/Props/SM_Prop_Door_04.prefab
  artifactKey: Guid(b532cb4afb82ac04c91e8cf9b388266f) Importer(815301076,1909f56bfc062723c751e8b465ee728b)
Start importing Assets/PolygonSciFiCity/Prefabs/Props/SM_Prop_Door_04.prefab using Guid(b532cb4afb82ac04c91e8cf9b388266f) Importer(815301076,1909f56bfc062723c751e8b465ee728b)  -> (artifact id: '9d5c97c8d0d0cab77ddf03d546384000') in 0.197751 seconds
Number of updated asset objects reloaded before import = 0
Number of asset objects unloaded after import = 15
========================================================================
Received Import Request.
  Time since last request: 0.000052 seconds.
  path: Assets/PolygonSciFiCity/Prefabs/FX/FX_RingLight.prefab
  artifactKey: Guid(152aaf0661d249942b17cc2758dfc03d) Importer(815301076,1909f56bfc062723c751e8b465ee728b)
Start importing Assets/PolygonSciFiCity/Prefabs/FX/FX_RingLight.prefab using Guid(152aaf0661d249942b17cc2758dfc03d) Importer(815301076,1909f56bfc062723c751e8b465ee728b)  -> (artifact id: '65654c8657362191008171a0e07cab43') in 0.355666 seconds
Number of updated asset objects reloaded before import = 0
Number of asset objects unloaded after import = 6
========================================================================
Received Import Request.
  Time since last request: 0.000028 seconds.
  path: Assets/PolygonSciFiCity/Prefabs/Props/SM_Prop_Barrier_Plastic_03.prefab
  artifactKey: Guid(2760986f200606b41bf8cb5d5011ac43) Importer(815301076,1909f56bfc062723c751e8b465ee728b)
Start importing Assets/PolygonSciFiCity/Prefabs/Props/SM_Prop_Barrier_Plastic_03.prefab using Guid(2760986f200606b41bf8cb5d5011ac43) Importer(815301076,1909f56bfc062723c751e8b465ee728b)  -> (artifact id: 'e46be268db8084eda8c5e1e9b85debe9') in 0.118645 seconds
Number of updated asset objects reloaded before import = 0
Number of asset objects unloaded after import = 16
========================================================================
Received Import Request.
  Time since last request: 0.000161 seconds.
  path: Assets/PolygonSciFiCity/Prefabs/Props/SM_Prop_Chain_02.prefab
  artifactKey: Guid(7f5f7a4addf86564e93881dbc3b25e12) Importer(815301076,1909f56bfc062723c751e8b465ee728b)
Start importing Assets/PolygonSciFiCity/Prefabs/Props/SM_Prop_Chain_02.prefab using Guid(7f5f7a4addf86564e93881dbc3b25e12) Importer(815301076,1909f56bfc062723c751e8b465ee728b)  -> (artifact id: '7b4f1cd7ec6e88c2dc54a41dde3df2c0') in 0.538684 seconds
Number of updated asset objects reloaded before import = 0
Number of asset objects unloaded after import = 15
========================================================================
Received Import Request.
  Time since last request: 0.000036 seconds.
  path: Assets/PolygonSciFiCity/Prefabs/Props/SM_Prop_Bench_01.prefab
  artifactKey: Guid(8883d0f3b814f294ab1cd0cd94cf1a1d) Importer(815301076,1909f56bfc062723c751e8b465ee728b)
Start importing Assets/PolygonSciFiCity/Prefabs/Props/SM_Prop_Bench_01.prefab using Guid(8883d0f3b814f294ab1cd0cd94cf1a1d) Importer(815301076,1909f56bfc062723c751e8b465ee728b)  -> (artifact id: 'b4cd9c144a2fc23ecd3f78213f93f9be') in 0.179036 seconds
Number of updated asset objects reloaded before import = 0
Number of asset objects unloaded after import = 15
========================================================================
Received Import Request.
  Time since last request: 0.000097 seconds.
  path: Assets/PolygonSciFiCity/Prefabs/Environments/SM_Env_Grass_Patch_03.prefab
  artifactKey: Guid(bdb5f6fb0cd7830459ab6e0820190c32) Importer(815301076,1909f56bfc062723c751e8b465ee728b)
Start importing Assets/PolygonSciFiCity/Prefabs/Environments/SM_Env_Grass_Patch_03.prefab using Guid(bdb5f6fb0cd7830459ab6e0820190c32) Importer(815301076,1909f56bfc062723c751e8b465ee728b)  -> (artifact id: '4736b05e801ea1edd49f930a8e7d0dae') in 0.269083 seconds
Number of updated asset objects reloaded before import = 0
Number of asset objects unloaded after import = 13
========================================================================
Received Import Request.
  Time since last request: 0.000025 seconds.
  path: Assets/PolygonSciFiCity/Prefabs/Signs/SM_Sign_Neon_Flat_06.prefab
  artifactKey: Guid(482271192daa32042ad461499b98410a) Importer(815301076,1909f56bfc062723c751e8b465ee728b)
Start importing Assets/PolygonSciFiCity/Prefabs/Signs/SM_Sign_Neon_Flat_06.prefab using Guid(482271192daa32042ad461499b98410a) Importer(815301076,1909f56bfc062723c751e8b465ee728b)  -> (artifact id: '5dd1bf2deee34c7850397677ec3b90fc') in 0.118497 seconds
Number of updated asset objects reloaded before import = 0
Number of asset objects unloaded after import = 11
========================================================================
Received Import Request.
  Time since last request: 0.000048 seconds.
  path: Assets/PolygonSciFiCity/Prefabs/Environments/SM_Env_Ground_Tile_Half_04.prefab
  artifactKey: Guid(f1caf2cf329e69744a5b641ea8285df6) Importer(815301076,1909f56bfc062723c751e8b465ee728b)
Start importing Assets/PolygonSciFiCity/Prefabs/Environments/SM_Env_Ground_Tile_Half_04.prefab using Guid(f1caf2cf329e69744a5b641ea8285df6) Importer(815301076,1909f56bfc062723c751e8b465ee728b)  -> (artifact id: 'daaa43192d3e8b95bf656e32f58a30b3') in 0.286406 seconds
Number of updated asset objects reloaded before import = 0
Number of asset objects unloaded after import = 14
========================================================================
Received Import Request.
  Time since last request: 0.000039 seconds.
  path: Assets/PolygonSciFiCity/Prefabs/Props/SM_Prop_Beam_01.prefab
  artifactKey: Guid(00430c0d41fec8b43b8cd6a6bb47b69e) Importer(815301076,1909f56bfc062723c751e8b465ee728b)
Start importing Assets/PolygonSciFiCity/Prefabs/Props/SM_Prop_Beam_01.prefab using Guid(00430c0d41fec8b43b8cd6a6bb47b69e) Importer(815301076,1909f56bfc062723c751e8b465ee728b)  -> (artifact id: '1ca568825d63dc932ff50d9dac71c0dc') in 0.314083 seconds
Number of updated asset objects reloaded before import = 0
Number of asset objects unloaded after import = 15
========================================================================
Received Import Request.
  Time since last request: 0.000043 seconds.
  path: Assets/PolygonSciFiCity/Prefabs/Environments/SM_Env_Railing_02.prefab
  artifactKey: Guid(8a4f2276ebfcdc541ac877445abef006) Importer(815301076,1909f56bfc062723c751e8b465ee728b)
Start importing Assets/PolygonSciFiCity/Prefabs/Environments/SM_Env_Railing_02.prefab using Guid(8a4f2276ebfcdc541ac877445abef006) Importer(815301076,1909f56bfc062723c751e8b465ee728b)  -> (artifact id: '3da31a2fa20da4b074e6cd9fd6e07241') in 0.260190 seconds
Number of updated asset objects reloaded before import = 0
Number of asset objects unloaded after import = 14
========================================================================
Received Import Request.
  Time since last request: 0.000026 seconds.
  path: Assets/PolygonSciFiCity/Prefabs/Environments/SM_Env_Sidewalk_Straight_03_SF.prefab
  artifactKey: Guid(36fc8389b8b48b444a8a0f80bb8e94f4) Importer(815301076,1909f56bfc062723c751e8b465ee728b)
Start importing Assets/PolygonSciFiCity/Prefabs/Environments/SM_Env_Sidewalk_Straight_03_SF.prefab using Guid(36fc8389b8b48b444a8a0f80bb8e94f4) Importer(815301076,1909f56bfc062723c751e8b465ee728b)  -> (artifact id: '7b9550110bd287efbe5b53349b5d15ba') in 0.205247 seconds
Number of updated asset objects reloaded before import = 0
Number of asset objects unloaded after import = 14
========================================================================
Received Import Request.
  Time since last request: 0.000032 seconds.
  path: Assets/PolygonSciFiCity/Prefabs/Environments/SM_Env_Ground_Tile_Half_05.prefab
  artifactKey: Guid(2d7c7ed92e45db34992dafca4ced6ea5) Importer(815301076,1909f56bfc062723c751e8b465ee728b)
Start importing Assets/PolygonSciFiCity/Prefabs/Environments/SM_Env_Ground_Tile_Half_05.prefab using Guid(2d7c7ed92e45db34992dafca4ced6ea5) Importer(815301076,1909f56bfc062723c751e8b465ee728b)  -> (artifact id: 'c476309fe7422515a3d56bf3b9abc01b') in 0.167112 seconds
Number of updated asset objects reloaded before import = 0
Number of asset objects unloaded after import = 14
========================================================================
Received Import Request.
  Time since last request: 0.000026 seconds.
  path: Assets/PolygonSciFiCity/Prefabs/FX/FX_Laser_Bullet.prefab
  artifactKey: Guid(b5b28bfa5c3fef44caaac12b6aca9ec4) Importer(815301076,1909f56bfc062723c751e8b465ee728b)
Start importing Assets/PolygonSciFiCity/Prefabs/FX/FX_Laser_Bullet.prefab using Guid(b5b28bfa5c3fef44caaac12b6aca9ec4) Importer(815301076,1909f56bfc062723c751e8b465ee728b)  -> (artifact id: '5f7379a5fa8ed2538816aa68da3e5ad8') in 0.376876 seconds
Number of updated asset objects reloaded before import = 0
Number of asset objects unloaded after import = 14
========================================================================
Received Import Request.
  Time since last request: 0.000026 seconds.
  path: Assets/PolygonSciFiCity/Prefabs/Environments/SM_Env_Ground_Tile_05.prefab
  artifactKey: Guid(aa73babdcdc429a42b670bcd4bd3b69d) Importer(815301076,1909f56bfc062723c751e8b465ee728b)
Start importing Assets/PolygonSciFiCity/Prefabs/Environments/SM_Env_Ground_Tile_05.prefab using Guid(aa73babdcdc429a42b670bcd4bd3b69d) Importer(815301076,1909f56bfc062723c751e8b465ee728b)  -> (artifact id: 'fe4e9ad1e489f84ba4e4de3eb82c5690') in 0.266135 seconds
Number of updated asset objects reloaded before import = 0
Number of asset objects unloaded after import = 14
========================================================================
Received Import Request.
  Time since last request: 0.000030 seconds.
  path: Assets/PolygonSciFiCity/Prefabs/Props/SM_Prop_Crate_Military_01.prefab
  artifactKey: Guid(31dd6d847d998664db4d2466ae3ac2b4) Importer(815301076,1909f56bfc062723c751e8b465ee728b)
Start importing Assets/PolygonSciFiCity/Prefabs/Props/SM_Prop_Crate_Military_01.prefab using Guid(31dd6d847d998664db4d2466ae3ac2b4) Importer(815301076,1909f56bfc062723c751e8b465ee728b)  -> (artifact id: '884b066dc7dbff880e5b7b111fccb140') in 0.563655 seconds
Number of updated asset objects reloaded before import = 0
Number of asset objects unloaded after import = 20
========================================================================
Received Import Request.
  Time since last request: 0.000061 seconds.
  path: Assets/PolygonSciFiCity/Prefabs/Environments/SM_Env_Ground_Tile_02.prefab
  artifactKey: Guid(075662da41c3dea46a40c0917389e28c) Importer(815301076,1909f56bfc062723c751e8b465ee728b)
Start importing Assets/PolygonSciFiCity/Prefabs/Environments/SM_Env_Ground_Tile_02.prefab using Guid(075662da41c3dea46a40c0917389e28c) Importer(815301076,1909f56bfc062723c751e8b465ee728b)  -> (artifact id: 'cece51e8ce0dccf8e2d4e1d2a392994c') in 1.742634 seconds
Number of updated asset objects reloaded before import = 0
Number of asset objects unloaded after import = 14
========================================================================
Received Import Request.
  Time since last request: 0.000029 seconds.
  path: Assets/PolygonSciFiCity/Prefabs/Environments/SM_Env_Ceiling_01.prefab
  artifactKey: Guid(6f76f6f433f1c804eacbb3bc274e52d3) Importer(815301076,1909f56bfc062723c751e8b465ee728b)
Start importing Assets/PolygonSciFiCity/Prefabs/Environments/SM_Env_Ceiling_01.prefab using Guid(6f76f6f433f1c804eacbb3bc274e52d3) Importer(815301076,1909f56bfc062723c751e8b465ee728b)  -> (artifact id: '873cc73601a46217876fc6253bae302e') in 0.856464 seconds
Number of updated asset objects reloaded before import = 0
Number of asset objects unloaded after import = 13
========================================================================
Received Import Request.
  Time since last request: 0.001176 seconds.
  path: Assets/PolygonSciFiCity/Prefabs/Environments/SM_Env_Graffiti_Ground_01.prefab
  artifactKey: Guid(6112f7245b49efb418df4cff8a1829d4) Importer(815301076,1909f56bfc062723c751e8b465ee728b)
Start importing Assets/PolygonSciFiCity/Prefabs/Environments/SM_Env_Graffiti_Ground_01.prefab using Guid(6112f7245b49efb418df4cff8a1829d4) Importer(815301076,1909f56bfc062723c751e8b465ee728b)  -> (artifact id: '3adeef4871db02d783f8197d9f49afca') in 0.439635 seconds
Number of updated asset objects reloaded before import = 0
Number of asset objects unloaded after import = 10
========================================================================
Received Import Request.
  Time since last request: 0.000322 seconds.
  path: Assets/PolygonSciFiCity/Prefabs/FX/Exhaust_Trail.prefab
  artifactKey: Guid(d7786caaf9ad4b44988ff1c5ac5c10c0) Importer(815301076,1909f56bfc062723c751e8b465ee728b)
Start importing Assets/PolygonSciFiCity/Prefabs/FX/Exhaust_Trail.prefab using Guid(d7786caaf9ad4b44988ff1c5ac5c10c0) Importer(815301076,1909f56bfc062723c751e8b465ee728b)  -> (artifact id: '09f570abf631d29c2ac7a684be4e6503') in 0.838647 seconds
Number of updated asset objects reloaded before import = 0
Number of asset objects unloaded after import = 8
========================================================================
Received Import Request.
  Time since last request: 0.000022 seconds.
  path: Assets/PolygonSciFiCity/Prefabs/Props/SM_Prop_Monitor_03.prefab
  artifactKey: Guid(3852a06567739f34ca0363c3a2a1852d) Importer(815301076,1909f56bfc062723c751e8b465ee728b)
Start importing Assets/PolygonSciFiCity/Prefabs/Props/SM_Prop_Monitor_03.prefab using Guid(3852a06567739f34ca0363c3a2a1852d) Importer(815301076,1909f56bfc062723c751e8b465ee728b)  -> (artifact id: '251d4fdacb2a412b0d2fdf40be4b1987') in 0.317377 seconds
Number of updated asset objects reloaded before import = 0
Number of asset objects unloaded after import = 20
========================================================================
Received Import Request.
  Time since last request: 0.000047 seconds.
  path: Assets/PolygonSciFiCity/Prefabs/Environments/SM_Env_Sidewalk_Corner_01_SF.prefab
  artifactKey: Guid(bb14082ea26e24140b490f3bf8a64d11) Importer(815301076,1909f56bfc062723c751e8b465ee728b)
Start importing Assets/PolygonSciFiCity/Prefabs/Environments/SM_Env_Sidewalk_Corner_01_SF.prefab using Guid(bb14082ea26e24140b490f3bf8a64d11) Importer(815301076,1909f56bfc062723c751e8b465ee728b)  -> (artifact id: '484c137a54c6740528ecdb9f12a7c68c') in 0.338455 seconds
Number of updated asset objects reloaded before import = 0
Number of asset objects unloaded after import = 14
========================================================================
Received Import Request.
  Time since last request: 0.000029 seconds.
  path: Assets/PolygonSciFiCity/Prefabs/Environments/SM_Env_Tree_01.prefab
  artifactKey: Guid(3776a26feef85024daaf2f145df5495e) Importer(815301076,1909f56bfc062723c751e8b465ee728b)
Start importing Assets/PolygonSciFiCity/Prefabs/Environments/SM_Env_Tree_01.prefab using Guid(3776a26feef85024daaf2f145df5495e) Importer(815301076,1909f56bfc062723c751e8b465ee728b)  -> (artifact id: '3eca7baa454d57432997a61f7f87b00c') in 0.220525 seconds
Number of updated asset objects reloaded before import = 0
Number of asset objects unloaded after import = 14
========================================================================
Received Import Request.
  Time since last request: 0.000040 seconds.
  path: Assets/PolygonSciFiCity/Prefabs/Environments/SM_Env_Ground_Tile_Supports_01.prefab
  artifactKey: Guid(025591c86f61ab9428b2b7dcf868ef4e) Importer(815301076,1909f56bfc062723c751e8b465ee728b)
Start importing Assets/PolygonSciFiCity/Prefabs/Environments/SM_Env_Ground_Tile_Supports_01.prefab using Guid(025591c86f61ab9428b2b7dcf868ef4e) Importer(815301076,1909f56bfc062723c751e8b465ee728b)  -> (artifact id: 'aae220bd026dde7a9e292176d305339d') in 0.291585 seconds
Number of updated asset objects reloaded before import = 0
Number of asset objects unloaded after import = 17
========================================================================
Received Import Request.
  Time since last request: 0.000032 seconds.
  path: Assets/PolygonSciFiCity/Prefabs/Props/SM_Prop_LightBar_01.prefab
  artifactKey: Guid(4a0b0c9679de4f7488eecac608c76b4d) Importer(815301076,1909f56bfc062723c751e8b465ee728b)
Start importing Assets/PolygonSciFiCity/Prefabs/Props/SM_Prop_LightBar_01.prefab using Guid(4a0b0c9679de4f7488eecac608c76b4d) Importer(815301076,1909f56bfc062723c751e8b465ee728b)  -> (artifact id: 'e0856f018c8bd151dd4d8f0993f86aba') in 0.483503 seconds
Number of updated asset objects reloaded before import = 0
Number of asset objects unloaded after import = 15
========================================================================
Received Import Request.
  Time since last request: 0.000364 seconds.
  path: Assets/PolygonSciFiCity/Prefabs/Signs/SM_Sign_Billboard_Large_03.prefab
  artifactKey: Guid(ed06cce14d340b54b961bc8bc12ecf96) Importer(815301076,1909f56bfc062723c751e8b465ee728b)
Start importing Assets/PolygonSciFiCity/Prefabs/Signs/SM_Sign_Billboard_Large_03.prefab using Guid(ed06cce14d340b54b961bc8bc12ecf96) Importer(815301076,1909f56bfc062723c751e8b465ee728b)  -> (artifact id: '95c33a0f00356e06a61a2064a94ce56c') in 0.242228 seconds
Number of updated asset objects reloaded before import = 0
Number of asset objects unloaded after import = 10
========================================================================
Received Import Request.
  Time since last request: 0.001304 seconds.
  path: Assets/PolygonSciFiCity/Prefabs/Vehicles/SM_Veh_Garbage_01.prefab
  artifactKey: Guid(f923d13d00af49f4c888dd5f62f0835e) Importer(815301076,1909f56bfc062723c751e8b465ee728b)
Start importing Assets/PolygonSciFiCity/Prefabs/Vehicles/SM_Veh_Garbage_01.prefab using Guid(f923d13d00af49f4c888dd5f62f0835e) Importer(815301076,1909f56bfc062723c751e8b465ee728b)  -> (artifact id: 'f01a8140a5611317a153d1b7ce8cecd9') in 0.318222 seconds
Number of updated asset objects reloaded before import = 0
Number of asset objects unloaded after import = 56
========================================================================
Received Prepare
Begin MonoManager ReloadAssembly
- Loaded All Assemblies, in  0.745 seconds
Refreshing native plugins compatible for Editor in 4.51 ms, found 3 plugins.
Native extension for WindowsStandalone target not found
Native extension for WebGL target not found
[Package Manager] Server::EnsureServerProcessIsRunning -- launch failed, reason: Unity was launched with the -noUpm command-line argument
[Package Manager] UpmClient::Send -- Unable to send message (not connected to UPM process).
[Package Manager] Cannot connect to Unity Package Manager local server
Mono: successfully reloaded assembly
- Finished resetting the current domain, in  3.576 seconds
Domain Reload Profiling: 4336ms
	BeginReloadAssembly (266ms)
		ExecutionOrderSort (0ms)
		DisableScriptedObjects (8ms)
		BackupInstance (0ms)
		ReleaseScriptingObjects (0ms)
		CreateAndSetChildDomain (60ms)
	RebuildCommonClasses (62ms)
	RebuildNativeTypeToScriptingClass (19ms)
	initialDomainReloadingComplete (47ms)
	LoadAllAssembliesAndSetupDomain (360ms)
		LoadAssemblies (449ms)
		RebuildTransferFunctionScriptingTraits (0ms)
		AnalyzeDomain (47ms)
			TypeCache.Refresh (18ms)
				TypeCache.ScanAssembly (0ms)
			ScanForSourceGeneratedMonoScriptInfo (0ms)
			ResolveRequiredComponents (12ms)
	FinalizeReload (3582ms)
		ReleaseScriptCaches (0ms)
		RebuildScriptCaches (0ms)
		SetupLoadedEditorAssemblies (2819ms)
			LogAssemblyErrors (0ms)
			InitializePlatformSupportModulesInManaged (13ms)
			SetLoadedEditorAssemblies (6ms)
			RefreshPlugins (0ms)
			BeforeProcessingInitializeOnLoad (110ms)
			ProcessInitializeOnLoadAttributes (2496ms)
			ProcessInitializeOnLoadMethodAttributes (151ms)
			AfterProcessingInitializeOnLoad (43ms)
			EditorAssembliesLoaded (0ms)
		ExecutionOrderSort2 (0ms)
		AwakeInstancesAfterBackupRestoration (46ms)
Refreshing native plugins compatible for Editor in 17.34 ms, found 3 plugins.
Preloading 0 native plugins for Editor in 0.00 ms.
Unloading 3154 Unused Serialized files (Serialized files now loaded: 0)
Unloading 28 unused Assets / (32.1 KB). Loaded Objects now: 3661.
Memory consumption went from 133.4 MB to 133.4 MB.
Total: 4.298500 ms (FindLiveObjects: 0.350700 ms CreateObjectMapping: 0.309500 ms MarkObjects: 3.548300 ms  DeleteObjects: 0.088900 ms)

Prepare: number of updated asset objects reloaded= 0
AssetImportParameters requested are different than current active one (requested -> active):
  custom:container-demuxer-ogg: 62fdf1f143b41e24485cea50d1cbac27 -> 
  custom:video-decoder-ogg-theora: a1e56fd34408186e4bbccfd4996cb3dc -> 
  custom:framework-win-MediaFoundation: 216162199b28c13a410421893ffa2e32 -> 
  custom:CustomObjectIndexerAttribute: 756ad292c208cfabdd7b50bc23989ffe -> 
  custom:container-demuxer-webm: 4f35f7cbe854078d1ac9338744f61a02 -> 
  custom:container-muxer-webm: aa71ff27fc2769a1b78a27578f13a17b -> 
  custom:video-decoder-webm-vp8: 9c59270c3fd7afecdb556c50c9e8de78 -> 
  custom:SearchIndexIgnoredProperties: e643bd26f0fe6173181afceb89e7c659 -> 
  custom:AudioImporter_EditorPlatform: d09bf68614088b80899f8185d706f6e7 -> 
  custom:video-encoder-webm-vp8: eb34c28f22e8b96e1ab97ce403110664 -> 
  custom:audio-decoder-ogg-vorbis: bf7c407c2cedff20999df2af8eb42d56 -> 
  custom:audio-encoder-webm-vorbis: bf7c407c2cedff20999df2af8eb42d56 -> 
