Using pre-set license
Built from '2022.3/staging' branch; Version is '2022.3.14f1 (eff2de9070d8) revision 15725278'; Using compiler version '192829333'; Build Type 'Release'
OS: 'Windows 10  (10.0.19045) 64bit Professional' Language: 'tr' Physical Memory: 16272 MB
BatchMode: 1, IsHumanControllingUs: 0, StartBugReporterOnCrash: 0, Is64bit: 1, IsPro: 1

COMMAND LINE ARGUMENTS:
C:\Program Files\Unity\Hub\Editor\2022.3.14f1\Editor\Unity.exe
-adb2
-batchMode
-noUpm
-name
AssetImportWorker0
-projectPath
D:/PolygonGame/ATUJam/DreamsOfTime
-logFile
Logs/AssetImportWorker0.log
-srvPort
61370
Successfully changed project path to: D:/PolygonGame/ATUJam/DreamsOfTime
D:/PolygonGame/ATUJam/DreamsOfTime
[UnityMemory] Configuration Parameters - Can be set up in boot.config
    "memorysetup-bucket-allocator-granularity=16"
    "memorysetup-bucket-allocator-bucket-count=8"
    "memorysetup-bucket-allocator-block-size=33554432"
    "memorysetup-bucket-allocator-block-count=8"
    "memorysetup-main-allocator-block-size=16777216"
    "memorysetup-thread-allocator-block-size=16777216"
    "memorysetup-gfx-main-allocator-block-size=16777216"
    "memorysetup-gfx-thread-allocator-block-size=16777216"
    "memorysetup-cache-allocator-block-size=4194304"
    "memorysetup-typetree-allocator-block-size=2097152"
    "memorysetup-profiler-bucket-allocator-granularity=16"
    "memorysetup-profiler-bucket-allocator-bucket-count=8"
    "memorysetup-profiler-bucket-allocator-block-size=33554432"
    "memorysetup-profiler-bucket-allocator-block-count=8"
    "memorysetup-profiler-allocator-block-size=16777216"
    "memorysetup-profiler-editor-allocator-block-size=1048576"
    "memorysetup-temp-allocator-size-main=16777216"
    "memorysetup-job-temp-allocator-block-size=2097152"
    "memorysetup-job-temp-allocator-block-size-background=1048576"
    "memorysetup-job-temp-allocator-reduction-small-platforms=262144"
    "memorysetup-allocator-temp-initial-block-size-main=262144"
    "memorysetup-allocator-temp-initial-block-size-worker=262144"
    "memorysetup-temp-allocator-size-background-worker=32768"
    "memorysetup-temp-allocator-size-job-worker=262144"
    "memorysetup-temp-allocator-size-preload-manager=33554432"
    "memorysetup-temp-allocator-size-nav-mesh-worker=65536"
    "memorysetup-temp-allocator-size-audio-worker=65536"
    "memorysetup-temp-allocator-size-cloud-worker=32768"
    "memorysetup-temp-allocator-size-gi-baking-worker=262144"
    "memorysetup-temp-allocator-size-gfx=262144"
Player connection [1824] Host "[IP] 192.168.1.21 [Port] 0 [Flags] 2 [Guid] 1756759655 [EditorId] 1756759655 [Version] 1048832 [Id] WindowsEditor(7,Halo) [Debug] 1 [PackageName] WindowsEditor [ProjectName] Editor" joined multi-casting on [225.0.0.222:54997]...

Player connection [1824] Host "[IP] 192.168.1.21 [Port] 0 [Flags] 2 [Guid] 1756759655 [EditorId] 1756759655 [Version] 1048832 [Id] WindowsEditor(7,Halo) [Debug] 1 [PackageName] WindowsEditor [ProjectName] Editor" joined alternative multi-casting on [225.0.0.222:34997]...

[Physics::Module] Initialized MultithreadedJobDispatcher with 3 workers.
Refreshing native plugins compatible for Editor in 18.48 ms, found 3 plugins.
Preloading 0 native plugins for Editor in 0.00 ms.
Initialize engine version: 2022.3.14f1 (eff2de9070d8)
[Subsystems] Discovering subsystems at path C:/Program Files/Unity/Hub/Editor/2022.3.14f1/Editor/Data/Resources/UnitySubsystems
[Subsystems] Discovering subsystems at path D:/PolygonGame/ATUJam/DreamsOfTime/Assets
GfxDevice: creating device client; threaded=0; jobified=0
Direct3D:
    Version:  Direct3D 11.0 [level 11.1]
    Renderer: NVIDIA GeForce GTX 1050 (ID=0x1c8d)
    Vendor:   NVIDIA
    VRAM:     4004 MB
    Driver:   31.0.15.5161
Initialize mono
Mono path[0] = 'C:/Program Files/Unity/Hub/Editor/2022.3.14f1/Editor/Data/Managed'
Mono path[1] = 'C:/Program Files/Unity/Hub/Editor/2022.3.14f1/Editor/Data/MonoBleedingEdge/lib/mono/unityjit-win32'
Mono config path = 'C:/Program Files/Unity/Hub/Editor/2022.3.14f1/Editor/Data/MonoBleedingEdge/etc'
Using monoOptions --debugger-agent=transport=dt_socket,embedding=1,server=y,suspend=n,address=127.0.0.1:56000
Begin MonoManager ReloadAssembly
Registering precompiled unity dll's ...
Register platform support module: C:/Program Files/Unity/Hub/Editor/2022.3.14f1/Editor/Data/PlaybackEngines/WebGLSupport/UnityEditor.WebGL.Extensions.dll
Register platform support module: C:/Program Files/Unity/Hub/Editor/2022.3.14f1/Editor/Data/PlaybackEngines/WindowsStandaloneSupport/UnityEditor.WindowsStandalone.Extensions.dll
Registered in 0.031323 seconds.
- Loaded All Assemblies, in  2.103 seconds
Native extension for WindowsStandalone target not found
Native extension for WebGL target not found
Mono: successfully reloaded assembly
- Finished resetting the current domain, in  2.107 seconds
Domain Reload Profiling: 4189ms
	BeginReloadAssembly (574ms)
		ExecutionOrderSort (0ms)
		DisableScriptedObjects (0ms)
		BackupInstance (0ms)
		ReleaseScriptingObjects (0ms)
		CreateAndSetChildDomain (2ms)
	RebuildCommonClasses (263ms)
	RebuildNativeTypeToScriptingClass (106ms)
	initialDomainReloadingComplete (405ms)
	LoadAllAssembliesAndSetupDomain (732ms)
		LoadAssemblies (566ms)
		RebuildTransferFunctionScriptingTraits (0ms)
		AnalyzeDomain (728ms)
			TypeCache.Refresh (722ms)
				TypeCache.ScanAssembly (650ms)
			ScanForSourceGeneratedMonoScriptInfo (4ms)
			ResolveRequiredComponents (1ms)
	FinalizeReload (2109ms)
		ReleaseScriptCaches (0ms)
		RebuildScriptCaches (0ms)
		SetupLoadedEditorAssemblies (1668ms)
			LogAssemblyErrors (0ms)
			InitializePlatformSupportModulesInManaged (113ms)
			SetLoadedEditorAssemblies (39ms)
			RefreshPlugins (0ms)
			BeforeProcessingInitializeOnLoad (16ms)
			ProcessInitializeOnLoadAttributes (992ms)
			ProcessInitializeOnLoadMethodAttributes (508ms)
			AfterProcessingInitializeOnLoad (0ms)
			EditorAssembliesLoaded (0ms)
		ExecutionOrderSort2 (0ms)
		AwakeInstancesAfterBackupRestoration (0ms)
========================================================================
Worker process is ready to serve import requests
Begin MonoManager ReloadAssembly
- Loaded All Assemblies, in  4.921 seconds
Refreshing native plugins compatible for Editor in 6.51 ms, found 3 plugins.
Native extension for WindowsStandalone target not found
Native extension for WebGL target not found
Package Manager log level set to [2]
[Package Manager] Server::EnsureServerProcessIsRunning -- launch failed, reason: Unity was launched with the -noUpm command-line argument
[Package Manager] UpmClient::Send -- Unable to send message (not connected to UPM process).
[Package Manager] Cannot connect to Unity Package Manager local server
Mono: successfully reloaded assembly
- Finished resetting the current domain, in  6.721 seconds
Domain Reload Profiling: 11633ms
	BeginReloadAssembly (1325ms)
		ExecutionOrderSort (0ms)
		DisableScriptedObjects (59ms)
		BackupInstance (0ms)
		ReleaseScriptingObjects (0ms)
		CreateAndSetChildDomain (168ms)
	RebuildCommonClasses (282ms)
	RebuildNativeTypeToScriptingClass (127ms)
	initialDomainReloadingComplete (322ms)
	LoadAllAssembliesAndSetupDomain (2853ms)
		LoadAssemblies (1993ms)
		RebuildTransferFunctionScriptingTraits (0ms)
		AnalyzeDomain (1602ms)
			TypeCache.Refresh (1422ms)
				TypeCache.ScanAssembly (1340ms)
			ScanForSourceGeneratedMonoScriptInfo (123ms)
			ResolveRequiredComponents (12ms)
	FinalizeReload (6724ms)
		ReleaseScriptCaches (0ms)
		RebuildScriptCaches (0ms)
		SetupLoadedEditorAssemblies (5323ms)
			LogAssemblyErrors (0ms)
			InitializePlatformSupportModulesInManaged (72ms)
			SetLoadedEditorAssemblies (31ms)
			RefreshPlugins (0ms)
			BeforeProcessingInitializeOnLoad (580ms)
			ProcessInitializeOnLoadAttributes (4448ms)
			ProcessInitializeOnLoadMethodAttributes (139ms)
			AfterProcessingInitializeOnLoad (54ms)
			EditorAssembliesLoaded (0ms)
		ExecutionOrderSort2 (0ms)
		AwakeInstancesAfterBackupRestoration (56ms)
Launched and connected shader compiler UnityShaderCompiler.exe after 0.34 seconds
Refreshing native plugins compatible for Editor in 3.61 ms, found 3 plugins.
Preloading 0 native plugins for Editor in 0.00 ms.
Unloading 3093 Unused Serialized files (Serialized files now loaded: 0)
Unloading 32 unused Assets / (57.2 KB). Loaded Objects now: 3559.
Memory consumption went from 126.6 MB to 126.6 MB.
Total: 6.352600 ms (FindLiveObjects: 0.335800 ms CreateObjectMapping: 0.498600 ms MarkObjects: 5.404900 ms  DeleteObjects: 0.112200 ms)

AssetImportParameters requested are different than current active one (requested -> active):
  custom:container-demuxer-ogg: 62fdf1f143b41e24485cea50d1cbac27 -> 
  custom:video-decoder-ogg-theora: a1e56fd34408186e4bbccfd4996cb3dc -> 
  custom:framework-win-MediaFoundation: 216162199b28c13a410421893ffa2e32 -> 
  custom:CustomObjectIndexerAttribute: 756ad292c208cfabdd7b50bc23989ffe -> 
  custom:container-demuxer-webm: 4f35f7cbe854078d1ac9338744f61a02 -> 
  custom:container-muxer-webm: aa71ff27fc2769a1b78a27578f13a17b -> 
  custom:video-decoder-webm-vp8: 9c59270c3fd7afecdb556c50c9e8de78 -> 
  custom:SearchIndexIgnoredProperties: e643bd26f0fe6173181afceb89e7c659 -> 
  custom:AudioImporter_EditorPlatform: d09bf68614088b80899f8185d706f6e7 -> 
  custom:video-encoder-webm-vp8: eb34c28f22e8b96e1ab97ce403110664 -> 
  custom:audio-decoder-ogg-vorbis: bf7c407c2cedff20999df2af8eb42d56 -> 
  custom:audio-encoder-webm-vorbis: bf7c407c2cedff20999df2af8eb42d56 -> 
========================================================================
Received Import Request.
  Time since last request: 163789.197412 seconds.
  path: Assets/PolygonSciFiCity/Prefabs/Environments/SM_Env_Railing_01_Pillar.prefab
  artifactKey: Guid(52c454d766f33754bb6ecda1a164722c) Importer(815301076,1909f56bfc062723c751e8b465ee728b)
Start importing Assets/PolygonSciFiCity/Prefabs/Environments/SM_Env_Railing_01_Pillar.prefab using Guid(52c454d766f33754bb6ecda1a164722c) Importer(815301076,1909f56bfc062723c751e8b465ee728b)  -> (artifact id: 'e6db0399d98fcdd3fd65f40ed9eaed3c') in 1.264198 seconds
Number of updated asset objects reloaded before import = 0
Number of asset objects unloaded after import = 15
========================================================================
Received Import Request.
  Time since last request: 0.000042 seconds.
  path: Assets/PolygonSciFiCity/Prefabs/Environments/SM_Env_Ground_Tile_Half_01.prefab
  artifactKey: Guid(625e1518f7d51b741b259e863a096e42) Importer(815301076,1909f56bfc062723c751e8b465ee728b)
Start importing Assets/PolygonSciFiCity/Prefabs/Environments/SM_Env_Ground_Tile_Half_01.prefab using Guid(625e1518f7d51b741b259e863a096e42) Importer(815301076,1909f56bfc062723c751e8b465ee728b)  -> (artifact id: '75cff4c826a4ae8deef32c9ea11cf25d') in 0.204790 seconds
Number of updated asset objects reloaded before import = 0
Number of asset objects unloaded after import = 14
========================================================================
Received Import Request.
  Time since last request: 0.000025 seconds.
  path: Assets/PolygonSciFiCity/Prefabs/Environments/SM_Env_Planet_Rotate_Object_02.prefab
  artifactKey: Guid(5fa730b21ad3ff54e991fb77dbd2b0b8) Importer(815301076,1909f56bfc062723c751e8b465ee728b)
Start importing Assets/PolygonSciFiCity/Prefabs/Environments/SM_Env_Planet_Rotate_Object_02.prefab using Guid(5fa730b21ad3ff54e991fb77dbd2b0b8) Importer(815301076,1909f56bfc062723c751e8b465ee728b)  -> (artifact id: '84e5dc2f720a48234be5cdc6cdf547cd') in 0.363173 seconds
Number of updated asset objects reloaded before import = 0
Number of asset objects unloaded after import = 11
========================================================================
Received Import Request.
  Time since last request: 0.004440 seconds.
  path: Assets/PolygonSciFiCity/Prefabs/Environments/SM_Env_Ground_Tile_Base_04.prefab
  artifactKey: Guid(e9973a8386e637945b83ec278dd7f3dc) Importer(815301076,1909f56bfc062723c751e8b465ee728b)
Start importing Assets/PolygonSciFiCity/Prefabs/Environments/SM_Env_Ground_Tile_Base_04.prefab using Guid(e9973a8386e637945b83ec278dd7f3dc) Importer(815301076,1909f56bfc062723c751e8b465ee728b)  -> (artifact id: '87654024f217dd1b1c4b62ba3cb86ea8') in 0.132802 seconds
Number of updated asset objects reloaded before import = 0
Number of asset objects unloaded after import = 14
========================================================================
Received Import Request.
  Time since last request: 0.009907 seconds.
  path: Assets/PolygonSciFiCity/Prefabs/Environments/SM_Env_Sidewalk_Merger_Half_01_SF.prefab
  artifactKey: Guid(f08dbf1041be64d41ac1d4f9b6ce357a) Importer(815301076,1909f56bfc062723c751e8b465ee728b)
Start importing Assets/PolygonSciFiCity/Prefabs/Environments/SM_Env_Sidewalk_Merger_Half_01_SF.prefab using Guid(f08dbf1041be64d41ac1d4f9b6ce357a) Importer(815301076,1909f56bfc062723c751e8b465ee728b)  -> (artifact id: '29b429309618a9cc2c1afc11f28ea847') in 0.138023 seconds
Number of updated asset objects reloaded before import = 0
Number of asset objects unloaded after import = 14
========================================================================
Received Import Request.
  Time since last request: 0.000280 seconds.
  path: Assets/PolygonSciFiCity/Prefabs/Environments/SM_Env_Tree_02.prefab
  artifactKey: Guid(2f5545a07cd72dd41bd50f89ccdddae8) Importer(815301076,1909f56bfc062723c751e8b465ee728b)
Start importing Assets/PolygonSciFiCity/Prefabs/Environments/SM_Env_Tree_02.prefab using Guid(2f5545a07cd72dd41bd50f89ccdddae8) Importer(815301076,1909f56bfc062723c751e8b465ee728b)  -> (artifact id: 'ea3cd911604917ee4362230fd9b233f9') in 0.102638 seconds
Number of updated asset objects reloaded before import = 0
Number of asset objects unloaded after import = 15
========================================================================
Received Import Request.
  Time since last request: 0.000066 seconds.
  path: Assets/PolygonSciFiCity/Prefabs/Environments/SM_Env_Planet_Rotate_Object_01.prefab
  artifactKey: Guid(11d8077e2d9cb464e9d8486566a851a5) Importer(815301076,1909f56bfc062723c751e8b465ee728b)
Start importing Assets/PolygonSciFiCity/Prefabs/Environments/SM_Env_Planet_Rotate_Object_01.prefab using Guid(11d8077e2d9cb464e9d8486566a851a5) Importer(815301076,1909f56bfc062723c751e8b465ee728b)  -> (artifact id: '5eb20fa145119f361b3a85cb4740af48') in 0.127637 seconds
Number of updated asset objects reloaded before import = 0
Number of asset objects unloaded after import = 11
========================================================================
Received Import Request.
  Time since last request: 0.000024 seconds.
  path: Assets/PolygonSciFiCity/Prefabs/Environments/SM_Env_Sidewalk_Corner_Half_01 1.prefab
  artifactKey: Guid(3a2bc9cf5e31c2a4b813ce031a798406) Importer(815301076,1909f56bfc062723c751e8b465ee728b)
Start importing Assets/PolygonSciFiCity/Prefabs/Environments/SM_Env_Sidewalk_Corner_Half_01 1.prefab using Guid(3a2bc9cf5e31c2a4b813ce031a798406) Importer(815301076,1909f56bfc062723c751e8b465ee728b)  -> (artifact id: '4499b1ca6d220628ddfa7f9ba689e178') in 0.100070 seconds
Number of updated asset objects reloaded before import = 0
Number of asset objects unloaded after import = 13
========================================================================
Received Import Request.
  Time since last request: 0.000021 seconds.
  path: Assets/PolygonSciFiCity/Prefabs/Environments/SM_Env_Ocean_Tile_Bumps_01.prefab
  artifactKey: Guid(4f09142e0e905d3468891ebab8e739fd) Importer(815301076,1909f56bfc062723c751e8b465ee728b)
Start importing Assets/PolygonSciFiCity/Prefabs/Environments/SM_Env_Ocean_Tile_Bumps_01.prefab using Guid(4f09142e0e905d3468891ebab8e739fd) Importer(815301076,1909f56bfc062723c751e8b465ee728b)  -> (artifact id: '594a56ee8faa2ee0ef70ff79dc5d1297') in 0.257247 seconds
Number of updated asset objects reloaded before import = 0
Number of asset objects unloaded after import = 13
========================================================================
Received Import Request.
  Time since last request: 0.001159 seconds.
  path: Assets/PolygonSciFiCity/Prefabs/Environments/SM_Env_Graffiti_Ground_05.prefab
  artifactKey: Guid(225be330fbd18c64ca86a8d1d52f2002) Importer(815301076,1909f56bfc062723c751e8b465ee728b)
Start importing Assets/PolygonSciFiCity/Prefabs/Environments/SM_Env_Graffiti_Ground_05.prefab using Guid(225be330fbd18c64ca86a8d1d52f2002) Importer(815301076,1909f56bfc062723c751e8b465ee728b)  -> (artifact id: '54aa0e1640968f9393be212962d74a00') in 0.101706 seconds
Number of updated asset objects reloaded before import = 0
Number of asset objects unloaded after import = 10
========================================================================
Received Import Request.
  Time since last request: 0.000207 seconds.
  path: Assets/PolygonSciFiCity/Prefabs/Environments/SM_Env_Ground_Tile_08.prefab
  artifactKey: Guid(d04aa01cee4e76b4e828b49f2b83f8a7) Importer(815301076,1909f56bfc062723c751e8b465ee728b)
Start importing Assets/PolygonSciFiCity/Prefabs/Environments/SM_Env_Ground_Tile_08.prefab using Guid(d04aa01cee4e76b4e828b49f2b83f8a7) Importer(815301076,1909f56bfc062723c751e8b465ee728b)  -> (artifact id: '31eb1c5965bdb0a0cf8922599446be11') in 0.179205 seconds
Number of updated asset objects reloaded before import = 0
Number of asset objects unloaded after import = 14
========================================================================
Received Import Request.
  Time since last request: 0.000289 seconds.
  path: Assets/PolygonSciFiCity/Prefabs/Environments/SM_Env_Ground_Tile_Tube_01.prefab
  artifactKey: Guid(d497d8700b2ade64ca2fab00c0098cdc) Importer(815301076,1909f56bfc062723c751e8b465ee728b)
Start importing Assets/PolygonSciFiCity/Prefabs/Environments/SM_Env_Ground_Tile_Tube_01.prefab using Guid(d497d8700b2ade64ca2fab00c0098cdc) Importer(815301076,1909f56bfc062723c751e8b465ee728b)  -> (artifact id: 'b9976bb3b741e8947257cecb8070c0ed') in 0.211935 seconds
Number of updated asset objects reloaded before import = 0
Number of asset objects unloaded after import = 13
========================================================================
Received Import Request.
  Time since last request: 0.000024 seconds.
  path: Assets/PolygonSciFiCity/Prefabs/Environments/SM_Env_Greeble_Cube_01.prefab
  artifactKey: Guid(3a843a0d0b9616045aa9a5220ca6e083) Importer(815301076,1909f56bfc062723c751e8b465ee728b)
Start importing Assets/PolygonSciFiCity/Prefabs/Environments/SM_Env_Greeble_Cube_01.prefab using Guid(3a843a0d0b9616045aa9a5220ca6e083) Importer(815301076,1909f56bfc062723c751e8b465ee728b)  -> (artifact id: 'a9bd67afc1b9e61e32b42f12d271cb4f') in 0.135342 seconds
Number of updated asset objects reloaded before import = 0
Number of asset objects unloaded after import = 13
========================================================================
Received Import Request.
  Time since last request: 0.000671 seconds.
  path: Assets/PolygonSciFiCity/Prefabs/Environments/SM_Env_Graffiti_Ground_04.prefab
  artifactKey: Guid(0b74b2c684374954d9c1dfbfe2aa4f34) Importer(815301076,1909f56bfc062723c751e8b465ee728b)
Start importing Assets/PolygonSciFiCity/Prefabs/Environments/SM_Env_Graffiti_Ground_04.prefab using Guid(0b74b2c684374954d9c1dfbfe2aa4f34) Importer(815301076,1909f56bfc062723c751e8b465ee728b)  -> (artifact id: 'f95387bf9ce8476c6ed629627e6c73d2') in 0.064785 seconds
Number of updated asset objects reloaded before import = 0
Number of asset objects unloaded after import = 10
========================================================================
Received Import Request.
  Time since last request: 0.000022 seconds.
  path: Assets/PolygonSciFiCity/Prefabs/Environments/SM_Env_Greeble_Cube_02.prefab
  artifactKey: Guid(e0fedf4e86585184ab349b990d268f7a) Importer(815301076,1909f56bfc062723c751e8b465ee728b)
Start importing Assets/PolygonSciFiCity/Prefabs/Environments/SM_Env_Greeble_Cube_02.prefab using Guid(e0fedf4e86585184ab349b990d268f7a) Importer(815301076,1909f56bfc062723c751e8b465ee728b)  -> (artifact id: 'c88a1641e251ae1b674962014e5426bc') in 0.133868 seconds
Number of updated asset objects reloaded before import = 0
Number of asset objects unloaded after import = 13
========================================================================
Received Import Request.
  Time since last request: 0.000072 seconds.
  path: Assets/PolygonSciFiCity/Prefabs/Environments/SM_Env_Sidewalk_01_SF.prefab
  artifactKey: Guid(8e7631b36958d68408ebf64b86f272e9) Importer(815301076,1909f56bfc062723c751e8b465ee728b)
Start importing Assets/PolygonSciFiCity/Prefabs/Environments/SM_Env_Sidewalk_01_SF.prefab using Guid(8e7631b36958d68408ebf64b86f272e9) Importer(815301076,1909f56bfc062723c751e8b465ee728b)  -> (artifact id: 'c517ba19db960e0a8871ed56654cfcaa') in 0.293268 seconds
Number of updated asset objects reloaded before import = 0
Number of asset objects unloaded after import = 14
========================================================================
Received Import Request.
  Time since last request: 0.000028 seconds.
  path: Assets/PolygonSciFiCity/Prefabs/Environments/SM_Env_Ground_Tile_03.prefab
  artifactKey: Guid(9e9f8f40d066f5a4791df15af8ea53ee) Importer(815301076,1909f56bfc062723c751e8b465ee728b)
Start importing Assets/PolygonSciFiCity/Prefabs/Environments/SM_Env_Ground_Tile_03.prefab using Guid(9e9f8f40d066f5a4791df15af8ea53ee) Importer(815301076,1909f56bfc062723c751e8b465ee728b)  -> (artifact id: '94b42df07301a2c62c079a9bab561941') in 0.082279 seconds
Number of updated asset objects reloaded before import = 0
Number of asset objects unloaded after import = 14
========================================================================
Received Import Request.
  Time since last request: 0.000039 seconds.
  path: Assets/PolygonSciFiCity/Prefabs/Environments/SM_Env_Road_Lines_01_Corner_02.prefab
  artifactKey: Guid(312df7542798e754ba7f1eb058d4ffac) Importer(815301076,1909f56bfc062723c751e8b465ee728b)
Start importing Assets/PolygonSciFiCity/Prefabs/Environments/SM_Env_Road_Lines_01_Corner_02.prefab using Guid(312df7542798e754ba7f1eb058d4ffac) Importer(815301076,1909f56bfc062723c751e8b465ee728b)  -> (artifact id: '010c3de0915180e7490d5c68d17e8d40') in 0.085941 seconds
Number of updated asset objects reloaded before import = 0
Number of asset objects unloaded after import = 11
========================================================================
Received Import Request.
  Time since last request: 0.000023 seconds.
  path: Assets/PolygonSciFiCity/Prefabs/Environments/SM_Env_Road_Lines_01_SF.prefab
  artifactKey: Guid(ee81afb80bd75294cb740f6f220deafd) Importer(815301076,1909f56bfc062723c751e8b465ee728b)
Start importing Assets/PolygonSciFiCity/Prefabs/Environments/SM_Env_Road_Lines_01_SF.prefab using Guid(ee81afb80bd75294cb740f6f220deafd) Importer(815301076,1909f56bfc062723c751e8b465ee728b)  -> (artifact id: 'a9a56670635e6ab875e8e1cecdb09e90') in 0.069601 seconds
Number of updated asset objects reloaded before import = 0
Number of asset objects unloaded after import = 12
========================================================================
Received Import Request.
  Time since last request: 0.000024 seconds.
  path: Assets/PolygonSciFiCity/Prefabs/Environments/SM_Env_Dirt_Mound_Small_02.prefab
  artifactKey: Guid(ccd868c6db030ab40adf1fbfd7bd146c) Importer(815301076,1909f56bfc062723c751e8b465ee728b)
Start importing Assets/PolygonSciFiCity/Prefabs/Environments/SM_Env_Dirt_Mound_Small_02.prefab using Guid(ccd868c6db030ab40adf1fbfd7bd146c) Importer(815301076,1909f56bfc062723c751e8b465ee728b)  -> (artifact id: '28ecad6bfd0ec9fa77579d8316019fac') in 0.106857 seconds
Number of updated asset objects reloaded before import = 0
Number of asset objects unloaded after import = 14
========================================================================
Received Import Request.
  Time since last request: 0.004414 seconds.
  path: Assets/PolygonSciFiCity/Prefabs/Environments/SM_Env_Road_Lines_02_SF.prefab
  artifactKey: Guid(ef5e06adf4b03844aa22579242b2169b) Importer(815301076,1909f56bfc062723c751e8b465ee728b)
Start importing Assets/PolygonSciFiCity/Prefabs/Environments/SM_Env_Road_Lines_02_SF.prefab using Guid(ef5e06adf4b03844aa22579242b2169b) Importer(815301076,1909f56bfc062723c751e8b465ee728b)  -> (artifact id: '02409395442e48abb31f7121e1731cae') in 0.055834 seconds
Number of updated asset objects reloaded before import = 0
Number of asset objects unloaded after import = 12
========================================================================
Received Import Request.
  Time since last request: 0.022643 seconds.
  path: Assets/PolygonSciFiCity/Prefabs/Environments/SM_Env_TreeDead_01.prefab
  artifactKey: Guid(4d435493248b4b04586006b8851e5f45) Importer(815301076,1909f56bfc062723c751e8b465ee728b)
Start importing Assets/PolygonSciFiCity/Prefabs/Environments/SM_Env_TreeDead_01.prefab using Guid(4d435493248b4b04586006b8851e5f45) Importer(815301076,1909f56bfc062723c751e8b465ee728b)  -> (artifact id: '169b7dc282411c6b4ee262acb7bad606') in 0.335442 seconds
Number of updated asset objects reloaded before import = 0
Number of asset objects unloaded after import = 18
========================================================================
Received Import Request.
  Time since last request: 0.000034 seconds.
  path: Assets/PolygonSciFiCity/Prefabs/Environments/SM_Env_Ground_Tile_Floating_Platform_01.prefab
  artifactKey: Guid(42eeb2cb84e945f48bfbf7e4a450d54b) Importer(815301076,1909f56bfc062723c751e8b465ee728b)
Start importing Assets/PolygonSciFiCity/Prefabs/Environments/SM_Env_Ground_Tile_Floating_Platform_01.prefab using Guid(42eeb2cb84e945f48bfbf7e4a450d54b) Importer(815301076,1909f56bfc062723c751e8b465ee728b)  -> (artifact id: 'dbefd572cf84f6da74d3a8d497da20b2') in 0.154455 seconds
Number of updated asset objects reloaded before import = 0
Number of asset objects unloaded after import = 15
========================================================================
Received Import Request.
  Time since last request: 0.000033 seconds.
  path: Assets/PolygonSciFiCity/Prefabs/Environments/SM_Env_Grass_Patch_02.prefab
  artifactKey: Guid(acb1d6a86083a694fa68f73a3affbd95) Importer(815301076,1909f56bfc062723c751e8b465ee728b)
Start importing Assets/PolygonSciFiCity/Prefabs/Environments/SM_Env_Grass_Patch_02.prefab using Guid(acb1d6a86083a694fa68f73a3affbd95) Importer(815301076,1909f56bfc062723c751e8b465ee728b)  -> (artifact id: '4257e1be9219d88d9041f83d0bf9e339') in 0.149753 seconds
Number of updated asset objects reloaded before import = 0
Number of asset objects unloaded after import = 13
========================================================================
Received Import Request.
  Time since last request: 0.000064 seconds.
  path: Assets/PolygonSciFiCity/Prefabs/Environments/SM_Env_Railing_02.prefab
  artifactKey: Guid(8a4f2276ebfcdc541ac877445abef006) Importer(815301076,1909f56bfc062723c751e8b465ee728b)
Start importing Assets/PolygonSciFiCity/Prefabs/Environments/SM_Env_Railing_02.prefab using Guid(8a4f2276ebfcdc541ac877445abef006) Importer(815301076,1909f56bfc062723c751e8b465ee728b)  -> (artifact id: '3da31a2fa20da4b074e6cd9fd6e07241') in 0.234400 seconds
Number of updated asset objects reloaded before import = 0
Number of asset objects unloaded after import = 14
========================================================================
Received Import Request.
  Time since last request: 0.000046 seconds.
  path: Assets/PolygonSciFiCity/Prefabs/Environments/SM_Env_Road_Crossing_01_SF.prefab
  artifactKey: Guid(1706df18b40e3b54398964cb03a14f7f) Importer(815301076,1909f56bfc062723c751e8b465ee728b)
Start importing Assets/PolygonSciFiCity/Prefabs/Environments/SM_Env_Road_Crossing_01_SF.prefab using Guid(1706df18b40e3b54398964cb03a14f7f) Importer(815301076,1909f56bfc062723c751e8b465ee728b)  -> (artifact id: 'c786820f6326cef837145f6a979d5dd6') in 0.076556 seconds
Number of updated asset objects reloaded before import = 0
Number of asset objects unloaded after import = 12
========================================================================
Received Import Request.
  Time since last request: 0.322706 seconds.
  path: Assets/PolygonSciFiCity/Prefabs/Environments/SM_Env_Road_YellowLines_02_SF.prefab
  artifactKey: Guid(7a4bd320239b74e4b80eabf57b61349b) Importer(815301076,1909f56bfc062723c751e8b465ee728b)
Start importing Assets/PolygonSciFiCity/Prefabs/Environments/SM_Env_Road_YellowLines_02_SF.prefab using Guid(7a4bd320239b74e4b80eabf57b61349b) Importer(815301076,1909f56bfc062723c751e8b465ee728b)  -> (artifact id: 'adc593f814af060dab63e467ed0dbff4') in 0.391265 seconds
Number of updated asset objects reloaded before import = 0
Number of asset objects unloaded after import = 12
========================================================================
Received Import Request.
  Time since last request: 0.000024 seconds.
  path: Assets/PolygonSciFiCity/Prefabs/Environments/SM_Env_Sidewalk_Straight_01_SF.prefab
  artifactKey: Guid(553d5ab60b93b904896a8af286bdbe32) Importer(815301076,1909f56bfc062723c751e8b465ee728b)
Start importing Assets/PolygonSciFiCity/Prefabs/Environments/SM_Env_Sidewalk_Straight_01_SF.prefab using Guid(553d5ab60b93b904896a8af286bdbe32) Importer(815301076,1909f56bfc062723c751e8b465ee728b)  -> (artifact id: 'ba6321f556306609e1e7d6ea06d8c5b1') in 0.282374 seconds
Number of updated asset objects reloaded before import = 0
Number of asset objects unloaded after import = 14
========================================================================
Received Import Request.
  Time since last request: 0.000049 seconds.
  path: Assets/PolygonSciFiCity/Prefabs/Environments/SM_Env_Ground_Tile_02.prefab
  artifactKey: Guid(075662da41c3dea46a40c0917389e28c) Importer(815301076,1909f56bfc062723c751e8b465ee728b)
Start importing Assets/PolygonSciFiCity/Prefabs/Environments/SM_Env_Ground_Tile_02.prefab using Guid(075662da41c3dea46a40c0917389e28c) Importer(815301076,1909f56bfc062723c751e8b465ee728b)  -> (artifact id: 'cece51e8ce0dccf8e2d4e1d2a392994c') in 0.179129 seconds
Number of updated asset objects reloaded before import = 0
Number of asset objects unloaded after import = 14
========================================================================
Received Import Request.
  Time since last request: 0.000590 seconds.
  path: Assets/PolygonSciFiCity/Prefabs/Environments/SM_Env_Sidewalk_Grate_02_SF.prefab
  artifactKey: Guid(8d789065ff058af48ba41b788463628e) Importer(815301076,1909f56bfc062723c751e8b465ee728b)
Start importing Assets/PolygonSciFiCity/Prefabs/Environments/SM_Env_Sidewalk_Grate_02_SF.prefab using Guid(8d789065ff058af48ba41b788463628e) Importer(815301076,1909f56bfc062723c751e8b465ee728b)  -> (artifact id: '1e9ed8134428ff9a966fcf59a9d80819') in 0.203292 seconds
Number of updated asset objects reloaded before import = 0
Number of asset objects unloaded after import = 13
========================================================================
Received Import Request.
  Time since last request: 0.000025 seconds.
  path: Assets/PolygonSciFiCity/Prefabs/Environments/SM_Env_Hedge_Empty_02.prefab
  artifactKey: Guid(2b1588343a8bf5d4c9e6031e98748327) Importer(815301076,1909f56bfc062723c751e8b465ee728b)
Start importing Assets/PolygonSciFiCity/Prefabs/Environments/SM_Env_Hedge_Empty_02.prefab using Guid(2b1588343a8bf5d4c9e6031e98748327) Importer(815301076,1909f56bfc062723c751e8b465ee728b)  -> (artifact id: 'c5bef7a1af7277931e194addd3518c4b') in 0.138645 seconds
Number of updated asset objects reloaded before import = 0
Number of asset objects unloaded after import = 15
========================================================================
Received Import Request.
  Time since last request: 0.000033 seconds.
  path: Assets/PolygonSciFiCity/Prefabs/Environments/SM_Env_Road_Arrow_02_SF.prefab
  artifactKey: Guid(920314db42e0d734d972f4e690a331ad) Importer(815301076,1909f56bfc062723c751e8b465ee728b)
Start importing Assets/PolygonSciFiCity/Prefabs/Environments/SM_Env_Road_Arrow_02_SF.prefab using Guid(920314db42e0d734d972f4e690a331ad) Importer(815301076,1909f56bfc062723c751e8b465ee728b)  -> (artifact id: 'fc33c392b31a66de2d619abde79185f7') in 0.161945 seconds
Number of updated asset objects reloaded before import = 0
Number of asset objects unloaded after import = 12
========================================================================
Received Import Request.
  Time since last request: 0.000019 seconds.
  path: Assets/PolygonSciFiCity/Prefabs/Environments/SM_Env_Graffiti_Ground_03.prefab
  artifactKey: Guid(5cb5cf94c3a22684b948fd61c70399b2) Importer(815301076,1909f56bfc062723c751e8b465ee728b)
Start importing Assets/PolygonSciFiCity/Prefabs/Environments/SM_Env_Graffiti_Ground_03.prefab using Guid(5cb5cf94c3a22684b948fd61c70399b2) Importer(815301076,1909f56bfc062723c751e8b465ee728b)  -> (artifact id: '44f12e695c523afbfc3058cb257bbcc6') in 0.109781 seconds
Number of updated asset objects reloaded before import = 0
Number of asset objects unloaded after import = 10
========================================================================
Received Import Request.
  Time since last request: 0.000035 seconds.
  path: Assets/PolygonSciFiCity/Prefabs/Environments
  artifactKey: Guid(061728e5d8adb7e46b3f7df94513688f) Importer(815301076,1909f56bfc062723c751e8b465ee728b)
Start importing Assets/PolygonSciFiCity/Prefabs/Environments using Guid(061728e5d8adb7e46b3f7df94513688f) Importer(815301076,1909f56bfc062723c751e8b465ee728b)  -> (artifact id: '39f36a739ebb2b228b099b1124b95225') in 0.024396 seconds
Number of updated asset objects reloaded before import = 0
Number of asset objects unloaded after import = 0
========================================================================
Received Import Request.
  Time since last request: 0.000261 seconds.
  path: Assets/PolygonSciFiCity/Prefabs/Environments/SM_Env_Cloud_04.prefab
  artifactKey: Guid(b3e56991057ea274d877e8bf39bde4ff) Importer(815301076,1909f56bfc062723c751e8b465ee728b)
Start importing Assets/PolygonSciFiCity/Prefabs/Environments/SM_Env_Cloud_04.prefab using Guid(b3e56991057ea274d877e8bf39bde4ff) Importer(815301076,1909f56bfc062723c751e8b465ee728b)  -> (artifact id: '43bd5c9936a6a4b7276b51f0f3b1e512') in 0.168165 seconds
Number of updated asset objects reloaded before import = 0
Number of asset objects unloaded after import = 13
========================================================================
Received Import Request.
  Time since last request: 0.000039 seconds.
  path: Assets/PolygonSciFiCity/Prefabs/Environments/SM_Env_Road_YellowLines_01_SF.prefab
  artifactKey: Guid(2c925c60840f8994eb066b663dd762ed) Importer(815301076,1909f56bfc062723c751e8b465ee728b)
Start importing Assets/PolygonSciFiCity/Prefabs/Environments/SM_Env_Road_YellowLines_01_SF.prefab using Guid(2c925c60840f8994eb066b663dd762ed) Importer(815301076,1909f56bfc062723c751e8b465ee728b)  -> (artifact id: 'bb146d277ac04957aad34a222c4407ab') in 0.070423 seconds
Number of updated asset objects reloaded before import = 0
Number of asset objects unloaded after import = 12
========================================================================
Received Import Request.
  Time since last request: 0.000057 seconds.
  path: Assets/PolygonSciFiCity/Prefabs/Environments/SM_Env_Graffiti_Wall_03.prefab
  artifactKey: Guid(30b74090ba79abb4a921ed08cf6365c6) Importer(815301076,1909f56bfc062723c751e8b465ee728b)
Start importing Assets/PolygonSciFiCity/Prefabs/Environments/SM_Env_Graffiti_Wall_03.prefab using Guid(30b74090ba79abb4a921ed08cf6365c6) Importer(815301076,1909f56bfc062723c751e8b465ee728b)  -> (artifact id: '5b7c90965186fb4ac96d092b3d4474d9') in 0.095868 seconds
Number of updated asset objects reloaded before import = 0
Number of asset objects unloaded after import = 10
========================================================================
Received Import Request.
  Time since last request: 0.000044 seconds.
  path: Assets/PolygonSciFiCity/Prefabs/Environments/SM_Env_Ground_Tile_09.prefab
  artifactKey: Guid(be3d7781242d5f34bbc4a55e5066da00) Importer(815301076,1909f56bfc062723c751e8b465ee728b)
Start importing Assets/PolygonSciFiCity/Prefabs/Environments/SM_Env_Ground_Tile_09.prefab using Guid(be3d7781242d5f34bbc4a55e5066da00) Importer(815301076,1909f56bfc062723c751e8b465ee728b)  -> (artifact id: 'bd6a4e6c7bace9bc2d958987eb7daecf') in 0.138405 seconds
Number of updated asset objects reloaded before import = 0
Number of asset objects unloaded after import = 14
========================================================================
Received Import Request.
  Time since last request: 0.000045 seconds.
  path: Assets/PolygonSciFiCity/Prefabs/Environments/SM_Env_Ground_Tile_04.prefab
  artifactKey: Guid(5e4bdc96038d5424fbd9029b5ecaea9f) Importer(815301076,1909f56bfc062723c751e8b465ee728b)
Start importing Assets/PolygonSciFiCity/Prefabs/Environments/SM_Env_Ground_Tile_04.prefab using Guid(5e4bdc96038d5424fbd9029b5ecaea9f) Importer(815301076,1909f56bfc062723c751e8b465ee728b)  -> (artifact id: 'd1e59139489d1b52e101fff2bfe0da44') in 0.154933 seconds
Number of updated asset objects reloaded before import = 0
Number of asset objects unloaded after import = 14
========================================================================
Received Import Request.
  Time since last request: 9.384116 seconds.
  path: Assets/PolygonSciFiCity/Prefabs/Vehicles/SM_Veh_Armored_Truck_01_Hover.prefab
  artifactKey: Guid(9e3d7d4d81beecf44b4a9e5768cd8123) Importer(815301076,1909f56bfc062723c751e8b465ee728b)
Start importing Assets/PolygonSciFiCity/Prefabs/Vehicles/SM_Veh_Armored_Truck_01_Hover.prefab using Guid(9e3d7d4d81beecf44b4a9e5768cd8123) Importer(815301076,1909f56bfc062723c751e8b465ee728b)  -> (artifact id: '3d057b75c207b60338506a583959e462') in 0.104377 seconds
Number of updated asset objects reloaded before import = 0
Number of asset objects unloaded after import = 56
========================================================================
Received Import Request.
  Time since last request: 0.000021 seconds.
  path: Assets/PolygonSciFiCity/Prefabs/Vehicles/SM_Veh_Classic_01_Hover.prefab
  artifactKey: Guid(b1d23a1e853d53f4086ec55a196d057b) Importer(815301076,1909f56bfc062723c751e8b465ee728b)
Start importing Assets/PolygonSciFiCity/Prefabs/Vehicles/SM_Veh_Classic_01_Hover.prefab using Guid(b1d23a1e853d53f4086ec55a196d057b) Importer(815301076,1909f56bfc062723c751e8b465ee728b)  -> (artifact id: '882467ba2266cc12be2fa7f3450b72f3') in 0.286035 seconds
Number of updated asset objects reloaded before import = 0
Number of asset objects unloaded after import = 66
========================================================================
Received Import Request.
  Time since last request: 0.000041 seconds.
  path: Assets/PolygonSciFiCity/Prefabs/Vehicles/SM_Veh_Retro_01.prefab
  artifactKey: Guid(e3ab0b0c66c14454b893cffcb67dcc33) Importer(815301076,1909f56bfc062723c751e8b465ee728b)
Start importing Assets/PolygonSciFiCity/Prefabs/Vehicles/SM_Veh_Retro_01.prefab using Guid(e3ab0b0c66c14454b893cffcb67dcc33) Importer(815301076,1909f56bfc062723c751e8b465ee728b)  -> (artifact id: '96e10810b235a1da1a1dc3180baf2272') in 0.189786 seconds
Number of updated asset objects reloaded before import = 0
Number of asset objects unloaded after import = 66
========================================================================
Received Import Request.
  Time since last request: 0.000164 seconds.
  path: Assets/PolygonSciFiCity/Prefabs/Vehicles/SM_Veh_Hoverboard_01.prefab
  artifactKey: Guid(35e5a3eaba9f7664183ec8e44c96da2a) Importer(815301076,1909f56bfc062723c751e8b465ee728b)
Start importing Assets/PolygonSciFiCity/Prefabs/Vehicles/SM_Veh_Hoverboard_01.prefab using Guid(35e5a3eaba9f7664183ec8e44c96da2a) Importer(815301076,1909f56bfc062723c751e8b465ee728b)  -> (artifact id: '23a78f0f8e18bef99382a40595c76ba4') in 0.262021 seconds
Number of updated asset objects reloaded before import = 0
Number of asset objects unloaded after import = 15
========================================================================
Received Import Request.
  Time since last request: 0.000030 seconds.
  path: Assets/PolygonSciFiCity/Prefabs/Vehicles/SM_Veh_Garbage_01.prefab
  artifactKey: Guid(f923d13d00af49f4c888dd5f62f0835e) Importer(815301076,1909f56bfc062723c751e8b465ee728b)
Start importing Assets/PolygonSciFiCity/Prefabs/Vehicles/SM_Veh_Garbage_01.prefab using Guid(f923d13d00af49f4c888dd5f62f0835e) Importer(815301076,1909f56bfc062723c751e8b465ee728b)  -> (artifact id: 'f01a8140a5611317a153d1b7ce8cecd9') in 0.110769 seconds
Number of updated asset objects reloaded before import = 0
Number of asset objects unloaded after import = 56
========================================================================
Received Import Request.
  Time since last request: 26.770284 seconds.
  path: Assets/PolygonSciFiCity/Prefabs/Signs/SM_Sign_02.prefab
  artifactKey: Guid(88a3f83471118ef4a84c3eaaf4a90b70) Importer(815301076,1909f56bfc062723c751e8b465ee728b)
Start importing Assets/PolygonSciFiCity/Prefabs/Signs/SM_Sign_02.prefab using Guid(88a3f83471118ef4a84c3eaaf4a90b70) Importer(815301076,1909f56bfc062723c751e8b465ee728b)  -> (artifact id: 'eb94a84ac1b15bda5e17bfd53c225a9b') in 0.101577 seconds
Number of updated asset objects reloaded before import = 0
Number of asset objects unloaded after import = 14
========================================================================
Received Import Request.
  Time since last request: 0.000026 seconds.
  path: Assets/PolygonSciFiCity/Prefabs/Signs/SM_Sign_Ad_17.prefab
  artifactKey: Guid(abc1d68c30e972b408b466e71d763104) Importer(815301076,1909f56bfc062723c751e8b465ee728b)
Start importing Assets/PolygonSciFiCity/Prefabs/Signs/SM_Sign_Ad_17.prefab using Guid(abc1d68c30e972b408b466e71d763104) Importer(815301076,1909f56bfc062723c751e8b465ee728b)  -> (artifact id: '57d4d4165c79c0fc768b051e9e77635a') in 0.039157 seconds
Number of updated asset objects reloaded before import = 0
Number of asset objects unloaded after import = 10
========================================================================
Received Import Request.
  Time since last request: 0.000032 seconds.
  path: Assets/PolygonSciFiCity/Prefabs/Signs/SM_Sign_Ad_24.prefab
  artifactKey: Guid(84e9b0b794141004d9a9dcd9d1254f3e) Importer(815301076,1909f56bfc062723c751e8b465ee728b)
Start importing Assets/PolygonSciFiCity/Prefabs/Signs/SM_Sign_Ad_24.prefab using Guid(84e9b0b794141004d9a9dcd9d1254f3e) Importer(815301076,1909f56bfc062723c751e8b465ee728b)  -> (artifact id: 'b624ded3c44b1c9d35902b94568d1391') in 0.036647 seconds
Number of updated asset objects reloaded before import = 0
Number of asset objects unloaded after import = 10
========================================================================
Received Import Request.
  Time since last request: 0.000017 seconds.
  path: Assets/PolygonSciFiCity/Prefabs/Signs/SM_Sign_Billboard_Border_04.prefab
  artifactKey: Guid(319ab15a81df9bd45874594a551a1e5e) Importer(815301076,1909f56bfc062723c751e8b465ee728b)
Start importing Assets/PolygonSciFiCity/Prefabs/Signs/SM_Sign_Billboard_Border_04.prefab using Guid(319ab15a81df9bd45874594a551a1e5e) Importer(815301076,1909f56bfc062723c751e8b465ee728b)  -> (artifact id: 'afffbe9ff7799951e00d470f2068e9dd') in 0.059718 seconds
Number of updated asset objects reloaded before import = 0
Number of asset objects unloaded after import = 14
========================================================================
Received Import Request.
  Time since last request: 0.000023 seconds.
  path: Assets/PolygonSciFiCity/Prefabs/Signs/SM_Sign_Ad_13.prefab
  artifactKey: Guid(ace9aade42ef57f4d99670bf0bcb54bc) Importer(815301076,1909f56bfc062723c751e8b465ee728b)
Start importing Assets/PolygonSciFiCity/Prefabs/Signs/SM_Sign_Ad_13.prefab using Guid(ace9aade42ef57f4d99670bf0bcb54bc) Importer(815301076,1909f56bfc062723c751e8b465ee728b)  -> (artifact id: '635576ef8ae7b96040f09d222e533f5d') in 0.029799 seconds
Number of updated asset objects reloaded before import = 0
Number of asset objects unloaded after import = 10
========================================================================
Received Import Request.
  Time since last request: 0.000317 seconds.
  path: Assets/PolygonSciFiCity/Prefabs/Signs/SM_Sign_Neon_02.prefab
  artifactKey: Guid(009815310d9b5e24780e2d552cea2b29) Importer(815301076,1909f56bfc062723c751e8b465ee728b)
Start importing Assets/PolygonSciFiCity/Prefabs/Signs/SM_Sign_Neon_02.prefab using Guid(009815310d9b5e24780e2d552cea2b29) Importer(815301076,1909f56bfc062723c751e8b465ee728b)  -> (artifact id: '3834c830a492caaed14ce4745a211baf') in 0.137554 seconds
Number of updated asset objects reloaded before import = 0
Number of asset objects unloaded after import = 11
========================================================================
Received Import Request.
  Time since last request: 0.000027 seconds.
  path: Assets/PolygonSciFiCity/Prefabs/Signs/SM_Sign_Billboard_Attachmentl_01.prefab
  artifactKey: Guid(67baa394647fed247a81a54b8efb236a) Importer(815301076,1909f56bfc062723c751e8b465ee728b)
Start importing Assets/PolygonSciFiCity/Prefabs/Signs/SM_Sign_Billboard_Attachmentl_01.prefab using Guid(67baa394647fed247a81a54b8efb236a) Importer(815301076,1909f56bfc062723c751e8b465ee728b)  -> (artifact id: '8a75e12b79225bb6a38900c2f33a0db9') in 0.071475 seconds
Number of updated asset objects reloaded before import = 0
Number of asset objects unloaded after import = 14
========================================================================
Received Import Request.
  Time since last request: 0.000037 seconds.
  path: Assets/PolygonSciFiCity/Prefabs/Signs/SM_Sign_Neon_Flat_03.prefab
  artifactKey: Guid(9d79f36288d1ae945bfe291c26aab304) Importer(815301076,1909f56bfc062723c751e8b465ee728b)
Start importing Assets/PolygonSciFiCity/Prefabs/Signs/SM_Sign_Neon_Flat_03.prefab using Guid(9d79f36288d1ae945bfe291c26aab304) Importer(815301076,1909f56bfc062723c751e8b465ee728b)  -> (artifact id: '9f123dcda2ecf40e9f79e5395b74f5f2') in 0.029463 seconds
Number of updated asset objects reloaded before import = 0
Number of asset objects unloaded after import = 11
========================================================================
Received Import Request.
  Time since last request: 0.000445 seconds.
  path: Assets/PolygonSciFiCity/Prefabs/Signs/SM_Sign_Neon_Flat_04.prefab
  artifactKey: Guid(e7e8abcd3a94364479799e0f4f65f2ff) Importer(815301076,1909f56bfc062723c751e8b465ee728b)
Start importing Assets/PolygonSciFiCity/Prefabs/Signs/SM_Sign_Neon_Flat_04.prefab using Guid(e7e8abcd3a94364479799e0f4f65f2ff) Importer(815301076,1909f56bfc062723c751e8b465ee728b)  -> (artifact id: 'f13addf284f49674055cb2443d13cf94') in 0.037062 seconds
Number of updated asset objects reloaded before import = 0
Number of asset objects unloaded after import = 11
========================================================================
Received Import Request.
  Time since last request: 0.000029 seconds.
  path: Assets/PolygonSciFiCity/Prefabs/Signs/SM_Sign_Neon_Flat_08.prefab
  artifactKey: Guid(3457e6c4d5d38a34d9f14ca915000ca2) Importer(815301076,1909f56bfc062723c751e8b465ee728b)
Start importing Assets/PolygonSciFiCity/Prefabs/Signs/SM_Sign_Neon_Flat_08.prefab using Guid(3457e6c4d5d38a34d9f14ca915000ca2) Importer(815301076,1909f56bfc062723c751e8b465ee728b)  -> (artifact id: 'e47e6ba1b51fee198be7beb7ee5ac573') in 0.159426 seconds
Number of updated asset objects reloaded before import = 0
Number of asset objects unloaded after import = 11
========================================================================
Received Import Request.
  Time since last request: 0.000022 seconds.
  path: Assets/PolygonSciFiCity/Prefabs/Signs/SM_Sign_Neon_Bulb_03.prefab
  artifactKey: Guid(4a2ae943c817d834fbc2cab3ffb4b858) Importer(815301076,1909f56bfc062723c751e8b465ee728b)
Start importing Assets/PolygonSciFiCity/Prefabs/Signs/SM_Sign_Neon_Bulb_03.prefab using Guid(4a2ae943c817d834fbc2cab3ffb4b858) Importer(815301076,1909f56bfc062723c751e8b465ee728b)  -> (artifact id: '231bcc018a47f74838a9337b412817cf') in 0.105611 seconds
Number of updated asset objects reloaded before import = 0
Number of asset objects unloaded after import = 13
========================================================================
Received Import Request.
  Time since last request: 0.000034 seconds.
  path: Assets/PolygonSciFiCity/Prefabs/Signs/SM_Sign_Neon_Bulb_02.prefab
  artifactKey: Guid(51ccc5a1e582db34486e3ce8c54d3c1b) Importer(815301076,1909f56bfc062723c751e8b465ee728b)
Start importing Assets/PolygonSciFiCity/Prefabs/Signs/SM_Sign_Neon_Bulb_02.prefab using Guid(51ccc5a1e582db34486e3ce8c54d3c1b) Importer(815301076,1909f56bfc062723c751e8b465ee728b)  -> (artifact id: 'dbb492beba163162e46386b305771a0a') in 0.132407 seconds
Number of updated asset objects reloaded before import = 0
Number of asset objects unloaded after import = 13
========================================================================
Received Import Request.
  Time since last request: 0.000021 seconds.
  path: Assets/PolygonSciFiCity/Prefabs/Signs/SM_Sign_06.prefab
  artifactKey: Guid(7c9120614d3c8674897b6c7ad6965b84) Importer(815301076,1909f56bfc062723c751e8b465ee728b)
Start importing Assets/PolygonSciFiCity/Prefabs/Signs/SM_Sign_06.prefab using Guid(7c9120614d3c8674897b6c7ad6965b84) Importer(815301076,1909f56bfc062723c751e8b465ee728b)  -> (artifact id: '9cf5a277adfa0f03046153fa3e23c77c') in 0.168858 seconds
Number of updated asset objects reloaded before import = 0
Number of asset objects unloaded after import = 14
========================================================================
Received Import Request.
  Time since last request: 0.000032 seconds.
  path: Assets/PolygonSciFiCity/Prefabs/Signs/SM_Sign_Ad_02.prefab
  artifactKey: Guid(29483335d76a5fe4a83ef35542fcaa38) Importer(815301076,1909f56bfc062723c751e8b465ee728b)
Start importing Assets/PolygonSciFiCity/Prefabs/Signs/SM_Sign_Ad_02.prefab using Guid(29483335d76a5fe4a83ef35542fcaa38) Importer(815301076,1909f56bfc062723c751e8b465ee728b)  -> (artifact id: 'a6edd78c571b97d83f74cd29b6b54e2d') in 0.083051 seconds
Number of updated asset objects reloaded before import = 0
Number of asset objects unloaded after import = 10
========================================================================
Received Import Request.
  Time since last request: 0.000120 seconds.
  path: Assets/PolygonSciFiCity/Prefabs/Signs/SM_Sign_Ad_03.prefab
  artifactKey: Guid(98bbf55310f51aa428423eb2b05530d9) Importer(815301076,1909f56bfc062723c751e8b465ee728b)
Start importing Assets/PolygonSciFiCity/Prefabs/Signs/SM_Sign_Ad_03.prefab using Guid(98bbf55310f51aa428423eb2b05530d9) Importer(815301076,1909f56bfc062723c751e8b465ee728b)  -> (artifact id: 'fa20c4c1c7862d9ea8b3eed561a2bf2d') in 0.039489 seconds
Number of updated asset objects reloaded before import = 0
Number of asset objects unloaded after import = 10
========================================================================
Received Import Request.
  Time since last request: 0.000046 seconds.
  path: Assets/PolygonSciFiCity/Prefabs/Signs/SM_Sign_Billboard_Border_Tall_04.prefab
  artifactKey: Guid(daae79edade7cba4085f136c226319c2) Importer(815301076,1909f56bfc062723c751e8b465ee728b)
Start importing Assets/PolygonSciFiCity/Prefabs/Signs/SM_Sign_Billboard_Border_Tall_04.prefab using Guid(daae79edade7cba4085f136c226319c2) Importer(815301076,1909f56bfc062723c751e8b465ee728b)  -> (artifact id: '04d68b7255fa8c4b9c23fcfb3deae674') in 0.131812 seconds
Number of updated asset objects reloaded before import = 0
Number of asset objects unloaded after import = 14
========================================================================
Received Import Request.
  Time since last request: 0.000021 seconds.
  path: Assets/PolygonSciFiCity/Prefabs/Signs/SM_Sign_Billboard_Large_01.prefab
  artifactKey: Guid(3180d24cf316a724aba849078ed6e992) Importer(815301076,1909f56bfc062723c751e8b465ee728b)
Start importing Assets/PolygonSciFiCity/Prefabs/Signs/SM_Sign_Billboard_Large_01.prefab using Guid(3180d24cf316a724aba849078ed6e992) Importer(815301076,1909f56bfc062723c751e8b465ee728b)  -> (artifact id: 'c1cf52b653fd67eef4f78b0cc28328a0') in 0.105131 seconds
Number of updated asset objects reloaded before import = 0
Number of asset objects unloaded after import = 10
========================================================================
Received Import Request.
  Time since last request: 0.000023 seconds.
  path: Assets/PolygonSciFiCity/Prefabs/Signs/SM_Sign_Ad_14.prefab
  artifactKey: Guid(418cf332268c941478526f77b130a40d) Importer(815301076,1909f56bfc062723c751e8b465ee728b)
Start importing Assets/PolygonSciFiCity/Prefabs/Signs/SM_Sign_Ad_14.prefab using Guid(418cf332268c941478526f77b130a40d) Importer(815301076,1909f56bfc062723c751e8b465ee728b)  -> (artifact id: 'c63b5e7f81a4a17b033894754d91b329') in 0.131753 seconds
Number of updated asset objects reloaded before import = 0
Number of asset objects unloaded after import = 10
========================================================================
Received Import Request.
  Time since last request: 0.000066 seconds.
  path: Assets/PolygonSciFiCity/Prefabs/Signs/SM_Sign_Billboard_Large_03.prefab
  artifactKey: Guid(ed06cce14d340b54b961bc8bc12ecf96) Importer(815301076,1909f56bfc062723c751e8b465ee728b)
Start importing Assets/PolygonSciFiCity/Prefabs/Signs/SM_Sign_Billboard_Large_03.prefab using Guid(ed06cce14d340b54b961bc8bc12ecf96) Importer(815301076,1909f56bfc062723c751e8b465ee728b)  -> (artifact id: '95c33a0f00356e06a61a2064a94ce56c') in 0.046772 seconds
Number of updated asset objects reloaded before import = 0
Number of asset objects unloaded after import = 10
========================================================================
Received Import Request.
  Time since last request: 0.000017 seconds.
  path: Assets/PolygonSciFiCity/Prefabs/Signs/SM_Sign_Neon_06.prefab
  artifactKey: Guid(7f8efcf422f96a748b5ee22817a235d0) Importer(815301076,1909f56bfc062723c751e8b465ee728b)
Start importing Assets/PolygonSciFiCity/Prefabs/Signs/SM_Sign_Neon_06.prefab using Guid(7f8efcf422f96a748b5ee22817a235d0) Importer(815301076,1909f56bfc062723c751e8b465ee728b)  -> (artifact id: '469760a89942f36faf64c16e5ef87d61') in 0.054705 seconds
Number of updated asset objects reloaded before import = 0
Number of asset objects unloaded after import = 11
========================================================================
Received Import Request.
  Time since last request: 18.171843 seconds.
  path: Assets/PolygonSciFiCity/Prefabs/Icons/SM_Icon_Gun.prefab
  artifactKey: Guid(6e7e49849c96318418dbd28b88bc6d06) Importer(815301076,1909f56bfc062723c751e8b465ee728b)
Start importing Assets/PolygonSciFiCity/Prefabs/Icons/SM_Icon_Gun.prefab using Guid(6e7e49849c96318418dbd28b88bc6d06) Importer(815301076,1909f56bfc062723c751e8b465ee728b)  -> (artifact id: 'ca011353d1f121ef1b961003530b6318') in 0.125716 seconds
Number of updated asset objects reloaded before import = 0
Number of asset objects unloaded after import = 13
Editor requested this worker to shutdown with reason: Scaling down because of idle timeout
TcpMessagingSession - receive error: operation aborted. errorcode: 995, details: Bir i parac k veya bir uygulama istei nedeniyle G/ ilemi iptal edildi.
AssetImportWorker is now disconnected from the server
Process exiting
Exiting without the bug reporter. Application will terminate with return code 0