Using pre-set license
Built from '2022.3/staging' branch; Version is '2022.3.14f1 (eff2de9070d8) revision 15725278'; Using compiler version '192829333'; Build Type 'Release'
OS: 'Windows 10  (10.0.19045) 64bit Professional' Language: 'tr' Physical Memory: 16272 MB
BatchMode: 1, IsHumanControllingUs: 0, StartBugReporterOnCrash: 0, Is64bit: 1, IsPro: 1

COMMAND LINE ARGUMENTS:
C:\Program Files\Unity\Hub\Editor\2022.3.14f1\Editor\Unity.exe
-adb2
-batchMode
-noUpm
-name
AssetImportWorker7
-projectPath
D:/PolygonGame/ATUJam/DreamsOfTime
-logFile
Logs/AssetImportWorker7.log
-srvPort
60808
Successfully changed project path to: D:/PolygonGame/ATUJam/DreamsOfTime
D:/PolygonGame/ATUJam/DreamsOfTime
[UnityMemory] Configuration Parameters - Can be set up in boot.config
    "memorysetup-bucket-allocator-granularity=16"
    "memorysetup-bucket-allocator-bucket-count=8"
    "memorysetup-bucket-allocator-block-size=33554432"
    "memorysetup-bucket-allocator-block-count=8"
    "memorysetup-main-allocator-block-size=16777216"
    "memorysetup-thread-allocator-block-size=16777216"
    "memorysetup-gfx-main-allocator-block-size=16777216"
    "memorysetup-gfx-thread-allocator-block-size=16777216"
    "memorysetup-cache-allocator-block-size=4194304"
    "memorysetup-typetree-allocator-block-size=2097152"
    "memorysetup-profiler-bucket-allocator-granularity=16"
    "memorysetup-profiler-bucket-allocator-bucket-count=8"
    "memorysetup-profiler-bucket-allocator-block-size=33554432"
    "memorysetup-profiler-bucket-allocator-block-count=8"
    "memorysetup-profiler-allocator-block-size=16777216"
    "memorysetup-profiler-editor-allocator-block-size=1048576"
    "memorysetup-temp-allocator-size-main=16777216"
    "memorysetup-job-temp-allocator-block-size=2097152"
    "memorysetup-job-temp-allocator-block-size-background=1048576"
    "memorysetup-job-temp-allocator-reduction-small-platforms=262144"
    "memorysetup-allocator-temp-initial-block-size-main=262144"
    "memorysetup-allocator-temp-initial-block-size-worker=262144"
    "memorysetup-temp-allocator-size-background-worker=32768"
    "memorysetup-temp-allocator-size-job-worker=262144"
    "memorysetup-temp-allocator-size-preload-manager=33554432"
    "memorysetup-temp-allocator-size-nav-mesh-worker=65536"
    "memorysetup-temp-allocator-size-audio-worker=65536"
    "memorysetup-temp-allocator-size-cloud-worker=32768"
    "memorysetup-temp-allocator-size-gi-baking-worker=262144"
    "memorysetup-temp-allocator-size-gfx=262144"
Player connection [19060] Host "[IP] 192.168.1.21 [Port] 0 [Flags] 2 [Guid] 632892423 [EditorId] 632892423 [Version] 1048832 [Id] WindowsEditor(7,Halo) [Debug] 1 [PackageName] WindowsEditor [ProjectName] Editor" joined multi-casting on [225.0.0.222:54997]...

Player connection [19060] Host "[IP] 192.168.1.21 [Port] 0 [Flags] 2 [Guid] 632892423 [EditorId] 632892423 [Version] 1048832 [Id] WindowsEditor(7,Halo) [Debug] 1 [PackageName] WindowsEditor [ProjectName] Editor" joined alternative multi-casting on [225.0.0.222:34997]...

[Physics::Module] Initialized MultithreadedJobDispatcher with 3 workers.
Refreshing native plugins compatible for Editor in 10.68 ms, found 3 plugins.
Preloading 0 native plugins for Editor in 0.00 ms.
Initialize engine version: 2022.3.14f1 (eff2de9070d8)
[Subsystems] Discovering subsystems at path C:/Program Files/Unity/Hub/Editor/2022.3.14f1/Editor/Data/Resources/UnitySubsystems
[Subsystems] Discovering subsystems at path D:/PolygonGame/ATUJam/DreamsOfTime/Assets
GfxDevice: creating device client; threaded=0; jobified=0
Direct3D:
    Version:  Direct3D 11.0 [level 11.1]
    Renderer: NVIDIA GeForce GTX 1050 (ID=0x1c8d)
    Vendor:   NVIDIA
    VRAM:     4004 MB
    Driver:   31.0.15.5161
Initialize mono
Mono path[0] = 'C:/Program Files/Unity/Hub/Editor/2022.3.14f1/Editor/Data/Managed'
Mono path[1] = 'C:/Program Files/Unity/Hub/Editor/2022.3.14f1/Editor/Data/MonoBleedingEdge/lib/mono/unityjit-win32'
Mono config path = 'C:/Program Files/Unity/Hub/Editor/2022.3.14f1/Editor/Data/MonoBleedingEdge/etc'
Using monoOptions --debugger-agent=transport=dt_socket,embedding=1,server=y,suspend=n,address=127.0.0.1:56184
Begin MonoManager ReloadAssembly
Registering precompiled unity dll's ...
Register platform support module: C:/Program Files/Unity/Hub/Editor/2022.3.14f1/Editor/Data/PlaybackEngines/WebGLSupport/UnityEditor.WebGL.Extensions.dll
Register platform support module: C:/Program Files/Unity/Hub/Editor/2022.3.14f1/Editor/Data/PlaybackEngines/WindowsStandaloneSupport/UnityEditor.WindowsStandalone.Extensions.dll
Registered in 0.014800 seconds.
- Loaded All Assemblies, in  0.479 seconds
Native extension for WindowsStandalone target not found
Native extension for WebGL target not found
Mono: successfully reloaded assembly
- Finished resetting the current domain, in  0.371 seconds
Domain Reload Profiling: 849ms
	BeginReloadAssembly (143ms)
		ExecutionOrderSort (0ms)
		DisableScriptedObjects (0ms)
		BackupInstance (0ms)
		ReleaseScriptingObjects (0ms)
		CreateAndSetChildDomain (1ms)
	RebuildCommonClasses (47ms)
	RebuildNativeTypeToScriptingClass (16ms)
	initialDomainReloadingComplete (82ms)
	LoadAllAssembliesAndSetupDomain (188ms)
		LoadAssemblies (140ms)
		RebuildTransferFunctionScriptingTraits (0ms)
		AnalyzeDomain (186ms)
			TypeCache.Refresh (184ms)
				TypeCache.ScanAssembly (166ms)
			ScanForSourceGeneratedMonoScriptInfo (0ms)
			ResolveRequiredComponents (1ms)
	FinalizeReload (373ms)
		ReleaseScriptCaches (0ms)
		RebuildScriptCaches (0ms)
		SetupLoadedEditorAssemblies (284ms)
			LogAssemblyErrors (0ms)
			InitializePlatformSupportModulesInManaged (14ms)
			SetLoadedEditorAssemblies (7ms)
			RefreshPlugins (0ms)
			BeforeProcessingInitializeOnLoad (3ms)
			ProcessInitializeOnLoadAttributes (178ms)
			ProcessInitializeOnLoadMethodAttributes (81ms)
			AfterProcessingInitializeOnLoad (0ms)
			EditorAssembliesLoaded (0ms)
		ExecutionOrderSort2 (0ms)
		AwakeInstancesAfterBackupRestoration (0ms)
========================================================================
Worker process is ready to serve import requests
Begin MonoManager ReloadAssembly
- Loaded All Assemblies, in  1.580 seconds
Refreshing native plugins compatible for Editor in 3.04 ms, found 3 plugins.
Native extension for WindowsStandalone target not found
Native extension for WebGL target not found
Package Manager log level set to [2]
[Package Manager] Server::EnsureServerProcessIsRunning -- launch failed, reason: Unity was launched with the -noUpm command-line argument
[Package Manager] UpmClient::Send -- Unable to send message (not connected to UPM process).
[Package Manager] Cannot connect to Unity Package Manager local server
Mono: successfully reloaded assembly
- Finished resetting the current domain, in  1.804 seconds
Domain Reload Profiling: 3381ms
	BeginReloadAssembly (392ms)
		ExecutionOrderSort (0ms)
		DisableScriptedObjects (18ms)
		BackupInstance (0ms)
		ReleaseScriptingObjects (0ms)
		CreateAndSetChildDomain (49ms)
	RebuildCommonClasses (116ms)
	RebuildNativeTypeToScriptingClass (22ms)
	initialDomainReloadingComplete (98ms)
	LoadAllAssembliesAndSetupDomain (948ms)
		LoadAssemblies (721ms)
		RebuildTransferFunctionScriptingTraits (0ms)
		AnalyzeDomain (457ms)
			TypeCache.Refresh (416ms)
				TypeCache.ScanAssembly (385ms)
			ScanForSourceGeneratedMonoScriptInfo (30ms)
			ResolveRequiredComponents (8ms)
	FinalizeReload (1805ms)
		ReleaseScriptCaches (0ms)
		RebuildScriptCaches (0ms)
		SetupLoadedEditorAssemblies (1401ms)
			LogAssemblyErrors (0ms)
			InitializePlatformSupportModulesInManaged (36ms)
			SetLoadedEditorAssemblies (12ms)
			RefreshPlugins (0ms)
			BeforeProcessingInitializeOnLoad (123ms)
			ProcessInitializeOnLoadAttributes (1173ms)
			ProcessInitializeOnLoadMethodAttributes (39ms)
			AfterProcessingInitializeOnLoad (17ms)
			EditorAssembliesLoaded (0ms)
		ExecutionOrderSort2 (0ms)
		AwakeInstancesAfterBackupRestoration (14ms)
Launched and connected shader compiler UnityShaderCompiler.exe after 0.11 seconds
Refreshing native plugins compatible for Editor in 2.92 ms, found 3 plugins.
Preloading 0 native plugins for Editor in 0.00 ms.
Unloading 3093 Unused Serialized files (Serialized files now loaded: 0)
Unloading 32 unused Assets / (56.8 KB). Loaded Objects now: 3559.
Memory consumption went from 126.3 MB to 126.2 MB.
Total: 5.022100 ms (FindLiveObjects: 0.524100 ms CreateObjectMapping: 0.506800 ms MarkObjects: 3.890600 ms  DeleteObjects: 0.099400 ms)

AssetImportParameters requested are different than current active one (requested -> active):
  custom:container-demuxer-ogg: 62fdf1f143b41e24485cea50d1cbac27 -> 
  custom:video-decoder-ogg-theora: a1e56fd34408186e4bbccfd4996cb3dc -> 
  custom:framework-win-MediaFoundation: 216162199b28c13a410421893ffa2e32 -> 
  custom:CustomObjectIndexerAttribute: 756ad292c208cfabdd7b50bc23989ffe -> 
  custom:container-demuxer-webm: 4f35f7cbe854078d1ac9338744f61a02 -> 
  custom:container-muxer-webm: aa71ff27fc2769a1b78a27578f13a17b -> 
  custom:video-decoder-webm-vp8: 9c59270c3fd7afecdb556c50c9e8de78 -> 
  custom:SearchIndexIgnoredProperties: e643bd26f0fe6173181afceb89e7c659 -> 
  custom:AudioImporter_EditorPlatform: d09bf68614088b80899f8185d706f6e7 -> 
  custom:video-encoder-webm-vp8: eb34c28f22e8b96e1ab97ce403110664 -> 
  custom:audio-decoder-ogg-vorbis: bf7c407c2cedff20999df2af8eb42d56 -> 
  custom:audio-encoder-webm-vorbis: bf7c407c2cedff20999df2af8eb42d56 -> 
========================================================================
Received Import Request.
  Time since last request: 159614.727668 seconds.
  path: Assets/PolygonSciFiCity/Prefabs/Weapons/SM_Wep_Attachment_Scope_02.prefab
  artifactKey: Guid(a305c17c379547a4184031d1c83cbeb6) Importer(815301076,1909f56bfc062723c751e8b465ee728b)
Start importing Assets/PolygonSciFiCity/Prefabs/Weapons/SM_Wep_Attachment_Scope_02.prefab using Guid(a305c17c379547a4184031d1c83cbeb6) Importer(815301076,1909f56bfc062723c751e8b465ee728b)  -> (artifact id: '2be401e80500a76f732c618af4d917c6') in 0.454528 seconds
Number of updated asset objects reloaded before import = 0
Number of asset objects unloaded after import = 13
========================================================================
Received Import Request.
  Time since last request: 0.000031 seconds.
  path: Assets/PolygonSciFiCity/Prefabs/Weapons/SM_Wep_Attachment_Handle_01.prefab
  artifactKey: Guid(546c110fa65a2dc419a0f3ddb9ee6bb1) Importer(815301076,1909f56bfc062723c751e8b465ee728b)
Start importing Assets/PolygonSciFiCity/Prefabs/Weapons/SM_Wep_Attachment_Handle_01.prefab using Guid(546c110fa65a2dc419a0f3ddb9ee6bb1) Importer(815301076,1909f56bfc062723c751e8b465ee728b)  -> (artifact id: '32c6f4d95a26df59be3ba95d002b182c') in 0.108638 seconds
Number of updated asset objects reloaded before import = 0
Number of asset objects unloaded after import = 13
========================================================================
Received Import Request.
  Time since last request: 500.674460 seconds.
  path: Assets/PolygonSciFiCity/Prefabs/Buildings/SM_Bld_Advanced_02.prefab
  artifactKey: Guid(6c47e359451615e409f3d203232f5ee5) Importer(815301076,1909f56bfc062723c751e8b465ee728b)
Start importing Assets/PolygonSciFiCity/Prefabs/Buildings/SM_Bld_Advanced_02.prefab using Guid(6c47e359451615e409f3d203232f5ee5) Importer(815301076,1909f56bfc062723c751e8b465ee728b)  -> (artifact id: 'a578909f12ff8dc6823762538e4d93d0') in 0.163622 seconds
Number of updated asset objects reloaded before import = 0
Number of asset objects unloaded after import = 15
========================================================================
Received Import Request.
  Time since last request: 0.000043 seconds.
  path: Assets/PolygonSciFiCity/Prefabs/Buildings/SM_Bld_Chopshop_01.prefab
  artifactKey: Guid(a1d953a27b5df6b49a82f3aef4d575c5) Importer(815301076,1909f56bfc062723c751e8b465ee728b)
Start importing Assets/PolygonSciFiCity/Prefabs/Buildings/SM_Bld_Chopshop_01.prefab using Guid(a1d953a27b5df6b49a82f3aef4d575c5) Importer(815301076,1909f56bfc062723c751e8b465ee728b)  -> (artifact id: 'cb757d7ec9c796061462ebfb86ad1db9') in 0.083631 seconds
Number of updated asset objects reloaded before import = 0
Number of asset objects unloaded after import = 15
========================================================================
Received Import Request.
  Time since last request: 0.000027 seconds.
  path: Assets/PolygonSciFiCity/Prefabs/Buildings/SM_Bld_Section_Corner_03.prefab
  artifactKey: Guid(9c18cb03dd4ec8847b92dbe4f33c2ff9) Importer(815301076,1909f56bfc062723c751e8b465ee728b)
Start importing Assets/PolygonSciFiCity/Prefabs/Buildings/SM_Bld_Section_Corner_03.prefab using Guid(9c18cb03dd4ec8847b92dbe4f33c2ff9) Importer(815301076,1909f56bfc062723c751e8b465ee728b)  -> (artifact id: 'bb70ba0ce1a35260256ebf2511a336da') in 0.190186 seconds
Number of updated asset objects reloaded before import = 0
Number of asset objects unloaded after import = 15
========================================================================
Received Import Request.
  Time since last request: 0.000049 seconds.
  path: Assets/PolygonSciFiCity/Prefabs/Buildings/SM_Bld_Power_03.prefab
  artifactKey: Guid(0fafb1450aa63ce469d1b0dde39971c1) Importer(815301076,1909f56bfc062723c751e8b465ee728b)
Start importing Assets/PolygonSciFiCity/Prefabs/Buildings/SM_Bld_Power_03.prefab using Guid(0fafb1450aa63ce469d1b0dde39971c1) Importer(815301076,1909f56bfc062723c751e8b465ee728b)  -> (artifact id: 'c4ac879964398db0ae6cba79f334c2e0') in 0.288280 seconds
Number of updated asset objects reloaded before import = 0
Number of asset objects unloaded after import = 15
========================================================================
Received Import Request.
  Time since last request: 0.000028 seconds.
  path: Assets/PolygonSciFiCity/Prefabs/Buildings/SM_Bld_Large_Part_01.prefab
  artifactKey: Guid(5f257b0a01530674191819b4bf513840) Importer(815301076,1909f56bfc062723c751e8b465ee728b)
Start importing Assets/PolygonSciFiCity/Prefabs/Buildings/SM_Bld_Large_Part_01.prefab using Guid(5f257b0a01530674191819b4bf513840) Importer(815301076,1909f56bfc062723c751e8b465ee728b)  -> (artifact id: '354cf82e49bd94959a4b14fa470699b4') in 0.216586 seconds
Number of updated asset objects reloaded before import = 0
Number of asset objects unloaded after import = 15
========================================================================
Received Import Request.
  Time since last request: 0.000027 seconds.
  path: Assets/PolygonSciFiCity/Prefabs/Buildings/SM_Bld_StripClub_01.prefab
  artifactKey: Guid(84c3b5bbf4f75624792d3b03f1c2b546) Importer(815301076,1909f56bfc062723c751e8b465ee728b)
Start importing Assets/PolygonSciFiCity/Prefabs/Buildings/SM_Bld_StripClub_01.prefab using Guid(84c3b5bbf4f75624792d3b03f1c2b546) Importer(815301076,1909f56bfc062723c751e8b465ee728b)  -> (artifact id: '5078542fd1a9acc227256d0e885a1c08') in 0.209570 seconds
Number of updated asset objects reloaded before import = 0
Number of asset objects unloaded after import = 15
========================================================================
Received Import Request.
  Time since last request: 0.000026 seconds.
  path: Assets/PolygonSciFiCity/Prefabs/Buildings/SM_Bld_Large_05.prefab
  artifactKey: Guid(05cce10c53c896f4495809af7a45bbe1) Importer(815301076,1909f56bfc062723c751e8b465ee728b)
Start importing Assets/PolygonSciFiCity/Prefabs/Buildings/SM_Bld_Large_05.prefab using Guid(05cce10c53c896f4495809af7a45bbe1) Importer(815301076,1909f56bfc062723c751e8b465ee728b)  -> (artifact id: 'e7ce368753c96fc0df50c53a2692ad0a') in 0.564212 seconds
Number of updated asset objects reloaded before import = 0
Number of asset objects unloaded after import = 15
========================================================================
Received Import Request.
  Time since last request: 0.000031 seconds.
  path: Assets/PolygonSciFiCity/Prefabs/Buildings/SM_Bld_LandingPad_01.prefab
  artifactKey: Guid(e9a4f67b7f329ca4abf5de824f66db82) Importer(815301076,1909f56bfc062723c751e8b465ee728b)
Start importing Assets/PolygonSciFiCity/Prefabs/Buildings/SM_Bld_LandingPad_01.prefab using Guid(e9a4f67b7f329ca4abf5de824f66db82) Importer(815301076,1909f56bfc062723c751e8b465ee728b)  -> (artifact id: '6f0b38de660096be39bfb56f3c4592be') in 0.339804 seconds
Number of updated asset objects reloaded before import = 0
Number of asset objects unloaded after import = 17
========================================================================
Received Import Request.
  Time since last request: 0.001351 seconds.
  path: Assets/PolygonSciFiCity/Prefabs/Buildings/SM_Bld_Shop_Open_01.prefab
  artifactKey: Guid(62ea6cbaf99977f4db73d5ae7af14450) Importer(815301076,1909f56bfc062723c751e8b465ee728b)
Start importing Assets/PolygonSciFiCity/Prefabs/Buildings/SM_Bld_Shop_Open_01.prefab using Guid(62ea6cbaf99977f4db73d5ae7af14450) Importer(815301076,1909f56bfc062723c751e8b465ee728b)  -> (artifact id: 'f34dc688bdb4748bedd2bcd95f37d2fa') in 0.429520 seconds
Number of updated asset objects reloaded before import = 0
Number of asset objects unloaded after import = 18
========================================================================
Received Import Request.
  Time since last request: 0.000028 seconds.
  path: Assets/PolygonSciFiCity/Prefabs/Buildings/SM_Bld_Chopshop_Interior_01.prefab
  artifactKey: Guid(ea7874a759654f14a913adac2d315006) Importer(815301076,1909f56bfc062723c751e8b465ee728b)
Start importing Assets/PolygonSciFiCity/Prefabs/Buildings/SM_Bld_Chopshop_Interior_01.prefab using Guid(ea7874a759654f14a913adac2d315006) Importer(815301076,1909f56bfc062723c751e8b465ee728b)  -> (artifact id: '7b4eddabf278f19a7c79003d46a53150') in 0.588152 seconds
Number of updated asset objects reloaded before import = 0
Number of asset objects unloaded after import = 15
========================================================================
Received Import Request.
  Time since last request: 0.000025 seconds.
  path: Assets/PolygonSciFiCity/Prefabs/Buildings/SM_Bld_Background_Med_01.prefab
  artifactKey: Guid(3c37ed3fc4c8659488e2a193810bb213) Importer(815301076,1909f56bfc062723c751e8b465ee728b)
Start importing Assets/PolygonSciFiCity/Prefabs/Buildings/SM_Bld_Background_Med_01.prefab using Guid(3c37ed3fc4c8659488e2a193810bb213) Importer(815301076,1909f56bfc062723c751e8b465ee728b)  -> (artifact id: 'ac4e9b4a79d6ef974dffb995695cd8fe') in 0.399503 seconds
Number of updated asset objects reloaded before import = 0
Number of asset objects unloaded after import = 9
========================================================================
Received Import Request.
  Time since last request: 0.003715 seconds.
  path: Assets/PolygonSciFiCity/Prefabs/Buildings/SM_Bld_Section_Window_02.prefab
  artifactKey: Guid(f4c7ff12cc628584b9ad227f43d6129c) Importer(815301076,1909f56bfc062723c751e8b465ee728b)
Start importing Assets/PolygonSciFiCity/Prefabs/Buildings/SM_Bld_Section_Window_02.prefab using Guid(f4c7ff12cc628584b9ad227f43d6129c) Importer(815301076,1909f56bfc062723c751e8b465ee728b)  -> (artifact id: 'e479d1b29f5711497d241cb4ef5e5166') in 0.339965 seconds
Number of updated asset objects reloaded before import = 0
Number of asset objects unloaded after import = 15
========================================================================
Received Import Request.
  Time since last request: 0.000890 seconds.
  path: Assets/PolygonSciFiCity/Prefabs/Buildings/SM_Bld_Large_Part_08.prefab
  artifactKey: Guid(7aaa490d804da864bb2ab5258370fdfe) Importer(815301076,1909f56bfc062723c751e8b465ee728b)
Start importing Assets/PolygonSciFiCity/Prefabs/Buildings/SM_Bld_Large_Part_08.prefab using Guid(7aaa490d804da864bb2ab5258370fdfe) Importer(815301076,1909f56bfc062723c751e8b465ee728b)  -> (artifact id: 'bda3894e16a1449bff34aec2186241b5') in 0.318463 seconds
Number of updated asset objects reloaded before import = 0
Number of asset objects unloaded after import = 15
========================================================================
Received Import Request.
  Time since last request: 0.000024 seconds.
  path: Assets/PolygonSciFiCity/Prefabs/Buildings/SM_Bld_Raised_02.prefab
  artifactKey: Guid(0935701b68167c54a9e2ee7fe6f1d473) Importer(815301076,1909f56bfc062723c751e8b465ee728b)
Start importing Assets/PolygonSciFiCity/Prefabs/Buildings/SM_Bld_Raised_02.prefab using Guid(0935701b68167c54a9e2ee7fe6f1d473) Importer(815301076,1909f56bfc062723c751e8b465ee728b)  -> (artifact id: '9e16f9b1eda57acd10718fa6975f1e22') in 0.158111 seconds
Number of updated asset objects reloaded before import = 0
Number of asset objects unloaded after import = 23
========================================================================
Received Import Request.
  Time since last request: 0.000132 seconds.
  path: Assets/PolygonSciFiCity/Prefabs/Buildings/SM_Bld_Industrial_02.prefab
  artifactKey: Guid(e1494d10d49c1b3448e684cac6f7ec0d) Importer(815301076,1909f56bfc062723c751e8b465ee728b)
Start importing Assets/PolygonSciFiCity/Prefabs/Buildings/SM_Bld_Industrial_02.prefab using Guid(e1494d10d49c1b3448e684cac6f7ec0d) Importer(815301076,1909f56bfc062723c751e8b465ee728b)  -> (artifact id: '60a600e8441c7484e6f3d10edc63cd11') in 0.525058 seconds
Number of updated asset objects reloaded before import = 0
Number of asset objects unloaded after import = 18
========================================================================
Received Import Request.
  Time since last request: 0.000025 seconds.
  path: Assets/PolygonSciFiCity/Prefabs/Buildings/SM_Bld_Section_Corner_02.prefab
  artifactKey: Guid(311f820a67aa9054d9bd6f2917e4a591) Importer(815301076,1909f56bfc062723c751e8b465ee728b)
Start importing Assets/PolygonSciFiCity/Prefabs/Buildings/SM_Bld_Section_Corner_02.prefab using Guid(311f820a67aa9054d9bd6f2917e4a591) Importer(815301076,1909f56bfc062723c751e8b465ee728b)  -> (artifact id: 'c713ef2807836ebfa9576e0d959b538b') in 0.306609 seconds
Number of updated asset objects reloaded before import = 0
Number of asset objects unloaded after import = 23
========================================================================
Received Import Request.
  Time since last request: 0.000029 seconds.
  path: Assets/PolygonSciFiCity/Prefabs/Buildings/SM_Bld_Large_06.prefab
  artifactKey: Guid(8a21e998caeaac347b4127cda7988cf3) Importer(815301076,1909f56bfc062723c751e8b465ee728b)
Start importing Assets/PolygonSciFiCity/Prefabs/Buildings/SM_Bld_Large_06.prefab using Guid(8a21e998caeaac347b4127cda7988cf3) Importer(815301076,1909f56bfc062723c751e8b465ee728b)  -> (artifact id: 'fe7d84e41c13898643ffafca5848bdeb') in 0.201571 seconds
Number of updated asset objects reloaded before import = 0
Number of asset objects unloaded after import = 17
========================================================================
Received Import Request.
  Time since last request: 0.000126 seconds.
  path: Assets/PolygonSciFiCity/Prefabs/Buildings/SM_Bld_Section_Industrial_03.prefab
  artifactKey: Guid(a449f9f92e7875d48846e6d3a469c03a) Importer(815301076,1909f56bfc062723c751e8b465ee728b)
Start importing Assets/PolygonSciFiCity/Prefabs/Buildings/SM_Bld_Section_Industrial_03.prefab using Guid(a449f9f92e7875d48846e6d3a469c03a) Importer(815301076,1909f56bfc062723c751e8b465ee728b)  -> (artifact id: '4a631322574f0e2a63f10b41ea3934d0') in 0.345087 seconds
Number of updated asset objects reloaded before import = 0
Number of asset objects unloaded after import = 15
========================================================================
Received Import Request.
  Time since last request: 0.000050 seconds.
  path: Assets/PolygonSciFiCity/Prefabs/Buildings/SM_Bld_Large_04.prefab
  artifactKey: Guid(ed95a1d27b321874cbe7017a50a4c292) Importer(815301076,1909f56bfc062723c751e8b465ee728b)
Start importing Assets/PolygonSciFiCity/Prefabs/Buildings/SM_Bld_Large_04.prefab using Guid(ed95a1d27b321874cbe7017a50a4c292) Importer(815301076,1909f56bfc062723c751e8b465ee728b)  -> (artifact id: '284d497b6ad1f3882d2b2f50542e76ca') in 0.364147 seconds
Number of updated asset objects reloaded before import = 0
Number of asset objects unloaded after import = 15
========================================================================
Received Import Request.
  Time since last request: 0.000031 seconds.
  path: Assets/PolygonSciFiCity/Prefabs/Buildings/SM_Bld_Large_Part_07.prefab
  artifactKey: Guid(19f7afc4823b6aa45b3f63b28e1360aa) Importer(815301076,1909f56bfc062723c751e8b465ee728b)
Start importing Assets/PolygonSciFiCity/Prefabs/Buildings/SM_Bld_Large_Part_07.prefab using Guid(19f7afc4823b6aa45b3f63b28e1360aa) Importer(815301076,1909f56bfc062723c751e8b465ee728b)  -> (artifact id: '70f7c93e330d142bd54e922c134754e4') in 0.327316 seconds
Number of updated asset objects reloaded before import = 0
Number of asset objects unloaded after import = 15
========================================================================
Received Import Request.
  Time since last request: 0.000027 seconds.
  path: Assets/PolygonSciFiCity/Prefabs/Buildings/SM_Bld_Background_Med_07.prefab
  artifactKey: Guid(0df771ff55339404a8368cc1be02d861) Importer(815301076,1909f56bfc062723c751e8b465ee728b)
Start importing Assets/PolygonSciFiCity/Prefabs/Buildings/SM_Bld_Background_Med_07.prefab using Guid(0df771ff55339404a8368cc1be02d861) Importer(815301076,1909f56bfc062723c751e8b465ee728b)  -> (artifact id: '6aebe52f4841de6c45d464c1ac7b0745') in 0.206405 seconds
Number of updated asset objects reloaded before import = 0
Number of asset objects unloaded after import = 9
========================================================================
Received Import Request.
  Time since last request: 0.000034 seconds.
  path: Assets/PolygonSciFiCity/Prefabs/Buildings/SM_Bld_Background_Lrg_02.prefab
  artifactKey: Guid(31dade7a3305059458fd6662c8492e46) Importer(815301076,1909f56bfc062723c751e8b465ee728b)
Start importing Assets/PolygonSciFiCity/Prefabs/Buildings/SM_Bld_Background_Lrg_02.prefab using Guid(31dade7a3305059458fd6662c8492e46) Importer(815301076,1909f56bfc062723c751e8b465ee728b)  -> (artifact id: 'b78eb9d6e26aaa80a55656f5db1b1671') in 0.666977 seconds
Number of updated asset objects reloaded before import = 0
Number of asset objects unloaded after import = 9
========================================================================
Received Import Request.
  Time since last request: 0.000023 seconds.
  path: Assets/PolygonSciFiCity/Prefabs/Buildings/SM_Bld_Roof_Pagoda_02.prefab
  artifactKey: Guid(46221641799ce0a4a967e4ca016ff088) Importer(815301076,1909f56bfc062723c751e8b465ee728b)
Start importing Assets/PolygonSciFiCity/Prefabs/Buildings/SM_Bld_Roof_Pagoda_02.prefab using Guid(46221641799ce0a4a967e4ca016ff088) Importer(815301076,1909f56bfc062723c751e8b465ee728b)  -> (artifact id: '828558ba9057a9a8174f2e9376dee6c9') in 0.092827 seconds
Number of updated asset objects reloaded before import = 0
Number of asset objects unloaded after import = 15
========================================================================
Received Import Request.
  Time since last request: 0.000042 seconds.
  path: Assets/PolygonSciFiCity/Prefabs/Buildings/SM_Bld_Warehouse_01.prefab
  artifactKey: Guid(4792c06511517bd459dd4bdc1aa5f0f6) Importer(815301076,1909f56bfc062723c751e8b465ee728b)
Start importing Assets/PolygonSciFiCity/Prefabs/Buildings/SM_Bld_Warehouse_01.prefab using Guid(4792c06511517bd459dd4bdc1aa5f0f6) Importer(815301076,1909f56bfc062723c751e8b465ee728b)  -> (artifact id: '67a2cfa49b4eb571040e718c89388664') in 0.337350 seconds
Number of updated asset objects reloaded before import = 0
Number of asset objects unloaded after import = 44
========================================================================
Received Import Request.
  Time since last request: 0.000027 seconds.
  path: Assets/PolygonSciFiCity/Prefabs/FX/Smoke_Small_Light_FX.prefab
  artifactKey: Guid(88458a60107da3140a2e173fe916bbfb) Importer(815301076,1909f56bfc062723c751e8b465ee728b)
Start importing Assets/PolygonSciFiCity/Prefabs/FX/Smoke_Small_Light_FX.prefab using Guid(88458a60107da3140a2e173fe916bbfb) Importer(815301076,1909f56bfc062723c751e8b465ee728b)  -> (artifact id: 'fa032ffca5b98adac11880cd922a6e31') in 0.293431 seconds
Number of updated asset objects reloaded before import = 0
Number of asset objects unloaded after import = 7
========================================================================
Received Import Request.
  Time since last request: 0.000568 seconds.
  path: Assets/PolygonSciFiCity/Prefabs/Buildings/SM_Bld_StripClub_Interior_03.prefab
  artifactKey: Guid(140f01481537acc4fb074232e94f41b6) Importer(815301076,1909f56bfc062723c751e8b465ee728b)
Start importing Assets/PolygonSciFiCity/Prefabs/Buildings/SM_Bld_StripClub_Interior_03.prefab using Guid(140f01481537acc4fb074232e94f41b6) Importer(815301076,1909f56bfc062723c751e8b465ee728b)  -> (artifact id: 'a34bffb6108bdff692d165fe25c42876') in 0.273639 seconds
Number of updated asset objects reloaded before import = 0
Number of asset objects unloaded after import = 15
========================================================================
Received Import Request.
  Time since last request: 0.000079 seconds.
  path: Assets/PolygonSciFiCity/Prefabs/FX/FX_RingLight.prefab
  artifactKey: Guid(152aaf0661d249942b17cc2758dfc03d) Importer(815301076,1909f56bfc062723c751e8b465ee728b)
Start importing Assets/PolygonSciFiCity/Prefabs/FX/FX_RingLight.prefab using Guid(152aaf0661d249942b17cc2758dfc03d) Importer(815301076,1909f56bfc062723c751e8b465ee728b)  -> (artifact id: '65654c8657362191008171a0e07cab43') in 0.331651 seconds
Number of updated asset objects reloaded before import = 0
Number of asset objects unloaded after import = 6
========================================================================
Received Import Request.
  Time since last request: 0.000028 seconds.
  path: Assets/PolygonSciFiCity/Prefabs/Buildings/SM_Bld_Large_Part_03.prefab
  artifactKey: Guid(9bb1305f3dbe91e458d1319699143c30) Importer(815301076,1909f56bfc062723c751e8b465ee728b)
Start importing Assets/PolygonSciFiCity/Prefabs/Buildings/SM_Bld_Large_Part_03.prefab using Guid(9bb1305f3dbe91e458d1319699143c30) Importer(815301076,1909f56bfc062723c751e8b465ee728b)  -> (artifact id: '90eb032629181bb6fb52115dea01cd41') in 0.509984 seconds
Number of updated asset objects reloaded before import = 0
Number of asset objects unloaded after import = 15
========================================================================
Received Import Request.
  Time since last request: 0.000029 seconds.
  path: Assets/PolygonSciFiCity/Prefabs/Buildings/SM_Bld_Section_Corner_01.prefab
  artifactKey: Guid(c7042f447aa89b54ea46409ec08692f8) Importer(815301076,1909f56bfc062723c751e8b465ee728b)
Start importing Assets/PolygonSciFiCity/Prefabs/Buildings/SM_Bld_Section_Corner_01.prefab using Guid(c7042f447aa89b54ea46409ec08692f8) Importer(815301076,1909f56bfc062723c751e8b465ee728b)  -> (artifact id: '48f321ff17a0119688902117ae2e4a7c') in 0.270919 seconds
Number of updated asset objects reloaded before import = 0
Number of asset objects unloaded after import = 23
========================================================================
Received Import Request.
  Time since last request: 0.000144 seconds.
  path: Assets/PolygonSciFiCity/Prefabs/Buildings/SM_Bld_Section_Door_02.prefab
  artifactKey: Guid(692039e2420b31443a1e49fe9a1ba389) Importer(815301076,1909f56bfc062723c751e8b465ee728b)
Start importing Assets/PolygonSciFiCity/Prefabs/Buildings/SM_Bld_Section_Door_02.prefab using Guid(692039e2420b31443a1e49fe9a1ba389) Importer(815301076,1909f56bfc062723c751e8b465ee728b)  -> (artifact id: '3d8cd627023d6932b6b5abfe5e6eeee7') in 0.313366 seconds
Number of updated asset objects reloaded before import = 0
Number of asset objects unloaded after import = 15
========================================================================
Received Import Request.
  Time since last request: 0.000027 seconds.
  path: Assets/PolygonSciFiCity/Prefabs/Buildings/SM_Bld_Background_Small_02.prefab
  artifactKey: Guid(346d59f0a37939843934a260b13f9d2e) Importer(815301076,1909f56bfc062723c751e8b465ee728b)
Start importing Assets/PolygonSciFiCity/Prefabs/Buildings/SM_Bld_Background_Small_02.prefab using Guid(346d59f0a37939843934a260b13f9d2e) Importer(815301076,1909f56bfc062723c751e8b465ee728b)  -> (artifact id: '0c8cbfaa9375acae8470ca0157b35a62') in 0.198187 seconds
Number of updated asset objects reloaded before import = 0
Number of asset objects unloaded after import = 9
========================================================================
Received Import Request.
  Time since last request: 0.000108 seconds.
  path: Assets/PolygonSciFiCity/Prefabs/Buildings/SM_Bld_Roof_Pagoda_01.prefab
  artifactKey: Guid(36c676f9fda4bd24db00380adc3e77f1) Importer(815301076,1909f56bfc062723c751e8b465ee728b)
Start importing Assets/PolygonSciFiCity/Prefabs/Buildings/SM_Bld_Roof_Pagoda_01.prefab using Guid(36c676f9fda4bd24db00380adc3e77f1) Importer(815301076,1909f56bfc062723c751e8b465ee728b)  -> (artifact id: '337ae0ac59793497ab8b1c9cb7d5cf40') in 0.535089 seconds
Number of updated asset objects reloaded before import = 0
Number of asset objects unloaded after import = 15
========================================================================
Received Import Request.
  Time since last request: 0.000025 seconds.
  path: Assets/PolygonSciFiCity/Prefabs/Buildings/SM_Bld_Section_Door_06.prefab
  artifactKey: Guid(e6af98424eec7ef459a66398b4332b72) Importer(815301076,1909f56bfc062723c751e8b465ee728b)
Start importing Assets/PolygonSciFiCity/Prefabs/Buildings/SM_Bld_Section_Door_06.prefab using Guid(e6af98424eec7ef459a66398b4332b72) Importer(815301076,1909f56bfc062723c751e8b465ee728b)  -> (artifact id: '323c0ec768f5d41f79badc09372d461a') in 0.279273 seconds
Number of updated asset objects reloaded before import = 0
Number of asset objects unloaded after import = 14
========================================================================
Received Import Request.
  Time since last request: 0.000034 seconds.
  path: Assets/PolygonSciFiCity/Prefabs/Buildings/SM_Bld_Large_02.prefab
  artifactKey: Guid(6053e238c2ee3e4499318f9353b3587f) Importer(815301076,1909f56bfc062723c751e8b465ee728b)
Start importing Assets/PolygonSciFiCity/Prefabs/Buildings/SM_Bld_Large_02.prefab using Guid(6053e238c2ee3e4499318f9353b3587f) Importer(815301076,1909f56bfc062723c751e8b465ee728b)  -> (artifact id: 'a52afdd56f7bde7caf80be7a8d60f7d5') in 0.154974 seconds
Number of updated asset objects reloaded before import = 0
Number of asset objects unloaded after import = 15
========================================================================
Received Import Request.
  Time since last request: 0.000034 seconds.
  path: Assets/PolygonSciFiCity/Prefabs/Buildings/SM_Bld_City_Wall_Tower_01.prefab
  artifactKey: Guid(04c79e9d6b44d414c9decaeab2c70bd7) Importer(815301076,1909f56bfc062723c751e8b465ee728b)
Start importing Assets/PolygonSciFiCity/Prefabs/Buildings/SM_Bld_City_Wall_Tower_01.prefab using Guid(04c79e9d6b44d414c9decaeab2c70bd7) Importer(815301076,1909f56bfc062723c751e8b465ee728b)  -> (artifact id: '3cc227770239b3b3616c11ebf87958ec') in 0.090893 seconds
Number of updated asset objects reloaded before import = 0
Number of asset objects unloaded after import = 15
========================================================================
Received Import Request.
  Time since last request: 0.000047 seconds.
  path: Assets/PolygonSciFiCity/Prefabs/Buildings/SM_Bld_StripClub_Interior_02.prefab
  artifactKey: Guid(a7833e0a32b72a443806857131c597a2) Importer(815301076,1909f56bfc062723c751e8b465ee728b)
Start importing Assets/PolygonSciFiCity/Prefabs/Buildings/SM_Bld_StripClub_Interior_02.prefab using Guid(a7833e0a32b72a443806857131c597a2) Importer(815301076,1909f56bfc062723c751e8b465ee728b)  -> (artifact id: '0db06048ab01256baf2265816540980b') in 0.231967 seconds
Number of updated asset objects reloaded before import = 0
Number of asset objects unloaded after import = 15
========================================================================
Received Import Request.
  Time since last request: 0.000048 seconds.
  path: Assets/PolygonSciFiCity/Prefabs/Buildings/SM_Bld_Background_Med_05.prefab
  artifactKey: Guid(5916a3b9673d1984085cdfe02a594bd3) Importer(815301076,1909f56bfc062723c751e8b465ee728b)
Start importing Assets/PolygonSciFiCity/Prefabs/Buildings/SM_Bld_Background_Med_05.prefab using Guid(5916a3b9673d1984085cdfe02a594bd3) Importer(815301076,1909f56bfc062723c751e8b465ee728b)  -> (artifact id: 'a20ff5f95e7750b723103c5ce40ee6ff') in 0.110756 seconds
Number of updated asset objects reloaded before import = 0
Number of asset objects unloaded after import = 9
========================================================================
Received Import Request.
  Time since last request: 0.005816 seconds.
  path: Assets/PolygonSciFiCity/Prefabs/Buildings/SM_Bld_Section_Wall_05.prefab
  artifactKey: Guid(14be2c847c5873f40af6081f07f0bc27) Importer(815301076,1909f56bfc062723c751e8b465ee728b)
Start importing Assets/PolygonSciFiCity/Prefabs/Buildings/SM_Bld_Section_Wall_05.prefab using Guid(14be2c847c5873f40af6081f07f0bc27) Importer(815301076,1909f56bfc062723c751e8b465ee728b)  -> (artifact id: '475a2551ea0fca77350a11f6e30e9a6c') in 0.146664 seconds
Number of updated asset objects reloaded before import = 0
Number of asset objects unloaded after import = 15
========================================================================
Received Import Request.
  Time since last request: 0.000029 seconds.
  path: Assets/PolygonSciFiCity/Prefabs/FX/FX_Flame.prefab
  artifactKey: Guid(55c86e0c7bf19d545acec6387f8704db) Importer(815301076,1909f56bfc062723c751e8b465ee728b)
Start importing Assets/PolygonSciFiCity/Prefabs/FX/FX_Flame.prefab using Guid(55c86e0c7bf19d545acec6387f8704db) Importer(815301076,1909f56bfc062723c751e8b465ee728b)  -> (artifact id: 'dcb782255fe7c7d732a7fc688a44e77e') in 0.071200 seconds
Number of updated asset objects reloaded before import = 0
Number of asset objects unloaded after import = 9
========================================================================
Received Import Request.
  Time since last request: 0.000033 seconds.
  path: Assets/PolygonSciFiCity/Prefabs/FX/FX_Flame_Booster.prefab
  artifactKey: Guid(c3ef8cb5c23f37b439f55fc218032488) Importer(815301076,1909f56bfc062723c751e8b465ee728b)
Start importing Assets/PolygonSciFiCity/Prefabs/FX/FX_Flame_Booster.prefab using Guid(c3ef8cb5c23f37b439f55fc218032488) Importer(815301076,1909f56bfc062723c751e8b465ee728b)  -> (artifact id: '56879998fdc0707789530503c3366eb6') in 0.068399 seconds
Number of updated asset objects reloaded before import = 0
Number of asset objects unloaded after import = 9
========================================================================
Received Import Request.
  Time since last request: 0.000025 seconds.
  path: Assets/PolygonSciFiCity/Prefabs/Buildings/SM_Bld_Section_Door_01.prefab
  artifactKey: Guid(1dd39e2a8df331343a963c91a1e0974c) Importer(815301076,1909f56bfc062723c751e8b465ee728b)
Start importing Assets/PolygonSciFiCity/Prefabs/Buildings/SM_Bld_Section_Door_01.prefab using Guid(1dd39e2a8df331343a963c91a1e0974c) Importer(815301076,1909f56bfc062723c751e8b465ee728b)  -> (artifact id: '2f23a9d8723bb0ee6edc7177a03fc4da') in 0.188146 seconds
Number of updated asset objects reloaded before import = 0
Number of asset objects unloaded after import = 15
========================================================================
Received Import Request.
  Time since last request: 0.000027 seconds.
  path: Assets/PolygonSciFiCity/Prefabs/Buildings/SM_Bld_Background_Small_04.prefab
  artifactKey: Guid(98be61c6635b7784aa91fcee4f0df5ff) Importer(815301076,1909f56bfc062723c751e8b465ee728b)
Start importing Assets/PolygonSciFiCity/Prefabs/Buildings/SM_Bld_Background_Small_04.prefab using Guid(98be61c6635b7784aa91fcee4f0df5ff) Importer(815301076,1909f56bfc062723c751e8b465ee728b)  -> (artifact id: 'f57bc4b1fa0c82b20d7d9e865c1df041') in 0.097250 seconds
Number of updated asset objects reloaded before import = 0
Number of asset objects unloaded after import = 9
========================================================================
Received Import Request.
  Time since last request: 0.000076 seconds.
  path: Assets/PolygonSciFiCity/Prefabs/Buildings/SM_Bld_City_Wall_01.prefab
  artifactKey: Guid(8feb2335a05b64642a1d35a6a73cb21c) Importer(815301076,1909f56bfc062723c751e8b465ee728b)
Start importing Assets/PolygonSciFiCity/Prefabs/Buildings/SM_Bld_City_Wall_01.prefab using Guid(8feb2335a05b64642a1d35a6a73cb21c) Importer(815301076,1909f56bfc062723c751e8b465ee728b)  -> (artifact id: 'a50964b382ff8b14033317fab9fa04d7') in 0.140834 seconds
Number of updated asset objects reloaded before import = 0
Number of asset objects unloaded after import = 19
========================================================================
Received Import Request.
  Time since last request: 0.000026 seconds.
  path: Assets/PolygonSciFiCity/Prefabs/FX
  artifactKey: Guid(64bcbf13ca7a2894dadb2665d240b509) Importer(815301076,1909f56bfc062723c751e8b465ee728b)
Start importing Assets/PolygonSciFiCity/Prefabs/FX using Guid(64bcbf13ca7a2894dadb2665d240b509) Importer(815301076,1909f56bfc062723c751e8b465ee728b)  -> (artifact id: '84bf8010681c6d660b061e105c235491') in 0.001071 seconds
Number of updated asset objects reloaded before import = 0
Number of asset objects unloaded after import = 0
========================================================================
Received Import Request.
  Time since last request: 0.000054 seconds.
  path: Assets/PolygonSciFiCity/Prefabs/Buildings/SM_Bld_Background_Med_02.prefab
  artifactKey: Guid(1cfc671741fa1cc47824540b62db0c87) Importer(815301076,1909f56bfc062723c751e8b465ee728b)
Start importing Assets/PolygonSciFiCity/Prefabs/Buildings/SM_Bld_Background_Med_02.prefab using Guid(1cfc671741fa1cc47824540b62db0c87) Importer(815301076,1909f56bfc062723c751e8b465ee728b)  -> (artifact id: '11dde6e8351fd4383a902d5aadc1b710') in 0.257684 seconds
Number of updated asset objects reloaded before import = 0
Number of asset objects unloaded after import = 9
========================================================================
Received Import Request.
  Time since last request: 0.000569 seconds.
  path: Assets/PolygonSciFiCity/Prefabs/Buildings/SM_Bld_Background_Lrg_01.prefab
  artifactKey: Guid(65f76c5f923964045833f09a3f767a16) Importer(815301076,1909f56bfc062723c751e8b465ee728b)
Start importing Assets/PolygonSciFiCity/Prefabs/Buildings/SM_Bld_Background_Lrg_01.prefab using Guid(65f76c5f923964045833f09a3f767a16) Importer(815301076,1909f56bfc062723c751e8b465ee728b)  -> (artifact id: 'ec406237dd43b61e7952fe8895a35c67') in 0.073246 seconds
Number of updated asset objects reloaded before import = 0
Number of asset objects unloaded after import = 9
========================================================================
Received Import Request.
  Time since last request: 0.000078 seconds.
  path: Assets/PolygonSciFiCity/Prefabs/Buildings/SM_Bld_Section_Window_04.prefab
  artifactKey: Guid(f3ffd5a2a26fdf04e93bfde173e2b50d) Importer(815301076,1909f56bfc062723c751e8b465ee728b)
Start importing Assets/PolygonSciFiCity/Prefabs/Buildings/SM_Bld_Section_Window_04.prefab using Guid(f3ffd5a2a26fdf04e93bfde173e2b50d) Importer(815301076,1909f56bfc062723c751e8b465ee728b)  -> (artifact id: '3bc029161e03a736c79e22189acbbf03') in 0.328234 seconds
Number of updated asset objects reloaded before import = 0
Number of asset objects unloaded after import = 15
========================================================================
Received Import Request.
  Time since last request: 0.000030 seconds.
  path: Assets/PolygonSciFiCity/Prefabs/Buildings/SM_Building_Shack_02.prefab
  artifactKey: Guid(fda403bfb7f9ddb4bb2f8dce1834ea75) Importer(815301076,1909f56bfc062723c751e8b465ee728b)
Start importing Assets/PolygonSciFiCity/Prefabs/Buildings/SM_Building_Shack_02.prefab using Guid(fda403bfb7f9ddb4bb2f8dce1834ea75) Importer(815301076,1909f56bfc062723c751e8b465ee728b)  -> (artifact id: '8a6c49d198a15f213f52ad7a7cc28c11') in 0.245316 seconds
Number of updated asset objects reloaded before import = 0
Number of asset objects unloaded after import = 15
========================================================================
Received Import Request.
  Time since last request: 0.000046 seconds.
  path: Assets/PolygonSciFiCity/Prefabs/Buildings/SM_Bld_Section_Industrial_01.prefab
  artifactKey: Guid(2e01469249653a2469d8db1673fd4505) Importer(815301076,1909f56bfc062723c751e8b465ee728b)
Start importing Assets/PolygonSciFiCity/Prefabs/Buildings/SM_Bld_Section_Industrial_01.prefab using Guid(2e01469249653a2469d8db1673fd4505) Importer(815301076,1909f56bfc062723c751e8b465ee728b)  -> (artifact id: '79a02ef6d4a4286bc0cae53240650e32') in 0.328246 seconds
Number of updated asset objects reloaded before import = 0
Number of asset objects unloaded after import = 15
========================================================================
Received Import Request.
  Time since last request: 0.000067 seconds.
  path: Assets/PolygonSciFiCity/Prefabs/FX/FX_Hologram_Base.prefab
  artifactKey: Guid(81ecd218ad64d78478c5b09889c1b958) Importer(815301076,1909f56bfc062723c751e8b465ee728b)
Start importing Assets/PolygonSciFiCity/Prefabs/FX/FX_Hologram_Base.prefab using Guid(81ecd218ad64d78478c5b09889c1b958) Importer(815301076,1909f56bfc062723c751e8b465ee728b)  -> (artifact id: 'e821a8909c79e4e8c5f83611914efb82') in 0.348493 seconds
Number of updated asset objects reloaded before import = 0
Number of asset objects unloaded after import = 29
========================================================================
Received Import Request.
  Time since last request: 2.337111 seconds.
  path: Assets/PolygonSciFiCity/Prefabs/Props/SM_Prop_AirConditioningUnit_02.prefab
  artifactKey: Guid(c4de1579d85603245ab9ad2a03114629) Importer(815301076,1909f56bfc062723c751e8b465ee728b)
Start importing Assets/PolygonSciFiCity/Prefabs/Props/SM_Prop_AirConditioningUnit_02.prefab using Guid(c4de1579d85603245ab9ad2a03114629) Importer(815301076,1909f56bfc062723c751e8b465ee728b)  -> (artifact id: '6e8b257d7bbb7e992dd5e1331386fe5c') in 0.083362 seconds
Number of updated asset objects reloaded before import = 0
Number of asset objects unloaded after import = 15
========================================================================
Received Import Request.
  Time since last request: 0.000030 seconds.
  path: Assets/PolygonSciFiCity/Prefabs/Props/SM_Prop_Barrier_Plastic_03.prefab
  artifactKey: Guid(2760986f200606b41bf8cb5d5011ac43) Importer(815301076,1909f56bfc062723c751e8b465ee728b)
Start importing Assets/PolygonSciFiCity/Prefabs/Props/SM_Prop_Barrier_Plastic_03.prefab using Guid(2760986f200606b41bf8cb5d5011ac43) Importer(815301076,1909f56bfc062723c751e8b465ee728b)  -> (artifact id: 'e46be268db8084eda8c5e1e9b85debe9') in 0.111290 seconds
Number of updated asset objects reloaded before import = 0
Number of asset objects unloaded after import = 16
========================================================================
Received Import Request.
  Time since last request: 0.000031 seconds.
  path: Assets/PolygonSciFiCity/Prefabs/Props/SM_Prop_Beams_01.prefab
  artifactKey: Guid(beeb4c311e48ba14cb1d92a034a553be) Importer(815301076,1909f56bfc062723c751e8b465ee728b)
Start importing Assets/PolygonSciFiCity/Prefabs/Props/SM_Prop_Beams_01.prefab using Guid(beeb4c311e48ba14cb1d92a034a553be) Importer(815301076,1909f56bfc062723c751e8b465ee728b)  -> (artifact id: '4c71c67066bc80038d695f2b263fbb5e') in 0.087581 seconds
Number of updated asset objects reloaded before import = 0
Number of asset objects unloaded after import = 15
========================================================================
Received Import Request.
  Time since last request: 0.000054 seconds.
  path: Assets/PolygonSciFiCity/Prefabs/Props/SM_Prop_Crate_03.prefab
  artifactKey: Guid(abc342a947c02fe42b97460526b073e4) Importer(815301076,1909f56bfc062723c751e8b465ee728b)
Start importing Assets/PolygonSciFiCity/Prefabs/Props/SM_Prop_Crate_03.prefab using Guid(abc342a947c02fe42b97460526b073e4) Importer(815301076,1909f56bfc062723c751e8b465ee728b)  -> (artifact id: '92317c6fd13a0b7a5f8e1e0cef5a35e9') in 0.147828 seconds
Number of updated asset objects reloaded before import = 0
Number of asset objects unloaded after import = 15
========================================================================
Received Import Request.
  Time since last request: 0.000022 seconds.
  path: Assets/PolygonSciFiCity/Prefabs/Props/SM_Prop_FoodTray_04.prefab
  artifactKey: Guid(636fb01b6b0e031418f4a433d89e6992) Importer(815301076,1909f56bfc062723c751e8b465ee728b)
Start importing Assets/PolygonSciFiCity/Prefabs/Props/SM_Prop_FoodTray_04.prefab using Guid(636fb01b6b0e031418f4a433d89e6992) Importer(815301076,1909f56bfc062723c751e8b465ee728b)  -> (artifact id: '4672f96218f16395869ff7526eafa908') in 0.130509 seconds
Number of updated asset objects reloaded before import = 0
Number of asset objects unloaded after import = 15
========================================================================
Received Import Request.
  Time since last request: 0.000092 seconds.
  path: Assets/PolygonSciFiCity/Prefabs/Props/SM_Prop_Crate_04.prefab
  artifactKey: Guid(3b6822620dff24e4f9c2c71a04fd47e0) Importer(815301076,1909f56bfc062723c751e8b465ee728b)
Start importing Assets/PolygonSciFiCity/Prefabs/Props/SM_Prop_Crate_04.prefab using Guid(3b6822620dff24e4f9c2c71a04fd47e0) Importer(815301076,1909f56bfc062723c751e8b465ee728b)  -> (artifact id: 'db5e13ff9600ad11d90e8504b5eca3ea') in 0.199136 seconds
Number of updated asset objects reloaded before import = 0
Number of asset objects unloaded after import = 15
========================================================================
Received Import Request.
  Time since last request: 0.000030 seconds.
  path: Assets/PolygonSciFiCity/Prefabs/Props/SM_Prop_FoodTray_03.prefab
  artifactKey: Guid(65d941e3e5f97694a8565bc553c899db) Importer(815301076,1909f56bfc062723c751e8b465ee728b)
Start importing Assets/PolygonSciFiCity/Prefabs/Props/SM_Prop_FoodTray_03.prefab using Guid(65d941e3e5f97694a8565bc553c899db) Importer(815301076,1909f56bfc062723c751e8b465ee728b)  -> (artifact id: 'c1598fd2e9b9fb1c472016b0f5ab3465') in 0.196980 seconds
Number of updated asset objects reloaded before import = 0
Number of asset objects unloaded after import = 15
========================================================================
Received Import Request.
  Time since last request: 0.000018 seconds.
  path: Assets/PolygonSciFiCity/Prefabs/Props/SM_Prop_MarketTable_02.prefab
  artifactKey: Guid(d791db173db22b54e9e8ba224d900292) Importer(815301076,1909f56bfc062723c751e8b465ee728b)
Start importing Assets/PolygonSciFiCity/Prefabs/Props/SM_Prop_MarketTable_02.prefab using Guid(d791db173db22b54e9e8ba224d900292) Importer(815301076,1909f56bfc062723c751e8b465ee728b)  -> (artifact id: '5ac96d3608d3cf256e581709a1b64800') in 0.229076 seconds
Number of updated asset objects reloaded before import = 0
Number of asset objects unloaded after import = 15
========================================================================
Received Import Request.
  Time since last request: 0.000042 seconds.
  path: Assets/PolygonSciFiCity/Prefabs/Props/SM_Prop_Hologram_Pizza_01.prefab
  artifactKey: Guid(2c73cdfb2428d34439778c7b24037932) Importer(815301076,1909f56bfc062723c751e8b465ee728b)
Start importing Assets/PolygonSciFiCity/Prefabs/Props/SM_Prop_Hologram_Pizza_01.prefab using Guid(2c73cdfb2428d34439778c7b24037932) Importer(815301076,1909f56bfc062723c751e8b465ee728b)  -> (artifact id: 'a9971a804431382570616cd3e20b74e2') in 0.267775 seconds
Number of updated asset objects reloaded before import = 0
Number of asset objects unloaded after import = 21
========================================================================
Received Import Request.
  Time since last request: 0.000029 seconds.
  path: Assets/PolygonSciFiCity/Prefabs/Props/SM_Prop_DeadZub_01.prefab
  artifactKey: Guid(a981b0231c6c9d54498045dcdea75e5d) Importer(815301076,1909f56bfc062723c751e8b465ee728b)
Start importing Assets/PolygonSciFiCity/Prefabs/Props/SM_Prop_DeadZub_01.prefab using Guid(a981b0231c6c9d54498045dcdea75e5d) Importer(815301076,1909f56bfc062723c751e8b465ee728b)  -> (artifact id: 'a40fcac1804c9c4c30c7b6f17e4ca9da') in 0.230872 seconds
Number of updated asset objects reloaded before import = 0
Number of asset objects unloaded after import = 15
========================================================================
Received Import Request.
  Time since last request: 0.001657 seconds.
  path: Assets/PolygonSciFiCity/Prefabs/Props/SM_Prop_Cylinder_02.prefab
  artifactKey: Guid(deaa1ad20dc81704da4397729a67fd47) Importer(815301076,1909f56bfc062723c751e8b465ee728b)
Start importing Assets/PolygonSciFiCity/Prefabs/Props/SM_Prop_Cylinder_02.prefab using Guid(deaa1ad20dc81704da4397729a67fd47) Importer(815301076,1909f56bfc062723c751e8b465ee728b)  -> (artifact id: 'f41fc163d189e49a468f92fe3da03526') in 0.396422 seconds
Number of updated asset objects reloaded before import = 0
Number of asset objects unloaded after import = 15
========================================================================
Received Import Request.
  Time since last request: 0.000022 seconds.
  path: Assets/PolygonSciFiCity/Prefabs/Props/SM_Prop_Cables_Ceiling_01.prefab
  artifactKey: Guid(6db3e35aba885c24fb0a276f02c7c0a5) Importer(815301076,1909f56bfc062723c751e8b465ee728b)
Start importing Assets/PolygonSciFiCity/Prefabs/Props/SM_Prop_Cables_Ceiling_01.prefab using Guid(6db3e35aba885c24fb0a276f02c7c0a5) Importer(815301076,1909f56bfc062723c751e8b465ee728b)  -> (artifact id: 'f6558323990bead568e3a505f2511127') in 0.282281 seconds
Number of updated asset objects reloaded before import = 0
Number of asset objects unloaded after import = 13
========================================================================
Received Import Request.
  Time since last request: 0.000029 seconds.
  path: Assets/PolygonSciFiCity/Prefabs/Props/SM_Prop_MarketCovcer_02.prefab
  artifactKey: Guid(b50b10b32b48fc147b8da7bf818cc53b) Importer(815301076,1909f56bfc062723c751e8b465ee728b)
Start importing Assets/PolygonSciFiCity/Prefabs/Props/SM_Prop_MarketCovcer_02.prefab using Guid(b50b10b32b48fc147b8da7bf818cc53b) Importer(815301076,1909f56bfc062723c751e8b465ee728b)  -> (artifact id: 'ffa785340e429e933e070b6c64c0e838') in 0.225322 seconds
Number of updated asset objects reloaded before import = 0
Number of asset objects unloaded after import = 15
========================================================================
Received Import Request.
  Time since last request: 0.000087 seconds.
  path: Assets/PolygonSciFiCity/Prefabs/Props/SM_Prop_Door_03.prefab
  artifactKey: Guid(69ecde87dde10024bbddde222adba714) Importer(815301076,1909f56bfc062723c751e8b465ee728b)
Start importing Assets/PolygonSciFiCity/Prefabs/Props/SM_Prop_Door_03.prefab using Guid(69ecde87dde10024bbddde222adba714) Importer(815301076,1909f56bfc062723c751e8b465ee728b)  -> (artifact id: 'd4c029331c1cbbbf0caa96963910297b') in 0.119607 seconds
Number of updated asset objects reloaded before import = 0
Number of asset objects unloaded after import = 21
========================================================================
Received Import Request.
  Time since last request: 0.000027 seconds.
  path: Assets/PolygonSciFiCity/Prefabs/Props/SM_Prop_MarketLights_02.prefab
  artifactKey: Guid(fa726b14e6d967248833d7e6860ab2de) Importer(815301076,1909f56bfc062723c751e8b465ee728b)
Start importing Assets/PolygonSciFiCity/Prefabs/Props/SM_Prop_MarketLights_02.prefab using Guid(fa726b14e6d967248833d7e6860ab2de) Importer(815301076,1909f56bfc062723c751e8b465ee728b)  -> (artifact id: 'd79dc3a3286b15200fac9a40a5aff6fd') in 0.147259 seconds
Number of updated asset objects reloaded before import = 0
Number of asset objects unloaded after import = 15
========================================================================
Received Import Request.
  Time since last request: 0.000019 seconds.
  path: Assets/PolygonSciFiCity/Prefabs/Props/SM_Prop_Cables_03.prefab
  artifactKey: Guid(8211dfbdf5b200e44a83c7b7db5d8a45) Importer(815301076,1909f56bfc062723c751e8b465ee728b)
Start importing Assets/PolygonSciFiCity/Prefabs/Props/SM_Prop_Cables_03.prefab using Guid(8211dfbdf5b200e44a83c7b7db5d8a45) Importer(815301076,1909f56bfc062723c751e8b465ee728b)  -> (artifact id: '4d319f48b69028882f12d073753dc3db') in 0.233074 seconds
Number of updated asset objects reloaded before import = 0
Number of asset objects unloaded after import = 13
========================================================================
Received Import Request.
  Time since last request: 0.000036 seconds.
  path: Assets/PolygonSciFiCity/Prefabs/Props/SM_Prop_MarketCover_05.prefab
  artifactKey: Guid(bc74d1af733c9dd42b24fa0018d92a18) Importer(815301076,1909f56bfc062723c751e8b465ee728b)
Start importing Assets/PolygonSciFiCity/Prefabs/Props/SM_Prop_MarketCover_05.prefab using Guid(bc74d1af733c9dd42b24fa0018d92a18) Importer(815301076,1909f56bfc062723c751e8b465ee728b)  -> (artifact id: 'e578d8cb5c05605c221789cbfba37f65') in 0.199435 seconds
Number of updated asset objects reloaded before import = 0
Number of asset objects unloaded after import = 15
========================================================================
Received Import Request.
  Time since last request: 0.000028 seconds.
  path: Assets/PolygonSciFiCity/Prefabs/Props/SM_Prop_Door_01.prefab
  artifactKey: Guid(6d6091aea9e88a74d9d033aecac4842e) Importer(815301076,1909f56bfc062723c751e8b465ee728b)
Start importing Assets/PolygonSciFiCity/Prefabs/Props/SM_Prop_Door_01.prefab using Guid(6d6091aea9e88a74d9d033aecac4842e) Importer(815301076,1909f56bfc062723c751e8b465ee728b)  -> (artifact id: '2796f201d3322907c232994f865a7f1a') in 0.270677 seconds
Number of updated asset objects reloaded before import = 0
Number of asset objects unloaded after import = 15
========================================================================
Received Import Request.
  Time since last request: 0.000022 seconds.
  path: Assets/PolygonSciFiCity/Prefabs/Props/SM_Prop_Bridge_01.prefab
  artifactKey: Guid(8ae9acfff905d5e4ca5a16a83cdb346a) Importer(815301076,1909f56bfc062723c751e8b465ee728b)
Start importing Assets/PolygonSciFiCity/Prefabs/Props/SM_Prop_Bridge_01.prefab using Guid(8ae9acfff905d5e4ca5a16a83cdb346a) Importer(815301076,1909f56bfc062723c751e8b465ee728b)  -> (artifact id: 'bce5ba9836a7a106068ef3e5ef6b78a5') in 0.089837 seconds
Number of updated asset objects reloaded before import = 0
Number of asset objects unloaded after import = 15
========================================================================
Received Import Request.
  Time since last request: 0.000078 seconds.
  path: Assets/PolygonSciFiCity/Prefabs/Props/SM_Prop_Beam_01.prefab
  artifactKey: Guid(00430c0d41fec8b43b8cd6a6bb47b69e) Importer(815301076,1909f56bfc062723c751e8b465ee728b)
Start importing Assets/PolygonSciFiCity/Prefabs/Props/SM_Prop_Beam_01.prefab using Guid(00430c0d41fec8b43b8cd6a6bb47b69e) Importer(815301076,1909f56bfc062723c751e8b465ee728b)  -> (artifact id: '1ca568825d63dc932ff50d9dac71c0dc') in 0.338390 seconds
Number of updated asset objects reloaded before import = 0
Number of asset objects unloaded after import = 15
========================================================================
Received Import Request.
  Time since last request: 0.000029 seconds.
  path: Assets/PolygonSciFiCity/Prefabs/Props/SM_Prop_Cable_Crossing_Pillar_01.prefab
  artifactKey: Guid(264ccdf2cfd286448a19cf25c2f48687) Importer(815301076,1909f56bfc062723c751e8b465ee728b)
Start importing Assets/PolygonSciFiCity/Prefabs/Props/SM_Prop_Cable_Crossing_Pillar_01.prefab using Guid(264ccdf2cfd286448a19cf25c2f48687) Importer(815301076,1909f56bfc062723c751e8b465ee728b)  -> (artifact id: '98aae36619499119fbfbd572ad89df70') in 0.458262 seconds
Number of updated asset objects reloaded before import = 0
Number of asset objects unloaded after import = 15
========================================================================
Received Import Request.
  Time since last request: 0.000028 seconds.
  path: Assets/PolygonSciFiCity/Prefabs/Props/SM_Prop_Drone_01.prefab
  artifactKey: Guid(dbf6bcdd65b2193449fd6ca552a72b95) Importer(815301076,1909f56bfc062723c751e8b465ee728b)
Start importing Assets/PolygonSciFiCity/Prefabs/Props/SM_Prop_Drone_01.prefab using Guid(dbf6bcdd65b2193449fd6ca552a72b95) Importer(815301076,1909f56bfc062723c751e8b465ee728b)  -> (artifact id: '667e96e513afa1842ae7874c91fd21b4') in 0.207266 seconds
Number of updated asset objects reloaded before import = 0
Number of asset objects unloaded after import = 15
========================================================================
Received Import Request.
  Time since last request: 0.000022 seconds.
  path: Assets/PolygonSciFiCity/Prefabs/Props/SM_Prop_Glass_01.prefab
  artifactKey: Guid(ecbd9f2c941a7504b9b67d7b47a790db) Importer(815301076,1909f56bfc062723c751e8b465ee728b)
Start importing Assets/PolygonSciFiCity/Prefabs/Props/SM_Prop_Glass_01.prefab using Guid(ecbd9f2c941a7504b9b67d7b47a790db) Importer(815301076,1909f56bfc062723c751e8b465ee728b)  -> (artifact id: '7855341e8508356f133c06e7a006fcb3') in 0.339484 seconds
Number of updated asset objects reloaded before import = 0
Number of asset objects unloaded after import = 21
========================================================================
Received Import Request.
  Time since last request: 0.000029 seconds.
  path: Assets/PolygonSciFiCity/Prefabs/Props/SM_Prop_Box_Empty_01.prefab
  artifactKey: Guid(b377a79f6a3b3ac44ba919ed12be6ce4) Importer(815301076,1909f56bfc062723c751e8b465ee728b)
Start importing Assets/PolygonSciFiCity/Prefabs/Props/SM_Prop_Box_Empty_01.prefab using Guid(b377a79f6a3b3ac44ba919ed12be6ce4) Importer(815301076,1909f56bfc062723c751e8b465ee728b)  -> (artifact id: '1d508456cb19a4747729d726ca250790') in 0.242359 seconds
Number of updated asset objects reloaded before import = 0
Number of asset objects unloaded after import = 15
========================================================================
Received Import Request.
  Time since last request: 0.000028 seconds.
  path: Assets/PolygonSciFiCity/Prefabs/Props/SM_Prop_Jar_Hanging_01.prefab
  artifactKey: Guid(5e48e04605c133a42bd31976852c2095) Importer(815301076,1909f56bfc062723c751e8b465ee728b)
Start importing Assets/PolygonSciFiCity/Prefabs/Props/SM_Prop_Jar_Hanging_01.prefab using Guid(5e48e04605c133a42bd31976852c2095) Importer(815301076,1909f56bfc062723c751e8b465ee728b)  -> (artifact id: '5724c4d1d3bee008abf45c70b76a7ea1') in 0.378469 seconds
Number of updated asset objects reloaded before import = 0
Number of asset objects unloaded after import = 22
========================================================================
Received Import Request.
  Time since last request: 0.000359 seconds.
  path: Assets/PolygonSciFiCity/Prefabs/Props/SM_Prop_Crate_Large_01.prefab
  artifactKey: Guid(36ca5a606dea1eb4093d9afc773ea943) Importer(815301076,1909f56bfc062723c751e8b465ee728b)
Start importing Assets/PolygonSciFiCity/Prefabs/Props/SM_Prop_Crate_Large_01.prefab using Guid(36ca5a606dea1eb4093d9afc773ea943) Importer(815301076,1909f56bfc062723c751e8b465ee728b)  -> (artifact id: '550495b3b72e1f4b92884e273caf3c1d') in 0.160128 seconds
Number of updated asset objects reloaded before import = 0
Number of asset objects unloaded after import = 15
========================================================================
Received Import Request.
  Time since last request: 0.000016 seconds.
  path: Assets/PolygonSciFiCity/Prefabs/Props/SM_Prop_Bottle_03.prefab
  artifactKey: Guid(36671c50e5b866247937253a255b19aa) Importer(815301076,1909f56bfc062723c751e8b465ee728b)
Start importing Assets/PolygonSciFiCity/Prefabs/Props/SM_Prop_Bottle_03.prefab using Guid(36671c50e5b866247937253a255b19aa) Importer(815301076,1909f56bfc062723c751e8b465ee728b)  -> (artifact id: 'e1d1d3d39a33463dc965e3e36584d169') in 0.371766 seconds
Number of updated asset objects reloaded before import = 0
Number of asset objects unloaded after import = 15
========================================================================
Received Import Request.
  Time since last request: 0.002841 seconds.
  path: Assets/PolygonSciFiCity/Prefabs/Props/SM_Prop_Glass_02.prefab
  artifactKey: Guid(71e12bf9f7fd2e6449c9b8804e2f9b49) Importer(815301076,1909f56bfc062723c751e8b465ee728b)
Start importing Assets/PolygonSciFiCity/Prefabs/Props/SM_Prop_Glass_02.prefab using Guid(71e12bf9f7fd2e6449c9b8804e2f9b49) Importer(815301076,1909f56bfc062723c751e8b465ee728b)  -> (artifact id: '92969729d0e6e12aa9666421cf3e36da') in 0.379186 seconds
Number of updated asset objects reloaded before import = 0
Number of asset objects unloaded after import = 21
========================================================================
Received Import Request.
  Time since last request: 0.000034 seconds.
  path: Assets/PolygonSciFiCity/Prefabs/Props/SM_Prop_Dumpster_01.prefab
  artifactKey: Guid(7212648f69551c847a203228e2c30f7f) Importer(815301076,1909f56bfc062723c751e8b465ee728b)
Start importing Assets/PolygonSciFiCity/Prefabs/Props/SM_Prop_Dumpster_01.prefab using Guid(7212648f69551c847a203228e2c30f7f) Importer(815301076,1909f56bfc062723c751e8b465ee728b)  -> (artifact id: 'e319b360d5a38861c58380d3402f620d') in 0.390984 seconds
Number of updated asset objects reloaded before import = 0
Number of asset objects unloaded after import = 20
========================================================================
Received Import Request.
  Time since last request: 0.000029 seconds.
  path: Assets/PolygonSciFiCity/Prefabs/Props/SM_Prop_FoodTray_01.prefab
  artifactKey: Guid(d557e3e8ceade7e4c99f21e6c68039f3) Importer(815301076,1909f56bfc062723c751e8b465ee728b)
Start importing Assets/PolygonSciFiCity/Prefabs/Props/SM_Prop_FoodTray_01.prefab using Guid(d557e3e8ceade7e4c99f21e6c68039f3) Importer(815301076,1909f56bfc062723c751e8b465ee728b)  -> (artifact id: '22bf379828fbb99c19149be815500b3d') in 0.188084 seconds
Number of updated asset objects reloaded before import = 0
Number of asset objects unloaded after import = 15
========================================================================
Received Import Request.
  Time since last request: 0.000247 seconds.
  path: Assets/PolygonSciFiCity/Prefabs/Props/SM_Prop_Hologram_Bottle_03.prefab
  artifactKey: Guid(379eabae3615bb140990344ce8a9a9f9) Importer(815301076,1909f56bfc062723c751e8b465ee728b)
Start importing Assets/PolygonSciFiCity/Prefabs/Props/SM_Prop_Hologram_Bottle_03.prefab using Guid(379eabae3615bb140990344ce8a9a9f9) Importer(815301076,1909f56bfc062723c751e8b465ee728b)  -> (artifact id: '2f97d2f16cf892748413f7426275a670') in 0.095782 seconds
Number of updated asset objects reloaded before import = 0
Number of asset objects unloaded after import = 21
========================================================================
Received Import Request.
  Time since last request: 0.000081 seconds.
  path: Assets/PolygonSciFiCity/Prefabs/Props/SM_Prop_Barrier_01.prefab
  artifactKey: Guid(c444ce6e54943f64a895431df8872a52) Importer(815301076,1909f56bfc062723c751e8b465ee728b)
Start importing Assets/PolygonSciFiCity/Prefabs/Props/SM_Prop_Barrier_01.prefab using Guid(c444ce6e54943f64a895431df8872a52) Importer(815301076,1909f56bfc062723c751e8b465ee728b)  -> (artifact id: 'd7d2f5e2d8b2968d675e500d389eb663') in 0.345465 seconds
Number of updated asset objects reloaded before import = 0
Number of asset objects unloaded after import = 15
========================================================================
Received Import Request.
  Time since last request: 0.000032 seconds.
  path: Assets/PolygonSciFiCity/Prefabs/Props/SM_Prop_Bottles_01.prefab
  artifactKey: Guid(8c5efe8072b66414495d7036b80dac59) Importer(815301076,1909f56bfc062723c751e8b465ee728b)
Start importing Assets/PolygonSciFiCity/Prefabs/Props/SM_Prop_Bottles_01.prefab using Guid(8c5efe8072b66414495d7036b80dac59) Importer(815301076,1909f56bfc062723c751e8b465ee728b)  -> (artifact id: '69fe346c9eccd4bb2cadeb026cdc02ac') in 0.316796 seconds
Number of updated asset objects reloaded before import = 0
Number of asset objects unloaded after import = 13
========================================================================
Received Import Request.
  Time since last request: 0.000026 seconds.
  path: Assets/PolygonSciFiCity/Prefabs/Props/SM_Prop_Cable_Crossing_Machine_01.prefab
  artifactKey: Guid(cbceef30a3e489d49b0d717018a71050) Importer(815301076,1909f56bfc062723c751e8b465ee728b)
Start importing Assets/PolygonSciFiCity/Prefabs/Props/SM_Prop_Cable_Crossing_Machine_01.prefab using Guid(cbceef30a3e489d49b0d717018a71050) Importer(815301076,1909f56bfc062723c751e8b465ee728b)  -> (artifact id: 'fd2105bc51a9d636d96ac4babde503a2') in 0.271760 seconds
Number of updated asset objects reloaded before import = 0
Number of asset objects unloaded after import = 15
========================================================================
Received Import Request.
  Time since last request: 0.000097 seconds.
  path: Assets/PolygonSciFiCity/Prefabs/Props/SM_Prop_Medical_Chair_01.prefab
  artifactKey: Guid(ccd6d67b70474f04a8529bd7d4461ecf) Importer(815301076,1909f56bfc062723c751e8b465ee728b)
Start importing Assets/PolygonSciFiCity/Prefabs/Props/SM_Prop_Medical_Chair_01.prefab using Guid(ccd6d67b70474f04a8529bd7d4461ecf) Importer(815301076,1909f56bfc062723c751e8b465ee728b)  -> (artifact id: '1319210fab6dbedc12834195da6fd9c9') in 0.196065 seconds
Number of updated asset objects reloaded before import = 0
Number of asset objects unloaded after import = 15
========================================================================
Received Import Request.
  Time since last request: 0.000029 seconds.
  path: Assets/PolygonSciFiCity/Prefabs/Props/SM_Prop_Cage_02.prefab
  artifactKey: Guid(e1c74edc720c4d74cbd5375f4ff3525f) Importer(815301076,1909f56bfc062723c751e8b465ee728b)
Start importing Assets/PolygonSciFiCity/Prefabs/Props/SM_Prop_Cage_02.prefab using Guid(e1c74edc720c4d74cbd5375f4ff3525f) Importer(815301076,1909f56bfc062723c751e8b465ee728b)  -> (artifact id: '5ddf23c03e1f841b0cc477d0f18326c0') in 0.160285 seconds
Number of updated asset objects reloaded before import = 0
Number of asset objects unloaded after import = 15
========================================================================
Received Import Request.
  Time since last request: 1.997127 seconds.
  path: Assets/PolygonSciFiCity/Prefabs/Props/SM_Prop_Noodles_01.prefab
  artifactKey: Guid(a43086555232f7c41bc875b5e5ccd081) Importer(815301076,1909f56bfc062723c751e8b465ee728b)
Start importing Assets/PolygonSciFiCity/Prefabs/Props/SM_Prop_Noodles_01.prefab using Guid(a43086555232f7c41bc875b5e5ccd081) Importer(815301076,1909f56bfc062723c751e8b465ee728b)  -> (artifact id: '96b68f834a65c53fb33e5781fecc49e8') in 0.085718 seconds
Number of updated asset objects reloaded before import = 0
Number of asset objects unloaded after import = 15
========================================================================
Received Import Request.
  Time since last request: 0.000028 seconds.
  path: Assets/PolygonSciFiCity/Prefabs/Props/SM_Prop_Paper_Lantern_01.prefab
  artifactKey: Guid(d71ef14e65958ca4cb303cb74b7c1f3d) Importer(815301076,1909f56bfc062723c751e8b465ee728b)
Start importing Assets/PolygonSciFiCity/Prefabs/Props/SM_Prop_Paper_Lantern_01.prefab using Guid(d71ef14e65958ca4cb303cb74b7c1f3d) Importer(815301076,1909f56bfc062723c751e8b465ee728b)  -> (artifact id: '1d22c73012085a7fb76e970b0c19e061') in 0.222578 seconds
Number of updated asset objects reloaded before import = 0
Number of asset objects unloaded after import = 15
========================================================================
Received Import Request.
  Time since last request: 0.001067 seconds.
  path: Assets/PolygonSciFiCity/Prefabs/Props/SM_Prop_Pipes_03.prefab
  artifactKey: Guid(af8e7b9e234ccc445989f26edf6513ef) Importer(815301076,1909f56bfc062723c751e8b465ee728b)
Start importing Assets/PolygonSciFiCity/Prefabs/Props/SM_Prop_Pipes_03.prefab using Guid(af8e7b9e234ccc445989f26edf6513ef) Importer(815301076,1909f56bfc062723c751e8b465ee728b)  -> (artifact id: '72635a0bae8a93028ef46b50268c0247') in 0.126105 seconds
Number of updated asset objects reloaded before import = 0
Number of asset objects unloaded after import = 15
========================================================================
Received Import Request.
  Time since last request: 0.000054 seconds.
  path: Assets/PolygonSciFiCity/Prefabs/Props/SM_Prop_Pipes_01.prefab
  artifactKey: Guid(ae8a07d8f8f6c28428b661a2a622cc7c) Importer(815301076,1909f56bfc062723c751e8b465ee728b)
Start importing Assets/PolygonSciFiCity/Prefabs/Props/SM_Prop_Pipes_01.prefab using Guid(ae8a07d8f8f6c28428b661a2a622cc7c) Importer(815301076,1909f56bfc062723c751e8b465ee728b)  -> (artifact id: '528484ae5eafcc30b79a65718b4a6523') in 0.234406 seconds
Number of updated asset objects reloaded before import = 0
Number of asset objects unloaded after import = 15
========================================================================
Received Import Request.
  Time since last request: 0.000023 seconds.
  path: Assets/PolygonSciFiCity/Prefabs/Props/SM_Prop_Paper_Lantern_02.prefab
  artifactKey: Guid(49dfa7d19c855b84faf678bed61ccb73) Importer(815301076,1909f56bfc062723c751e8b465ee728b)
Start importing Assets/PolygonSciFiCity/Prefabs/Props/SM_Prop_Paper_Lantern_02.prefab using Guid(49dfa7d19c855b84faf678bed61ccb73) Importer(815301076,1909f56bfc062723c751e8b465ee728b)  -> (artifact id: '5cbbb7b07c27f7bda7eb3a6c00eea68c') in 0.191706 seconds
Number of updated asset objects reloaded before import = 0
Number of asset objects unloaded after import = 15
========================================================================
Received Import Request.
  Time since last request: 2.319641 seconds.
  path: Assets/PolygonSciFiCity/Prefabs/Props/SM_Prop_Robotic_Part_04.prefab
  artifactKey: Guid(61b8f3ab787fda74291bbde164182f3f) Importer(815301076,1909f56bfc062723c751e8b465ee728b)
Start importing Assets/PolygonSciFiCity/Prefabs/Props/SM_Prop_Robotic_Part_04.prefab using Guid(61b8f3ab787fda74291bbde164182f3f) Importer(815301076,1909f56bfc062723c751e8b465ee728b)  -> (artifact id: '34e8829415022d9dbf56b77bab2e4a5b') in 0.084892 seconds
Number of updated asset objects reloaded before import = 0
Number of asset objects unloaded after import = 15
========================================================================
Received Import Request.
  Time since last request: 0.000033 seconds.
  path: Assets/PolygonSciFiCity/Prefabs/Props/SM_Prop_Robotic_Part_08.prefab
  artifactKey: Guid(27eb572e088b5a1419c89e16aeee7a18) Importer(815301076,1909f56bfc062723c751e8b465ee728b)
Start importing Assets/PolygonSciFiCity/Prefabs/Props/SM_Prop_Robotic_Part_08.prefab using Guid(27eb572e088b5a1419c89e16aeee7a18) Importer(815301076,1909f56bfc062723c751e8b465ee728b)  -> (artifact id: '888666357da831f10434c07b76c8dd04') in 0.151079 seconds
Number of updated asset objects reloaded before import = 0
Number of asset objects unloaded after import = 15
========================================================================
Received Import Request.
  Time since last request: 0.000025 seconds.
  path: Assets/PolygonSciFiCity/Prefabs/Props/SM_Prop_SciFi_Pad_01.prefab
  artifactKey: Guid(d7a17a433ce072c4f9a1e52299cf0569) Importer(815301076,1909f56bfc062723c751e8b465ee728b)
Start importing Assets/PolygonSciFiCity/Prefabs/Props/SM_Prop_SciFi_Pad_01.prefab using Guid(d7a17a433ce072c4f9a1e52299cf0569) Importer(815301076,1909f56bfc062723c751e8b465ee728b)  -> (artifact id: 'a1384a43136508686c4699ec5dd05186') in 0.084931 seconds
Number of updated asset objects reloaded before import = 0
Number of asset objects unloaded after import = 15
========================================================================
Received Import Request.
  Time since last request: 0.000049 seconds.
  path: Assets/PolygonSciFiCity/Prefabs/Props/SM_Prop_RubbishPile_03.prefab
  artifactKey: Guid(a018652472678ac4da0156a81a55a871) Importer(815301076,1909f56bfc062723c751e8b465ee728b)
Start importing Assets/PolygonSciFiCity/Prefabs/Props/SM_Prop_RubbishPile_03.prefab using Guid(a018652472678ac4da0156a81a55a871) Importer(815301076,1909f56bfc062723c751e8b465ee728b)  -> (artifact id: 'b2e1b91e396d500ef7505339856e7219') in 0.082655 seconds
Number of updated asset objects reloaded before import = 0
Number of asset objects unloaded after import = 15
========================================================================
Received Import Request.
  Time since last request: 0.000038 seconds.
  path: Assets/PolygonSciFiCity/Prefabs/Props/SM_Prop_Sidewalk_Panel_03.prefab
  artifactKey: Guid(2f98ba775e8c8cc4aaf1e3c44721dfcb) Importer(815301076,1909f56bfc062723c751e8b465ee728b)
Start importing Assets/PolygonSciFiCity/Prefabs/Props/SM_Prop_Sidewalk_Panel_03.prefab using Guid(2f98ba775e8c8cc4aaf1e3c44721dfcb) Importer(815301076,1909f56bfc062723c751e8b465ee728b)  -> (artifact id: '3e6c2284e2465d595e6dac8d6fd5f772') in 0.171780 seconds
Number of updated asset objects reloaded before import = 0
Number of asset objects unloaded after import = 15
========================================================================
Received Import Request.
  Time since last request: 0.000036 seconds.
  path: Assets/PolygonSciFiCity/Prefabs/Props/SM_Prop_Sidewalk_Panel_04.prefab
  artifactKey: Guid(4489d306ac415cb4ab5f611d78af9591) Importer(815301076,1909f56bfc062723c751e8b465ee728b)
Start importing Assets/PolygonSciFiCity/Prefabs/Props/SM_Prop_Sidewalk_Panel_04.prefab using Guid(4489d306ac415cb4ab5f611d78af9591) Importer(815301076,1909f56bfc062723c751e8b465ee728b)  -> (artifact id: 'aa66123c568e5d03e30f833d7323a68a') in 0.151568 seconds
Number of updated asset objects reloaded before import = 0
Number of asset objects unloaded after import = 15
========================================================================
Received Import Request.
  Time since last request: 0.000031 seconds.
  path: Assets/PolygonSciFiCity/Prefabs/Props/SM_Prop_RubbishPile_01.prefab
  artifactKey: Guid(9c7e8190761130140ad6d4d31e4fe3e2) Importer(815301076,1909f56bfc062723c751e8b465ee728b)
Start importing Assets/PolygonSciFiCity/Prefabs/Props/SM_Prop_RubbishPile_01.prefab using Guid(9c7e8190761130140ad6d4d31e4fe3e2) Importer(815301076,1909f56bfc062723c751e8b465ee728b)  -> (artifact id: 'ac8f396c250a85db21d95ae242210f8b') in 0.252342 seconds
Number of updated asset objects reloaded before import = 0
Number of asset objects unloaded after import = 15
========================================================================
Received Import Request.
  Time since last request: 0.000093 seconds.
  path: Assets/PolygonSciFiCity/Prefabs/Props/SM_Prop_Security_Monitor_01.prefab
  artifactKey: Guid(d2e502aca5c81b24aa4e0ef05944eb0b) Importer(815301076,1909f56bfc062723c751e8b465ee728b)
Start importing Assets/PolygonSciFiCity/Prefabs/Props/SM_Prop_Security_Monitor_01.prefab using Guid(d2e502aca5c81b24aa4e0ef05944eb0b) Importer(815301076,1909f56bfc062723c751e8b465ee728b)  -> (artifact id: '718f3f2927d3cb5dbcd071f72f8427fe') in 0.194515 seconds
Number of updated asset objects reloaded before import = 0
Number of asset objects unloaded after import = 15
========================================================================
Received Import Request.
  Time since last request: 0.000038 seconds.
  path: Assets/PolygonSciFiCity/Prefabs/Props/SM_Prop_SatDish_Base_01.prefab
  artifactKey: Guid(4f3e768c235f75a45ad6ba9206ccf11c) Importer(815301076,1909f56bfc062723c751e8b465ee728b)
Start importing Assets/PolygonSciFiCity/Prefabs/Props/SM_Prop_SatDish_Base_01.prefab using Guid(4f3e768c235f75a45ad6ba9206ccf11c) Importer(815301076,1909f56bfc062723c751e8b465ee728b)  -> (artifact id: '5e1f44bd93c00f9c97842c0f53801f1b') in 0.086276 seconds
Number of updated asset objects reloaded before import = 0
Number of asset objects unloaded after import = 20
========================================================================
Received Import Request.
  Time since last request: 0.000044 seconds.
  path: Assets/PolygonSciFiCity/Prefabs/Props/SM_Prop_Rubbish_Paper_03.prefab
  artifactKey: Guid(f4e7aafddc507f340b682560df2b00f6) Importer(815301076,1909f56bfc062723c751e8b465ee728b)
Start importing Assets/PolygonSciFiCity/Prefabs/Props/SM_Prop_Rubbish_Paper_03.prefab using Guid(f4e7aafddc507f340b682560df2b00f6) Importer(815301076,1909f56bfc062723c751e8b465ee728b)  -> (artifact id: 'be6b0747873d5aabcf952eba5a583b48') in 0.049164 seconds
Number of updated asset objects reloaded before import = 0
Number of asset objects unloaded after import = 16
========================================================================
Received Import Request.
  Time since last request: 0.000030 seconds.
  path: Assets/PolygonSciFiCity/Prefabs/Props/SM_Prop_StripClub_Chair_01.prefab
  artifactKey: Guid(81b5f406b403acb4a900c1525507b489) Importer(815301076,1909f56bfc062723c751e8b465ee728b)
Start importing Assets/PolygonSciFiCity/Prefabs/Props/SM_Prop_StripClub_Chair_01.prefab using Guid(81b5f406b403acb4a900c1525507b489) Importer(815301076,1909f56bfc062723c751e8b465ee728b)  -> (artifact id: '266b34c9ed108f7e8585d98a28032b4f') in 0.432297 seconds
Number of updated asset objects reloaded before import = 0
Number of asset objects unloaded after import = 15
========================================================================
Received Import Request.
  Time since last request: 0.000026 seconds.
  path: Assets/PolygonSciFiCity/Prefabs/Props/SM_Prop_StripClub_Table_01.prefab
  artifactKey: Guid(11f4485fae28000449156b9af4b3af06) Importer(815301076,1909f56bfc062723c751e8b465ee728b)
Start importing Assets/PolygonSciFiCity/Prefabs/Props/SM_Prop_StripClub_Table_01.prefab using Guid(11f4485fae28000449156b9af4b3af06) Importer(815301076,1909f56bfc062723c751e8b465ee728b)  -> (artifact id: '886acf965371fec5c67ecd6c723b64a7') in 0.078401 seconds
Number of updated asset objects reloaded before import = 0
Number of asset objects unloaded after import = 15
========================================================================
Received Import Request.
  Time since last request: 0.000030 seconds.
  path: Assets/PolygonSciFiCity/Prefabs/Props/SM_Prop_TrashCan_01.prefab
  artifactKey: Guid(49403e0fe06c5a94caf8def848fd9941) Importer(815301076,1909f56bfc062723c751e8b465ee728b)
Start importing Assets/PolygonSciFiCity/Prefabs/Props/SM_Prop_TrashCan_01.prefab using Guid(49403e0fe06c5a94caf8def848fd9941) Importer(815301076,1909f56bfc062723c751e8b465ee728b)  -> (artifact id: '86a129aa3c59f6bf04bc842b58f5a801') in 0.077399 seconds
Number of updated asset objects reloaded before import = 0
Number of asset objects unloaded after import = 20
========================================================================
Received Import Request.
  Time since last request: 0.000021 seconds.
  path: Assets/PolygonSciFiCity/Prefabs/Props/SM_Prop_Vent_01.prefab
  artifactKey: Guid(5c1f86aeb0747f6449927587c59d8e9e) Importer(815301076,1909f56bfc062723c751e8b465ee728b)
Start importing Assets/PolygonSciFiCity/Prefabs/Props/SM_Prop_Vent_01.prefab using Guid(5c1f86aeb0747f6449927587c59d8e9e) Importer(815301076,1909f56bfc062723c751e8b465ee728b)  -> (artifact id: '28e3082d1c3af3d17f6e223471b17ae7') in 0.080938 seconds
Number of updated asset objects reloaded before import = 0
Number of asset objects unloaded after import = 15
========================================================================
Received Import Request.
  Time since last request: 0.000021 seconds.
  path: Assets/PolygonSciFiCity/Prefabs/Props/SM_Prop_VendingMachine_Soda_01.prefab
  artifactKey: Guid(b9aa404ea67c0ae41b1fc669a5b71369) Importer(815301076,1909f56bfc062723c751e8b465ee728b)
Start importing Assets/PolygonSciFiCity/Prefabs/Props/SM_Prop_VendingMachine_Soda_01.prefab using Guid(b9aa404ea67c0ae41b1fc669a5b71369) Importer(815301076,1909f56bfc062723c751e8b465ee728b)  -> (artifact id: 'b7d254a35615e603ff7f7e2372cdf1d0') in 0.155681 seconds
Number of updated asset objects reloaded before import = 0
Number of asset objects unloaded after import = 21
========================================================================
Received Import Request.
  Time since last request: 0.044305 seconds.
  path: Assets/PolygonSciFiCity/Prefabs/Props/SM_Prop_TrashBag_01.prefab
  artifactKey: Guid(6327f3b529212ab4692c4ce3714ab082) Importer(815301076,1909f56bfc062723c751e8b465ee728b)
Start importing Assets/PolygonSciFiCity/Prefabs/Props/SM_Prop_TrashBag_01.prefab using Guid(6327f3b529212ab4692c4ce3714ab082) Importer(815301076,1909f56bfc062723c751e8b465ee728b)  -> (artifact id: '87092f62a99ee9c71db6cb0ca4a5f91d') in 0.207737 seconds
Number of updated asset objects reloaded before import = 0
Number of asset objects unloaded after import = 15
========================================================================
Received Import Request.
  Time since last request: 0.000037 seconds.
  path: Assets/PolygonSciFiCity/Prefabs/Props/SM_Prop_table_01.prefab
  artifactKey: Guid(fb85b3c23b991e249a29afe99d47b0eb) Importer(815301076,1909f56bfc062723c751e8b465ee728b)
Start importing Assets/PolygonSciFiCity/Prefabs/Props/SM_Prop_table_01.prefab using Guid(fb85b3c23b991e249a29afe99d47b0eb) Importer(815301076,1909f56bfc062723c751e8b465ee728b)  -> (artifact id: 'cdd36ef779330aa51af0084fa8062a55') in 0.132670 seconds
Number of updated asset objects reloaded before import = 0
Number of asset objects unloaded after import = 15
========================================================================
Received Import Request.
  Time since last request: 0.000026 seconds.
  path: Assets/PolygonSciFiCity/Prefabs/Props/SM_Prop_Table_Small_01.prefab
  artifactKey: Guid(530f2b006b035de45bcd4d17f288924f) Importer(815301076,1909f56bfc062723c751e8b465ee728b)
Start importing Assets/PolygonSciFiCity/Prefabs/Props/SM_Prop_Table_Small_01.prefab using Guid(530f2b006b035de45bcd4d17f288924f) Importer(815301076,1909f56bfc062723c751e8b465ee728b)  -> (artifact id: 'a49266501bdaed54b461534d621afb55') in 0.161062 seconds
Number of updated asset objects reloaded before import = 0
Number of asset objects unloaded after import = 15
========================================================================
Received Import Request.
  Time since last request: 0.000506 seconds.
  path: Assets/PolygonSciFiCity/Prefabs/Props/SM_Prop_Rubbish_Bin_01.prefab
  artifactKey: Guid(c827c24f41bb1224aa742a2a9b9f2aa4) Importer(815301076,1909f56bfc062723c751e8b465ee728b)
Start importing Assets/PolygonSciFiCity/Prefabs/Props/SM_Prop_Rubbish_Bin_01.prefab using Guid(c827c24f41bb1224aa742a2a9b9f2aa4) Importer(815301076,1909f56bfc062723c751e8b465ee728b)  -> (artifact id: 'e2ac57a7077c8360c735bb7f65eccc98') in 0.131143 seconds
Number of updated asset objects reloaded before import = 0
Number of asset objects unloaded after import = 22
========================================================================
Received Import Request.
  Time since last request: 0.000028 seconds.
  path: Assets/PolygonSciFiCity/Prefabs/Props/SM_Prop_Sidewalk_Barrier_01.prefab
  artifactKey: Guid(9433d2e860cc27c45851217484c26fa5) Importer(815301076,1909f56bfc062723c751e8b465ee728b)
Start importing Assets/PolygonSciFiCity/Prefabs/Props/SM_Prop_Sidewalk_Barrier_01.prefab using Guid(9433d2e860cc27c45851217484c26fa5) Importer(815301076,1909f56bfc062723c751e8b465ee728b)  -> (artifact id: 'aba2381f92ad113692e04156202c0d89') in 0.101405 seconds
Number of updated asset objects reloaded before import = 0
Number of asset objects unloaded after import = 15
========================================================================
Received Import Request.
  Time since last request: 0.000031 seconds.
  path: Assets/PolygonSciFiCity/Prefabs/Props/SM_Prop_Sidewalk_Panel_06.prefab
  artifactKey: Guid(22c2bc3ab58f9ac4a9946af9d1154158) Importer(815301076,1909f56bfc062723c751e8b465ee728b)
Start importing Assets/PolygonSciFiCity/Prefabs/Props/SM_Prop_Sidewalk_Panel_06.prefab using Guid(22c2bc3ab58f9ac4a9946af9d1154158) Importer(815301076,1909f56bfc062723c751e8b465ee728b)  -> (artifact id: 'ed3bfe60a0fae41151a323622c162602') in 0.199632 seconds
Number of updated asset objects reloaded before import = 0
Number of asset objects unloaded after import = 15
========================================================================
Received Import Request.
  Time since last request: 0.000025 seconds.
  path: Assets/PolygonSciFiCity/Prefabs/Props/SM_Prop_Security_Camera_02.prefab
  artifactKey: Guid(9126448fb9094a74eb4ea5249361cdbd) Importer(815301076,1909f56bfc062723c751e8b465ee728b)
Start importing Assets/PolygonSciFiCity/Prefabs/Props/SM_Prop_Security_Camera_02.prefab using Guid(9126448fb9094a74eb4ea5249361cdbd) Importer(815301076,1909f56bfc062723c751e8b465ee728b)  -> (artifact id: 'c612a1bc186d52cc12319224e38b1395') in 0.191317 seconds
Number of updated asset objects reloaded before import = 0
Number of asset objects unloaded after import = 20
========================================================================
Received Import Request.
  Time since last request: 0.000026 seconds.
  path: Assets/PolygonSciFiCity/Prefabs/Props/SM_Prop_SatDish_01.prefab
  artifactKey: Guid(784a5c4eb3c45c04fa8878f5823ab905) Importer(815301076,1909f56bfc062723c751e8b465ee728b)
Start importing Assets/PolygonSciFiCity/Prefabs/Props/SM_Prop_SatDish_01.prefab using Guid(784a5c4eb3c45c04fa8878f5823ab905) Importer(815301076,1909f56bfc062723c751e8b465ee728b)  -> (artifact id: 'cdacab16821db3ad7d2af1a7926bd02c') in 0.081161 seconds
Number of updated asset objects reloaded before import = 0
Number of asset objects unloaded after import = 15
========================================================================
Received Import Request.
  Time since last request: 0.001613 seconds.
  path: Assets/PolygonSciFiCity/Prefabs/Props/SM_Prop_Robotic_Part_011.prefab
  artifactKey: Guid(2be04e8620a0bfd4ea0b0997be515d53) Importer(815301076,1909f56bfc062723c751e8b465ee728b)
Start importing Assets/PolygonSciFiCity/Prefabs/Props/SM_Prop_Robotic_Part_011.prefab using Guid(2be04e8620a0bfd4ea0b0997be515d53) Importer(815301076,1909f56bfc062723c751e8b465ee728b)  -> (artifact id: '4c4e4f890eaf8e894046a8325d28af72') in 0.081816 seconds
Number of updated asset objects reloaded before import = 0
Number of asset objects unloaded after import = 15
Editor requested this worker to shutdown with reason: Scaling down because of idle timeout
TcpMessagingSession - receive error
AssetImportWorkerClient::OnTransportError - code=2 error=End of file
AssetImportWorker is now disconnected from the server
Process exiting
Exiting without the bug reporter. Application will terminate with return code 0