Using pre-set license
Built from '2022.3/staging' branch; Version is '2022.3.14f1 (eff2de9070d8) revision 15725278'; Using compiler version '192829333'; Build Type 'Release'
OS: 'Windows 10  (10.0.19045) 64bit Professional' Language: 'tr' Physical Memory: 16272 MB
BatchMode: 1, IsHumanControllingUs: 0, StartBugReporterOnCrash: 0, Is64bit: 1, IsPro: 1

COMMAND LINE ARGUMENTS:
C:\Program Files\Unity\Hub\Editor\2022.3.14f1\Editor\Unity.exe
-adb2
-batchMode
-noUpm
-name
AssetImportWorker8
-projectPath
D:/PolygonGame/ATUJam/DreamsOfTime
-logFile
Logs/AssetImportWorker8.log
-srvPort
60808
Successfully changed project path to: D:/PolygonGame/ATUJam/DreamsOfTime
D:/PolygonGame/ATUJam/DreamsOfTime
[UnityMemory] Configuration Parameters - Can be set up in boot.config
    "memorysetup-bucket-allocator-granularity=16"
    "memorysetup-bucket-allocator-bucket-count=8"
    "memorysetup-bucket-allocator-block-size=33554432"
    "memorysetup-bucket-allocator-block-count=8"
    "memorysetup-main-allocator-block-size=16777216"
    "memorysetup-thread-allocator-block-size=16777216"
    "memorysetup-gfx-main-allocator-block-size=16777216"
    "memorysetup-gfx-thread-allocator-block-size=16777216"
    "memorysetup-cache-allocator-block-size=4194304"
    "memorysetup-typetree-allocator-block-size=2097152"
    "memorysetup-profiler-bucket-allocator-granularity=16"
    "memorysetup-profiler-bucket-allocator-bucket-count=8"
    "memorysetup-profiler-bucket-allocator-block-size=33554432"
    "memorysetup-profiler-bucket-allocator-block-count=8"
    "memorysetup-profiler-allocator-block-size=16777216"
    "memorysetup-profiler-editor-allocator-block-size=1048576"
    "memorysetup-temp-allocator-size-main=16777216"
    "memorysetup-job-temp-allocator-block-size=2097152"
    "memorysetup-job-temp-allocator-block-size-background=1048576"
    "memorysetup-job-temp-allocator-reduction-small-platforms=262144"
    "memorysetup-allocator-temp-initial-block-size-main=262144"
    "memorysetup-allocator-temp-initial-block-size-worker=262144"
    "memorysetup-temp-allocator-size-background-worker=32768"
    "memorysetup-temp-allocator-size-job-worker=262144"
    "memorysetup-temp-allocator-size-preload-manager=33554432"
    "memorysetup-temp-allocator-size-nav-mesh-worker=65536"
    "memorysetup-temp-allocator-size-audio-worker=65536"
    "memorysetup-temp-allocator-size-cloud-worker=32768"
    "memorysetup-temp-allocator-size-gi-baking-worker=262144"
    "memorysetup-temp-allocator-size-gfx=262144"
Player connection [11440] Host "[IP] 192.168.1.21 [Port] 0 [Flags] 2 [Guid] 1877553616 [EditorId] 1877553616 [Version] 1048832 [Id] WindowsEditor(7,Halo) [Debug] 1 [PackageName] WindowsEditor [ProjectName] Editor" joined multi-casting on [225.0.0.222:54997]...

Player connection [11440] Host "[IP] 192.168.1.21 [Port] 0 [Flags] 2 [Guid] 1877553616 [EditorId] 1877553616 [Version] 1048832 [Id] WindowsEditor(7,Halo) [Debug] 1 [PackageName] WindowsEditor [ProjectName] Editor" joined alternative multi-casting on [225.0.0.222:34997]...

[Physics::Module] Initialized MultithreadedJobDispatcher with 3 workers.
Refreshing native plugins compatible for Editor in 17.37 ms, found 3 plugins.
Preloading 0 native plugins for Editor in 0.00 ms.
Initialize engine version: 2022.3.14f1 (eff2de9070d8)
[Subsystems] Discovering subsystems at path C:/Program Files/Unity/Hub/Editor/2022.3.14f1/Editor/Data/Resources/UnitySubsystems
[Subsystems] Discovering subsystems at path D:/PolygonGame/ATUJam/DreamsOfTime/Assets
GfxDevice: creating device client; threaded=0; jobified=0
Direct3D:
    Version:  Direct3D 11.0 [level 11.1]
    Renderer: NVIDIA GeForce GTX 1050 (ID=0x1c8d)
    Vendor:   NVIDIA
    VRAM:     4004 MB
    Driver:   31.0.15.5161
Initialize mono
Mono path[0] = 'C:/Program Files/Unity/Hub/Editor/2022.3.14f1/Editor/Data/Managed'
Mono path[1] = 'C:/Program Files/Unity/Hub/Editor/2022.3.14f1/Editor/Data/MonoBleedingEdge/lib/mono/unityjit-win32'
Mono config path = 'C:/Program Files/Unity/Hub/Editor/2022.3.14f1/Editor/Data/MonoBleedingEdge/etc'
Using monoOptions --debugger-agent=transport=dt_socket,embedding=1,server=y,suspend=n,address=127.0.0.1:56684
Begin MonoManager ReloadAssembly
Registering precompiled unity dll's ...
Register platform support module: C:/Program Files/Unity/Hub/Editor/2022.3.14f1/Editor/Data/PlaybackEngines/WebGLSupport/UnityEditor.WebGL.Extensions.dll
Register platform support module: C:/Program Files/Unity/Hub/Editor/2022.3.14f1/Editor/Data/PlaybackEngines/WindowsStandaloneSupport/UnityEditor.WindowsStandalone.Extensions.dll
Registered in 0.032240 seconds.
- Loaded All Assemblies, in  1.339 seconds
Native extension for WindowsStandalone target not found
Native extension for WebGL target not found
Mono: successfully reloaded assembly
- Finished resetting the current domain, in  1.000 seconds
Domain Reload Profiling: 2331ms
	BeginReloadAssembly (454ms)
		ExecutionOrderSort (0ms)
		DisableScriptedObjects (0ms)
		BackupInstance (0ms)
		ReleaseScriptingObjects (0ms)
		CreateAndSetChildDomain (2ms)
	RebuildCommonClasses (76ms)
	RebuildNativeTypeToScriptingClass (30ms)
	initialDomainReloadingComplete (225ms)
	LoadAllAssembliesAndSetupDomain (546ms)
		LoadAssemblies (422ms)
		RebuildTransferFunctionScriptingTraits (0ms)
		AnalyzeDomain (543ms)
			TypeCache.Refresh (540ms)
				TypeCache.ScanAssembly (486ms)
			ScanForSourceGeneratedMonoScriptInfo (1ms)
			ResolveRequiredComponents (1ms)
	FinalizeReload (1000ms)
		ReleaseScriptCaches (0ms)
		RebuildScriptCaches (0ms)
		SetupLoadedEditorAssemblies (775ms)
			LogAssemblyErrors (0ms)
			InitializePlatformSupportModulesInManaged (64ms)
			SetLoadedEditorAssemblies (15ms)
			RefreshPlugins (0ms)
			BeforeProcessingInitializeOnLoad (3ms)
			ProcessInitializeOnLoadAttributes (525ms)
			ProcessInitializeOnLoadMethodAttributes (167ms)
			AfterProcessingInitializeOnLoad (0ms)
			EditorAssembliesLoaded (0ms)
		ExecutionOrderSort2 (0ms)
		AwakeInstancesAfterBackupRestoration (0ms)
========================================================================
Worker process is ready to serve import requests
Begin MonoManager ReloadAssembly
- Loaded All Assemblies, in  2.384 seconds
Refreshing native plugins compatible for Editor in 4.44 ms, found 3 plugins.
Native extension for WindowsStandalone target not found
Native extension for WebGL target not found
Package Manager log level set to [2]
[Package Manager] Server::EnsureServerProcessIsRunning -- launch failed, reason: Unity was launched with the -noUpm command-line argument
[Package Manager] UpmClient::Send -- Unable to send message (not connected to UPM process).
[Package Manager] Cannot connect to Unity Package Manager local server
Mono: successfully reloaded assembly
- Finished resetting the current domain, in  4.942 seconds
Domain Reload Profiling: 7319ms
	BeginReloadAssembly (698ms)
		ExecutionOrderSort (0ms)
		DisableScriptedObjects (30ms)
		BackupInstance (0ms)
		ReleaseScriptingObjects (0ms)
		CreateAndSetChildDomain (87ms)
	RebuildCommonClasses (99ms)
	RebuildNativeTypeToScriptingClass (35ms)
	initialDomainReloadingComplete (174ms)
	LoadAllAssembliesAndSetupDomain (1369ms)
		LoadAssemblies (1046ms)
		RebuildTransferFunctionScriptingTraits (0ms)
		AnalyzeDomain (664ms)
			TypeCache.Refresh (539ms)
				TypeCache.ScanAssembly (501ms)
			ScanForSourceGeneratedMonoScriptInfo (69ms)
			ResolveRequiredComponents (52ms)
	FinalizeReload (4943ms)
		ReleaseScriptCaches (0ms)
		RebuildScriptCaches (0ms)
		SetupLoadedEditorAssemblies (4438ms)
			LogAssemblyErrors (0ms)
			InitializePlatformSupportModulesInManaged (28ms)
			SetLoadedEditorAssemblies (11ms)
			RefreshPlugins (0ms)
			BeforeProcessingInitializeOnLoad (191ms)
			ProcessInitializeOnLoadAttributes (4166ms)
			ProcessInitializeOnLoadMethodAttributes (29ms)
			AfterProcessingInitializeOnLoad (12ms)
			EditorAssembliesLoaded (0ms)
		ExecutionOrderSort2 (0ms)
		AwakeInstancesAfterBackupRestoration (11ms)
Launched and connected shader compiler UnityShaderCompiler.exe after 0.06 seconds
Refreshing native plugins compatible for Editor in 2.54 ms, found 3 plugins.
Preloading 0 native plugins for Editor in 0.00 ms.
Unloading 3093 Unused Serialized files (Serialized files now loaded: 0)
Unloading 32 unused Assets / (56.8 KB). Loaded Objects now: 3559.
Memory consumption went from 126.3 MB to 126.2 MB.
Total: 3.909100 ms (FindLiveObjects: 0.305000 ms CreateObjectMapping: 0.242100 ms MarkObjects: 3.244400 ms  DeleteObjects: 0.116600 ms)

AssetImportParameters requested are different than current active one (requested -> active):
  custom:container-demuxer-ogg: 62fdf1f143b41e24485cea50d1cbac27 -> 
  custom:video-decoder-ogg-theora: a1e56fd34408186e4bbccfd4996cb3dc -> 
  custom:framework-win-MediaFoundation: 216162199b28c13a410421893ffa2e32 -> 
  custom:CustomObjectIndexerAttribute: 756ad292c208cfabdd7b50bc23989ffe -> 
  custom:container-demuxer-webm: 4f35f7cbe854078d1ac9338744f61a02 -> 
  custom:container-muxer-webm: aa71ff27fc2769a1b78a27578f13a17b -> 
  custom:video-decoder-webm-vp8: 9c59270c3fd7afecdb556c50c9e8de78 -> 
  custom:SearchIndexIgnoredProperties: e643bd26f0fe6173181afceb89e7c659 -> 
  custom:AudioImporter_EditorPlatform: d09bf68614088b80899f8185d706f6e7 -> 
  custom:video-encoder-webm-vp8: eb34c28f22e8b96e1ab97ce403110664 -> 
  custom:audio-decoder-ogg-vorbis: bf7c407c2cedff20999df2af8eb42d56 -> 
  custom:audio-encoder-webm-vorbis: bf7c407c2cedff20999df2af8eb42d56 -> 
========================================================================
Received Import Request.
  Time since last request: 160132.127495 seconds.
  path: Assets/PolygonSciFiCity/Prefabs/Props/SM_Prop_AirConditioningGrid_01.prefab
  artifactKey: Guid(7b5c2f4e59886dc448873ceb3e338f97) Importer(815301076,1909f56bfc062723c751e8b465ee728b)
Start importing Assets/PolygonSciFiCity/Prefabs/Props/SM_Prop_AirConditioningGrid_01.prefab using Guid(7b5c2f4e59886dc448873ceb3e338f97) Importer(815301076,1909f56bfc062723c751e8b465ee728b)  -> (artifact id: '7c6b2e21a713e43f0f93e0aea3cd82b0') in 0.383845 seconds
Number of updated asset objects reloaded before import = 0
Number of asset objects unloaded after import = 15
========================================================================
Received Import Request.
  Time since last request: 0.000028 seconds.
  path: Assets/PolygonSciFiCity/Prefabs/Props/SM_Prop_Hologram_Bottle_01.prefab
  artifactKey: Guid(cc093311e25cc0a409f3c3c318e02845) Importer(815301076,1909f56bfc062723c751e8b465ee728b)
Start importing Assets/PolygonSciFiCity/Prefabs/Props/SM_Prop_Hologram_Bottle_01.prefab using Guid(cc093311e25cc0a409f3c3c318e02845) Importer(815301076,1909f56bfc062723c751e8b465ee728b)  -> (artifact id: '41b5bc2086736f9dc8fbdada60601e36') in 0.112096 seconds
Number of updated asset objects reloaded before import = 0
Number of asset objects unloaded after import = 21
========================================================================
Received Import Request.
  Time since last request: 0.000042 seconds.
  path: Assets/PolygonSciFiCity/Prefabs/Props/SM_Prop_Bottle_01.prefab
  artifactKey: Guid(21e1771c27a671147b188378c5b1da6e) Importer(815301076,1909f56bfc062723c751e8b465ee728b)
Start importing Assets/PolygonSciFiCity/Prefabs/Props/SM_Prop_Bottle_01.prefab using Guid(21e1771c27a671147b188378c5b1da6e) Importer(815301076,1909f56bfc062723c751e8b465ee728b)  -> (artifact id: 'c58109cf6e7fa1c154252c9423fb687f') in 0.075117 seconds
Number of updated asset objects reloaded before import = 0
Number of asset objects unloaded after import = 15
========================================================================
Received Import Request.
  Time since last request: 0.000023 seconds.
  path: Assets/PolygonSciFiCity/Prefabs/Props/SM_Prop_Medical_Machine_01.prefab
  artifactKey: Guid(4372653aad9cdbc4f9c20bb3fabfde54) Importer(815301076,1909f56bfc062723c751e8b465ee728b)
Start importing Assets/PolygonSciFiCity/Prefabs/Props/SM_Prop_Medical_Machine_01.prefab using Guid(4372653aad9cdbc4f9c20bb3fabfde54) Importer(815301076,1909f56bfc062723c751e8b465ee728b)  -> (artifact id: '9c24ec6a151cc85c53b1a9fc180b1454') in 0.145850 seconds
Number of updated asset objects reloaded before import = 0
Number of asset objects unloaded after import = 15
========================================================================
Received Import Request.
  Time since last request: 0.000034 seconds.
  path: Assets/PolygonSciFiCity/Prefabs/Props/SM_Prop_Drone_02.prefab
  artifactKey: Guid(21e93e3c4dcc475448060e7fecbebe83) Importer(815301076,1909f56bfc062723c751e8b465ee728b)
Start importing Assets/PolygonSciFiCity/Prefabs/Props/SM_Prop_Drone_02.prefab using Guid(21e93e3c4dcc475448060e7fecbebe83) Importer(815301076,1909f56bfc062723c751e8b465ee728b)  -> (artifact id: '39c6cd60703de1d73bb3583fbd22d898') in 0.150738 seconds
Number of updated asset objects reloaded before import = 0
Number of asset objects unloaded after import = 15
========================================================================
Received Import Request.
  Time since last request: 0.000056 seconds.
  path: Assets/PolygonSciFiCity/Prefabs/Props/SM_Prop_Jar_03.prefab
  artifactKey: Guid(39e72f04f616c8145828375374be74e0) Importer(815301076,1909f56bfc062723c751e8b465ee728b)
Start importing Assets/PolygonSciFiCity/Prefabs/Props/SM_Prop_Jar_03.prefab using Guid(39e72f04f616c8145828375374be74e0) Importer(815301076,1909f56bfc062723c751e8b465ee728b)  -> (artifact id: '78b30f49b397984f17b6483bab4aee98') in 5.780803 seconds
Number of updated asset objects reloaded before import = 0
Number of asset objects unloaded after import = 22
========================================================================
Received Import Request.
  Time since last request: 0.001170 seconds.
  path: Assets/PolygonSciFiCity/Prefabs/Props/SM_Prop_Bank_Door_01.prefab
  artifactKey: Guid(38b38aed3140a8f4aac8bab6dace13da) Importer(815301076,1909f56bfc062723c751e8b465ee728b)
Start importing Assets/PolygonSciFiCity/Prefabs/Props/SM_Prop_Bank_Door_01.prefab using Guid(38b38aed3140a8f4aac8bab6dace13da) Importer(815301076,1909f56bfc062723c751e8b465ee728b)  -> (artifact id: 'c0a24db7fd970b6db78b305409642242') in 0.239076 seconds
Number of updated asset objects reloaded before import = 0
Number of asset objects unloaded after import = 29
========================================================================
Received Import Request.
  Time since last request: 0.000029 seconds.
  path: Assets/PolygonSciFiCity/Prefabs/Props/SM_Prop_ControlPanel_02.prefab
  artifactKey: Guid(e86729681aa7cfe4388db6b879a62770) Importer(815301076,1909f56bfc062723c751e8b465ee728b)
Start importing Assets/PolygonSciFiCity/Prefabs/Props/SM_Prop_ControlPanel_02.prefab using Guid(e86729681aa7cfe4388db6b879a62770) Importer(815301076,1909f56bfc062723c751e8b465ee728b)  -> (artifact id: '473a9abd11e0389906d8f5ba4c062e22') in 0.116943 seconds
Number of updated asset objects reloaded before import = 0
Number of asset objects unloaded after import = 15
========================================================================
Received Import Request.
  Time since last request: 0.000031 seconds.
  path: Assets/PolygonSciFiCity/Prefabs/Props/SM_Prop_Cables_02.prefab
  artifactKey: Guid(41bd131f003d8da439dd229aa2c850f4) Importer(815301076,1909f56bfc062723c751e8b465ee728b)
Start importing Assets/PolygonSciFiCity/Prefabs/Props/SM_Prop_Cables_02.prefab using Guid(41bd131f003d8da439dd229aa2c850f4) Importer(815301076,1909f56bfc062723c751e8b465ee728b)  -> (artifact id: '63082f3d137326abd5cd37d8d9cacf6c') in 0.173150 seconds
Number of updated asset objects reloaded before import = 0
Number of asset objects unloaded after import = 13
========================================================================
Received Import Request.
  Time since last request: 0.000058 seconds.
  path: Assets/PolygonSciFiCity/Prefabs/Props/SM_Prop_DeadZub_02.prefab
  artifactKey: Guid(c2e979821c92f724d9c34f8fbe52e0e2) Importer(815301076,1909f56bfc062723c751e8b465ee728b)
Start importing Assets/PolygonSciFiCity/Prefabs/Props/SM_Prop_DeadZub_02.prefab using Guid(c2e979821c92f724d9c34f8fbe52e0e2) Importer(815301076,1909f56bfc062723c751e8b465ee728b)  -> (artifact id: 'b29b75eb4d3767390a677e5488eb82e7') in 0.292636 seconds
Number of updated asset objects reloaded before import = 0
Number of asset objects unloaded after import = 15
========================================================================
Received Import Request.
  Time since last request: 0.000038 seconds.
  path: Assets/PolygonSciFiCity/Prefabs/Props/SM_Prop_Hologram_Noodles_01.prefab
  artifactKey: Guid(99e09e7755daf7346a907df1e8ca4d33) Importer(815301076,1909f56bfc062723c751e8b465ee728b)
Start importing Assets/PolygonSciFiCity/Prefabs/Props/SM_Prop_Hologram_Noodles_01.prefab using Guid(99e09e7755daf7346a907df1e8ca4d33) Importer(815301076,1909f56bfc062723c751e8b465ee728b)  -> (artifact id: 'b4cef4ad62baebf5fe70e01f8c09cdbf') in 0.369870 seconds
Number of updated asset objects reloaded before import = 0
Number of asset objects unloaded after import = 21
========================================================================
Received Import Request.
  Time since last request: 0.000046 seconds.
  path: Assets/PolygonSciFiCity/Prefabs/Props/SM_Prop_Cog_02.prefab
  artifactKey: Guid(0ce30e0f6a3b2b947abfcccbf06f2cdf) Importer(815301076,1909f56bfc062723c751e8b465ee728b)
Start importing Assets/PolygonSciFiCity/Prefabs/Props/SM_Prop_Cog_02.prefab using Guid(0ce30e0f6a3b2b947abfcccbf06f2cdf) Importer(815301076,1909f56bfc062723c751e8b465ee728b)  -> (artifact id: '69b6c04f79cc605f0563f4d498a99be4') in 0.353512 seconds
Number of updated asset objects reloaded before import = 0
Number of asset objects unloaded after import = 15
========================================================================
Received Import Request.
  Time since last request: 0.000040 seconds.
  path: Assets/PolygonSciFiCity/Prefabs/Props/SM_Prop_Antenna.prefab
  artifactKey: Guid(313738dbd200760498b76b1c93a2b3f5) Importer(815301076,1909f56bfc062723c751e8b465ee728b)
Start importing Assets/PolygonSciFiCity/Prefabs/Props/SM_Prop_Antenna.prefab using Guid(313738dbd200760498b76b1c93a2b3f5) Importer(815301076,1909f56bfc062723c751e8b465ee728b)  -> (artifact id: 'ece485e7cf9eeaaa6b8e2c05df0de067') in 0.240211 seconds
Number of updated asset objects reloaded before import = 0
Number of asset objects unloaded after import = 17
========================================================================
Received Import Request.
  Time since last request: 0.000046 seconds.
  path: Assets/PolygonSciFiCity/Prefabs/Props/SM_Prop_Jar_02.prefab
  artifactKey: Guid(6b2978f9e44145d46a5283f2cbedadba) Importer(815301076,1909f56bfc062723c751e8b465ee728b)
Start importing Assets/PolygonSciFiCity/Prefabs/Props/SM_Prop_Jar_02.prefab using Guid(6b2978f9e44145d46a5283f2cbedadba) Importer(815301076,1909f56bfc062723c751e8b465ee728b)  -> (artifact id: '9727fabe698aeb25cb35ce7a565ef7b2') in 0.239883 seconds
Number of updated asset objects reloaded before import = 0
Number of asset objects unloaded after import = 22
========================================================================
Received Import Request.
  Time since last request: 0.000056 seconds.
  path: Assets/PolygonSciFiCity/Prefabs/Props/SM_Prop_Crate_02.prefab
  artifactKey: Guid(71cd22b8bb52e62449fd0023abb58750) Importer(815301076,1909f56bfc062723c751e8b465ee728b)
Start importing Assets/PolygonSciFiCity/Prefabs/Props/SM_Prop_Crate_02.prefab using Guid(71cd22b8bb52e62449fd0023abb58750) Importer(815301076,1909f56bfc062723c751e8b465ee728b)  -> (artifact id: '140ea9174fe2a48d5679525c93e415e3') in 0.088572 seconds
Number of updated asset objects reloaded before import = 0
Number of asset objects unloaded after import = 20
========================================================================
Received Import Request.
  Time since last request: 1.902219 seconds.
  path: Assets/PolygonSciFiCity/Prefabs/Props/SM_Prop_Meter_01.prefab
  artifactKey: Guid(ddece26d5bd591d4a9101773229e67aa) Importer(815301076,1909f56bfc062723c751e8b465ee728b)
Start importing Assets/PolygonSciFiCity/Prefabs/Props/SM_Prop_Meter_01.prefab using Guid(ddece26d5bd591d4a9101773229e67aa) Importer(815301076,1909f56bfc062723c751e8b465ee728b)  -> (artifact id: '8765153aff98fa1db6af822c4ce9ca20') in 0.047631 seconds
Number of updated asset objects reloaded before import = 0
Number of asset objects unloaded after import = 15
========================================================================
Received Import Request.
  Time since last request: 0.004046 seconds.
  path: Assets/PolygonSciFiCity/Prefabs/Props/SM_Prop_Monitor_02.prefab
  artifactKey: Guid(943628e3220013346b1b593556274672) Importer(815301076,1909f56bfc062723c751e8b465ee728b)
Start importing Assets/PolygonSciFiCity/Prefabs/Props/SM_Prop_Monitor_02.prefab using Guid(943628e3220013346b1b593556274672) Importer(815301076,1909f56bfc062723c751e8b465ee728b)  -> (artifact id: 'ed6965a4c577426c607f4cccd21dcc93') in 0.059502 seconds
Number of updated asset objects reloaded before import = 0
Number of asset objects unloaded after import = 20
========================================================================
Received Import Request.
  Time since last request: 0.000040 seconds.
  path: Assets/PolygonSciFiCity/Prefabs/Props/SM_Prop_Overhang_01.prefab
  artifactKey: Guid(799bc30141649c94b83c28803d619b42) Importer(815301076,1909f56bfc062723c751e8b465ee728b)
Start importing Assets/PolygonSciFiCity/Prefabs/Props/SM_Prop_Overhang_01.prefab using Guid(799bc30141649c94b83c28803d619b42) Importer(815301076,1909f56bfc062723c751e8b465ee728b)  -> (artifact id: 'ecf394c0d0e52bea78dd3c9456d47473') in 0.055816 seconds
Number of updated asset objects reloaded before import = 0
Number of asset objects unloaded after import = 15
========================================================================
Received Import Request.
  Time since last request: 0.000027 seconds.
  path: Assets/PolygonSciFiCity/Prefabs/Props/SM_Prop_Pad_01.prefab
  artifactKey: Guid(9edd647ec22f2b94db2477d12e5cb44c) Importer(815301076,1909f56bfc062723c751e8b465ee728b)
Start importing Assets/PolygonSciFiCity/Prefabs/Props/SM_Prop_Pad_01.prefab using Guid(9edd647ec22f2b94db2477d12e5cb44c) Importer(815301076,1909f56bfc062723c751e8b465ee728b)  -> (artifact id: 'af47aa4b5184d73b60cfd993e42bd531') in 0.226337 seconds
Number of updated asset objects reloaded before import = 0
Number of asset objects unloaded after import = 20
========================================================================
Received Import Request.
  Time since last request: 0.000041 seconds.
  path: Assets/PolygonSciFiCity/Prefabs/Props/SM_Prop_Posters_02.prefab
  artifactKey: Guid(841772c057afff444a19598c79562f6c) Importer(815301076,1909f56bfc062723c751e8b465ee728b)
Start importing Assets/PolygonSciFiCity/Prefabs/Props/SM_Prop_Posters_02.prefab using Guid(841772c057afff444a19598c79562f6c) Importer(815301076,1909f56bfc062723c751e8b465ee728b)  -> (artifact id: '6f28437ba2a54869bb53024f238b3c07') in 0.123221 seconds
Number of updated asset objects reloaded before import = 0
Number of asset objects unloaded after import = 9
========================================================================
Received Import Request.
  Time since last request: 0.000051 seconds.
  path: Assets/PolygonSciFiCity/Prefabs/Props/SM_Prop_Plant_Vase_02.prefab
  artifactKey: Guid(92cda5d9d5371c6458ab649792ba5e60) Importer(815301076,1909f56bfc062723c751e8b465ee728b)
Start importing Assets/PolygonSciFiCity/Prefabs/Props/SM_Prop_Plant_Vase_02.prefab using Guid(92cda5d9d5371c6458ab649792ba5e60) Importer(815301076,1909f56bfc062723c751e8b465ee728b)  -> (artifact id: '2df7196ddfdd0306e313df362de664e0') in 0.124665 seconds
Number of updated asset objects reloaded before import = 0
Number of asset objects unloaded after import = 15
========================================================================
Received Import Request.
  Time since last request: 0.000025 seconds.
  path: Assets/PolygonSciFiCity/Prefabs/Props/SM_Prop_Office_Chair_01.prefab
  artifactKey: Guid(e4f7e14bc7c7b084da102cf695d3a557) Importer(815301076,1909f56bfc062723c751e8b465ee728b)
Start importing Assets/PolygonSciFiCity/Prefabs/Props/SM_Prop_Office_Chair_01.prefab using Guid(e4f7e14bc7c7b084da102cf695d3a557) Importer(815301076,1909f56bfc062723c751e8b465ee728b)  -> (artifact id: 'f0f691ba2cc0f2b76e17e7c8302a8c93') in 0.262428 seconds
Number of updated asset objects reloaded before import = 0
Number of asset objects unloaded after import = 15
========================================================================
Received Import Request.
  Time since last request: 0.000031 seconds.
  path: Assets/PolygonSciFiCity/Prefabs/Props/SM_Prop_Pillar_01.prefab
  artifactKey: Guid(0b1d025fb128aef49a9892bd63865ced) Importer(815301076,1909f56bfc062723c751e8b465ee728b)
Start importing Assets/PolygonSciFiCity/Prefabs/Props/SM_Prop_Pillar_01.prefab using Guid(0b1d025fb128aef49a9892bd63865ced) Importer(815301076,1909f56bfc062723c751e8b465ee728b)  -> (artifact id: 'fbcea94b33d7a3f26b2ef09d9a8d275b') in 0.077552 seconds
Number of updated asset objects reloaded before import = 0
Number of asset objects unloaded after import = 15
========================================================================
Received Import Request.
  Time since last request: 2.193332 seconds.
  path: Assets/PolygonSciFiCity/Prefabs/Props/SM_Prop_Powerpoll_01.prefab
  artifactKey: Guid(8d5b51ef008472d438a5e4cc4bf5c2c2) Importer(815301076,1909f56bfc062723c751e8b465ee728b)
Start importing Assets/PolygonSciFiCity/Prefabs/Props/SM_Prop_Powerpoll_01.prefab using Guid(8d5b51ef008472d438a5e4cc4bf5c2c2) Importer(815301076,1909f56bfc062723c751e8b465ee728b)  -> (artifact id: '37bf1cfa331ed09f5014ed932cc8d744') in 0.048903 seconds
Number of updated asset objects reloaded before import = 0
Number of asset objects unloaded after import = 15
========================================================================
Received Import Request.
  Time since last request: 0.004391 seconds.
  path: Assets/PolygonSciFiCity/Prefabs/Props/SM_Prop_Robotic_Part_02.prefab
  artifactKey: Guid(d706e3bea7d32ea4b91e08975d63320f) Importer(815301076,1909f56bfc062723c751e8b465ee728b)
Start importing Assets/PolygonSciFiCity/Prefabs/Props/SM_Prop_Robotic_Part_02.prefab using Guid(d706e3bea7d32ea4b91e08975d63320f) Importer(815301076,1909f56bfc062723c751e8b465ee728b)  -> (artifact id: 'd4096f7ebcf6b6c37062ad7410a4007b') in 0.105934 seconds
Number of updated asset objects reloaded before import = 0
Number of asset objects unloaded after import = 15
========================================================================
Received Import Request.
  Time since last request: 0.000021 seconds.
  path: Assets/PolygonSciFiCity/Prefabs/Props/SM_Prop_Robotic_Part_07.prefab
  artifactKey: Guid(408bdce30c57df44086ab2f5f68581e3) Importer(815301076,1909f56bfc062723c751e8b465ee728b)
Start importing Assets/PolygonSciFiCity/Prefabs/Props/SM_Prop_Robotic_Part_07.prefab using Guid(408bdce30c57df44086ab2f5f68581e3) Importer(815301076,1909f56bfc062723c751e8b465ee728b)  -> (artifact id: '1eafe74058abef2b025e52605c9556d5') in 0.152023 seconds
Number of updated asset objects reloaded before import = 0
Number of asset objects unloaded after import = 15
========================================================================
Received Import Request.
  Time since last request: 0.000044 seconds.
  path: Assets/PolygonSciFiCity/Prefabs/Props/SM_Prop_Rubbish_Paper_04.prefab
  artifactKey: Guid(e3fae3baab587ff4f92eebeebe23cb58) Importer(815301076,1909f56bfc062723c751e8b465ee728b)
Start importing Assets/PolygonSciFiCity/Prefabs/Props/SM_Prop_Rubbish_Paper_04.prefab using Guid(e3fae3baab587ff4f92eebeebe23cb58) Importer(815301076,1909f56bfc062723c751e8b465ee728b)  -> (artifact id: 'dfd01212e3a9edbc9fc480f48bb4bdef') in 0.096120 seconds
Number of updated asset objects reloaded before import = 0
Number of asset objects unloaded after import = 16
========================================================================
Received Import Request.
  Time since last request: 0.000074 seconds.
  path: Assets/PolygonSciFiCity/Prefabs/Props/SM_Prop_Shelf_Wall_Preset_02.prefab
  artifactKey: Guid(4dbf767b22d06b049853e982adea7162) Importer(815301076,1909f56bfc062723c751e8b465ee728b)
Start importing Assets/PolygonSciFiCity/Prefabs/Props/SM_Prop_Shelf_Wall_Preset_02.prefab using Guid(4dbf767b22d06b049853e982adea7162) Importer(815301076,1909f56bfc062723c751e8b465ee728b)  -> (artifact id: 'a0b4b6e2b6c4a978c963ee9f561939f1') in 0.226909 seconds
Number of updated asset objects reloaded before import = 0
Number of asset objects unloaded after import = 15
========================================================================
Received Import Request.
  Time since last request: 0.000023 seconds.
  path: Assets/PolygonSciFiCity/Prefabs/Props/SM_Prop_Shelf_Preset_01.prefab
  artifactKey: Guid(5aa078dab98d6094ea860f754ce108d8) Importer(815301076,1909f56bfc062723c751e8b465ee728b)
Start importing Assets/PolygonSciFiCity/Prefabs/Props/SM_Prop_Shelf_Preset_01.prefab using Guid(5aa078dab98d6094ea860f754ce108d8) Importer(815301076,1909f56bfc062723c751e8b465ee728b)  -> (artifact id: 'ed9d32ddf235b988f52d3dbe7dc008fd') in 0.179341 seconds
Number of updated asset objects reloaded before import = 0
Number of asset objects unloaded after import = 15
========================================================================
Received Import Request.
  Time since last request: 0.000061 seconds.
  path: Assets/PolygonSciFiCity/Prefabs/Props/SM_Prop_Shelf_Wall_Preset_03.prefab
  artifactKey: Guid(2e3f89d7e5e86e940a3b315db7f449bf) Importer(815301076,1909f56bfc062723c751e8b465ee728b)
Start importing Assets/PolygonSciFiCity/Prefabs/Props/SM_Prop_Shelf_Wall_Preset_03.prefab using Guid(2e3f89d7e5e86e940a3b315db7f449bf) Importer(815301076,1909f56bfc062723c751e8b465ee728b)  -> (artifact id: 'e013424e970718afb63b9c8756c0be54') in 0.147305 seconds
Number of updated asset objects reloaded before import = 0
Number of asset objects unloaded after import = 15
========================================================================
Received Import Request.
  Time since last request: 0.001752 seconds.
  path: Assets/PolygonSciFiCity/Prefabs/Props/SM_Prop_Security_Camera_01.prefab
  artifactKey: Guid(e8be6a656aa13f94e9c475b6f6f2e2a3) Importer(815301076,1909f56bfc062723c751e8b465ee728b)
Start importing Assets/PolygonSciFiCity/Prefabs/Props/SM_Prop_Security_Camera_01.prefab using Guid(e8be6a656aa13f94e9c475b6f6f2e2a3) Importer(815301076,1909f56bfc062723c751e8b465ee728b)  -> (artifact id: 'a5784214569affce7805000f0a79428c') in 0.200805 seconds
Number of updated asset objects reloaded before import = 0
Number of asset objects unloaded after import = 20
========================================================================
Received Import Request.
  Time since last request: 0.000030 seconds.
  path: Assets/PolygonSciFiCity/Prefabs/Props/SM_Prop_SatDish_02.prefab
  artifactKey: Guid(af207c30346b15644914a3d5715006e1) Importer(815301076,1909f56bfc062723c751e8b465ee728b)
Start importing Assets/PolygonSciFiCity/Prefabs/Props/SM_Prop_SatDish_02.prefab using Guid(af207c30346b15644914a3d5715006e1) Importer(815301076,1909f56bfc062723c751e8b465ee728b)  -> (artifact id: '07d3ef17cb7552394ace3a5cb0dbd4c8') in 0.141135 seconds
Number of updated asset objects reloaded before import = 0
Number of asset objects unloaded after import = 15
========================================================================
Received Import Request.
  Time since last request: 0.000032 seconds.
  path: Assets/PolygonSciFiCity/Prefabs/Props/SM_Prop_Shelf_Wall_Preset_01.prefab
  artifactKey: Guid(37b6ad62cb2640b41bedf7a18eaf66ae) Importer(815301076,1909f56bfc062723c751e8b465ee728b)
Start importing Assets/PolygonSciFiCity/Prefabs/Props/SM_Prop_Shelf_Wall_Preset_01.prefab using Guid(37b6ad62cb2640b41bedf7a18eaf66ae) Importer(815301076,1909f56bfc062723c751e8b465ee728b)  -> (artifact id: 'd1d54d01c67fd68f2ab1a3e5fed25dca') in 0.659128 seconds
Number of updated asset objects reloaded before import = 0
Number of asset objects unloaded after import = 15
========================================================================
Received Import Request.
  Time since last request: 0.003244 seconds.
  path: Assets/PolygonSciFiCity/Prefabs/Props/SM_Prop_VendingMachine_01.prefab
  artifactKey: Guid(8ba9f6f578fbcc14bab044d1234ab1a1) Importer(815301076,1909f56bfc062723c751e8b465ee728b)
Start importing Assets/PolygonSciFiCity/Prefabs/Props/SM_Prop_VendingMachine_01.prefab using Guid(8ba9f6f578fbcc14bab044d1234ab1a1) Importer(815301076,1909f56bfc062723c751e8b465ee728b)  -> (artifact id: '7956cb8ccff1cccdb78650819e98a3cb') in 0.122098 seconds
Number of updated asset objects reloaded before import = 0
Number of asset objects unloaded after import = 15
========================================================================
Received Import Request.
  Time since last request: 0.005468 seconds.
  path: Assets/PolygonSciFiCity/Prefabs/Props/SM_Prop_StripClub_Curtain_01.prefab
  artifactKey: Guid(ce309f119085e61408c79a5c1004fef6) Importer(815301076,1909f56bfc062723c751e8b465ee728b)
Start importing Assets/PolygonSciFiCity/Prefabs/Props/SM_Prop_StripClub_Curtain_01.prefab using Guid(ce309f119085e61408c79a5c1004fef6) Importer(815301076,1909f56bfc062723c751e8b465ee728b)  -> (artifact id: 'bd022f2bda75bac658d0c818fed5ba0e') in 0.118358 seconds
Number of updated asset objects reloaded before import = 0
Number of asset objects unloaded after import = 20
========================================================================
Received Import Request.
  Time since last request: 0.000028 seconds.
  path: Assets/PolygonSciFiCity/Prefabs/Props/SM_Prop_Streetlight_01.prefab
  artifactKey: Guid(72743bd38a7349d4fa26ac056b454810) Importer(815301076,1909f56bfc062723c751e8b465ee728b)
Start importing Assets/PolygonSciFiCity/Prefabs/Props/SM_Prop_Streetlight_01.prefab using Guid(72743bd38a7349d4fa26ac056b454810) Importer(815301076,1909f56bfc062723c751e8b465ee728b)  -> (artifact id: '64736e67135b75dce0245c4f64918e55') in 0.155694 seconds
Number of updated asset objects reloaded before import = 0
Number of asset objects unloaded after import = 16
========================================================================
Received Import Request.
  Time since last request: 0.001011 seconds.
  path: Assets/PolygonSciFiCity/Prefabs/Props/SM_Prop_StripClub_Stage_01.prefab
  artifactKey: Guid(be44309cef5882442b00c2e42cb13f73) Importer(815301076,1909f56bfc062723c751e8b465ee728b)
Start importing Assets/PolygonSciFiCity/Prefabs/Props/SM_Prop_StripClub_Stage_01.prefab using Guid(be44309cef5882442b00c2e42cb13f73) Importer(815301076,1909f56bfc062723c751e8b465ee728b)  -> (artifact id: 'ba7d15d7cad6c2983796444989beee57') in 0.157810 seconds
Number of updated asset objects reloaded before import = 0
Number of asset objects unloaded after import = 15
========================================================================
Received Import Request.
  Time since last request: 0.000030 seconds.
  path: Assets/PolygonSciFiCity/Prefabs/Props/SM_Prop_Sidewalk_Pipe_01.prefab
  artifactKey: Guid(b9584665a205c0348bc64f178ac58f46) Importer(815301076,1909f56bfc062723c751e8b465ee728b)
Start importing Assets/PolygonSciFiCity/Prefabs/Props/SM_Prop_Sidewalk_Pipe_01.prefab using Guid(b9584665a205c0348bc64f178ac58f46) Importer(815301076,1909f56bfc062723c751e8b465ee728b)  -> (artifact id: '22a0f54acc7d099b01d1b44cf3aa32e6') in 0.128057 seconds
Number of updated asset objects reloaded before import = 0
Number of asset objects unloaded after import = 15
========================================================================
Received Import Request.
  Time since last request: 0.000025 seconds.
  path: Assets/PolygonSciFiCity/Prefabs/Props/SM_Prop_Supplies_01.prefab
  artifactKey: Guid(01d2a653d97a0a943a86a3e04664da85) Importer(815301076,1909f56bfc062723c751e8b465ee728b)
Start importing Assets/PolygonSciFiCity/Prefabs/Props/SM_Prop_Supplies_01.prefab using Guid(01d2a653d97a0a943a86a3e04664da85) Importer(815301076,1909f56bfc062723c751e8b465ee728b)  -> (artifact id: '7c1119d3c53a1a81fe3979539f2da7f7') in 0.182980 seconds
Number of updated asset objects reloaded before import = 0
Number of asset objects unloaded after import = 15
========================================================================
Received Import Request.
  Time since last request: 0.000772 seconds.
  path: Assets/PolygonSciFiCity/Prefabs/Props/SM_Prop_Sidewalk_Pipe_02.prefab
  artifactKey: Guid(58c33bc7eec745449b236f7bbd606abd) Importer(815301076,1909f56bfc062723c751e8b465ee728b)
Start importing Assets/PolygonSciFiCity/Prefabs/Props/SM_Prop_Sidewalk_Pipe_02.prefab using Guid(58c33bc7eec745449b236f7bbd606abd) Importer(815301076,1909f56bfc062723c751e8b465ee728b)  -> (artifact id: 'ea9066bb53d25f29beb307f5983ef32e') in 0.180711 seconds
Number of updated asset objects reloaded before import = 0
Number of asset objects unloaded after import = 15
========================================================================
Received Import Request.
  Time since last request: 0.000572 seconds.
  path: Assets/PolygonSciFiCity/Prefabs/Props/SM_Prop_Stool_01.prefab
  artifactKey: Guid(72b8417bc9445da4190d0eb6d4543d32) Importer(815301076,1909f56bfc062723c751e8b465ee728b)
Start importing Assets/PolygonSciFiCity/Prefabs/Props/SM_Prop_Stool_01.prefab using Guid(72b8417bc9445da4190d0eb6d4543d32) Importer(815301076,1909f56bfc062723c751e8b465ee728b)  -> (artifact id: '999aba767a61bbd4f9052e7fdc54c1fd') in 0.083782 seconds
Number of updated asset objects reloaded before import = 0
Number of asset objects unloaded after import = 15
========================================================================
Received Import Request.
  Time since last request: 0.001022 seconds.
  path: Assets/PolygonSciFiCity/Prefabs/Props/SM_Prop_TrashBag_02.prefab
  artifactKey: Guid(debe807fa5b29714089d99f8db9c2c48) Importer(815301076,1909f56bfc062723c751e8b465ee728b)
Start importing Assets/PolygonSciFiCity/Prefabs/Props/SM_Prop_TrashBag_02.prefab using Guid(debe807fa5b29714089d99f8db9c2c48) Importer(815301076,1909f56bfc062723c751e8b465ee728b)  -> (artifact id: '5abc171af3ac65ca5dda5df29a7d3a6c') in 0.124217 seconds
Number of updated asset objects reloaded before import = 0
Number of asset objects unloaded after import = 15
========================================================================
Received Import Request.
  Time since last request: 0.000325 seconds.
  path: Assets/PolygonSciFiCity/Prefabs/Props/SM_Prop_Sidewalk_Panel_01.prefab
  artifactKey: Guid(9797a32a9292ad9419299827ae26b84f) Importer(815301076,1909f56bfc062723c751e8b465ee728b)
Start importing Assets/PolygonSciFiCity/Prefabs/Props/SM_Prop_Sidewalk_Panel_01.prefab using Guid(9797a32a9292ad9419299827ae26b84f) Importer(815301076,1909f56bfc062723c751e8b465ee728b)  -> (artifact id: '5ecd8cb06a011edd9cc6f0852681cf15') in 0.261223 seconds
Number of updated asset objects reloaded before import = 0
Number of asset objects unloaded after import = 15
Editor requested this worker to shutdown with reason: Scaling down because of idle timeout
TcpMessagingSession - receive error: operation aborted. errorcode: 995, details: Bir iþ parçacýðý çýkýþý veya bir uygulama isteði nedeniyle G/Ç iþlemi iptal edildi.
AssetImportWorker is now disconnected from the server
Process exiting
Exiting without the bug reporter. Application will terminate with return code 0