Using pre-set license
Built from '2022.3/staging' branch; Version is '2022.3.14f1 (eff2de9070d8) revision 15725278'; Using compiler version '192829333'; Build Type 'Release'
OS: 'Windows 10  (10.0.19045) 64bit Professional' Language: 'tr' Physical Memory: 16272 MB
BatchMode: 1, IsHumanControllingUs: 0, StartBugReporterOnCrash: 0, Is64bit: 1, IsPro: 1

COMMAND LINE ARGUMENTS:
C:\Program Files\Unity\Hub\Editor\2022.3.14f1\Editor\Unity.exe
-adb2
-batchMode
-noUpm
-name
AssetImportWorker9
-projectPath
D:/PolygonGame/ATUJam/DreamsOfTime
-logFile
Logs/AssetImportWorker9.log
-srvPort
60808
Successfully changed project path to: D:/PolygonGame/ATUJam/DreamsOfTime
D:/PolygonGame/ATUJam/DreamsOfTime
[UnityMemory] Configuration Parameters - Can be set up in boot.config
    "memorysetup-bucket-allocator-granularity=16"
    "memorysetup-bucket-allocator-bucket-count=8"
    "memorysetup-bucket-allocator-block-size=33554432"
    "memorysetup-bucket-allocator-block-count=8"
    "memorysetup-main-allocator-block-size=16777216"
    "memorysetup-thread-allocator-block-size=16777216"
    "memorysetup-gfx-main-allocator-block-size=16777216"
    "memorysetup-gfx-thread-allocator-block-size=16777216"
    "memorysetup-cache-allocator-block-size=4194304"
    "memorysetup-typetree-allocator-block-size=2097152"
    "memorysetup-profiler-bucket-allocator-granularity=16"
    "memorysetup-profiler-bucket-allocator-bucket-count=8"
    "memorysetup-profiler-bucket-allocator-block-size=33554432"
    "memorysetup-profiler-bucket-allocator-block-count=8"
    "memorysetup-profiler-allocator-block-size=16777216"
    "memorysetup-profiler-editor-allocator-block-size=1048576"
    "memorysetup-temp-allocator-size-main=16777216"
    "memorysetup-job-temp-allocator-block-size=2097152"
    "memorysetup-job-temp-allocator-block-size-background=1048576"
    "memorysetup-job-temp-allocator-reduction-small-platforms=262144"
    "memorysetup-allocator-temp-initial-block-size-main=262144"
    "memorysetup-allocator-temp-initial-block-size-worker=262144"
    "memorysetup-temp-allocator-size-background-worker=32768"
    "memorysetup-temp-allocator-size-job-worker=262144"
    "memorysetup-temp-allocator-size-preload-manager=33554432"
    "memorysetup-temp-allocator-size-nav-mesh-worker=65536"
    "memorysetup-temp-allocator-size-audio-worker=65536"
    "memorysetup-temp-allocator-size-cloud-worker=32768"
    "memorysetup-temp-allocator-size-gi-baking-worker=262144"
    "memorysetup-temp-allocator-size-gfx=262144"
Player connection [18520] Host "[IP] 192.168.1.21 [Port] 0 [Flags] 2 [Guid] 3562795840 [EditorId] 3562795840 [Version] 1048832 [Id] WindowsEditor(7,Halo) [Debug] 1 [PackageName] WindowsEditor [ProjectName] Editor" joined multi-casting on [225.0.0.222:54997]...

Player connection [18520] Host "[IP] 192.168.1.21 [Port] 0 [Flags] 2 [Guid] 3562795840 [EditorId] 3562795840 [Version] 1048832 [Id] WindowsEditor(7,Halo) [Debug] 1 [PackageName] WindowsEditor [ProjectName] Editor" joined alternative multi-casting on [225.0.0.222:34997]...

[Physics::Module] Initialized MultithreadedJobDispatcher with 3 workers.
Refreshing native plugins compatible for Editor in 18.13 ms, found 3 plugins.
Preloading 0 native plugins for Editor in 0.00 ms.
Initialize engine version: 2022.3.14f1 (eff2de9070d8)
[Subsystems] Discovering subsystems at path C:/Program Files/Unity/Hub/Editor/2022.3.14f1/Editor/Data/Resources/UnitySubsystems
[Subsystems] Discovering subsystems at path D:/PolygonGame/ATUJam/DreamsOfTime/Assets
GfxDevice: creating device client; threaded=0; jobified=0
Direct3D:
    Version:  Direct3D 11.0 [level 11.1]
    Renderer: NVIDIA GeForce GTX 1050 (ID=0x1c8d)
    Vendor:   NVIDIA
    VRAM:     4004 MB
    Driver:   31.0.15.5161
Initialize mono
Mono path[0] = 'C:/Program Files/Unity/Hub/Editor/2022.3.14f1/Editor/Data/Managed'
Mono path[1] = 'C:/Program Files/Unity/Hub/Editor/2022.3.14f1/Editor/Data/MonoBleedingEdge/lib/mono/unityjit-win32'
Mono config path = 'C:/Program Files/Unity/Hub/Editor/2022.3.14f1/Editor/Data/MonoBleedingEdge/etc'
Using monoOptions --debugger-agent=transport=dt_socket,embedding=1,server=y,suspend=n,address=127.0.0.1:56020
Begin MonoManager ReloadAssembly
Registering precompiled unity dll's ...
Register platform support module: C:/Program Files/Unity/Hub/Editor/2022.3.14f1/Editor/Data/PlaybackEngines/WebGLSupport/UnityEditor.WebGL.Extensions.dll
Register platform support module: C:/Program Files/Unity/Hub/Editor/2022.3.14f1/Editor/Data/PlaybackEngines/WindowsStandaloneSupport/UnityEditor.WindowsStandalone.Extensions.dll
Registered in 0.027451 seconds.
- Loaded All Assemblies, in  1.249 seconds
Native extension for WindowsStandalone target not found
Native extension for WebGL target not found
Mono: successfully reloaded assembly
- Finished resetting the current domain, in  0.977 seconds
Domain Reload Profiling: 2223ms
	BeginReloadAssembly (443ms)
		ExecutionOrderSort (0ms)
		DisableScriptedObjects (0ms)
		BackupInstance (0ms)
		ReleaseScriptingObjects (0ms)
		CreateAndSetChildDomain (1ms)
	RebuildCommonClasses (106ms)
	RebuildNativeTypeToScriptingClass (23ms)
	initialDomainReloadingComplete (178ms)
	LoadAllAssembliesAndSetupDomain (496ms)
		LoadAssemblies (442ms)
		RebuildTransferFunctionScriptingTraits (0ms)
		AnalyzeDomain (491ms)
			TypeCache.Refresh (488ms)
				TypeCache.ScanAssembly (443ms)
			ScanForSourceGeneratedMonoScriptInfo (1ms)
			ResolveRequiredComponents (1ms)
	FinalizeReload (978ms)
		ReleaseScriptCaches (0ms)
		RebuildScriptCaches (0ms)
		SetupLoadedEditorAssemblies (793ms)
			LogAssemblyErrors (0ms)
			InitializePlatformSupportModulesInManaged (61ms)
			SetLoadedEditorAssemblies (18ms)
			RefreshPlugins (0ms)
			BeforeProcessingInitializeOnLoad (6ms)
			ProcessInitializeOnLoadAttributes (515ms)
			ProcessInitializeOnLoadMethodAttributes (193ms)
			AfterProcessingInitializeOnLoad (0ms)
			EditorAssembliesLoaded (0ms)
		ExecutionOrderSort2 (0ms)
		AwakeInstancesAfterBackupRestoration (0ms)
========================================================================
Worker process is ready to serve import requests
Begin MonoManager ReloadAssembly
- Loaded All Assemblies, in  2.397 seconds
Refreshing native plugins compatible for Editor in 8.51 ms, found 3 plugins.
Native extension for WindowsStandalone target not found
Native extension for WebGL target not found
Package Manager log level set to [2]
[Package Manager] Server::EnsureServerProcessIsRunning -- launch failed, reason: Unity was launched with the -noUpm command-line argument
[Package Manager] UpmClient::Send -- Unable to send message (not connected to UPM process).
[Package Manager] Cannot connect to Unity Package Manager local server
Mono: successfully reloaded assembly
- Finished resetting the current domain, in  2.883 seconds
Domain Reload Profiling: 5273ms
	BeginReloadAssembly (795ms)
		ExecutionOrderSort (0ms)
		DisableScriptedObjects (46ms)
		BackupInstance (0ms)
		ReleaseScriptingObjects (0ms)
		CreateAndSetChildDomain (46ms)
	RebuildCommonClasses (76ms)
	RebuildNativeTypeToScriptingClass (27ms)
	initialDomainReloadingComplete (120ms)
	LoadAllAssembliesAndSetupDomain (1370ms)
		LoadAssemblies (1284ms)
		RebuildTransferFunctionScriptingTraits (0ms)
		AnalyzeDomain (656ms)
			TypeCache.Refresh (605ms)
				TypeCache.ScanAssembly (569ms)
			ScanForSourceGeneratedMonoScriptInfo (35ms)
			ResolveRequiredComponents (13ms)
	FinalizeReload (2885ms)
		ReleaseScriptCaches (0ms)
		RebuildScriptCaches (0ms)
		SetupLoadedEditorAssemblies (2301ms)
			LogAssemblyErrors (0ms)
			InitializePlatformSupportModulesInManaged (38ms)
			SetLoadedEditorAssemblies (11ms)
			RefreshPlugins (0ms)
			BeforeProcessingInitializeOnLoad (201ms)
			ProcessInitializeOnLoadAttributes (1895ms)
			ProcessInitializeOnLoadMethodAttributes (90ms)
			AfterProcessingInitializeOnLoad (65ms)
			EditorAssembliesLoaded (0ms)
		ExecutionOrderSort2 (0ms)
		AwakeInstancesAfterBackupRestoration (16ms)
Launched and connected shader compiler UnityShaderCompiler.exe after 0.19 seconds
Refreshing native plugins compatible for Editor in 26.87 ms, found 3 plugins.
Preloading 0 native plugins for Editor in 0.00 ms.
Unloading 3093 Unused Serialized files (Serialized files now loaded: 0)
Unloading 32 unused Assets / (56.8 KB). Loaded Objects now: 3559.
Memory consumption went from 126.3 MB to 126.2 MB.
Total: 6.145500 ms (FindLiveObjects: 0.837800 ms CreateObjectMapping: 0.652400 ms MarkObjects: 4.545700 ms  DeleteObjects: 0.108500 ms)

AssetImportParameters requested are different than current active one (requested -> active):
  custom:container-demuxer-ogg: 62fdf1f143b41e24485cea50d1cbac27 -> 
  custom:video-decoder-ogg-theora: a1e56fd34408186e4bbccfd4996cb3dc -> 
  custom:framework-win-MediaFoundation: 216162199b28c13a410421893ffa2e32 -> 
  custom:CustomObjectIndexerAttribute: 756ad292c208cfabdd7b50bc23989ffe -> 
  custom:container-demuxer-webm: 4f35f7cbe854078d1ac9338744f61a02 -> 
  custom:container-muxer-webm: aa71ff27fc2769a1b78a27578f13a17b -> 
  custom:video-decoder-webm-vp8: 9c59270c3fd7afecdb556c50c9e8de78 -> 
  custom:SearchIndexIgnoredProperties: e643bd26f0fe6173181afceb89e7c659 -> 
  custom:AudioImporter_EditorPlatform: d09bf68614088b80899f8185d706f6e7 -> 
  custom:video-encoder-webm-vp8: eb34c28f22e8b96e1ab97ce403110664 -> 
  custom:audio-decoder-ogg-vorbis: bf7c407c2cedff20999df2af8eb42d56 -> 
  custom:audio-encoder-webm-vorbis: bf7c407c2cedff20999df2af8eb42d56 -> 
========================================================================
Received Import Request.
  Time since last request: 160128.804487 seconds.
  path: Assets/PolygonSciFiCity/Prefabs/FX/FX_Steam.prefab
  artifactKey: Guid(de0fb8fabb4497b4fb140cddb057abbf) Importer(815301076,1909f56bfc062723c751e8b465ee728b)
Start importing Assets/PolygonSciFiCity/Prefabs/FX/FX_Steam.prefab using Guid(de0fb8fabb4497b4fb140cddb057abbf) Importer(815301076,1909f56bfc062723c751e8b465ee728b)  -> (artifact id: '920e7e09fe10af6c646ce8d7a19d3896') in 0.681855 seconds
Number of updated asset objects reloaded before import = 0
Number of asset objects unloaded after import = 7
========================================================================
Received Import Request.
  Time since last request: 0.000138 seconds.
  path: Assets/PolygonSciFiCity/Prefabs/Buildings/SM_Bld_Power_04.prefab
  artifactKey: Guid(3144fdf31c6d99242985622dcb79b6c6) Importer(815301076,1909f56bfc062723c751e8b465ee728b)
Start importing Assets/PolygonSciFiCity/Prefabs/Buildings/SM_Bld_Power_04.prefab using Guid(3144fdf31c6d99242985622dcb79b6c6) Importer(815301076,1909f56bfc062723c751e8b465ee728b)  -> (artifact id: 'e970b6ecaf776a05aafbe12dfdad8970') in 0.320186 seconds
Number of updated asset objects reloaded before import = 0
Number of asset objects unloaded after import = 15
========================================================================
Received Import Request.
  Time since last request: 2.302348 seconds.
  path: Assets/PolygonSciFiCity/Prefabs/Props/SM_Prop_AirConditioningUnit_01.prefab
  artifactKey: Guid(481f055a844be084eae4eefebdd9a49f) Importer(815301076,1909f56bfc062723c751e8b465ee728b)
Start importing Assets/PolygonSciFiCity/Prefabs/Props/SM_Prop_AirConditioningUnit_01.prefab using Guid(481f055a844be084eae4eefebdd9a49f) Importer(815301076,1909f56bfc062723c751e8b465ee728b)  -> (artifact id: '1cb1e8298f2ec19906f7cdeb795d4643') in 0.087679 seconds
Number of updated asset objects reloaded before import = 0
Number of asset objects unloaded after import = 15
========================================================================
Received Import Request.
  Time since last request: 0.000071 seconds.
  path: Assets/PolygonSciFiCity/Prefabs/Props/SM_Prop_Atm_01.prefab
  artifactKey: Guid(a56da3c44063ebe4e8fdac7b93bf1969) Importer(815301076,1909f56bfc062723c751e8b465ee728b)
Start importing Assets/PolygonSciFiCity/Prefabs/Props/SM_Prop_Atm_01.prefab using Guid(a56da3c44063ebe4e8fdac7b93bf1969) Importer(815301076,1909f56bfc062723c751e8b465ee728b)  -> (artifact id: 'e156b56af7277d1499f3dd7ca7f24c94') in 0.105777 seconds
Number of updated asset objects reloaded before import = 0
Number of asset objects unloaded after import = 15
========================================================================
Received Import Request.
  Time since last request: 0.000025 seconds.
  path: Assets/PolygonSciFiCity/Prefabs/Props/SM_Prop_Cog_01.prefab
  artifactKey: Guid(db23fa03d8d74e349bbc089974917029) Importer(815301076,1909f56bfc062723c751e8b465ee728b)
Start importing Assets/PolygonSciFiCity/Prefabs/Props/SM_Prop_Cog_01.prefab using Guid(db23fa03d8d74e349bbc089974917029) Importer(815301076,1909f56bfc062723c751e8b465ee728b)  -> (artifact id: '1b4a36cb918fb4291be2ea5b84f29b25') in 0.117487 seconds
Number of updated asset objects reloaded before import = 0
Number of asset objects unloaded after import = 15
========================================================================
Received Import Request.
  Time since last request: 0.000645 seconds.
  path: Assets/PolygonSciFiCity/Prefabs/Props/SM_Prop_Drone_Quad_01.prefab
  artifactKey: Guid(5d40c48a597edbe4b9db9adac55501ae) Importer(815301076,1909f56bfc062723c751e8b465ee728b)
Start importing Assets/PolygonSciFiCity/Prefabs/Props/SM_Prop_Drone_Quad_01.prefab using Guid(5d40c48a597edbe4b9db9adac55501ae) Importer(815301076,1909f56bfc062723c751e8b465ee728b)  -> (artifact id: '02329893f8bfd458804f03c5a2067727') in 0.094180 seconds
Number of updated asset objects reloaded before import = 0
Number of asset objects unloaded after import = 15
========================================================================
Received Import Request.
  Time since last request: 0.000037 seconds.
  path: Assets/PolygonSciFiCity/Prefabs/Props/SM_Prop_Drone_Insect_01.prefab
  artifactKey: Guid(0b87aededde5f3345bc2ac6b21c0b5ac) Importer(815301076,1909f56bfc062723c751e8b465ee728b)
Start importing Assets/PolygonSciFiCity/Prefabs/Props/SM_Prop_Drone_Insect_01.prefab using Guid(0b87aededde5f3345bc2ac6b21c0b5ac) Importer(815301076,1909f56bfc062723c751e8b465ee728b)  -> (artifact id: '2360f0866446c85b809ce09edf9abd2b') in 0.103709 seconds
Number of updated asset objects reloaded before import = 0
Number of asset objects unloaded after import = 15
========================================================================
Received Import Request.
  Time since last request: 0.000058 seconds.
  path: Assets/PolygonSciFiCity/Prefabs/Props/SM_Prop_MarketTable_05.prefab
  artifactKey: Guid(8105bb799c54ba640b347de3be074822) Importer(815301076,1909f56bfc062723c751e8b465ee728b)
Start importing Assets/PolygonSciFiCity/Prefabs/Props/SM_Prop_MarketTable_05.prefab using Guid(8105bb799c54ba640b347de3be074822) Importer(815301076,1909f56bfc062723c751e8b465ee728b)  -> (artifact id: '72c4a29ba557c91fb3b66ea1ad03a8f1') in 0.162334 seconds
Number of updated asset objects reloaded before import = 0
Number of asset objects unloaded after import = 15
========================================================================
Received Import Request.
  Time since last request: 0.000040 seconds.
  path: Assets/PolygonSciFiCity/Prefabs/Props/SM_Prop_Crate_Military_02.prefab
  artifactKey: Guid(06128526e98616140acd6dde88d0f1dc) Importer(815301076,1909f56bfc062723c751e8b465ee728b)
Start importing Assets/PolygonSciFiCity/Prefabs/Props/SM_Prop_Crate_Military_02.prefab using Guid(06128526e98616140acd6dde88d0f1dc) Importer(815301076,1909f56bfc062723c751e8b465ee728b)  -> (artifact id: '8fdd2743ce0427cbbe55fabaa42bbb67') in 0.193273 seconds
Number of updated asset objects reloaded before import = 0
Number of asset objects unloaded after import = 20
========================================================================
Received Import Request.
  Time since last request: 0.000020 seconds.
  path: Assets/PolygonSciFiCity/Prefabs/Props/SM_Prop_Door_Chopshop_01.prefab
  artifactKey: Guid(038aa72c1e688f8418a8cd09f031697d) Importer(815301076,1909f56bfc062723c751e8b465ee728b)
Start importing Assets/PolygonSciFiCity/Prefabs/Props/SM_Prop_Door_Chopshop_01.prefab using Guid(038aa72c1e688f8418a8cd09f031697d) Importer(815301076,1909f56bfc062723c751e8b465ee728b)  -> (artifact id: 'de34aa0e50c30fd3d787e791ddf03d76') in 0.214649 seconds
Number of updated asset objects reloaded before import = 0
Number of asset objects unloaded after import = 15
========================================================================
Received Import Request.
  Time since last request: 0.000023 seconds.
  path: Assets/PolygonSciFiCity/Prefabs/Props/SM_Prop_Books_01.prefab
  artifactKey: Guid(14b1fd83cdee2be4d821633cca21d71c) Importer(815301076,1909f56bfc062723c751e8b465ee728b)
Start importing Assets/PolygonSciFiCity/Prefabs/Props/SM_Prop_Books_01.prefab using Guid(14b1fd83cdee2be4d821633cca21d71c) Importer(815301076,1909f56bfc062723c751e8b465ee728b)  -> (artifact id: 'eb7ce18ae00eeeed0de9224cc0d23f10') in 0.228800 seconds
Number of updated asset objects reloaded before import = 0
Number of asset objects unloaded after import = 15
========================================================================
Received Import Request.
  Time since last request: 0.000037 seconds.
  path: Assets/PolygonSciFiCity/Prefabs/Props/SM_Prop_Box_RobotParts_01.prefab
  artifactKey: Guid(1ee01e3914857ae4fa119ebdb8148880) Importer(815301076,1909f56bfc062723c751e8b465ee728b)
Start importing Assets/PolygonSciFiCity/Prefabs/Props/SM_Prop_Box_RobotParts_01.prefab using Guid(1ee01e3914857ae4fa119ebdb8148880) Importer(815301076,1909f56bfc062723c751e8b465ee728b)  -> (artifact id: '934ebf26d6da204ed26cdb488d4ffd1b') in 0.313546 seconds
Number of updated asset objects reloaded before import = 0
Number of asset objects unloaded after import = 15
========================================================================
Received Import Request.
  Time since last request: 0.000032 seconds.
  path: Assets/PolygonSciFiCity/Prefabs/Props/SM_Prop_Couch_01.prefab
  artifactKey: Guid(d6e9eedc2c7baeb46ab65cba90d8505b) Importer(815301076,1909f56bfc062723c751e8b465ee728b)
Start importing Assets/PolygonSciFiCity/Prefabs/Props/SM_Prop_Couch_01.prefab using Guid(d6e9eedc2c7baeb46ab65cba90d8505b) Importer(815301076,1909f56bfc062723c751e8b465ee728b)  -> (artifact id: '23e8a8b46039f8541374a027e43fdc74') in 0.558179 seconds
Number of updated asset objects reloaded before import = 0
Number of asset objects unloaded after import = 15
========================================================================
Received Import Request.
  Time since last request: 0.000057 seconds.
  path: Assets/PolygonSciFiCity/Prefabs/Props/SM_Prop_Hologram_Burger_03.prefab
  artifactKey: Guid(c1141c296070e564bbdd3c2eb6bc0c30) Importer(815301076,1909f56bfc062723c751e8b465ee728b)
Start importing Assets/PolygonSciFiCity/Prefabs/Props/SM_Prop_Hologram_Burger_03.prefab using Guid(c1141c296070e564bbdd3c2eb6bc0c30) Importer(815301076,1909f56bfc062723c751e8b465ee728b)  -> (artifact id: '2aea283f4f8cdfc3c2a98aa26410a723') in 0.127844 seconds
Number of updated asset objects reloaded before import = 0
Number of asset objects unloaded after import = 21
========================================================================
Received Import Request.
  Time since last request: 0.000020 seconds.
  path: Assets/PolygonSciFiCity/Prefabs/Props/SM_Prop_MarketCover_04.prefab
  artifactKey: Guid(2116cbffcdc93b54da3cf623bfa07ffd) Importer(815301076,1909f56bfc062723c751e8b465ee728b)
Start importing Assets/PolygonSciFiCity/Prefabs/Props/SM_Prop_MarketCover_04.prefab using Guid(2116cbffcdc93b54da3cf623bfa07ffd) Importer(815301076,1909f56bfc062723c751e8b465ee728b)  -> (artifact id: '5949ca8fca19d76cf562da9231e7a288') in 0.283279 seconds
Number of updated asset objects reloaded before import = 0
Number of asset objects unloaded after import = 15
========================================================================
Received Import Request.
  Time since last request: 0.000034 seconds.
  path: Assets/PolygonSciFiCity/Prefabs/Props/SM_Prop_MarketCover_01.prefab
  artifactKey: Guid(244ba0d968ab9624f8fbeed4105ed29e) Importer(815301076,1909f56bfc062723c751e8b465ee728b)
Start importing Assets/PolygonSciFiCity/Prefabs/Props/SM_Prop_MarketCover_01.prefab using Guid(244ba0d968ab9624f8fbeed4105ed29e) Importer(815301076,1909f56bfc062723c751e8b465ee728b)  -> (artifact id: '6e98ea44ef4dae41aec2c94dbc20f7f5') in 0.373400 seconds
Number of updated asset objects reloaded before import = 0
Number of asset objects unloaded after import = 15
========================================================================
Received Import Request.
  Time since last request: 0.000042 seconds.
  path: Assets/PolygonSciFiCity/Prefabs/Props/SM_Prop_Bank_Booth_01.prefab
  artifactKey: Guid(9b66d47545314cf40a0a714354e0f870) Importer(815301076,1909f56bfc062723c751e8b465ee728b)
Start importing Assets/PolygonSciFiCity/Prefabs/Props/SM_Prop_Bank_Booth_01.prefab using Guid(9b66d47545314cf40a0a714354e0f870) Importer(815301076,1909f56bfc062723c751e8b465ee728b)  -> (artifact id: 'ab384a1fb2ffd89df753cb19ec900ef1') in 0.286688 seconds
Number of updated asset objects reloaded before import = 0
Number of asset objects unloaded after import = 21
========================================================================
Received Import Request.
  Time since last request: 0.000485 seconds.
  path: Assets/PolygonSciFiCity/Prefabs/Props/SM_Prop_Disc_01.prefab
  artifactKey: Guid(8bc8742899e21924a89184460406342f) Importer(815301076,1909f56bfc062723c751e8b465ee728b)
Start importing Assets/PolygonSciFiCity/Prefabs/Props/SM_Prop_Disc_01.prefab using Guid(8bc8742899e21924a89184460406342f) Importer(815301076,1909f56bfc062723c751e8b465ee728b)  -> (artifact id: '40fc0f9436dbb7f56daca58e46a18cef') in 0.095828 seconds
Number of updated asset objects reloaded before import = 0
Number of asset objects unloaded after import = 15
========================================================================
Received Import Request.
  Time since last request: 0.000032 seconds.
  path: Assets/PolygonSciFiCity/Prefabs/Props/SM_Prop_JarFull_01.prefab
  artifactKey: Guid(a75c2bc785b116240bedc72e0d023963) Importer(815301076,1909f56bfc062723c751e8b465ee728b)
Start importing Assets/PolygonSciFiCity/Prefabs/Props/SM_Prop_JarFull_01.prefab using Guid(a75c2bc785b116240bedc72e0d023963) Importer(815301076,1909f56bfc062723c751e8b465ee728b)  -> (artifact id: 'f36ace152d5334e744f6fa33effa2593') in 0.299639 seconds
Number of updated asset objects reloaded before import = 0
Number of asset objects unloaded after import = 36
========================================================================
Received Import Request.
  Time since last request: 0.000024 seconds.
  path: Assets/PolygonSciFiCity/Prefabs/Props/SM_Prop_Chain_03.prefab
  artifactKey: Guid(1a8cb45cb38c266468857baf7462dd50) Importer(815301076,1909f56bfc062723c751e8b465ee728b)
Start importing Assets/PolygonSciFiCity/Prefabs/Props/SM_Prop_Chain_03.prefab using Guid(1a8cb45cb38c266468857baf7462dd50) Importer(815301076,1909f56bfc062723c751e8b465ee728b)  -> (artifact id: '1b35b4857e63a4aad8fb3952cc073201') in 0.928924 seconds
Number of updated asset objects reloaded before import = 0
Number of asset objects unloaded after import = 15
========================================================================
Received Import Request.
  Time since last request: 0.000226 seconds.
  path: Assets/PolygonSciFiCity/Prefabs/Props/SM_Prop_Bank_Booth_Pillar_01.prefab
  artifactKey: Guid(a1ece4b2496c0e54b8e5d0eea4d5b040) Importer(815301076,1909f56bfc062723c751e8b465ee728b)
Start importing Assets/PolygonSciFiCity/Prefabs/Props/SM_Prop_Bank_Booth_Pillar_01.prefab using Guid(a1ece4b2496c0e54b8e5d0eea4d5b040) Importer(815301076,1909f56bfc062723c751e8b465ee728b)  -> (artifact id: '25094d2efb70291898b5bcbc638566e9') in 0.237857 seconds
Number of updated asset objects reloaded before import = 0
Number of asset objects unloaded after import = 15
========================================================================
Received Import Request.
  Time since last request: 0.000370 seconds.
  path: Assets/PolygonSciFiCity/Prefabs/Props/SM_Prop_Crate_Military_03.prefab
  artifactKey: Guid(a0f6f4dbff1ec264ba2063a62fd5f986) Importer(815301076,1909f56bfc062723c751e8b465ee728b)
Start importing Assets/PolygonSciFiCity/Prefabs/Props/SM_Prop_Crate_Military_03.prefab using Guid(a0f6f4dbff1ec264ba2063a62fd5f986) Importer(815301076,1909f56bfc062723c751e8b465ee728b)  -> (artifact id: 'c061b3c502cf92a4c707c45f780c8b0a') in 0.217129 seconds
Number of updated asset objects reloaded before import = 0
Number of asset objects unloaded after import = 20
========================================================================
Received Import Request.
  Time since last request: 0.000140 seconds.
  path: Assets/PolygonSciFiCity/Prefabs/Props/SM_Prop_Barrier_line_01.prefab
  artifactKey: Guid(800458afd8edd8347948cf025aeebfa6) Importer(815301076,1909f56bfc062723c751e8b465ee728b)
Start importing Assets/PolygonSciFiCity/Prefabs/Props/SM_Prop_Barrier_line_01.prefab using Guid(800458afd8edd8347948cf025aeebfa6) Importer(815301076,1909f56bfc062723c751e8b465ee728b)  -> (artifact id: 'd95eaf79b77db0a6087ddcacf26abc4d') in 0.298397 seconds
Number of updated asset objects reloaded before import = 0
Number of asset objects unloaded after import = 15
========================================================================
Received Import Request.
  Time since last request: 0.000100 seconds.
  path: Assets/PolygonSciFiCity/Prefabs/Props/SM_Prop_Barrier_Plastic_01.prefab
  artifactKey: Guid(2ef431f56f242194fb0aac1efde07107) Importer(815301076,1909f56bfc062723c751e8b465ee728b)
Start importing Assets/PolygonSciFiCity/Prefabs/Props/SM_Prop_Barrier_Plastic_01.prefab using Guid(2ef431f56f242194fb0aac1efde07107) Importer(815301076,1909f56bfc062723c751e8b465ee728b)  -> (artifact id: '2d13ec901baf2fa342a81b62a0453e27') in 0.343952 seconds
Number of updated asset objects reloaded before import = 0
Number of asset objects unloaded after import = 17
========================================================================
Received Import Request.
  Time since last request: 0.000029 seconds.
  path: Assets/PolygonSciFiCity/Prefabs/Props/SM_Prop_Chain_01.prefab
  artifactKey: Guid(f43787b8e783e9c42a8aebf2bc0b9568) Importer(815301076,1909f56bfc062723c751e8b465ee728b)
Start importing Assets/PolygonSciFiCity/Prefabs/Props/SM_Prop_Chain_01.prefab using Guid(f43787b8e783e9c42a8aebf2bc0b9568) Importer(815301076,1909f56bfc062723c751e8b465ee728b)  -> (artifact id: '43be6d3b1e73fb55781037232c793962') in 0.324715 seconds
Number of updated asset objects reloaded before import = 0
Number of asset objects unloaded after import = 15
========================================================================
Received Import Request.
  Time since last request: 0.000027 seconds.
  path: Assets/PolygonSciFiCity/Prefabs/Props/SM_Prop_Crate_Military_01.prefab
  artifactKey: Guid(31dd6d847d998664db4d2466ae3ac2b4) Importer(815301076,1909f56bfc062723c751e8b465ee728b)
Start importing Assets/PolygonSciFiCity/Prefabs/Props/SM_Prop_Crate_Military_01.prefab using Guid(31dd6d847d998664db4d2466ae3ac2b4) Importer(815301076,1909f56bfc062723c751e8b465ee728b)  -> (artifact id: '884b066dc7dbff880e5b7b111fccb140') in 0.290085 seconds
Number of updated asset objects reloaded before import = 0
Number of asset objects unloaded after import = 20
========================================================================
Received Import Request.
  Time since last request: 0.000029 seconds.
  path: Assets/PolygonSciFiCity/Prefabs/Props/SM_Prop_Cables_01.prefab
  artifactKey: Guid(e5ea23645ddbb58408bd3bb44e10f168) Importer(815301076,1909f56bfc062723c751e8b465ee728b)
Start importing Assets/PolygonSciFiCity/Prefabs/Props/SM_Prop_Cables_01.prefab using Guid(e5ea23645ddbb58408bd3bb44e10f168) Importer(815301076,1909f56bfc062723c751e8b465ee728b)  -> (artifact id: 'e4b24102223d91ef1d697d57d885ed6e') in 0.110532 seconds
Number of updated asset objects reloaded before import = 0
Number of asset objects unloaded after import = 13
========================================================================
Received Import Request.
  Time since last request: 0.000027 seconds.
  path: Assets/PolygonSciFiCity/Prefabs/Props/SM_Prop_MarketLights_01.prefab
  artifactKey: Guid(2938a9aff0e95ec4193072353b47b203) Importer(815301076,1909f56bfc062723c751e8b465ee728b)
Start importing Assets/PolygonSciFiCity/Prefabs/Props/SM_Prop_MarketLights_01.prefab using Guid(2938a9aff0e95ec4193072353b47b203) Importer(815301076,1909f56bfc062723c751e8b465ee728b)  -> (artifact id: '4d0b9159c23bc1620658682e2fb73df7') in 0.248409 seconds
Number of updated asset objects reloaded before import = 0
Number of asset objects unloaded after import = 15
========================================================================
Received Import Request.
  Time since last request: 0.000027 seconds.
  path: Assets/PolygonSciFiCity/Prefabs/Props/SM_Prop_Door_02.prefab
  artifactKey: Guid(dbe584c23a4a0804da19beb55b3e2433) Importer(815301076,1909f56bfc062723c751e8b465ee728b)
Start importing Assets/PolygonSciFiCity/Prefabs/Props/SM_Prop_Door_02.prefab using Guid(dbe584c23a4a0804da19beb55b3e2433) Importer(815301076,1909f56bfc062723c751e8b465ee728b)  -> (artifact id: '8c382279e4dd71dd1def8bd928526b5c') in 0.182196 seconds
Number of updated asset objects reloaded before import = 0
Number of asset objects unloaded after import = 15
========================================================================
Received Import Request.
  Time since last request: 0.000034 seconds.
  path: Assets/PolygonSciFiCity/Prefabs/Props/SM_Prop_Bottle_02.prefab
  artifactKey: Guid(315f2acd02ded7a458e8ae77a8d7db44) Importer(815301076,1909f56bfc062723c751e8b465ee728b)
Start importing Assets/PolygonSciFiCity/Prefabs/Props/SM_Prop_Bottle_02.prefab using Guid(315f2acd02ded7a458e8ae77a8d7db44) Importer(815301076,1909f56bfc062723c751e8b465ee728b)  -> (artifact id: '3eb57e22fcf8c981169ae934dd1ce472') in 0.320102 seconds
Number of updated asset objects reloaded before import = 0
Number of asset objects unloaded after import = 15
========================================================================
Received Import Request.
  Time since last request: 0.000028 seconds.
  path: Assets/PolygonSciFiCity/Prefabs/Props/SM_Prop_Crate_01.prefab
  artifactKey: Guid(28f2883c42945194b9a7df1e5c8544c5) Importer(815301076,1909f56bfc062723c751e8b465ee728b)
Start importing Assets/PolygonSciFiCity/Prefabs/Props/SM_Prop_Crate_01.prefab using Guid(28f2883c42945194b9a7df1e5c8544c5) Importer(815301076,1909f56bfc062723c751e8b465ee728b)  -> (artifact id: '9ac533aafed113d25f60ad7447ed88c5') in 0.599966 seconds
Number of updated asset objects reloaded before import = 0
Number of asset objects unloaded after import = 20
========================================================================
Received Import Request.
  Time since last request: 0.003222 seconds.
  path: Assets/PolygonSciFiCity/Prefabs/Props/SM_Prop_Fence_01.prefab
  artifactKey: Guid(6776058e536873842836a466637e2a97) Importer(815301076,1909f56bfc062723c751e8b465ee728b)
Start importing Assets/PolygonSciFiCity/Prefabs/Props/SM_Prop_Fence_01.prefab using Guid(6776058e536873842836a466637e2a97) Importer(815301076,1909f56bfc062723c751e8b465ee728b)  -> (artifact id: '266d9428c54b741dc8fb20dfecec506f') in 0.259260 seconds
Number of updated asset objects reloaded before import = 0
Number of asset objects unloaded after import = 17
========================================================================
Received Import Request.
  Time since last request: 0.000033 seconds.
  path: Assets/PolygonSciFiCity/Prefabs/Props/SM_Prop_LightBar_01.prefab
  artifactKey: Guid(4a0b0c9679de4f7488eecac608c76b4d) Importer(815301076,1909f56bfc062723c751e8b465ee728b)
Start importing Assets/PolygonSciFiCity/Prefabs/Props/SM_Prop_LightBar_01.prefab using Guid(4a0b0c9679de4f7488eecac608c76b4d) Importer(815301076,1909f56bfc062723c751e8b465ee728b)  -> (artifact id: 'e0856f018c8bd151dd4d8f0993f86aba') in 0.137004 seconds
Number of updated asset objects reloaded before import = 0
Number of asset objects unloaded after import = 15
========================================================================
Received Import Request.
  Time since last request: 0.000203 seconds.
  path: Assets/PolygonSciFiCity/Prefabs/Props/SM_Prop_Meat_03.prefab
  artifactKey: Guid(6eee665d2628dde4eb0b8556904233fa) Importer(815301076,1909f56bfc062723c751e8b465ee728b)
Start importing Assets/PolygonSciFiCity/Prefabs/Props/SM_Prop_Meat_03.prefab using Guid(6eee665d2628dde4eb0b8556904233fa) Importer(815301076,1909f56bfc062723c751e8b465ee728b)  -> (artifact id: 'a5a39b85ea2c881b4b40630fbd22ff50') in 0.250352 seconds
Number of updated asset objects reloaded before import = 0
Number of asset objects unloaded after import = 15
========================================================================
Received Import Request.
  Time since last request: 0.000061 seconds.
  path: Assets/PolygonSciFiCity/Prefabs/Props/SM_Prop_FoodTray_02.prefab
  artifactKey: Guid(2fd2487a59257a74492e0db8b42539ab) Importer(815301076,1909f56bfc062723c751e8b465ee728b)
Start importing Assets/PolygonSciFiCity/Prefabs/Props/SM_Prop_FoodTray_02.prefab using Guid(2fd2487a59257a74492e0db8b42539ab) Importer(815301076,1909f56bfc062723c751e8b465ee728b)  -> (artifact id: '6679c7f77171e43d5e28a4612a1ce9b4') in 0.189769 seconds
Number of updated asset objects reloaded before import = 0
Number of asset objects unloaded after import = 15
========================================================================
Received Import Request.
  Time since last request: 1.983807 seconds.
  path: Assets/PolygonSciFiCity/Prefabs/Props/SM_Prop_Monitor_03.prefab
  artifactKey: Guid(3852a06567739f34ca0363c3a2a1852d) Importer(815301076,1909f56bfc062723c751e8b465ee728b)
Start importing Assets/PolygonSciFiCity/Prefabs/Props/SM_Prop_Monitor_03.prefab using Guid(3852a06567739f34ca0363c3a2a1852d) Importer(815301076,1909f56bfc062723c751e8b465ee728b)  -> (artifact id: '251d4fdacb2a412b0d2fdf40be4b1987') in 0.100247 seconds
Number of updated asset objects reloaded before import = 0
Number of asset objects unloaded after import = 20
========================================================================
Received Import Request.
  Time since last request: 0.000349 seconds.
  path: Assets/PolygonSciFiCity/Prefabs/Props/SM_Prop_Pillar_02.prefab
  artifactKey: Guid(a6ef39decdd8823418a28d63543c77ea) Importer(815301076,1909f56bfc062723c751e8b465ee728b)
Start importing Assets/PolygonSciFiCity/Prefabs/Props/SM_Prop_Pillar_02.prefab using Guid(a6ef39decdd8823418a28d63543c77ea) Importer(815301076,1909f56bfc062723c751e8b465ee728b)  -> (artifact id: 'e8239fa35a6a9e5da0366f6db744a994') in 0.188289 seconds
Number of updated asset objects reloaded before import = 0
Number of asset objects unloaded after import = 15
========================================================================
Received Import Request.
  Time since last request: 0.000024 seconds.
  path: Assets/PolygonSciFiCity/Prefabs/Props/SM_Prop_Posters_01.prefab
  artifactKey: Guid(6f8a5731d498a7941ae27c87225b97f7) Importer(815301076,1909f56bfc062723c751e8b465ee728b)
Start importing Assets/PolygonSciFiCity/Prefabs/Props/SM_Prop_Posters_01.prefab using Guid(6f8a5731d498a7941ae27c87225b97f7) Importer(815301076,1909f56bfc062723c751e8b465ee728b)  -> (artifact id: 'a331b282ada51436b49045ef6c0017dc') in 0.097964 seconds
Number of updated asset objects reloaded before import = 0
Number of asset objects unloaded after import = 9
========================================================================
Received Import Request.
  Time since last request: 0.000023 seconds.
  path: Assets/PolygonSciFiCity/Prefabs/Props/SM_Prop_Plant_Vase_01.prefab
  artifactKey: Guid(7de50d5a3b0d1c74bb541e18a0d30f0a) Importer(815301076,1909f56bfc062723c751e8b465ee728b)
Start importing Assets/PolygonSciFiCity/Prefabs/Props/SM_Prop_Plant_Vase_01.prefab using Guid(7de50d5a3b0d1c74bb541e18a0d30f0a) Importer(815301076,1909f56bfc062723c751e8b465ee728b)  -> (artifact id: '2bded56844689e7538053359e9ac84b9') in 0.196605 seconds
Number of updated asset objects reloaded before import = 0
Number of asset objects unloaded after import = 15
========================================================================
Received Import Request.
  Time since last request: 0.000093 seconds.
  path: Assets/PolygonSciFiCity/Prefabs/Props/SM_Prop_Overhang_02.prefab
  artifactKey: Guid(cbec88d910318dd4486719acc336405c) Importer(815301076,1909f56bfc062723c751e8b465ee728b)
Start importing Assets/PolygonSciFiCity/Prefabs/Props/SM_Prop_Overhang_02.prefab using Guid(cbec88d910318dd4486719acc336405c) Importer(815301076,1909f56bfc062723c751e8b465ee728b)  -> (artifact id: 'f9201a392514a1f2406a3d39d75b87f9') in 0.163849 seconds
Number of updated asset objects reloaded before import = 0
Number of asset objects unloaded after import = 15
========================================================================
Received Import Request.
  Time since last request: 0.000025 seconds.
  path: Assets/PolygonSciFiCity/Prefabs/Props/SM_Prop_Pillar_04.prefab
  artifactKey: Guid(e809e6db323b5c14c80b047ecfc18795) Importer(815301076,1909f56bfc062723c751e8b465ee728b)
Start importing Assets/PolygonSciFiCity/Prefabs/Props/SM_Prop_Pillar_04.prefab using Guid(e809e6db323b5c14c80b047ecfc18795) Importer(815301076,1909f56bfc062723c751e8b465ee728b)  -> (artifact id: '2501804caabba32357158fa31c8792a8') in 0.145733 seconds
Number of updated asset objects reloaded before import = 0
Number of asset objects unloaded after import = 15
========================================================================
Received Import Request.
  Time since last request: 2.202124 seconds.
  path: Assets/PolygonSciFiCity/Prefabs/Props/SM_Prop_Powerpoll_02.prefab
  artifactKey: Guid(f8ec2d8240c24ec4abeccbc47f63fde9) Importer(815301076,1909f56bfc062723c751e8b465ee728b)
Start importing Assets/PolygonSciFiCity/Prefabs/Props/SM_Prop_Powerpoll_02.prefab using Guid(f8ec2d8240c24ec4abeccbc47f63fde9) Importer(815301076,1909f56bfc062723c751e8b465ee728b)  -> (artifact id: '91bf97836bbdf0bc13e3e7f8253e3efe') in 0.053908 seconds
Number of updated asset objects reloaded before import = 0
Number of asset objects unloaded after import = 16
========================================================================
Received Import Request.
  Time since last request: 0.023776 seconds.
  path: Assets/PolygonSciFiCity/Prefabs/Props/SM_Prop_Robotic_Part_03.prefab
  artifactKey: Guid(a62263789022a4144a2c8197c988d42e) Importer(815301076,1909f56bfc062723c751e8b465ee728b)
Start importing Assets/PolygonSciFiCity/Prefabs/Props/SM_Prop_Robotic_Part_03.prefab using Guid(a62263789022a4144a2c8197c988d42e) Importer(815301076,1909f56bfc062723c751e8b465ee728b)  -> (artifact id: '389f4182744ea9c00dceba1bb2b77205') in 0.092582 seconds
Number of updated asset objects reloaded before import = 0
Number of asset objects unloaded after import = 15
========================================================================
Received Import Request.
  Time since last request: 0.000021 seconds.
  path: Assets/PolygonSciFiCity/Prefabs/Props/SM_Prop_Robotic_Part_06.prefab
  artifactKey: Guid(df27cace1f3244a4ea0f233712d8740e) Importer(815301076,1909f56bfc062723c751e8b465ee728b)
Start importing Assets/PolygonSciFiCity/Prefabs/Props/SM_Prop_Robotic_Part_06.prefab using Guid(df27cace1f3244a4ea0f233712d8740e) Importer(815301076,1909f56bfc062723c751e8b465ee728b)  -> (artifact id: 'b74bb9cba16d4e1ab5f0bef28aec63a4') in 0.150245 seconds
Number of updated asset objects reloaded before import = 0
Number of asset objects unloaded after import = 15
========================================================================
Received Import Request.
  Time since last request: 0.000030 seconds.
  path: Assets/PolygonSciFiCity/Prefabs/Props/SM_Prop_Scanner_01.prefab
  artifactKey: Guid(d4b0d3b273b187c4696240caebff3f7a) Importer(815301076,1909f56bfc062723c751e8b465ee728b)
Start importing Assets/PolygonSciFiCity/Prefabs/Props/SM_Prop_Scanner_01.prefab using Guid(d4b0d3b273b187c4696240caebff3f7a) Importer(815301076,1909f56bfc062723c751e8b465ee728b)  -> (artifact id: '958561f78c18f0daf21aad367c337684') in 0.097381 seconds
Number of updated asset objects reloaded before import = 0
Number of asset objects unloaded after import = 15
========================================================================
Received Import Request.
  Time since last request: 0.000047 seconds.
  path: Assets/PolygonSciFiCity/Prefabs/Props/SM_Prop_RubbishPile_02.prefab
  artifactKey: Guid(eebb3423a961cfc4ba871f3508cf9083) Importer(815301076,1909f56bfc062723c751e8b465ee728b)
Start importing Assets/PolygonSciFiCity/Prefabs/Props/SM_Prop_RubbishPile_02.prefab using Guid(eebb3423a961cfc4ba871f3508cf9083) Importer(815301076,1909f56bfc062723c751e8b465ee728b)  -> (artifact id: 'bb345e7b6a31dcd4ff233fcbc1afd391') in 0.077483 seconds
Number of updated asset objects reloaded before import = 0
Number of asset objects unloaded after import = 15
========================================================================
Received Import Request.
  Time since last request: 0.000025 seconds.
  path: Assets/PolygonSciFiCity/Prefabs/Props/SM_Prop_Shelves_01.prefab
  artifactKey: Guid(47ac941a4e24e844699f6e20831e861d) Importer(815301076,1909f56bfc062723c751e8b465ee728b)
Start importing Assets/PolygonSciFiCity/Prefabs/Props/SM_Prop_Shelves_01.prefab using Guid(47ac941a4e24e844699f6e20831e861d) Importer(815301076,1909f56bfc062723c751e8b465ee728b)  -> (artifact id: 'c240b96d5f90d65a3670d63016f3fdd0') in 0.242604 seconds
Number of updated asset objects reloaded before import = 0
Number of asset objects unloaded after import = 15
========================================================================
Received Import Request.
  Time since last request: 0.000026 seconds.
  path: Assets/PolygonSciFiCity/Prefabs/Props/SM_Prop_Shelf_01.prefab
  artifactKey: Guid(0dd2230605e7ead498df7ef8a2de3871) Importer(815301076,1909f56bfc062723c751e8b465ee728b)
Start importing Assets/PolygonSciFiCity/Prefabs/Props/SM_Prop_Shelf_01.prefab using Guid(0dd2230605e7ead498df7ef8a2de3871) Importer(815301076,1909f56bfc062723c751e8b465ee728b)  -> (artifact id: '227a47571cc6f58f99434da7a965c56e') in 0.201988 seconds
Number of updated asset objects reloaded before import = 0
Number of asset objects unloaded after import = 15
========================================================================
Received Import Request.
  Time since last request: 0.000037 seconds.
  path: Assets/PolygonSciFiCity/Prefabs/Props/SM_Prop_Rubbish_Paper_02.prefab
  artifactKey: Guid(48d192eb8a23949438252bf695765d4d) Importer(815301076,1909f56bfc062723c751e8b465ee728b)
Start importing Assets/PolygonSciFiCity/Prefabs/Props/SM_Prop_Rubbish_Paper_02.prefab using Guid(48d192eb8a23949438252bf695765d4d) Importer(815301076,1909f56bfc062723c751e8b465ee728b)  -> (artifact id: 'bf45e50dd1c289114e539d17b2518190') in 0.201154 seconds
Number of updated asset objects reloaded before import = 0
Number of asset objects unloaded after import = 16
========================================================================
Received Import Request.
  Time since last request: 0.000020 seconds.
  path: Assets/PolygonSciFiCity/Prefabs/Props/SM_Prop_SatDish_03.prefab
  artifactKey: Guid(43987e36a89ccc24584f661e523823b8) Importer(815301076,1909f56bfc062723c751e8b465ee728b)
Start importing Assets/PolygonSciFiCity/Prefabs/Props/SM_Prop_SatDish_03.prefab using Guid(43987e36a89ccc24584f661e523823b8) Importer(815301076,1909f56bfc062723c751e8b465ee728b)  -> (artifact id: '526118886ae01e4df702b4ff08cff3dd') in 0.182904 seconds
Number of updated asset objects reloaded before import = 0
Number of asset objects unloaded after import = 15
========================================================================
Received Import Request.
  Time since last request: 0.000030 seconds.
  path: Assets/PolygonSciFiCity/Prefabs/Props/SM_Prop_Sidewalk_Rubble_01.prefab
  artifactKey: Guid(a9089a8996de8574c8a12b63cba7a0b5) Importer(815301076,1909f56bfc062723c751e8b465ee728b)
Start importing Assets/PolygonSciFiCity/Prefabs/Props/SM_Prop_Sidewalk_Rubble_01.prefab using Guid(a9089a8996de8574c8a12b63cba7a0b5) Importer(815301076,1909f56bfc062723c751e8b465ee728b)  -> (artifact id: '8e3917a326683a2ed03c5157024946d7') in 0.055879 seconds
Number of updated asset objects reloaded before import = 0
Number of asset objects unloaded after import = 15
========================================================================
Received Import Request.
  Time since last request: 0.000036 seconds.
  path: Assets/PolygonSciFiCity/Prefabs/Props/SM_Prop_Spanner_01.prefab
  artifactKey: Guid(6644c437a3f186546ae877e4a06d6d28) Importer(815301076,1909f56bfc062723c751e8b465ee728b)
Start importing Assets/PolygonSciFiCity/Prefabs/Props/SM_Prop_Spanner_01.prefab using Guid(6644c437a3f186546ae877e4a06d6d28) Importer(815301076,1909f56bfc062723c751e8b465ee728b)  -> (artifact id: 'af62f675059760c2d49c376f3d3b2d75') in 0.078758 seconds
Number of updated asset objects reloaded before import = 0
Number of asset objects unloaded after import = 15
========================================================================
Received Import Request.
  Time since last request: 0.000021 seconds.
  path: Assets/PolygonSciFiCity/Prefabs/Props/SM_Prop_StripClub_Stage_02.prefab
  artifactKey: Guid(92c9289d19c6e074d9c51ea15293c0b2) Importer(815301076,1909f56bfc062723c751e8b465ee728b)
Start importing Assets/PolygonSciFiCity/Prefabs/Props/SM_Prop_StripClub_Stage_02.prefab using Guid(92c9289d19c6e074d9c51ea15293c0b2) Importer(815301076,1909f56bfc062723c751e8b465ee728b)  -> (artifact id: 'bea402c67b4515f3c038d40abc549482') in 0.066549 seconds
Number of updated asset objects reloaded before import = 0
Number of asset objects unloaded after import = 15
========================================================================
Received Import Request.
  Time since last request: 0.000017 seconds.
  path: Assets/PolygonSciFiCity/Prefabs/Props/SM_Prop_TrashBag_03.prefab
  artifactKey: Guid(5de9807b57f4b6b458c52fa853b6e16b) Importer(815301076,1909f56bfc062723c751e8b465ee728b)
Start importing Assets/PolygonSciFiCity/Prefabs/Props/SM_Prop_TrashBag_03.prefab using Guid(5de9807b57f4b6b458c52fa853b6e16b) Importer(815301076,1909f56bfc062723c751e8b465ee728b)  -> (artifact id: 'c43f90cf78e8ba50d85e9257094dcbbd') in 0.070938 seconds
Number of updated asset objects reloaded before import = 0
Number of asset objects unloaded after import = 15
========================================================================
Received Import Request.
  Time since last request: 0.000039 seconds.
  path: Assets/PolygonSciFiCity/Prefabs/Props/SM_Prop_StripClub_Pole_01.prefab
  artifactKey: Guid(1041094a5bf1dc34f98c00692bc921bb) Importer(815301076,1909f56bfc062723c751e8b465ee728b)
Start importing Assets/PolygonSciFiCity/Prefabs/Props/SM_Prop_StripClub_Pole_01.prefab using Guid(1041094a5bf1dc34f98c00692bc921bb) Importer(815301076,1909f56bfc062723c751e8b465ee728b)  -> (artifact id: '0794eea3bc463f5e1a98389acad48670') in 0.061065 seconds
Number of updated asset objects reloaded before import = 0
Number of asset objects unloaded after import = 15
========================================================================
Received Import Request.
  Time since last request: 0.000029 seconds.
  path: Assets/PolygonSciFiCity/Prefabs/Props/SM_Prop_StripClub_Steps_01.prefab
  artifactKey: Guid(77052a38eca9316419b8128b0c9dae19) Importer(815301076,1909f56bfc062723c751e8b465ee728b)
Start importing Assets/PolygonSciFiCity/Prefabs/Props/SM_Prop_StripClub_Steps_01.prefab using Guid(77052a38eca9316419b8128b0c9dae19) Importer(815301076,1909f56bfc062723c751e8b465ee728b)  -> (artifact id: 'fa35838a1ea817bedcd2d606c0e1457e') in 0.062605 seconds
Number of updated asset objects reloaded before import = 0
Number of asset objects unloaded after import = 15
========================================================================
Received Import Request.
  Time since last request: 0.000488 seconds.
  path: Assets/PolygonSciFiCity/Prefabs/Props/SM_Prop_StripClub_Sofa_01.prefab
  artifactKey: Guid(fbcc69c45b0211241a8f8020bb63f721) Importer(815301076,1909f56bfc062723c751e8b465ee728b)
Start importing Assets/PolygonSciFiCity/Prefabs/Props/SM_Prop_StripClub_Sofa_01.prefab using Guid(fbcc69c45b0211241a8f8020bb63f721) Importer(815301076,1909f56bfc062723c751e8b465ee728b)  -> (artifact id: '9d86dda172f6fd828931b9a47a03eb68') in 0.072697 seconds
Number of updated asset objects reloaded before import = 0
Number of asset objects unloaded after import = 15
========================================================================
Received Import Request.
  Time since last request: 0.000350 seconds.
  path: Assets/PolygonSciFiCity/Prefabs/Props/SM_Prop_Vent_02.prefab
  artifactKey: Guid(9a8b5936370ace844990b9c4815bdc8c) Importer(815301076,1909f56bfc062723c751e8b465ee728b)
Start importing Assets/PolygonSciFiCity/Prefabs/Props/SM_Prop_Vent_02.prefab using Guid(9a8b5936370ace844990b9c4815bdc8c) Importer(815301076,1909f56bfc062723c751e8b465ee728b)  -> (artifact id: '75e4a751b3cbe661f98ac6b20b064679') in 1.877144 seconds
Number of updated asset objects reloaded before import = 0
Number of asset objects unloaded after import = 15
========================================================================
Received Import Request.
  Time since last request: 124.846502 seconds.
  path: Assets/PolygonSciFiCity/Prefabs/Props/SM_Prop_Vent_04.prefab
  artifactKey: Guid(43a23ba7d46ab234abe49791c0812130) Importer(815301076,1909f56bfc062723c751e8b465ee728b)
Start importing Assets/PolygonSciFiCity/Prefabs/Props/SM_Prop_Vent_04.prefab using Guid(43a23ba7d46ab234abe49791c0812130) Importer(815301076,1909f56bfc062723c751e8b465ee728b)  -> (artifact id: 'ed642489373db9094732dfedbd705a86') in 0.049019 seconds
Number of updated asset objects reloaded before import = 0
Number of asset objects unloaded after import = 15
========================================================================
Received Import Request.
  Time since last request: 0.009578 seconds.
  path: Assets/PolygonSciFiCity/Prefabs/Props/SM_Prop_VRBooth_01.prefab
  artifactKey: Guid(b282c4fd850a09140a26df0c2e17439e) Importer(815301076,1909f56bfc062723c751e8b465ee728b)
Start importing Assets/PolygonSciFiCity/Prefabs/Props/SM_Prop_VRBooth_01.prefab using Guid(b282c4fd850a09140a26df0c2e17439e) Importer(815301076,1909f56bfc062723c751e8b465ee728b)  -> (artifact id: 'eb37f74b601b1a962b680eaa290cabf4') in 0.092083 seconds
Number of updated asset objects reloaded before import = 0
Number of asset objects unloaded after import = 15
========================================================================
Received Import Request.
  Time since last request: 0.000027 seconds.
  path: Assets/PolygonSciFiCity/Prefabs/Props/SM_Prop_WallAttach_Vent_01.prefab
  artifactKey: Guid(1b5bfd5139bb9a34499e2bd19f82b59c) Importer(815301076,1909f56bfc062723c751e8b465ee728b)
Start importing Assets/PolygonSciFiCity/Prefabs/Props/SM_Prop_WallAttach_Vent_01.prefab using Guid(1b5bfd5139bb9a34499e2bd19f82b59c) Importer(815301076,1909f56bfc062723c751e8b465ee728b)  -> (artifact id: '6540c0599498659c98664d591d89cbbf') in 0.911164 seconds
Number of updated asset objects reloaded before import = 0
Number of asset objects unloaded after import = 15
========================================================================
Received Import Request.
  Time since last request: 0.000044 seconds.
  path: Assets/PolygonSciFiCity/Prefabs/Props/SM_Prop_Window_Shutter_01.prefab
  artifactKey: Guid(49e9786a41b5aaf4f837591a70762e30) Importer(815301076,1909f56bfc062723c751e8b465ee728b)
Start importing Assets/PolygonSciFiCity/Prefabs/Props/SM_Prop_Window_Shutter_01.prefab using Guid(49e9786a41b5aaf4f837591a70762e30) Importer(815301076,1909f56bfc062723c751e8b465ee728b)  -> (artifact id: 'c5c85c9c0c8e6682004d02a239025305') in 0.690885 seconds
Number of updated asset objects reloaded before import = 0
Number of asset objects unloaded after import = 15
========================================================================
Received Import Request.
  Time since last request: 0.000305 seconds.
  path: Assets/PolygonSciFiCity/Prefabs/Props/SM_Prop_WallAttach_Electronics_02.prefab
  artifactKey: Guid(dbc8ff25f28f33c4bb982b04e5dbdefb) Importer(815301076,1909f56bfc062723c751e8b465ee728b)
Start importing Assets/PolygonSciFiCity/Prefabs/Props/SM_Prop_WallAttach_Electronics_02.prefab using Guid(dbc8ff25f28f33c4bb982b04e5dbdefb) Importer(815301076,1909f56bfc062723c751e8b465ee728b)  -> (artifact id: '6cc51f6ae8f8f26d07dcbf4b1fad429b') in 0.460575 seconds
Number of updated asset objects reloaded before import = 0
Number of asset objects unloaded after import = 15
========================================================================
Received Import Request.
  Time since last request: 0.001361 seconds.
  path: Assets/PolygonSciFiCity/Prefabs/Props/SM_Prop_WallAttach_Vent_04.prefab
  artifactKey: Guid(5b9c893658d816b48aaf50886ac16ef7) Importer(815301076,1909f56bfc062723c751e8b465ee728b)
Start importing Assets/PolygonSciFiCity/Prefabs/Props/SM_Prop_WallAttach_Vent_04.prefab using Guid(5b9c893658d816b48aaf50886ac16ef7) Importer(815301076,1909f56bfc062723c751e8b465ee728b)  -> (artifact id: 'cecc118309693af6720ba2d6f94faa5d') in 0.987767 seconds
Number of updated asset objects reloaded before import = 0
Number of asset objects unloaded after import = 15
========================================================================
Received Import Request.
  Time since last request: 0.000735 seconds.
  path: Assets/PolygonSciFiCity/Prefabs/Props/SM_Prop_WallAttach_Vent_03.prefab
  artifactKey: Guid(783878b110bd79f45a87416fe9e4e329) Importer(815301076,1909f56bfc062723c751e8b465ee728b)
Start importing Assets/PolygonSciFiCity/Prefabs/Props/SM_Prop_WallAttach_Vent_03.prefab using Guid(783878b110bd79f45a87416fe9e4e329) Importer(815301076,1909f56bfc062723c751e8b465ee728b)  -> (artifact id: 'fe1f650e928e6de37a43d2f6ee239e84') in 0.684505 seconds
Number of updated asset objects reloaded before import = 0
Number of asset objects unloaded after import = 15
========================================================================
Received Import Request.
  Time since last request: 0.000023 seconds.
  path: Assets/PolygonSciFiCity/Prefabs/Props/SM_Prop_WallAttach_Electronics_06.prefab
  artifactKey: Guid(3ff513b5269aae844aef7b92609fc79f) Importer(815301076,1909f56bfc062723c751e8b465ee728b)
Start importing Assets/PolygonSciFiCity/Prefabs/Props/SM_Prop_WallAttach_Electronics_06.prefab using Guid(3ff513b5269aae844aef7b92609fc79f) Importer(815301076,1909f56bfc062723c751e8b465ee728b)  -> (artifact id: 'dcda46d89f8824fb59731df6cfb72ee2') in 0.658472 seconds
Number of updated asset objects reloaded before import = 0
Number of asset objects unloaded after import = 15
========================================================================
Received Import Request.
  Time since last request: 0.000029 seconds.
  path: Assets/PolygonSciFiCity/Prefabs/Props/SM_Prop_Wall_Prop_01.prefab
  artifactKey: Guid(44bcc73259db3f74aab6907bbcdc2884) Importer(815301076,1909f56bfc062723c751e8b465ee728b)
Start importing Assets/PolygonSciFiCity/Prefabs/Props/SM_Prop_Wall_Prop_01.prefab using Guid(44bcc73259db3f74aab6907bbcdc2884) Importer(815301076,1909f56bfc062723c751e8b465ee728b)  -> (artifact id: '9fda006cf9c49ea95a4d4d44d167f097') in 0.823777 seconds
Number of updated asset objects reloaded before import = 0
Number of asset objects unloaded after import = 15
========================================================================
Received Import Request.
  Time since last request: 0.000028 seconds.
  path: Assets/PolygonSciFiCity/Prefabs/Props/SM_Prop_WallAttach_Electronics_05.prefab
  artifactKey: Guid(f953c33f678a9fc4cadce6c7241519aa) Importer(815301076,1909f56bfc062723c751e8b465ee728b)
Start importing Assets/PolygonSciFiCity/Prefabs/Props/SM_Prop_WallAttach_Electronics_05.prefab using Guid(f953c33f678a9fc4cadce6c7241519aa) Importer(815301076,1909f56bfc062723c751e8b465ee728b)  -> (artifact id: '09240ce831a4603da413a3feab881d8c') in 0.366914 seconds
Number of updated asset objects reloaded before import = 0
Number of asset objects unloaded after import = 15
========================================================================
Received Import Request.
  Time since last request: 0.000043 seconds.
  path: Assets/PolygonSciFiCity/Prefabs/Props/SM_Prop_Window_03.prefab
  artifactKey: Guid(ad75cc67b4fcb83428eb34ae411bb3c4) Importer(815301076,1909f56bfc062723c751e8b465ee728b)
Start importing Assets/PolygonSciFiCity/Prefabs/Props/SM_Prop_Window_03.prefab using Guid(ad75cc67b4fcb83428eb34ae411bb3c4) Importer(815301076,1909f56bfc062723c751e8b465ee728b)  -> (artifact id: '54e2ffeaa9cee591f4f966bcf25637e9') in 0.361806 seconds
Number of updated asset objects reloaded before import = 0
Number of asset objects unloaded after import = 15
========================================================================
Received Prepare
Begin MonoManager ReloadAssembly
- Loaded All Assemblies, in  0.622 seconds
Refreshing native plugins compatible for Editor in 2.29 ms, found 3 plugins.
Native extension for WindowsStandalone target not found
Native extension for WebGL target not found
[Package Manager] Server::EnsureServerProcessIsRunning -- launch failed, reason: Unity was launched with the -noUpm command-line argument
[Package Manager] UpmClient::Send -- Unable to send message (not connected to UPM process).
[Package Manager] Cannot connect to Unity Package Manager local server
Mono: successfully reloaded assembly
- Finished resetting the current domain, in  1.920 seconds
Domain Reload Profiling: 2538ms
	BeginReloadAssembly (218ms)
		ExecutionOrderSort (0ms)
		DisableScriptedObjects (8ms)
		BackupInstance (0ms)
		ReleaseScriptingObjects (0ms)
		CreateAndSetChildDomain (49ms)
	RebuildCommonClasses (50ms)
	RebuildNativeTypeToScriptingClass (19ms)
	initialDomainReloadingComplete (43ms)
	LoadAllAssembliesAndSetupDomain (287ms)
		LoadAssemblies (393ms)
		RebuildTransferFunctionScriptingTraits (0ms)
		AnalyzeDomain (17ms)
			TypeCache.Refresh (8ms)
				TypeCache.ScanAssembly (0ms)
			ScanForSourceGeneratedMonoScriptInfo (0ms)
			ResolveRequiredComponents (7ms)
	FinalizeReload (1921ms)
		ReleaseScriptCaches (0ms)
		RebuildScriptCaches (0ms)
		SetupLoadedEditorAssemblies (1355ms)
			LogAssemblyErrors (0ms)
			InitializePlatformSupportModulesInManaged (11ms)
			SetLoadedEditorAssemblies (7ms)
			RefreshPlugins (0ms)
			BeforeProcessingInitializeOnLoad (90ms)
			ProcessInitializeOnLoadAttributes (1185ms)
			ProcessInitializeOnLoadMethodAttributes (35ms)
			AfterProcessingInitializeOnLoad (27ms)
			EditorAssembliesLoaded (0ms)
		ExecutionOrderSort2 (0ms)
		AwakeInstancesAfterBackupRestoration (18ms)
Refreshing native plugins compatible for Editor in 4.06 ms, found 3 plugins.
Preloading 0 native plugins for Editor in 0.00 ms.
Unloading 3083 Unused Serialized files (Serialized files now loaded: 0)
Unloading 23 unused Assets / (31.1 KB). Loaded Objects now: 3572.
Memory consumption went from 130.8 MB to 130.7 MB.
Total: 8.570500 ms (FindLiveObjects: 0.606400 ms CreateObjectMapping: 1.586900 ms MarkObjects: 6.315100 ms  DeleteObjects: 0.061000 ms)

Prepare: number of updated asset objects reloaded= 0
AssetImportParameters requested are different than current active one (requested -> active):
  custom:container-demuxer-ogg: 62fdf1f143b41e24485cea50d1cbac27 -> 
  custom:video-decoder-ogg-theora: a1e56fd34408186e4bbccfd4996cb3dc -> 
  custom:framework-win-MediaFoundation: 216162199b28c13a410421893ffa2e32 -> 
  custom:CustomObjectIndexerAttribute: 756ad292c208cfabdd7b50bc23989ffe -> 
  custom:container-demuxer-webm: 4f35f7cbe854078d1ac9338744f61a02 -> 
  custom:container-muxer-webm: aa71ff27fc2769a1b78a27578f13a17b -> 
  custom:video-decoder-webm-vp8: 9c59270c3fd7afecdb556c50c9e8de78 -> 
  custom:SearchIndexIgnoredProperties: e643bd26f0fe6173181afceb89e7c659 -> 
  custom:AudioImporter_EditorPlatform: d09bf68614088b80899f8185d706f6e7 -> 
  custom:video-encoder-webm-vp8: eb34c28f22e8b96e1ab97ce403110664 -> 
  custom:audio-decoder-ogg-vorbis: bf7c407c2cedff20999df2af8eb42d56 -> 
  custom:audio-encoder-webm-vorbis: bf7c407c2cedff20999df2af8eb42d56 -> 
========================================================================
Received Prepare
Begin MonoManager ReloadAssembly
- Loaded All Assemblies, in  0.686 seconds
Refreshing native plugins compatible for Editor in 9.60 ms, found 3 plugins.
Native extension for WindowsStandalone target not found
Native extension for WebGL target not found
[Package Manager] Server::EnsureServerProcessIsRunning -- launch failed, reason: Unity was launched with the -noUpm command-line argument
[Package Manager] UpmClient::Send -- Unable to send message (not connected to UPM process).
[Package Manager] Cannot connect to Unity Package Manager local server
Mono: successfully reloaded assembly
- Finished resetting the current domain, in  3.404 seconds
Domain Reload Profiling: 4089ms
	BeginReloadAssembly (242ms)
		ExecutionOrderSort (0ms)
		DisableScriptedObjects (11ms)
		BackupInstance (0ms)
		ReleaseScriptingObjects (0ms)
		CreateAndSetChildDomain (57ms)
	RebuildCommonClasses (56ms)
	RebuildNativeTypeToScriptingClass (19ms)
	initialDomainReloadingComplete (47ms)
	LoadAllAssembliesAndSetupDomain (318ms)
		LoadAssemblies (418ms)
		RebuildTransferFunctionScriptingTraits (0ms)
		AnalyzeDomain (31ms)
			TypeCache.Refresh (10ms)
				TypeCache.ScanAssembly (0ms)
			ScanForSourceGeneratedMonoScriptInfo (0ms)
			ResolveRequiredComponents (13ms)
	FinalizeReload (3406ms)
		ReleaseScriptCaches (0ms)
		RebuildScriptCaches (0ms)
		SetupLoadedEditorAssemblies (2691ms)
			LogAssemblyErrors (0ms)
			InitializePlatformSupportModulesInManaged (16ms)
			SetLoadedEditorAssemblies (8ms)
			RefreshPlugins (0ms)
			BeforeProcessingInitializeOnLoad (102ms)
			ProcessInitializeOnLoadAttributes (2424ms)
			ProcessInitializeOnLoadMethodAttributes (88ms)
			AfterProcessingInitializeOnLoad (51ms)
			EditorAssembliesLoaded (0ms)
		ExecutionOrderSort2 (0ms)
		AwakeInstancesAfterBackupRestoration (64ms)
Refreshing native plugins compatible for Editor in 9.95 ms, found 3 plugins.
Preloading 0 native plugins for Editor in 0.00 ms.
Unloading 3084 Unused Serialized files (Serialized files now loaded: 0)
Unloading 23 unused Assets / (31.1 KB). Loaded Objects now: 3575.
Memory consumption went from 132.9 MB to 132.9 MB.
Total: 6.239600 ms (FindLiveObjects: 0.429200 ms CreateObjectMapping: 1.016600 ms MarkObjects: 4.711600 ms  DeleteObjects: 0.081200 ms)

Prepare: number of updated asset objects reloaded= 0
AssetImportParameters requested are different than current active one (requested -> active):
  custom:container-demuxer-ogg: 62fdf1f143b41e24485cea50d1cbac27 -> 
  custom:video-decoder-ogg-theora: a1e56fd34408186e4bbccfd4996cb3dc -> 
  custom:framework-win-MediaFoundation: 216162199b28c13a410421893ffa2e32 -> 
  custom:CustomObjectIndexerAttribute: 756ad292c208cfabdd7b50bc23989ffe -> 
  custom:container-demuxer-webm: 4f35f7cbe854078d1ac9338744f61a02 -> 
  custom:container-muxer-webm: aa71ff27fc2769a1b78a27578f13a17b -> 
  custom:video-decoder-webm-vp8: 9c59270c3fd7afecdb556c50c9e8de78 -> 
  custom:SearchIndexIgnoredProperties: e643bd26f0fe6173181afceb89e7c659 -> 
  custom:AudioImporter_EditorPlatform: d09bf68614088b80899f8185d706f6e7 -> 
  custom:video-encoder-webm-vp8: eb34c28f22e8b96e1ab97ce403110664 -> 
  custom:audio-decoder-ogg-vorbis: bf7c407c2cedff20999df2af8eb42d56 -> 
  custom:audio-encoder-webm-vorbis: bf7c407c2cedff20999df2af8eb42d56 -> 
========================================================================
Received Prepare
Begin MonoManager ReloadAssembly
- Loaded All Assemblies, in  0.701 seconds
Refreshing native plugins compatible for Editor in 2.97 ms, found 3 plugins.
Native extension for WindowsStandalone target not found
Native extension for WebGL target not found
[Package Manager] Server::EnsureServerProcessIsRunning -- launch failed, reason: Unity was launched with the -noUpm command-line argument
[Package Manager] UpmClient::Send -- Unable to send message (not connected to UPM process).
[Package Manager] Cannot connect to Unity Package Manager local server
Mono: successfully reloaded assembly
- Finished resetting the current domain, in  3.128 seconds
Domain Reload Profiling: 3829ms
	BeginReloadAssembly (256ms)
		ExecutionOrderSort (0ms)
		DisableScriptedObjects (10ms)
		BackupInstance (0ms)
		ReleaseScriptingObjects (0ms)
		CreateAndSetChildDomain (52ms)
	RebuildCommonClasses (54ms)
	RebuildNativeTypeToScriptingClass (19ms)
	initialDomainReloadingComplete (48ms)
	LoadAllAssembliesAndSetupDomain (320ms)
		LoadAssemblies (446ms)
		RebuildTransferFunctionScriptingTraits (0ms)
		AnalyzeDomain (20ms)
			TypeCache.Refresh (10ms)
				TypeCache.ScanAssembly (0ms)
			ScanForSourceGeneratedMonoScriptInfo (0ms)
			ResolveRequiredComponents (7ms)
	FinalizeReload (3132ms)
		ReleaseScriptCaches (0ms)
		RebuildScriptCaches (0ms)
		SetupLoadedEditorAssemblies (2217ms)
			LogAssemblyErrors (0ms)
			InitializePlatformSupportModulesInManaged (13ms)
			SetLoadedEditorAssemblies (6ms)
			RefreshPlugins (0ms)
			BeforeProcessingInitializeOnLoad (118ms)
			ProcessInitializeOnLoadAttributes (1914ms)
			ProcessInitializeOnLoadMethodAttributes (119ms)
			AfterProcessingInitializeOnLoad (49ms)
			EditorAssembliesLoaded (0ms)
		ExecutionOrderSort2 (0ms)
		AwakeInstancesAfterBackupRestoration (64ms)
Refreshing native plugins compatible for Editor in 8.74 ms, found 3 plugins.
Preloading 0 native plugins for Editor in 0.00 ms.
Unloading 3084 Unused Serialized files (Serialized files now loaded: 0)
Unloading 23 unused Assets / (31.0 KB). Loaded Objects now: 3578.
Memory consumption went from 134.9 MB to 134.8 MB.
Total: 6.268600 ms (FindLiveObjects: 1.205200 ms CreateObjectMapping: 0.784700 ms MarkObjects: 4.122600 ms  DeleteObjects: 0.154800 ms)

Prepare: number of updated asset objects reloaded= 0
AssetImportParameters requested are different than current active one (requested -> active):
  custom:container-demuxer-ogg: 62fdf1f143b41e24485cea50d1cbac27 -> 
  custom:video-decoder-ogg-theora: a1e56fd34408186e4bbccfd4996cb3dc -> 
  custom:framework-win-MediaFoundation: 216162199b28c13a410421893ffa2e32 -> 
  custom:CustomObjectIndexerAttribute: 756ad292c208cfabdd7b50bc23989ffe -> 
  custom:container-demuxer-webm: 4f35f7cbe854078d1ac9338744f61a02 -> 
  custom:container-muxer-webm: aa71ff27fc2769a1b78a27578f13a17b -> 
  custom:video-decoder-webm-vp8: 9c59270c3fd7afecdb556c50c9e8de78 -> 
  custom:SearchIndexIgnoredProperties: e643bd26f0fe6173181afceb89e7c659 -> 
  custom:AudioImporter_EditorPlatform: d09bf68614088b80899f8185d706f6e7 -> 
  custom:video-encoder-webm-vp8: eb34c28f22e8b96e1ab97ce403110664 -> 
  custom:audio-decoder-ogg-vorbis: bf7c407c2cedff20999df2af8eb42d56 -> 
  custom:audio-encoder-webm-vorbis: bf7c407c2cedff20999df2af8eb42d56 -> 
